{"/Users/tony/work/github/spore/spore-kit/packages/app/callUp.js": {"path":"/Users/tony/work/github/spore/spore-kit/packages/app/callUp.js","statementMap":{"0":{"start":{"line":37,"column":14},"end":{"line":37,"column":45}},"1":{"start":{"line":38,"column":15},"end":{"line":38,"column":47}},"2":{"start":{"line":41,"column":12},"end":{"line":54,"column":12}},"3":{"start":{"line":50,"column":3},"end":{"line":50,"column":33}},"4":{"start":{"line":59,"column":1},"end":{"line":77,"column":2}},"5":{"start":{"line":60,"column":2},"end":{"line":60,"column":16}},"6":{"start":{"line":61,"column":8},"end":{"line":77,"column":2}},"7":{"start":{"line":64,"column":12},"end":{"line":64,"column":38}},"8":{"start":{"line":65,"column":2},"end":{"line":70,"column":9}},"9":{"start":{"line":66,"column":3},"end":{"line":69,"column":4}},"10":{"start":{"line":67,"column":4},"end":{"line":67,"column":23}},"11":{"start":{"line":68,"column":4},"end":{"line":68,"column":16}},"12":{"start":{"line":73,"column":2},"end":{"line":73,"column":44}},"13":{"start":{"line":74,"column":2},"end":{"line":74,"column":32}},"14":{"start":{"line":75,"column":2},"end":{"line":75,"column":29}},"15":{"start":{"line":76,"column":2},"end":{"line":76,"column":36}},"16":{"start":{"line":79,"column":1},"end":{"line":102,"column":18}},"17":{"start":{"line":80,"column":2},"end":{"line":82,"column":3}},"18":{"start":{"line":81,"column":3},"end":{"line":81,"column":22}},"19":{"start":{"line":84,"column":2},"end":{"line":86,"column":3}},"20":{"start":{"line":85,"column":3},"end":{"line":85,"column":37}},"21":{"start":{"line":88,"column":2},"end":{"line":90,"column":3}},"22":{"start":{"line":89,"column":3},"end":{"line":89,"column":20}},"23":{"start":{"line":94,"column":2},"end":{"line":101,"column":3}},"24":{"start":{"line":95,"column":3},"end":{"line":97,"column":4}},"25":{"start":{"line":96,"column":4},"end":{"line":96,"column":22}},"26":{"start":{"line":98,"column":3},"end":{"line":100,"column":4}},"27":{"start":{"line":99,"column":4},"end":{"line":99,"column":36}},"28":{"start":{"line":105,"column":0},"end":{"line":105,"column":24}}},"fnMap":{"0":{"name":"callUp","decl":{"start":{"line":40,"column":9},"end":{"line":40,"column":15}},"loc":{"start":{"line":40,"column":26},"end":{"line":103,"column":1}},"line":40},"1":{"name":"(anonymous_1)","decl":{"start":{"line":48,"column":12},"end":{"line":48,"column":13}},"loc":{"start":{"line":48,"column":34},"end":{"line":51,"column":3}},"line":48},"2":{"name":"(anonymous_2)","decl":{"start":{"line":65,"column":20},"end":{"line":65,"column":21}},"loc":{"start":{"line":65,"column":31},"end":{"line":70,"column":3}},"line":65},"3":{"name":"(anonymous_3)","decl":{"start":{"line":79,"column":12},"end":{"line":79,"column":13}},"loc":{"start":{"line":79,"column":23},"end":{"line":102,"column":2}},"line":79}},"branchMap":{"0":{"loc":{"start":{"line":59,"column":1},"end":{"line":77,"column":2}},"type":"if","locations":[{"start":{"line":59,"column":1},"end":{"line":77,"column":2}},{"start":{"line":59,"column":1},"end":{"line":77,"column":2}}],"line":59},"1":{"loc":{"start":{"line":61,"column":8},"end":{"line":77,"column":2}},"type":"if","locations":[{"start":{"line":61,"column":8},"end":{"line":77,"column":2}},{"start":{"line":61,"column":8},"end":{"line":77,"column":2}}],"line":61},"2":{"loc":{"start":{"line":66,"column":3},"end":{"line":69,"column":4}},"type":"if","locations":[{"start":{"line":66,"column":3},"end":{"line":69,"column":4}},{"start":{"line":66,"column":3},"end":{"line":69,"column":4}}],"line":66},"3":{"loc":{"start":{"line":80,"column":2},"end":{"line":82,"column":3}},"type":"if","locations":[{"start":{"line":80,"column":2},"end":{"line":82,"column":3}},{"start":{"line":80,"column":2},"end":{"line":82,"column":3}}],"line":80},"4":{"loc":{"start":{"line":84,"column":2},"end":{"line":86,"column":3}},"type":"if","locations":[{"start":{"line":84,"column":2},"end":{"line":86,"column":3}},{"start":{"line":84,"column":2},"end":{"line":86,"column":3}}],"line":84},"5":{"loc":{"start":{"line":88,"column":2},"end":{"line":90,"column":3}},"type":"if","locations":[{"start":{"line":88,"column":2},"end":{"line":90,"column":3}},{"start":{"line":88,"column":2},"end":{"line":90,"column":3}}],"line":88},"6":{"loc":{"start":{"line":94,"column":2},"end":{"line":101,"column":3}},"type":"if","locations":[{"start":{"line":94,"column":2},"end":{"line":101,"column":3}},{"start":{"line":94,"column":2},"end":{"line":101,"column":3}}],"line":94},"7":{"loc":{"start":{"line":95,"column":3},"end":{"line":97,"column":4}},"type":"if","locations":[{"start":{"line":95,"column":3},"end":{"line":97,"column":4}},{"start":{"line":95,"column":3},"end":{"line":97,"column":4}}],"line":95},"8":{"loc":{"start":{"line":98,"column":3},"end":{"line":100,"column":4}},"type":"if","locations":[{"start":{"line":98,"column":3},"end":{"line":100,"column":4}},{"start":{"line":98,"column":3},"end":{"line":100,"column":4}}],"line":98}},"s":{"0":1,"1":1,"2":0,"3":0,"4":0,"5":0,"6":0,"7":0,"8":0,"9":0,"10":0,"11":0,"12":0,"13":0,"14":0,"15":0,"16":0,"17":0,"18":0,"19":0,"20":0,"21":0,"22":0,"23":0,"24":0,"25":0,"26":0,"27":0,"28":1},"f":{"0":0,"1":0,"2":0,"3":0},"b":{"0":[0,0],"1":[0,0],"2":[0,0],"3":[0,0],"4":[0,0],"5":[0,0],"6":[0,0],"7":[0,0],"8":[0,0]},"_coverageSchema":"332fd63041d2c1bcb487cc26dd0d5f7d97098a6c","hash":"81f95c69323d19881d62f9d637f8ffb884adb700"}
,"/Users/tony/work/github/spore/spore-kit/packages/app/index.js": {"path":"/Users/tony/work/github/spore/spore-kit/packages/app/index.js","statementMap":{"0":{"start":{"line":18,"column":0},"end":{"line":18,"column":37}}},"fnMap":{},"branchMap":{},"s":{"0":1},"f":{},"b":{},"_coverageSchema":"332fd63041d2c1bcb487cc26dd0d5f7d97098a6c","hash":"8bd99cab62c6c3d4902b04e433b785f6879a1bae"}
,"/Users/tony/work/github/spore/spore-kit/packages/arr/contains.js": {"path":"/Users/tony/work/github/spore/spore-kit/packages/arr/contains.js","statementMap":{"0":{"start":{"line":12,"column":13},"end":{"line":12,"column":30}},"1":{"start":{"line":13,"column":1},"end":{"line":13,"column":19}},"2":{"start":{"line":16,"column":0},"end":{"line":16,"column":26}}},"fnMap":{"0":{"name":"contains","decl":{"start":{"line":11,"column":9},"end":{"line":11,"column":17}},"loc":{"start":{"line":11,"column":30},"end":{"line":14,"column":1}},"line":11}},"branchMap":{},"s":{"0":1,"1":1,"2":2},"f":{"0":1},"b":{},"_coverageSchema":"332fd63041d2c1bcb487cc26dd0d5f7d97098a6c","hash":"a1f0fb2bd9b7feba6d8442a439e3cff375011ea6"}
,"/Users/tony/work/github/spore/spore-kit/packages/arr/erase.js": {"path":"/Users/tony/work/github/spore/spore-kit/packages/arr/erase.js","statementMap":{"0":{"start":{"line":12,"column":13},"end":{"line":12,"column":30}},"1":{"start":{"line":13,"column":1},"end":{"line":15,"column":2}},"2":{"start":{"line":14,"column":2},"end":{"line":14,"column":23}},"3":{"start":{"line":16,"column":1},"end":{"line":16,"column":14}},"4":{"start":{"line":19,"column":0},"end":{"line":19,"column":23}}},"fnMap":{"0":{"name":"erase","decl":{"start":{"line":11,"column":9},"end":{"line":11,"column":14}},"loc":{"start":{"line":11,"column":27},"end":{"line":17,"column":1}},"line":11}},"branchMap":{"0":{"loc":{"start":{"line":13,"column":1},"end":{"line":15,"column":2}},"type":"if","locations":[{"start":{"line":13,"column":1},"end":{"line":15,"column":2}},{"start":{"line":13,"column":1},"end":{"line":15,"column":2}}],"line":13}},"s":{"0":0,"1":0,"2":0,"3":0,"4":3},"f":{"0":0},"b":{"0":[0,0]},"_coverageSchema":"332fd63041d2c1bcb487cc26dd0d5f7d97098a6c","hash":"043cc7c82252199eddfac9fea444d4a8ca6e1c49"}
,"/Users/tony/work/github/spore/spore-kit/packages/arr/find.js": {"path":"/Users/tony/work/github/spore/spore-kit/packages/arr/find.js","statementMap":{"0":{"start":{"line":15,"column":17},"end":{"line":15,"column":19}},"1":{"start":{"line":16,"column":1},"end":{"line":20,"column":4}},"2":{"start":{"line":17,"column":2},"end":{"line":19,"column":3}},"3":{"start":{"line":18,"column":3},"end":{"line":18,"column":25}},"4":{"start":{"line":21,"column":1},"end":{"line":21,"column":18}},"5":{"start":{"line":24,"column":0},"end":{"line":24,"column":22}}},"fnMap":{"0":{"name":"find","decl":{"start":{"line":14,"column":9},"end":{"line":14,"column":13}},"loc":{"start":{"line":14,"column":33},"end":{"line":22,"column":1}},"line":14},"1":{"name":"(anonymous_1)","decl":{"start":{"line":16,"column":13},"end":{"line":16,"column":14}},"loc":{"start":{"line":16,"column":36},"end":{"line":20,"column":2}},"line":16}},"branchMap":{"0":{"loc":{"start":{"line":17,"column":2},"end":{"line":19,"column":3}},"type":"if","locations":[{"start":{"line":17,"column":2},"end":{"line":19,"column":3}},{"start":{"line":17,"column":2},"end":{"line":19,"column":3}}],"line":17}},"s":{"0":0,"1":0,"2":0,"3":0,"4":0,"5":1},"f":{"0":0,"1":0},"b":{"0":[0,0]},"_coverageSchema":"332fd63041d2c1bcb487cc26dd0d5f7d97098a6c","hash":"e6bd8d6fa130e21b461010a19b38ef4a5124b5cf"}
,"/Users/tony/work/github/spore/spore-kit/packages/arr/flatten.js": {"path":"/Users/tony/work/github/spore/spore-kit/packages/arr/flatten.js","statementMap":{"0":{"start":{"line":10,"column":12},"end":{"line":10,"column":41}},"1":{"start":{"line":13,"column":13},"end":{"line":13,"column":15}},"2":{"start":{"line":14,"column":1},"end":{"line":22,"column":2}},"3":{"start":{"line":15,"column":13},"end":{"line":15,"column":26}},"4":{"start":{"line":16,"column":2},"end":{"line":18,"column":3}},"5":{"start":{"line":17,"column":3},"end":{"line":17,"column":12}},"6":{"start":{"line":19,"column":2},"end":{"line":21,"column":4}},"7":{"start":{"line":23,"column":1},"end":{"line":23,"column":14}},"8":{"start":{"line":26,"column":0},"end":{"line":26,"column":25}}},"fnMap":{"0":{"name":"flatten","decl":{"start":{"line":12,"column":9},"end":{"line":12,"column":16}},"loc":{"start":{"line":12,"column":23},"end":{"line":24,"column":1}},"line":12}},"branchMap":{"0":{"loc":{"start":{"line":16,"column":2},"end":{"line":18,"column":3}},"type":"if","locations":[{"start":{"line":16,"column":2},"end":{"line":18,"column":3}},{"start":{"line":16,"column":2},"end":{"line":18,"column":3}}],"line":16},"1":{"loc":{"start":{"line":20,"column":3},"end":{"line":20,"column":46}},"type":"cond-expr","locations":[{"start":{"line":20,"column":22},"end":{"line":20,"column":37}},{"start":{"line":20,"column":40},"end":{"line":20,"column":46}}],"line":20}},"s":{"0":1,"1":0,"2":0,"3":0,"4":0,"5":0,"6":0,"7":0,"8":1},"f":{"0":0},"b":{"0":[0,0],"1":[0,0]},"_coverageSchema":"332fd63041d2c1bcb487cc26dd0d5f7d97098a6c","hash":"21c9da36414f64abf6e7208d5cf2ceb90eb3b2d1"}
,"/Users/tony/work/github/spore/spore-kit/packages/arr/include.js": {"path":"/Users/tony/work/github/spore/spore-kit/packages/arr/include.js","statementMap":{"0":{"start":{"line":12,"column":16},"end":{"line":12,"column":37}},"1":{"start":{"line":15,"column":1},"end":{"line":17,"column":2}},"2":{"start":{"line":16,"column":2},"end":{"line":16,"column":17}},"3":{"start":{"line":18,"column":1},"end":{"line":18,"column":12}},"4":{"start":{"line":21,"column":0},"end":{"line":21,"column":25}}},"fnMap":{"0":{"name":"include","decl":{"start":{"line":14,"column":9},"end":{"line":14,"column":16}},"loc":{"start":{"line":14,"column":29},"end":{"line":19,"column":1}},"line":14}},"branchMap":{"0":{"loc":{"start":{"line":15,"column":1},"end":{"line":17,"column":2}},"type":"if","locations":[{"start":{"line":15,"column":1},"end":{"line":17,"column":2}},{"start":{"line":15,"column":1},"end":{"line":17,"column":2}}],"line":15}},"s":{"0":1,"1":0,"2":0,"3":0,"4":1},"f":{"0":0},"b":{"0":[0,0]},"_coverageSchema":"332fd63041d2c1bcb487cc26dd0d5f7d97098a6c","hash":"7d620d4180567390a446a8a19a358ca43772335b"}
,"/Users/tony/work/github/spore/spore-kit/packages/arr/index.js": {"path":"/Users/tony/work/github/spore/spore-kit/packages/arr/index.js","statementMap":{"0":{"start":{"line":18,"column":0},"end":{"line":18,"column":41}},"1":{"start":{"line":19,"column":0},"end":{"line":19,"column":35}},"2":{"start":{"line":20,"column":0},"end":{"line":20,"column":33}},"3":{"start":{"line":21,"column":0},"end":{"line":21,"column":39}},"4":{"start":{"line":22,"column":0},"end":{"line":22,"column":39}}},"fnMap":{},"branchMap":{},"s":{"0":1,"1":1,"2":1,"3":1,"4":1},"f":{},"b":{},"_coverageSchema":"332fd63041d2c1bcb487cc26dd0d5f7d97098a6c","hash":"39e81a7882acae25ef75f99f98e0578f76b1e5ea"}
,"/Users/tony/work/github/spore/spore-kit/packages/cookie/cookie.js": {"path":"/Users/tony/work/github/spore/spore-kit/packages/cookie/cookie.js","statementMap":{"0":{"start":{"line":14,"column":13},"end":{"line":14,"column":33}},"1":{"start":{"line":16,"column":15},"end":{"line":23,"column":2}},"2":{"start":{"line":18,"column":2},"end":{"line":18,"column":33}},"3":{"start":{"line":21,"column":2},"end":{"line":21,"column":33}},"4":{"start":{"line":25,"column":0},"end":{"line":25,"column":26}}},"fnMap":{"0":{"name":"(anonymous_0)","decl":{"start":{"line":17,"column":7},"end":{"line":17,"column":8}},"loc":{"start":{"line":17,"column":21},"end":{"line":19,"column":2}},"line":17},"1":{"name":"(anonymous_1)","decl":{"start":{"line":20,"column":8},"end":{"line":20,"column":9}},"loc":{"start":{"line":20,"column":22},"end":{"line":22,"column":2}},"line":20}},"branchMap":{},"s":{"0":1,"1":1,"2":0,"3":0,"4":1},"f":{"0":0,"1":0},"b":{},"_coverageSchema":"332fd63041d2c1bcb487cc26dd0d5f7d97098a6c","hash":"352854c13acd06a344093ddb9f799a038ea320d0"}
,"/Users/tony/work/github/spore/spore-kit/packages/cookie/index.js": {"path":"/Users/tony/work/github/spore/spore-kit/packages/cookie/index.js","statementMap":{"0":{"start":{"line":18,"column":0},"end":{"line":18,"column":37}},"1":{"start":{"line":19,"column":0},"end":{"line":19,"column":37}}},"fnMap":{},"branchMap":{},"s":{"0":1,"1":1},"f":{},"b":{},"_coverageSchema":"332fd63041d2c1bcb487cc26dd0d5f7d97098a6c","hash":"88b967799316437678ebe7943fd8cf96514d07d3"}
,"/Users/tony/work/github/spore/spore-kit/packages/cookie/origin.js": {"path":"/Users/tony/work/github/spore/spore-kit/packages/cookie/origin.js","statementMap":{"0":{"start":{"line":12,"column":0},"end":{"line":12,"column":38}}},"fnMap":{},"branchMap":{},"s":{"0":1},"f":{},"b":{},"_coverageSchema":"332fd63041d2c1bcb487cc26dd0d5f7d97098a6c","hash":"8b226bd883bde87ff4f2cf42aa283bb619164ace"}
,"/Users/tony/work/github/spore/spore-kit/packages/date/format.js": {"path":"/Users/tony/work/github/spore/spore-kit/packages/date/format.js","statementMap":{"0":{"start":{"line":44,"column":14},"end":{"line":44,"column":45}},"1":{"start":{"line":45,"column":18},"end":{"line":45,"column":53}},"2":{"start":{"line":46,"column":13},"end":{"line":46,"column":43}},"3":{"start":{"line":48,"column":13},"end":{"line":52,"column":1}},"4":{"start":{"line":49,"column":11},"end":{"line":49,"column":25}},"5":{"start":{"line":50,"column":13},"end":{"line":50,"column":27}},"6":{"start":{"line":51,"column":1},"end":{"line":51,"column":44}},"7":{"start":{"line":55,"column":14},"end":{"line":55,"column":16}},"8":{"start":{"line":56,"column":12},"end":{"line":56,"column":14}},"9":{"start":{"line":57,"column":12},"end":{"line":63,"column":2}},"10":{"start":{"line":65,"column":1},"end":{"line":65,"column":23}},"11":{"start":{"line":66,"column":1},"end":{"line":66,"column":32}},"12":{"start":{"line":67,"column":1},"end":{"line":67,"column":34}},"13":{"start":{"line":68,"column":1},"end":{"line":68,"column":28}},"14":{"start":{"line":69,"column":1},"end":{"line":69,"column":26}},"15":{"start":{"line":70,"column":1},"end":{"line":70,"column":30}},"16":{"start":{"line":71,"column":1},"end":{"line":71,"column":35}},"17":{"start":{"line":72,"column":1},"end":{"line":72,"column":34}},"18":{"start":{"line":73,"column":1},"end":{"line":73,"column":44}},"19":{"start":{"line":75,"column":1},"end":{"line":75,"column":34}},"20":{"start":{"line":76,"column":1},"end":{"line":76,"column":32}},"21":{"start":{"line":77,"column":1},"end":{"line":77,"column":20}},"22":{"start":{"line":79,"column":1},"end":{"line":79,"column":33}},"23":{"start":{"line":80,"column":1},"end":{"line":80,"column":21}},"24":{"start":{"line":82,"column":1},"end":{"line":82,"column":32}},"25":{"start":{"line":83,"column":1},"end":{"line":83,"column":20}},"26":{"start":{"line":85,"column":1},"end":{"line":85,"column":33}},"27":{"start":{"line":87,"column":1},"end":{"line":87,"column":33}},"28":{"start":{"line":88,"column":1},"end":{"line":88,"column":21}},"29":{"start":{"line":90,"column":1},"end":{"line":90,"column":36}},"30":{"start":{"line":91,"column":1},"end":{"line":91,"column":24}},"31":{"start":{"line":93,"column":1},"end":{"line":93,"column":35}},"32":{"start":{"line":94,"column":1},"end":{"line":94,"column":23}},"33":{"start":{"line":96,"column":1},"end":{"line":96,"column":41}},"34":{"start":{"line":97,"column":1},"end":{"line":97,"column":29}},"35":{"start":{"line":99,"column":1},"end":{"line":99,"column":43}},"36":{"start":{"line":100,"column":1},"end":{"line":100,"column":15}},"37":{"start":{"line":103,"column":0},"end":{"line":103,"column":24}}},"fnMap":{"0":{"name":"(anonymous_0)","decl":{"start":{"line":48,"column":13},"end":{"line":48,"column":14}},"loc":{"start":{"line":48,"column":30},"end":{"line":52,"column":1}},"line":48},"1":{"name":"format","decl":{"start":{"line":54,"column":9},"end":{"line":54,"column":15}},"loc":{"start":{"line":54,"column":28},"end":{"line":101,"column":1}},"line":54}},"branchMap":{"0":{"loc":{"start":{"line":51,"column":8},"end":{"line":51,"column":43}},"type":"cond-expr","locations":[{"start":{"line":51,"column":20},"end":{"line":51,"column":37}},{"start":{"line":51,"column":40},"end":{"line":51,"column":43}}],"line":51}},"s":{"0":1,"1":1,"2":1,"3":1,"4":2,"5":2,"6":2,"7":1,"8":1,"9":1,"10":1,"11":1,"12":1,"13":1,"14":1,"15":1,"16":1,"17":1,"18":1,"19":1,"20":1,"21":1,"22":1,"23":1,"24":1,"25":1,"26":1,"27":1,"28":1,"29":1,"30":1,"31":1,"32":1,"33":1,"34":1,"35":1,"36":1,"37":1},"f":{"0":2,"1":1},"b":{"0":[1,1]},"_coverageSchema":"332fd63041d2c1bcb487cc26dd0d5f7d97098a6c","hash":"523004b0433cc28086054b0c20c0bb55db903783"}
,"/Users/tony/work/github/spore/spore-kit/packages/date/getLastStart.js": {"path":"/Users/tony/work/github/spore/spore-kit/packages/date/getLastStart.js","statementMap":{"0":{"start":{"line":17,"column":20},"end":{"line":17,"column":45}},"1":{"start":{"line":19,"column":11},"end":{"line":19,"column":25}},"2":{"start":{"line":20,"column":10},"end":{"line":20,"column":29}},"3":{"start":{"line":23,"column":16},"end":{"line":23,"column":30}},"4":{"start":{"line":24,"column":13},"end":{"line":24,"column":21}},"5":{"start":{"line":29,"column":1},"end":{"line":31,"column":2}},"6":{"start":{"line":30,"column":2},"end":{"line":30,"column":41}},"7":{"start":{"line":32,"column":1},"end":{"line":32,"column":20}},"8":{"start":{"line":33,"column":1},"end":{"line":55,"column":2}},"9":{"start":{"line":34,"column":2},"end":{"line":34,"column":32}},"10":{"start":{"line":35,"column":2},"end":{"line":35,"column":16}},"11":{"start":{"line":36,"column":2},"end":{"line":36,"column":34}},"12":{"start":{"line":37,"column":8},"end":{"line":55,"column":2}},"13":{"start":{"line":38,"column":2},"end":{"line":38,"column":32}},"14":{"start":{"line":39,"column":2},"end":{"line":39,"column":30}},"15":{"start":{"line":40,"column":2},"end":{"line":40,"column":40}},"16":{"start":{"line":41,"column":2},"end":{"line":41,"column":36}},"17":{"start":{"line":42,"column":2},"end":{"line":42,"column":32}},"18":{"start":{"line":43,"column":2},"end":{"line":43,"column":13}},"19":{"start":{"line":44,"column":2},"end":{"line":44,"column":47}},"20":{"start":{"line":46,"column":2},"end":{"line":46,"column":14}},"21":{"start":{"line":47,"column":2},"end":{"line":49,"column":3}},"22":{"start":{"line":48,"column":3},"end":{"line":48,"column":14}},"23":{"start":{"line":50,"column":2},"end":{"line":52,"column":3}},"24":{"start":{"line":51,"column":3},"end":{"line":51,"column":18}},"25":{"start":{"line":53,"column":2},"end":{"line":53,"column":27}},"26":{"start":{"line":54,"column":2},"end":{"line":54,"column":40}},"27":{"start":{"line":57,"column":1},"end":{"line":57,"column":14}},"28":{"start":{"line":60,"column":0},"end":{"line":60,"column":30}}},"fnMap":{"0":{"name":"getLastStart","decl":{"start":{"line":22,"column":9},"end":{"line":22,"column":21}},"loc":{"start":{"line":22,"column":41},"end":{"line":58,"column":1}},"line":22}},"branchMap":{"0":{"loc":{"start":{"line":29,"column":1},"end":{"line":31,"column":2}},"type":"if","locations":[{"start":{"line":29,"column":1},"end":{"line":31,"column":2}},{"start":{"line":29,"column":1},"end":{"line":31,"column":2}}],"line":29},"1":{"loc":{"start":{"line":32,"column":9},"end":{"line":32,"column":19}},"type":"binary-expr","locations":[{"start":{"line":32,"column":9},"end":{"line":32,"column":14}},{"start":{"line":32,"column":18},"end":{"line":32,"column":19}}],"line":32},"2":{"loc":{"start":{"line":33,"column":1},"end":{"line":55,"column":2}},"type":"if","locations":[{"start":{"line":33,"column":1},"end":{"line":55,"column":2}},{"start":{"line":33,"column":1},"end":{"line":55,"column":2}}],"line":33},"3":{"loc":{"start":{"line":37,"column":8},"end":{"line":55,"column":2}},"type":"if","locations":[{"start":{"line":37,"column":8},"end":{"line":55,"column":2}},{"start":{"line":37,"column":8},"end":{"line":55,"column":2}}],"line":37},"4":{"loc":{"start":{"line":47,"column":2},"end":{"line":49,"column":3}},"type":"if","locations":[{"start":{"line":47,"column":2},"end":{"line":49,"column":3}},{"start":{"line":47,"column":2},"end":{"line":49,"column":3}}],"line":47},"5":{"loc":{"start":{"line":50,"column":2},"end":{"line":52,"column":3}},"type":"if","locations":[{"start":{"line":50,"column":2},"end":{"line":52,"column":3}},{"start":{"line":50,"column":2},"end":{"line":52,"column":3}}],"line":50}},"s":{"0":1,"1":1,"2":1,"3":0,"4":0,"5":0,"6":0,"7":0,"8":0,"9":0,"10":0,"11":0,"12":0,"13":0,"14":0,"15":0,"16":0,"17":0,"18":0,"19":0,"20":0,"21":0,"22":0,"23":0,"24":0,"25":0,"26":0,"27":0,"28":1},"f":{"0":0},"b":{"0":[0,0],"1":[0,0],"2":[0,0],"3":[0,0],"4":[0,0],"5":[0,0]},"_coverageSchema":"332fd63041d2c1bcb487cc26dd0d5f7d97098a6c","hash":"8e29808f045cc298ebc9a629224a50b55e1c4deb"}
,"/Users/tony/work/github/spore/spore-kit/packages/date/getTimeSplit.js": {"path":"/Users/tony/work/github/spore/spore-kit/packages/date/getTimeSplit.js","statementMap":{"0":{"start":{"line":25,"column":10},"end":{"line":25,"column":29}},"1":{"start":{"line":27,"column":17},"end":{"line":33,"column":1}},"2":{"start":{"line":36,"column":1},"end":{"line":38,"column":2}},"3":{"start":{"line":37,"column":2},"end":{"line":37,"column":41}},"4":{"start":{"line":40,"column":16},"end":{"line":40,"column":30}},"5":{"start":{"line":43,"column":11},"end":{"line":43,"column":28}},"6":{"start":{"line":44,"column":1},"end":{"line":44,"column":31}},"7":{"start":{"line":46,"column":13},"end":{"line":46,"column":37}},"8":{"start":{"line":47,"column":1},"end":{"line":49,"column":2}},"9":{"start":{"line":48,"column":2},"end":{"line":48,"column":44}},"10":{"start":{"line":50,"column":12},"end":{"line":50,"column":34}},"11":{"start":{"line":51,"column":13},"end":{"line":51,"column":36}},"12":{"start":{"line":52,"column":12},"end":{"line":52,"column":30}},"13":{"start":{"line":53,"column":12},"end":{"line":53,"column":31}},"14":{"start":{"line":54,"column":15},"end":{"line":54,"column":36}},"15":{"start":{"line":56,"column":1},"end":{"line":58,"column":2}},"16":{"start":{"line":57,"column":2},"end":{"line":57,"column":17}},"17":{"start":{"line":59,"column":1},"end":{"line":61,"column":2}},"18":{"start":{"line":60,"column":2},"end":{"line":60,"column":14}},"19":{"start":{"line":62,"column":1},"end":{"line":64,"column":2}},"20":{"start":{"line":63,"column":2},"end":{"line":63,"column":11}},"21":{"start":{"line":65,"column":1},"end":{"line":67,"column":2}},"22":{"start":{"line":66,"column":2},"end":{"line":66,"column":12}},"23":{"start":{"line":69,"column":11},"end":{"line":72,"column":12}},"24":{"start":{"line":74,"column":1},"end":{"line":74,"column":22}},"25":{"start":{"line":77,"column":0},"end":{"line":77,"column":30}}},"fnMap":{"0":{"name":"getTimeSplit","decl":{"start":{"line":35,"column":9},"end":{"line":35,"column":21}},"loc":{"start":{"line":35,"column":34},"end":{"line":75,"column":1}},"line":35}},"branchMap":{"0":{"loc":{"start":{"line":36,"column":1},"end":{"line":38,"column":2}},"type":"if","locations":[{"start":{"line":36,"column":1},"end":{"line":38,"column":2}},{"start":{"line":36,"column":1},"end":{"line":38,"column":2}}],"line":36},"1":{"loc":{"start":{"line":44,"column":7},"end":{"line":44,"column":30}},"type":"cond-expr","locations":[{"start":{"line":44,"column":19},"end":{"line":44,"column":20}},{"start":{"line":44,"column":23},"end":{"line":44,"column":30}}],"line":44},"2":{"loc":{"start":{"line":47,"column":1},"end":{"line":49,"column":2}},"type":"if","locations":[{"start":{"line":47,"column":1},"end":{"line":49,"column":2}},{"start":{"line":47,"column":1},"end":{"line":49,"column":2}}],"line":47},"3":{"loc":{"start":{"line":56,"column":1},"end":{"line":58,"column":2}},"type":"if","locations":[{"start":{"line":56,"column":1},"end":{"line":58,"column":2}},{"start":{"line":56,"column":1},"end":{"line":58,"column":2}}],"line":56},"4":{"loc":{"start":{"line":59,"column":1},"end":{"line":61,"column":2}},"type":"if","locations":[{"start":{"line":59,"column":1},"end":{"line":61,"column":2}},{"start":{"line":59,"column":1},"end":{"line":61,"column":2}}],"line":59},"5":{"loc":{"start":{"line":62,"column":1},"end":{"line":64,"column":2}},"type":"if","locations":[{"start":{"line":62,"column":1},"end":{"line":64,"column":2}},{"start":{"line":62,"column":1},"end":{"line":64,"column":2}}],"line":62},"6":{"loc":{"start":{"line":65,"column":1},"end":{"line":67,"column":2}},"type":"if","locations":[{"start":{"line":65,"column":1},"end":{"line":67,"column":2}},{"start":{"line":65,"column":1},"end":{"line":67,"column":2}}],"line":65}},"s":{"0":1,"1":1,"2":0,"3":0,"4":0,"5":0,"6":0,"7":0,"8":0,"9":0,"10":0,"11":0,"12":0,"13":0,"14":0,"15":0,"16":0,"17":0,"18":0,"19":0,"20":0,"21":0,"22":0,"23":0,"24":0,"25":1},"f":{"0":0},"b":{"0":[0,0],"1":[0,0],"2":[0,0],"3":[0,0],"4":[0,0],"5":[0,0],"6":[0,0]},"_coverageSchema":"332fd63041d2c1bcb487cc26dd0d5f7d97098a6c","hash":"04ae83e79e84bdd352fb287eb62c26d4e4c26665"}
,"/Users/tony/work/github/spore/spore-kit/packages/date/index.js": {"path":"/Users/tony/work/github/spore/spore-kit/packages/date/index.js","statementMap":{"0":{"start":{"line":18,"column":0},"end":{"line":18,"column":37}},"1":{"start":{"line":19,"column":0},"end":{"line":19,"column":49}},"2":{"start":{"line":20,"column":0},"end":{"line":20,"column":49}}},"fnMap":{},"branchMap":{},"s":{"0":1,"1":1,"2":1},"f":{},"b":{},"_coverageSchema":"332fd63041d2c1bcb487cc26dd0d5f7d97098a6c","hash":"5dbe93629cc3d2b6aa190b8d77c2f0d07f225d73"}
,"/Users/tony/work/github/spore/spore-kit/packages/dom/index.js": {"path":"/Users/tony/work/github/spore/spore-kit/packages/dom/index.js","statementMap":{"0":{"start":{"line":18,"column":0},"end":{"line":18,"column":37}},"1":{"start":{"line":19,"column":0},"end":{"line":19,"column":37}}},"fnMap":{},"branchMap":{},"s":{"0":1,"1":1},"f":{},"b":{},"_coverageSchema":"332fd63041d2c1bcb487cc26dd0d5f7d97098a6c","hash":"8e8cb20b28f284c99406d7b735f214134e8ff72a"}
,"/Users/tony/work/github/spore/spore-kit/packages/dom/isNode.js": {"path":"/Users/tony/work/github/spore/spore-kit/packages/dom/isNode.js","statementMap":{"0":{"start":{"line":7,"column":1},"end":{"line":11,"column":3}},"1":{"start":{"line":14,"column":0},"end":{"line":14,"column":24}}},"fnMap":{"0":{"name":"isNode","decl":{"start":{"line":6,"column":9},"end":{"line":6,"column":15}},"loc":{"start":{"line":6,"column":22},"end":{"line":12,"column":1}},"line":6}},"branchMap":{"0":{"loc":{"start":{"line":8,"column":2},"end":{"line":10,"column":18}},"type":"binary-expr","locations":[{"start":{"line":8,"column":2},"end":{"line":8,"column":6}},{"start":{"line":9,"column":5},"end":{"line":9,"column":18}},{"start":{"line":10,"column":5},"end":{"line":10,"column":18}}],"line":8}},"s":{"0":0,"1":1},"f":{"0":0},"b":{"0":[0,0,0]},"_coverageSchema":"332fd63041d2c1bcb487cc26dd0d5f7d97098a6c","hash":"7ccbe347b92ddc1660952268a1a8d23e9df97287"}
,"/Users/tony/work/github/spore/spore-kit/packages/dom/offset.js": {"path":"/Users/tony/work/github/spore/spore-kit/packages/dom/offset.js","statementMap":{"0":{"start":{"line":14,"column":13},"end":{"line":14,"column":17}},"1":{"start":{"line":16,"column":0},"end":{"line":18,"column":1}},"2":{"start":{"line":17,"column":1},"end":{"line":17,"column":37}},"3":{"start":{"line":20,"column":0},"end":{"line":20,"column":24}}},"fnMap":{},"branchMap":{"0":{"loc":{"start":{"line":16,"column":0},"end":{"line":18,"column":1}},"type":"if","locations":[{"start":{"line":16,"column":0},"end":{"line":18,"column":1}},{"start":{"line":16,"column":0},"end":{"line":18,"column":1}}],"line":16}},"s":{"0":1,"1":1,"2":0,"3":1},"f":{},"b":{"0":[0,1]},"_coverageSchema":"332fd63041d2c1bcb487cc26dd0d5f7d97098a6c","hash":"f6c4eabf329aafa2eaff85b19efc493ef2c56c8e"}
,"/Users/tony/work/github/spore/spore-kit/packages/env/browser.js": {"path":"/Users/tony/work/github/spore/spore-kit/packages/env/browser.js","statementMap":{"0":{"start":{"line":20,"column":14},"end":{"line":20,"column":45}},"1":{"start":{"line":21,"column":15},"end":{"line":21,"column":35}},"2":{"start":{"line":23,"column":14},"end":{"line":34,"column":1}},"3":{"start":{"line":37,"column":12},"end":{"line":39,"column":12}},"4":{"start":{"line":41,"column":1},"end":{"line":41,"column":28}},"5":{"start":{"line":43,"column":1},"end":{"line":43,"column":41}},"6":{"start":{"line":46,"column":13},"end":{"line":46,"column":17}},"7":{"start":{"line":49,"column":1},"end":{"line":51,"column":2}},"8":{"start":{"line":50,"column":2},"end":{"line":50,"column":20}},"9":{"start":{"line":52,"column":1},"end":{"line":52,"column":15}},"10":{"start":{"line":55,"column":0},"end":{"line":55,"column":24}},"11":{"start":{"line":57,"column":0},"end":{"line":57,"column":25}}},"fnMap":{"0":{"name":"detect","decl":{"start":{"line":36,"column":9},"end":{"line":36,"column":15}},"loc":{"start":{"line":36,"column":35},"end":{"line":44,"column":1}},"line":36},"1":{"name":"browser","decl":{"start":{"line":48,"column":9},"end":{"line":48,"column":16}},"loc":{"start":{"line":48,"column":19},"end":{"line":53,"column":1}},"line":48}},"branchMap":{"0":{"loc":{"start":{"line":49,"column":1},"end":{"line":51,"column":2}},"type":"if","locations":[{"start":{"line":49,"column":1},"end":{"line":51,"column":2}},{"start":{"line":49,"column":1},"end":{"line":51,"column":2}}],"line":49}},"s":{"0":2,"1":2,"2":2,"3":0,"4":0,"5":0,"6":2,"7":0,"8":0,"9":0,"10":2,"11":2},"f":{"0":0,"1":0},"b":{"0":[0,0]},"_coverageSchema":"332fd63041d2c1bcb487cc26dd0d5f7d97098a6c","hash":"e3dce6a8e44ce5ec8db6b970d231d23e46b4a166"}
,"/Users/tony/work/github/spore/spore-kit/packages/env/core.js": {"path":"/Users/tony/work/github/spore/spore-kit/packages/env/core.js","statementMap":{"0":{"start":{"line":15,"column":14},"end":{"line":15,"column":45}},"1":{"start":{"line":16,"column":15},"end":{"line":16,"column":35}},"2":{"start":{"line":18,"column":14},"end":{"line":25,"column":1}},"3":{"start":{"line":23,"column":2},"end":{"line":23,"column":64}},"4":{"start":{"line":28,"column":12},"end":{"line":30,"column":12}},"5":{"start":{"line":32,"column":1},"end":{"line":32,"column":28}},"6":{"start":{"line":34,"column":1},"end":{"line":34,"column":41}},"7":{"start":{"line":37,"column":13},"end":{"line":37,"column":17}},"8":{"start":{"line":40,"column":1},"end":{"line":42,"column":2}},"9":{"start":{"line":41,"column":2},"end":{"line":41,"column":20}},"10":{"start":{"line":43,"column":1},"end":{"line":43,"column":15}},"11":{"start":{"line":46,"column":0},"end":{"line":46,"column":21}},"12":{"start":{"line":48,"column":0},"end":{"line":48,"column":22}}},"fnMap":{"0":{"name":"(anonymous_0)","decl":{"start":{"line":22,"column":8},"end":{"line":22,"column":9}},"loc":{"start":{"line":22,"column":21},"end":{"line":24,"column":2}},"line":22},"1":{"name":"detect","decl":{"start":{"line":27,"column":9},"end":{"line":27,"column":15}},"loc":{"start":{"line":27,"column":35},"end":{"line":35,"column":1}},"line":27},"2":{"name":"core","decl":{"start":{"line":39,"column":9},"end":{"line":39,"column":13}},"loc":{"start":{"line":39,"column":16},"end":{"line":44,"column":1}},"line":39}},"branchMap":{"0":{"loc":{"start":{"line":23,"column":9},"end":{"line":23,"column":63}},"type":"binary-expr","locations":[{"start":{"line":23,"column":9},"end":{"line":23,"column":33}},{"start":{"line":23,"column":37},"end":{"line":23,"column":63}}],"line":23},"1":{"loc":{"start":{"line":40,"column":1},"end":{"line":42,"column":2}},"type":"if","locations":[{"start":{"line":40,"column":1},"end":{"line":42,"column":2}},{"start":{"line":40,"column":1},"end":{"line":42,"column":2}}],"line":40}},"s":{"0":1,"1":1,"2":1,"3":0,"4":0,"5":0,"6":0,"7":1,"8":0,"9":0,"10":0,"11":1,"12":1},"f":{"0":0,"1":0,"2":0},"b":{"0":[0,0],"1":[0,0]},"_coverageSchema":"332fd63041d2c1bcb487cc26dd0d5f7d97098a6c","hash":"4e0379c3faccd0d160b93665e83c439eb4f9d049"}
,"/Users/tony/work/github/spore/spore-kit/packages/env/device.js": {"path":"/Users/tony/work/github/spore/spore-kit/packages/env/device.js","statementMap":{"0":{"start":{"line":16,"column":14},"end":{"line":16,"column":45}},"1":{"start":{"line":17,"column":15},"end":{"line":17,"column":35}},"2":{"start":{"line":19,"column":14},"end":{"line":26,"column":1}},"3":{"start":{"line":29,"column":12},"end":{"line":31,"column":12}},"4":{"start":{"line":33,"column":1},"end":{"line":33,"column":28}},"5":{"start":{"line":35,"column":1},"end":{"line":35,"column":41}},"6":{"start":{"line":38,"column":13},"end":{"line":38,"column":17}},"7":{"start":{"line":41,"column":1},"end":{"line":43,"column":2}},"8":{"start":{"line":42,"column":2},"end":{"line":42,"column":20}},"9":{"start":{"line":44,"column":1},"end":{"line":44,"column":15}},"10":{"start":{"line":47,"column":0},"end":{"line":47,"column":23}},"11":{"start":{"line":49,"column":0},"end":{"line":49,"column":24}}},"fnMap":{"0":{"name":"detect","decl":{"start":{"line":28,"column":9},"end":{"line":28,"column":15}},"loc":{"start":{"line":28,"column":35},"end":{"line":36,"column":1}},"line":28},"1":{"name":"device","decl":{"start":{"line":40,"column":9},"end":{"line":40,"column":15}},"loc":{"start":{"line":40,"column":18},"end":{"line":45,"column":1}},"line":40}},"branchMap":{"0":{"loc":{"start":{"line":41,"column":1},"end":{"line":43,"column":2}},"type":"if","locations":[{"start":{"line":41,"column":1},"end":{"line":43,"column":2}},{"start":{"line":41,"column":1},"end":{"line":43,"column":2}}],"line":41}},"s":{"0":1,"1":1,"2":1,"3":0,"4":0,"5":0,"6":1,"7":0,"8":0,"9":0,"10":1,"11":1},"f":{"0":0,"1":0},"b":{"0":[0,0]},"_coverageSchema":"332fd63041d2c1bcb487cc26dd0d5f7d97098a6c","hash":"58920712afa25b3bca24ac0427a7296c78c8f5ac"}
,"/Users/tony/work/github/spore/spore-kit/packages/env/index.js": {"path":"/Users/tony/work/github/spore/spore-kit/packages/env/index.js","statementMap":{"0":{"start":{"line":18,"column":0},"end":{"line":18,"column":39}},"1":{"start":{"line":19,"column":0},"end":{"line":19,"column":33}},"2":{"start":{"line":20,"column":0},"end":{"line":20,"column":37}},"3":{"start":{"line":21,"column":0},"end":{"line":21,"column":39}},"4":{"start":{"line":22,"column":0},"end":{"line":22,"column":29}},"5":{"start":{"line":23,"column":0},"end":{"line":23,"column":43}},"6":{"start":{"line":24,"column":0},"end":{"line":24,"column":39}},"7":{"start":{"line":25,"column":0},"end":{"line":25,"column":33}}},"fnMap":{},"branchMap":{},"s":{"0":1,"1":1,"2":1,"3":1,"4":1,"5":1,"6":1,"7":1},"f":{},"b":{},"_coverageSchema":"332fd63041d2c1bcb487cc26dd0d5f7d97098a6c","hash":"a083e7c5abcc41e996b51c1893a7890d41f852b2"}
,"/Users/tony/work/github/spore/spore-kit/packages/env/network.js": {"path":"/Users/tony/work/github/spore/spore-kit/packages/env/network.js","statementMap":{"0":{"start":{"line":6,"column":20},"end":{"line":6,"column":24}},"1":{"start":{"line":17,"column":1},"end":{"line":19,"column":2}},"2":{"start":{"line":18,"column":2},"end":{"line":18,"column":51}},"3":{"start":{"line":20,"column":1},"end":{"line":20,"column":22}},"4":{"start":{"line":32,"column":1},"end":{"line":32,"column":51}},"5":{"start":{"line":35,"column":0},"end":{"line":35,"column":26}},"6":{"start":{"line":36,"column":0},"end":{"line":36,"column":24}}},"fnMap":{"0":{"name":"support","decl":{"start":{"line":16,"column":9},"end":{"line":16,"column":16}},"loc":{"start":{"line":16,"column":19},"end":{"line":21,"column":1}},"line":16},"1":{"name":"onLine","decl":{"start":{"line":31,"column":9},"end":{"line":31,"column":15}},"loc":{"start":{"line":31,"column":18},"end":{"line":33,"column":1}},"line":31}},"branchMap":{"0":{"loc":{"start":{"line":17,"column":1},"end":{"line":19,"column":2}},"type":"if","locations":[{"start":{"line":17,"column":1},"end":{"line":19,"column":2}},{"start":{"line":17,"column":1},"end":{"line":19,"column":2}}],"line":17},"1":{"loc":{"start":{"line":32,"column":8},"end":{"line":32,"column":50}},"type":"cond-expr","locations":[{"start":{"line":32,"column":20},"end":{"line":32,"column":43}},{"start":{"line":32,"column":46},"end":{"line":32,"column":50}}],"line":32}},"s":{"0":1,"1":0,"2":0,"3":0,"4":0,"5":1,"6":1},"f":{"0":0,"1":0},"b":{"0":[0,0],"1":[0,0]},"_coverageSchema":"332fd63041d2c1bcb487cc26dd0d5f7d97098a6c","hash":"e838a1c3ecb2635214caec1818284b1779d7ca99"}
,"/Users/tony/work/github/spore/spore-kit/packages/env/os.js": {"path":"/Users/tony/work/github/spore/spore-kit/packages/env/os.js","statementMap":{"0":{"start":{"line":12,"column":14},"end":{"line":12,"column":45}},"1":{"start":{"line":13,"column":15},"end":{"line":13,"column":35}},"2":{"start":{"line":15,"column":14},"end":{"line":20,"column":1}},"3":{"start":{"line":18,"column":2},"end":{"line":18,"column":64}},"4":{"start":{"line":23,"column":12},"end":{"line":25,"column":12}},"5":{"start":{"line":27,"column":1},"end":{"line":27,"column":28}},"6":{"start":{"line":29,"column":1},"end":{"line":29,"column":41}},"7":{"start":{"line":32,"column":13},"end":{"line":32,"column":17}},"8":{"start":{"line":35,"column":1},"end":{"line":37,"column":2}},"9":{"start":{"line":36,"column":2},"end":{"line":36,"column":20}},"10":{"start":{"line":38,"column":1},"end":{"line":38,"column":15}},"11":{"start":{"line":41,"column":0},"end":{"line":41,"column":19}},"12":{"start":{"line":43,"column":0},"end":{"line":43,"column":20}}},"fnMap":{"0":{"name":"(anonymous_0)","decl":{"start":{"line":17,"column":10},"end":{"line":17,"column":11}},"loc":{"start":{"line":17,"column":23},"end":{"line":19,"column":2}},"line":17},"1":{"name":"detect","decl":{"start":{"line":22,"column":9},"end":{"line":22,"column":15}},"loc":{"start":{"line":22,"column":35},"end":{"line":30,"column":1}},"line":22},"2":{"name":"os","decl":{"start":{"line":34,"column":9},"end":{"line":34,"column":11}},"loc":{"start":{"line":34,"column":14},"end":{"line":39,"column":1}},"line":34}},"branchMap":{"0":{"loc":{"start":{"line":18,"column":9},"end":{"line":18,"column":63}},"type":"binary-expr","locations":[{"start":{"line":18,"column":9},"end":{"line":18,"column":35}},{"start":{"line":18,"column":39},"end":{"line":18,"column":63}}],"line":18},"1":{"loc":{"start":{"line":35,"column":1},"end":{"line":37,"column":2}},"type":"if","locations":[{"start":{"line":35,"column":1},"end":{"line":37,"column":2}},{"start":{"line":35,"column":1},"end":{"line":37,"column":2}}],"line":35}},"s":{"0":1,"1":1,"2":1,"3":0,"4":0,"5":0,"6":0,"7":1,"8":0,"9":0,"10":0,"11":1,"12":1},"f":{"0":0,"1":0,"2":0},"b":{"0":[0,0],"1":[0,0]},"_coverageSchema":"332fd63041d2c1bcb487cc26dd0d5f7d97098a6c","hash":"dd01cd0e0adc3b226df08e81e5f76db76b827be7"}
,"/Users/tony/work/github/spore/spore-kit/packages/env/touchable.js": {"path":"/Users/tony/work/github/spore/spore-kit/packages/env/touchable.js","statementMap":{"0":{"start":{"line":11,"column":18},"end":{"line":11,"column":22}},"1":{"start":{"line":14,"column":1},"end":{"line":17,"column":2}},"2":{"start":{"line":15,"column":2},"end":{"line":16,"column":73}},"3":{"start":{"line":18,"column":1},"end":{"line":18,"column":20}},"4":{"start":{"line":21,"column":0},"end":{"line":21,"column":27}}},"fnMap":{"0":{"name":"touchable","decl":{"start":{"line":13,"column":9},"end":{"line":13,"column":18}},"loc":{"start":{"line":13,"column":21},"end":{"line":19,"column":1}},"line":13}},"branchMap":{"0":{"loc":{"start":{"line":14,"column":1},"end":{"line":17,"column":2}},"type":"if","locations":[{"start":{"line":14,"column":1},"end":{"line":17,"column":2}},{"start":{"line":14,"column":1},"end":{"line":17,"column":2}}],"line":14},"1":{"loc":{"start":{"line":15,"column":19},"end":{"line":16,"column":71}},"type":"binary-expr","locations":[{"start":{"line":15,"column":19},"end":{"line":15,"column":43}},{"start":{"line":16,"column":6},"end":{"line":16,"column":26}},{"start":{"line":16,"column":30},"end":{"line":16,"column":70}}],"line":15}},"s":{"0":1,"1":0,"2":0,"3":0,"4":1},"f":{"0":0},"b":{"0":[0,0],"1":[0,0,0]},"_coverageSchema":"332fd63041d2c1bcb487cc26dd0d5f7d97098a6c","hash":"f7652b989ba3cc4ddd84479373cf9f478cf08627"}
,"/Users/tony/work/github/spore/spore-kit/packages/env/uaMatch.js": {"path":"/Users/tony/work/github/spore/spore-kit/packages/env/uaMatch.js","statementMap":{"0":{"start":{"line":20,"column":14},"end":{"line":20,"column":16}},"1":{"start":{"line":21,"column":1},"end":{"line":27,"column":2}},"2":{"start":{"line":22,"column":2},"end":{"line":26,"column":3}},"3":{"start":{"line":23,"column":3},"end":{"line":23,"column":11}},"4":{"start":{"line":25,"column":3},"end":{"line":25,"column":35}},"5":{"start":{"line":28,"column":1},"end":{"line":28,"column":23}},"6":{"start":{"line":29,"column":1},"end":{"line":55,"column":2}},"7":{"start":{"line":30,"column":2},"end":{"line":54,"column":5}},"8":{"start":{"line":31,"column":16},"end":{"line":31,"column":25}},"9":{"start":{"line":32,"column":3},"end":{"line":53,"column":4}},"10":{"start":{"line":33,"column":4},"end":{"line":52,"column":5}},"11":{"start":{"line":34,"column":5},"end":{"line":36,"column":6}},"12":{"start":{"line":35,"column":6},"end":{"line":35,"column":25}},"13":{"start":{"line":37,"column":11},"end":{"line":52,"column":5}},"14":{"start":{"line":40,"column":17},"end":{"line":40,"column":33}},"15":{"start":{"line":41,"column":5},"end":{"line":47,"column":6}},"16":{"start":{"line":42,"column":6},"end":{"line":46,"column":7}},"17":{"start":{"line":43,"column":7},"end":{"line":43,"column":30}},"18":{"start":{"line":45,"column":7},"end":{"line":45,"column":26}},"19":{"start":{"line":48,"column":11},"end":{"line":52,"column":5}},"20":{"start":{"line":49,"column":5},"end":{"line":51,"column":6}},"21":{"start":{"line":50,"column":6},"end":{"line":50,"column":31}},"22":{"start":{"line":57,"column":1},"end":{"line":57,"column":15}},"23":{"start":{"line":60,"column":0},"end":{"line":60,"column":25}}},"fnMap":{"0":{"name":"uaMatch","decl":{"start":{"line":19,"column":9},"end":{"line":19,"column":16}},"loc":{"start":{"line":19,"column":33},"end":{"line":58,"column":1}},"line":19},"1":{"name":"(anonymous_1)","decl":{"start":{"line":30,"column":28},"end":{"line":30,"column":29}},"loc":{"start":{"line":30,"column":42},"end":{"line":54,"column":3}},"line":30}},"branchMap":{"0":{"loc":{"start":{"line":21,"column":1},"end":{"line":27,"column":2}},"type":"if","locations":[{"start":{"line":21,"column":1},"end":{"line":27,"column":2}},{"start":{"line":21,"column":1},"end":{"line":27,"column":2}}],"line":21},"1":{"loc":{"start":{"line":22,"column":2},"end":{"line":26,"column":3}},"type":"if","locations":[{"start":{"line":22,"column":2},"end":{"line":26,"column":3}},{"start":{"line":22,"column":2},"end":{"line":26,"column":3}}],"line":22},"2":{"loc":{"start":{"line":29,"column":1},"end":{"line":55,"column":2}},"type":"if","locations":[{"start":{"line":29,"column":1},"end":{"line":55,"column":2}},{"start":{"line":29,"column":1},"end":{"line":55,"column":2}}],"line":29},"3":{"loc":{"start":{"line":32,"column":3},"end":{"line":53,"column":4}},"type":"if","locations":[{"start":{"line":32,"column":3},"end":{"line":53,"column":4}},{"start":{"line":32,"column":3},"end":{"line":53,"column":4}}],"line":32},"4":{"loc":{"start":{"line":33,"column":4},"end":{"line":52,"column":5}},"type":"if","locations":[{"start":{"line":33,"column":4},"end":{"line":52,"column":5}},{"start":{"line":33,"column":4},"end":{"line":52,"column":5}}],"line":33},"5":{"loc":{"start":{"line":34,"column":5},"end":{"line":36,"column":6}},"type":"if","locations":[{"start":{"line":34,"column":5},"end":{"line":36,"column":6}},{"start":{"line":34,"column":5},"end":{"line":36,"column":6}}],"line":34},"6":{"loc":{"start":{"line":37,"column":11},"end":{"line":52,"column":5}},"type":"if","locations":[{"start":{"line":37,"column":11},"end":{"line":52,"column":5}},{"start":{"line":37,"column":11},"end":{"line":52,"column":5}}],"line":37},"7":{"loc":{"start":{"line":41,"column":5},"end":{"line":47,"column":6}},"type":"if","locations":[{"start":{"line":41,"column":5},"end":{"line":47,"column":6}},{"start":{"line":41,"column":5},"end":{"line":47,"column":6}}],"line":41},"8":{"loc":{"start":{"line":42,"column":6},"end":{"line":46,"column":7}},"type":"if","locations":[{"start":{"line":42,"column":6},"end":{"line":46,"column":7}},{"start":{"line":42,"column":6},"end":{"line":46,"column":7}}],"line":42},"9":{"loc":{"start":{"line":48,"column":11},"end":{"line":52,"column":5}},"type":"if","locations":[{"start":{"line":48,"column":11},"end":{"line":52,"column":5}},{"start":{"line":48,"column":11},"end":{"line":52,"column":5}}],"line":48},"10":{"loc":{"start":{"line":49,"column":5},"end":{"line":51,"column":6}},"type":"if","locations":[{"start":{"line":49,"column":5},"end":{"line":51,"column":6}},{"start":{"line":49,"column":5},"end":{"line":51,"column":6}}],"line":49}},"s":{"0":0,"1":0,"2":0,"3":0,"4":0,"5":0,"6":0,"7":0,"8":0,"9":0,"10":0,"11":0,"12":0,"13":0,"14":0,"15":0,"16":0,"17":0,"18":0,"19":0,"20":0,"21":0,"22":0,"23":2},"f":{"0":0,"1":0},"b":{"0":[0,0],"1":[0,0],"2":[0,0],"3":[0,0],"4":[0,0],"5":[0,0],"6":[0,0],"7":[0,0],"8":[0,0],"9":[0,0],"10":[0,0]},"_coverageSchema":"332fd63041d2c1bcb487cc26dd0d5f7d97098a6c","hash":"50526672fcdf49205cd29dc661a1309e040d79be"}
,"/Users/tony/work/github/spore/spore-kit/packages/env/webp.js": {"path":"/Users/tony/work/github/spore/spore-kit/packages/env/webp.js","statementMap":{"0":{"start":{"line":1,"column":20},"end":{"line":1,"column":24}},"1":{"start":{"line":17,"column":1},"end":{"line":23,"column":2}},"2":{"start":{"line":18,"column":2},"end":{"line":22,"column":38}},"3":{"start":{"line":24,"column":1},"end":{"line":24,"column":22}},"4":{"start":{"line":27,"column":11},"end":{"line":27,"column":13}},"5":{"start":{"line":28,"column":0},"end":{"line":28,"column":23}},"6":{"start":{"line":30,"column":0},"end":{"line":30,"column":22}}},"fnMap":{"0":{"name":"support","decl":{"start":{"line":16,"column":9},"end":{"line":16,"column":16}},"loc":{"start":{"line":16,"column":19},"end":{"line":25,"column":1}},"line":16}},"branchMap":{"0":{"loc":{"start":{"line":17,"column":1},"end":{"line":23,"column":2}},"type":"if","locations":[{"start":{"line":17,"column":1},"end":{"line":23,"column":2}},{"start":{"line":17,"column":1},"end":{"line":23,"column":2}}],"line":17},"1":{"loc":{"start":{"line":18,"column":18},"end":{"line":22,"column":37}},"type":"binary-expr","locations":[{"start":{"line":18,"column":18},"end":{"line":18,"column":26}},{"start":{"line":19,"column":6},"end":{"line":22,"column":37}}],"line":18}},"s":{"0":1,"1":0,"2":0,"3":0,"4":1,"5":1,"6":1},"f":{"0":0},"b":{"0":[0,0],"1":[0,0]},"_coverageSchema":"332fd63041d2c1bcb487cc26dd0d5f7d97098a6c","hash":"fddbb5d1b875441ef9e399a66bea60f821a90285"}
,"/Users/tony/work/github/spore/spore-kit/packages/evt/events.js": {"path":"/Users/tony/work/github/spore/spore-kit/packages/evt/events.js","statementMap":{"0":{"start":{"line":21,"column":20},"end":{"line":21,"column":25}},"1":{"start":{"line":26,"column":11},"end":{"line":26,"column":22}},"2":{"start":{"line":28,"column":0},"end":{"line":39,"column":1}},"3":{"start":{"line":29,"column":1},"end":{"line":38,"column":3}},"4":{"start":{"line":30,"column":15},"end":{"line":30,"column":17}},"5":{"start":{"line":32,"column":2},"end":{"line":36,"column":3}},"6":{"start":{"line":33,"column":3},"end":{"line":35,"column":4}},"7":{"start":{"line":34,"column":4},"end":{"line":34,"column":22}},"8":{"start":{"line":37,"column":2},"end":{"line":37,"column":16}},"9":{"start":{"line":41,"column":13},"end":{"line":41,"column":26}},"10":{"start":{"line":66,"column":0},"end":{"line":85,"column":2}},"11":{"start":{"line":70,"column":1},"end":{"line":72,"column":2}},"12":{"start":{"line":71,"column":2},"end":{"line":71,"column":14}},"13":{"start":{"line":74,"column":1},"end":{"line":74,"column":47}},"14":{"start":{"line":75,"column":1},"end":{"line":75,"column":38}},"15":{"start":{"line":77,"column":1},"end":{"line":77,"column":24}},"16":{"start":{"line":78,"column":1},"end":{"line":82,"column":2}},"17":{"start":{"line":79,"column":2},"end":{"line":79,"column":45}},"18":{"start":{"line":80,"column":2},"end":{"line":80,"column":31}},"19":{"start":{"line":81,"column":2},"end":{"line":81,"column":25}},"20":{"start":{"line":84,"column":1},"end":{"line":84,"column":13}},"21":{"start":{"line":114,"column":0},"end":{"line":157,"column":2}},"22":{"start":{"line":121,"column":1},"end":{"line":121,"column":23}},"23":{"start":{"line":122,"column":1},"end":{"line":124,"column":2}},"24":{"start":{"line":123,"column":2},"end":{"line":123,"column":14}},"25":{"start":{"line":125,"column":1},"end":{"line":128,"column":2}},"26":{"start":{"line":126,"column":2},"end":{"line":126,"column":23}},"27":{"start":{"line":127,"column":2},"end":{"line":127,"column":14}},"28":{"start":{"line":130,"column":1},"end":{"line":130,"column":61}},"29":{"start":{"line":133,"column":1},"end":{"line":154,"column":2}},"30":{"start":{"line":134,"column":2},"end":{"line":134,"column":22}},"31":{"start":{"line":135,"column":2},"end":{"line":137,"column":3}},"32":{"start":{"line":136,"column":3},"end":{"line":136,"column":12}},"33":{"start":{"line":139,"column":2},"end":{"line":142,"column":3}},"34":{"start":{"line":140,"column":3},"end":{"line":140,"column":23}},"35":{"start":{"line":141,"column":3},"end":{"line":141,"column":12}},"36":{"start":{"line":144,"column":2},"end":{"line":153,"column":3}},"37":{"start":{"line":145,"column":3},"end":{"line":152,"column":4}},"38":{"start":{"line":151,"column":4},"end":{"line":151,"column":22}},"39":{"start":{"line":156,"column":1},"end":{"line":156,"column":13}},"40":{"start":{"line":185,"column":0},"end":{"line":239,"column":2}},"41":{"start":{"line":192,"column":12},"end":{"line":192,"column":14}},"42":{"start":{"line":195,"column":1},"end":{"line":195,"column":23}},"43":{"start":{"line":196,"column":1},"end":{"line":198,"column":2}},"44":{"start":{"line":197,"column":2},"end":{"line":197,"column":14}},"45":{"start":{"line":200,"column":1},"end":{"line":200,"column":38}},"46":{"start":{"line":204,"column":1},"end":{"line":206,"column":2}},"47":{"start":{"line":205,"column":2},"end":{"line":205,"column":29}},"48":{"start":{"line":210,"column":1},"end":{"line":236,"column":2}},"49":{"start":{"line":212,"column":2},"end":{"line":212,"column":18}},"50":{"start":{"line":213,"column":2},"end":{"line":215,"column":3}},"51":{"start":{"line":214,"column":3},"end":{"line":214,"column":21}},"52":{"start":{"line":217,"column":2},"end":{"line":217,"column":22}},"53":{"start":{"line":218,"column":2},"end":{"line":220,"column":3}},"54":{"start":{"line":219,"column":3},"end":{"line":219,"column":23}},"55":{"start":{"line":223,"column":2},"end":{"line":227,"column":3}},"56":{"start":{"line":224,"column":3},"end":{"line":226,"column":4}},"57":{"start":{"line":225,"column":4},"end":{"line":225,"column":45}},"58":{"start":{"line":230,"column":2},"end":{"line":235,"column":3}},"59":{"start":{"line":231,"column":3},"end":{"line":231,"column":31}},"60":{"start":{"line":232,"column":3},"end":{"line":234,"column":4}},"61":{"start":{"line":233,"column":4},"end":{"line":233,"column":43}},"62":{"start":{"line":238,"column":1},"end":{"line":238,"column":13}},"63":{"start":{"line":258,"column":0},"end":{"line":267,"column":2}},"64":{"start":{"line":259,"column":1},"end":{"line":259,"column":43}},"65":{"start":{"line":260,"column":13},"end":{"line":260,"column":29}},"66":{"start":{"line":262,"column":1},"end":{"line":266,"column":2}},"67":{"start":{"line":263,"column":2},"end":{"line":265,"column":3}},"68":{"start":{"line":264,"column":3},"end":{"line":264,"column":26}},"69":{"start":{"line":269,"column":0},"end":{"line":269,"column":24}}},"fnMap":{"0":{"name":"(anonymous_0)","decl":{"start":{"line":29,"column":8},"end":{"line":29,"column":9}},"loc":{"start":{"line":29,"column":20},"end":{"line":38,"column":2}},"line":29},"1":{"name":"(anonymous_1)","decl":{"start":{"line":41,"column":13},"end":{"line":41,"column":14}},"loc":{"start":{"line":41,"column":24},"end":{"line":41,"column":26}},"line":41},"2":{"name":"(anonymous_2)","decl":{"start":{"line":66,"column":22},"end":{"line":66,"column":23}},"loc":{"start":{"line":66,"column":58},"end":{"line":85,"column":1}},"line":66},"3":{"name":"(anonymous_3)","decl":{"start":{"line":114,"column":23},"end":{"line":114,"column":24}},"loc":{"start":{"line":114,"column":59},"end":{"line":157,"column":1}},"line":114},"4":{"name":"(anonymous_4)","decl":{"start":{"line":185,"column":27},"end":{"line":185,"column":28}},"loc":{"start":{"line":185,"column":44},"end":{"line":239,"column":1}},"line":185},"5":{"name":"(anonymous_5)","decl":{"start":{"line":258,"column":15},"end":{"line":258,"column":16}},"loc":{"start":{"line":258,"column":34},"end":{"line":267,"column":1}},"line":258}},"branchMap":{"0":{"loc":{"start":{"line":28,"column":0},"end":{"line":39,"column":1}},"type":"if","locations":[{"start":{"line":28,"column":0},"end":{"line":39,"column":1}},{"start":{"line":28,"column":0},"end":{"line":39,"column":1}}],"line":28},"1":{"loc":{"start":{"line":33,"column":3},"end":{"line":35,"column":4}},"type":"if","locations":[{"start":{"line":33,"column":3},"end":{"line":35,"column":4}},{"start":{"line":33,"column":3},"end":{"line":35,"column":4}}],"line":33},"2":{"loc":{"start":{"line":70,"column":1},"end":{"line":72,"column":2}},"type":"if","locations":[{"start":{"line":70,"column":1},"end":{"line":72,"column":2}},{"start":{"line":70,"column":1},"end":{"line":72,"column":2}}],"line":70},"3":{"loc":{"start":{"line":74,"column":9},"end":{"line":74,"column":46}},"type":"binary-expr","locations":[{"start":{"line":74,"column":9},"end":{"line":74,"column":22}},{"start":{"line":74,"column":27},"end":{"line":74,"column":45}}],"line":74},"4":{"loc":{"start":{"line":79,"column":9},"end":{"line":79,"column":44}},"type":"binary-expr","locations":[{"start":{"line":79,"column":9},"end":{"line":79,"column":21}},{"start":{"line":79,"column":26},"end":{"line":79,"column":43}}],"line":79},"5":{"loc":{"start":{"line":122,"column":1},"end":{"line":124,"column":2}},"type":"if","locations":[{"start":{"line":122,"column":1},"end":{"line":124,"column":2}},{"start":{"line":122,"column":1},"end":{"line":124,"column":2}}],"line":122},"6":{"loc":{"start":{"line":125,"column":1},"end":{"line":128,"column":2}},"type":"if","locations":[{"start":{"line":125,"column":1},"end":{"line":128,"column":2}},{"start":{"line":125,"column":1},"end":{"line":128,"column":2}}],"line":125},"7":{"loc":{"start":{"line":125,"column":7},"end":{"line":125,"column":36}},"type":"binary-expr","locations":[{"start":{"line":125,"column":7},"end":{"line":125,"column":13}},{"start":{"line":125,"column":17},"end":{"line":125,"column":25}},{"start":{"line":125,"column":29},"end":{"line":125,"column":36}}],"line":125},"8":{"loc":{"start":{"line":130,"column":10},"end":{"line":130,"column":60}},"type":"cond-expr","locations":[{"start":{"line":130,"column":19},"end":{"line":130,"column":46}},{"start":{"line":130,"column":49},"end":{"line":130,"column":60}}],"line":130},"9":{"loc":{"start":{"line":135,"column":2},"end":{"line":137,"column":3}},"type":"if","locations":[{"start":{"line":135,"column":2},"end":{"line":137,"column":3}},{"start":{"line":135,"column":2},"end":{"line":137,"column":3}}],"line":135},"10":{"loc":{"start":{"line":139,"column":2},"end":{"line":142,"column":3}},"type":"if","locations":[{"start":{"line":139,"column":2},"end":{"line":142,"column":3}},{"start":{"line":139,"column":2},"end":{"line":142,"column":3}}],"line":139},"11":{"loc":{"start":{"line":139,"column":8},"end":{"line":139,"column":27}},"type":"binary-expr","locations":[{"start":{"line":139,"column":8},"end":{"line":139,"column":16}},{"start":{"line":139,"column":20},"end":{"line":139,"column":27}}],"line":139},"12":{"loc":{"start":{"line":145,"column":3},"end":{"line":152,"column":4}},"type":"if","locations":[{"start":{"line":145,"column":3},"end":{"line":152,"column":4}},{"start":{"line":145,"column":3},"end":{"line":152,"column":4}}],"line":145},"13":{"loc":{"start":{"line":147,"column":5},"end":{"line":148,"column":44}},"type":"binary-expr","locations":[{"start":{"line":147,"column":6},"end":{"line":147,"column":14}},{"start":{"line":147,"column":18},"end":{"line":147,"column":38}},{"start":{"line":148,"column":9},"end":{"line":148,"column":16}},{"start":{"line":148,"column":20},"end":{"line":148,"column":43}}],"line":147},"14":{"loc":{"start":{"line":196,"column":1},"end":{"line":198,"column":2}},"type":"if","locations":[{"start":{"line":196,"column":1},"end":{"line":198,"column":2}},{"start":{"line":196,"column":1},"end":{"line":198,"column":2}}],"line":196},"15":{"loc":{"start":{"line":213,"column":2},"end":{"line":215,"column":3}},"type":"if","locations":[{"start":{"line":213,"column":2},"end":{"line":215,"column":3}},{"start":{"line":213,"column":2},"end":{"line":215,"column":3}}],"line":213},"16":{"loc":{"start":{"line":218,"column":2},"end":{"line":220,"column":3}},"type":"if","locations":[{"start":{"line":218,"column":2},"end":{"line":220,"column":3}},{"start":{"line":218,"column":2},"end":{"line":220,"column":3}}],"line":218},"17":{"loc":{"start":{"line":223,"column":2},"end":{"line":227,"column":3}},"type":"if","locations":[{"start":{"line":223,"column":2},"end":{"line":227,"column":3}},{"start":{"line":223,"column":2},"end":{"line":227,"column":3}}],"line":223},"18":{"loc":{"start":{"line":225,"column":18},"end":{"line":225,"column":37}},"type":"binary-expr","locations":[{"start":{"line":225,"column":18},"end":{"line":225,"column":29}},{"start":{"line":225,"column":33},"end":{"line":225,"column":37}}],"line":225},"19":{"loc":{"start":{"line":230,"column":2},"end":{"line":235,"column":3}},"type":"if","locations":[{"start":{"line":230,"column":2},"end":{"line":235,"column":3}},{"start":{"line":230,"column":2},"end":{"line":235,"column":3}}],"line":230},"20":{"loc":{"start":{"line":233,"column":17},"end":{"line":233,"column":35}},"type":"binary-expr","locations":[{"start":{"line":233,"column":17},"end":{"line":233,"column":27}},{"start":{"line":233,"column":31},"end":{"line":233,"column":35}}],"line":233},"21":{"loc":{"start":{"line":259,"column":12},"end":{"line":259,"column":42}},"type":"binary-expr","locations":[{"start":{"line":259,"column":12},"end":{"line":259,"column":30}},{"start":{"line":259,"column":34},"end":{"line":259,"column":42}}],"line":259},"22":{"loc":{"start":{"line":263,"column":2},"end":{"line":265,"column":3}},"type":"if","locations":[{"start":{"line":263,"column":2},"end":{"line":265,"column":3}},{"start":{"line":263,"column":2},"end":{"line":265,"column":3}}],"line":263}},"s":{"0":3,"1":3,"2":3,"3":0,"4":0,"5":0,"6":0,"7":0,"8":0,"9":3,"10":3,"11":0,"12":0,"13":0,"14":0,"15":0,"16":0,"17":0,"18":0,"19":0,"20":0,"21":3,"22":0,"23":0,"24":0,"25":0,"26":0,"27":0,"28":0,"29":0,"30":0,"31":0,"32":0,"33":0,"34":0,"35":0,"36":0,"37":0,"38":0,"39":0,"40":3,"41":0,"42":0,"43":0,"44":0,"45":0,"46":0,"47":0,"48":0,"49":0,"50":0,"51":0,"52":0,"53":0,"54":0,"55":0,"56":0,"57":0,"58":0,"59":0,"60":0,"61":0,"62":0,"63":3,"64":1,"65":1,"66":1,"67":3,"68":3,"69":3},"f":{"0":0,"1":0,"2":0,"3":0,"4":0,"5":1},"b":{"0":[0,3],"1":[0,0],"2":[0,0],"3":[0,0],"4":[0,0],"5":[0,0],"6":[0,0],"7":[0,0,0],"8":[0,0],"9":[0,0],"10":[0,0],"11":[0,0],"12":[0,0],"13":[0,0,0,0],"14":[0,0],"15":[0,0],"16":[0,0],"17":[0,0],"18":[0,0],"19":[0,0],"20":[0,0],"21":[1,0],"22":[3,0]},"_coverageSchema":"332fd63041d2c1bcb487cc26dd0d5f7d97098a6c","hash":"a539a733e6989e77338e2ee60694234bf467b294"}
,"/Users/tony/work/github/spore/spore-kit/packages/evt/index.js": {"path":"/Users/tony/work/github/spore/spore-kit/packages/evt/index.js","statementMap":{"0":{"start":{"line":18,"column":0},"end":{"line":18,"column":37}},"1":{"start":{"line":19,"column":0},"end":{"line":19,"column":41}},"2":{"start":{"line":20,"column":0},"end":{"line":20,"column":47}},"3":{"start":{"line":21,"column":0},"end":{"line":21,"column":39}}},"fnMap":{},"branchMap":{},"s":{"0":1,"1":1,"2":1,"3":1},"f":{},"b":{},"_coverageSchema":"332fd63041d2c1bcb487cc26dd0d5f7d97098a6c","hash":"aaa1c5a475712fd739efd562469d0c3034e8df99"}
,"/Users/tony/work/github/spore/spore-kit/packages/evt/listener.js": {"path":"/Users/tony/work/github/spore/spore-kit/packages/evt/listener.js","statementMap":{"0":{"start":{"line":30,"column":14},"end":{"line":30,"column":33}},"1":{"start":{"line":32,"column":15},"end":{"line":38,"column":1}},"2":{"start":{"line":33,"column":1},"end":{"line":33,"column":22}},"3":{"start":{"line":34,"column":1},"end":{"line":34,"column":32}},"4":{"start":{"line":35,"column":1},"end":{"line":37,"column":2}},"5":{"start":{"line":36,"column":2},"end":{"line":36,"column":41}},"6":{"start":{"line":40,"column":0},"end":{"line":103,"column":2}},"7":{"start":{"line":49,"column":2},"end":{"line":49,"column":36}},"8":{"start":{"line":58,"column":2},"end":{"line":58,"column":36}},"9":{"start":{"line":69,"column":2},"end":{"line":69,"column":53}},"10":{"start":{"line":80,"column":2},"end":{"line":80,"column":54}},"11":{"start":{"line":91,"column":13},"end":{"line":91,"column":40}},"12":{"start":{"line":94,"column":2},"end":{"line":94,"column":31}},"13":{"start":{"line":97,"column":2},"end":{"line":101,"column":16}},"14":{"start":{"line":98,"column":3},"end":{"line":100,"column":4}},"15":{"start":{"line":99,"column":4},"end":{"line":99,"column":73}},"16":{"start":{"line":105,"column":0},"end":{"line":105,"column":26}}},"fnMap":{"0":{"name":"(anonymous_0)","decl":{"start":{"line":32,"column":15},"end":{"line":32,"column":16}},"loc":{"start":{"line":32,"column":32},"end":{"line":38,"column":1}},"line":32},"1":{"name":"(anonymous_1)","decl":{"start":{"line":48,"column":9},"end":{"line":48,"column":10}},"loc":{"start":{"line":48,"column":29},"end":{"line":50,"column":2}},"line":48},"2":{"name":"(anonymous_2)","decl":{"start":{"line":57,"column":11},"end":{"line":57,"column":12}},"loc":{"start":{"line":57,"column":31},"end":{"line":59,"column":2}},"line":57},"3":{"name":"(anonymous_3)","decl":{"start":{"line":68,"column":5},"end":{"line":68,"column":6}},"loc":{"start":{"line":68,"column":16},"end":{"line":70,"column":2}},"line":68},"4":{"name":"(anonymous_4)","decl":{"start":{"line":79,"column":6},"end":{"line":79,"column":7}},"loc":{"start":{"line":79,"column":17},"end":{"line":81,"column":2}},"line":79},"5":{"name":"(anonymous_5)","decl":{"start":{"line":90,"column":10},"end":{"line":90,"column":11}},"loc":{"start":{"line":90,"column":27},"end":{"line":102,"column":2}},"line":90},"6":{"name":"(anonymous_6)","decl":{"start":{"line":97,"column":17},"end":{"line":97,"column":18}},"loc":{"start":{"line":97,"column":35},"end":{"line":101,"column":3}},"line":97}},"branchMap":{"0":{"loc":{"start":{"line":35,"column":1},"end":{"line":37,"column":2}},"type":"if","locations":[{"start":{"line":35,"column":1},"end":{"line":37,"column":2}},{"start":{"line":35,"column":1},"end":{"line":37,"column":2}}],"line":35},"1":{"loc":{"start":{"line":98,"column":3},"end":{"line":100,"column":4}},"type":"if","locations":[{"start":{"line":98,"column":3},"end":{"line":100,"column":4}},{"start":{"line":98,"column":3},"end":{"line":100,"column":4}}],"line":98}},"s":{"0":1,"1":1,"2":0,"3":0,"4":0,"5":0,"6":1,"7":0,"8":0,"9":0,"10":0,"11":0,"12":0,"13":0,"14":0,"15":0,"16":1},"f":{"0":0,"1":0,"2":0,"3":0,"4":0,"5":0,"6":0},"b":{"0":[0,0],"1":[0,0]},"_coverageSchema":"332fd63041d2c1bcb487cc26dd0d5f7d97098a6c","hash":"916bc23d3ccb9f1d499faa53e1e01cced38994d8"}
,"/Users/tony/work/github/spore/spore-kit/packages/evt/occurInside.js": {"path":"/Users/tony/work/github/spore/spore-kit/packages/evt/occurInside.js","statementMap":{"0":{"start":{"line":17,"column":1},"end":{"line":26,"column":2}},"1":{"start":{"line":18,"column":12},"end":{"line":18,"column":24}},"2":{"start":{"line":19,"column":2},"end":{"line":25,"column":3}},"3":{"start":{"line":20,"column":3},"end":{"line":24,"column":4}},"4":{"start":{"line":21,"column":4},"end":{"line":21,"column":16}},"5":{"start":{"line":23,"column":4},"end":{"line":23,"column":25}},"6":{"start":{"line":27,"column":1},"end":{"line":27,"column":14}},"7":{"start":{"line":30,"column":0},"end":{"line":30,"column":29}}},"fnMap":{"0":{"name":"occurInside","decl":{"start":{"line":16,"column":9},"end":{"line":16,"column":20}},"loc":{"start":{"line":16,"column":34},"end":{"line":28,"column":1}},"line":16}},"branchMap":{"0":{"loc":{"start":{"line":17,"column":1},"end":{"line":26,"column":2}},"type":"if","locations":[{"start":{"line":17,"column":1},"end":{"line":26,"column":2}},{"start":{"line":17,"column":1},"end":{"line":26,"column":2}}],"line":17},"1":{"loc":{"start":{"line":17,"column":5},"end":{"line":17,"column":34}},"type":"binary-expr","locations":[{"start":{"line":17,"column":5},"end":{"line":17,"column":9}},{"start":{"line":17,"column":13},"end":{"line":17,"column":18}},{"start":{"line":17,"column":22},"end":{"line":17,"column":34}}],"line":17},"2":{"loc":{"start":{"line":20,"column":3},"end":{"line":24,"column":4}},"type":"if","locations":[{"start":{"line":20,"column":3},"end":{"line":24,"column":4}},{"start":{"line":20,"column":3},"end":{"line":24,"column":4}}],"line":20}},"s":{"0":0,"1":0,"2":0,"3":0,"4":0,"5":0,"6":0,"7":1},"f":{"0":0},"b":{"0":[0,0],"1":[0,0,0],"2":[0,0]},"_coverageSchema":"332fd63041d2c1bcb487cc26dd0d5f7d97098a6c","hash":"8c244bf16b416981b617f729b3192d48290c984b"}
,"/Users/tony/work/github/spore/spore-kit/packages/evt/tapStop.js": {"path":"/Users/tony/work/github/spore/spore-kit/packages/evt/tapStop.js","statementMap":{"0":{"start":{"line":14,"column":15},"end":{"line":14,"column":19}},"1":{"start":{"line":15,"column":10},"end":{"line":15,"column":12}},"2":{"start":{"line":16,"column":12},"end":{"line":16,"column":16}},"3":{"start":{"line":17,"column":22},"end":{"line":17,"column":27}},"4":{"start":{"line":19,"column":14},"end":{"line":64,"column":1}},"5":{"start":{"line":20,"column":9},"end":{"line":20,"column":50}},"6":{"start":{"line":22,"column":12},"end":{"line":25,"column":12}},"7":{"start":{"line":27,"column":1},"end":{"line":41,"column":2}},"8":{"start":{"line":28,"column":2},"end":{"line":28,"column":30}},"9":{"start":{"line":29,"column":2},"end":{"line":40,"column":29}},"10":{"start":{"line":43,"column":1},"end":{"line":53,"column":2}},"11":{"start":{"line":44,"column":2},"end":{"line":51,"column":5}},"12":{"start":{"line":45,"column":3},"end":{"line":47,"column":4}},"13":{"start":{"line":46,"column":4},"end":{"line":46,"column":11}},"14":{"start":{"line":48,"column":15},"end":{"line":48,"column":29}},"15":{"start":{"line":49,"column":3},"end":{"line":49,"column":27}},"16":{"start":{"line":50,"column":3},"end":{"line":50,"column":27}},"17":{"start":{"line":52,"column":2},"end":{"line":52,"column":25}},"18":{"start":{"line":55,"column":13},"end":{"line":55,"column":42}},"19":{"start":{"line":56,"column":1},"end":{"line":59,"column":4}},"20":{"start":{"line":60,"column":1},"end":{"line":60,"column":21}},"21":{"start":{"line":61,"column":1},"end":{"line":63,"column":11}},"22":{"start":{"line":62,"column":2},"end":{"line":62,"column":18}},"23":{"start":{"line":66,"column":0},"end":{"line":66,"column":25}}},"fnMap":{"0":{"name":"(anonymous_0)","decl":{"start":{"line":19,"column":14},"end":{"line":19,"column":15}},"loc":{"start":{"line":19,"column":32},"end":{"line":64,"column":1}},"line":19},"1":{"name":"(anonymous_1)","decl":{"start":{"line":44,"column":31},"end":{"line":44,"column":32}},"loc":{"start":{"line":44,"column":45},"end":{"line":51,"column":3}},"line":44},"2":{"name":"(anonymous_2)","decl":{"start":{"line":61,"column":20},"end":{"line":61,"column":21}},"loc":{"start":{"line":61,"column":31},"end":{"line":63,"column":2}},"line":61}},"branchMap":{"0":{"loc":{"start":{"line":20,"column":9},"end":{"line":20,"column":50}},"type":"binary-expr","locations":[{"start":{"line":20,"column":9},"end":{"line":20,"column":17}},{"start":{"line":20,"column":21},"end":{"line":20,"column":33}},{"start":{"line":20,"column":37},"end":{"line":20,"column":50}}],"line":20},"1":{"loc":{"start":{"line":27,"column":1},"end":{"line":41,"column":2}},"type":"if","locations":[{"start":{"line":27,"column":1},"end":{"line":41,"column":2}},{"start":{"line":27,"column":1},"end":{"line":41,"column":2}}],"line":27},"2":{"loc":{"start":{"line":43,"column":1},"end":{"line":53,"column":2}},"type":"if","locations":[{"start":{"line":43,"column":1},"end":{"line":53,"column":2}},{"start":{"line":43,"column":1},"end":{"line":53,"column":2}}],"line":43},"3":{"loc":{"start":{"line":45,"column":3},"end":{"line":47,"column":4}},"type":"if","locations":[{"start":{"line":45,"column":3},"end":{"line":47,"column":4}},{"start":{"line":45,"column":3},"end":{"line":47,"column":4}}],"line":45},"4":{"loc":{"start":{"line":45,"column":9},"end":{"line":45,"column":49}},"type":"binary-expr","locations":[{"start":{"line":45,"column":9},"end":{"line":45,"column":12}},{"start":{"line":45,"column":16},"end":{"line":45,"column":27}},{"start":{"line":45,"column":31},"end":{"line":45,"column":49}}],"line":45},"5":{"loc":{"start":{"line":55,"column":13},"end":{"line":55,"column":42}},"type":"binary-expr","locations":[{"start":{"line":55,"column":13},"end":{"line":55,"column":37}},{"start":{"line":55,"column":41},"end":{"line":55,"column":42}}],"line":55}},"s":{"0":1,"1":1,"2":1,"3":1,"4":1,"5":0,"6":0,"7":0,"8":0,"9":0,"10":0,"11":0,"12":0,"13":0,"14":0,"15":0,"16":0,"17":0,"18":0,"19":0,"20":0,"21":0,"22":0,"23":1},"f":{"0":0,"1":0,"2":0},"b":{"0":[0,0,0],"1":[0,0],"2":[0,0],"3":[0,0],"4":[0,0,0],"5":[0,0]},"_coverageSchema":"332fd63041d2c1bcb487cc26dd0d5f7d97098a6c","hash":"a26c5ac8021002e37f50e0b8adf265eff37b5280"}
,"/Users/tony/work/github/spore/spore-kit/packages/fn/delay.js": {"path":"/Users/tony/work/github/spore/spore-kit/packages/fn/delay.js","statementMap":{"0":{"start":{"line":25,"column":13},"end":{"line":25,"column":17}},"1":{"start":{"line":26,"column":1},"end":{"line":37,"column":3}},"2":{"start":{"line":27,"column":2},"end":{"line":27,"column":22}},"3":{"start":{"line":28,"column":2},"end":{"line":30,"column":3}},"4":{"start":{"line":29,"column":3},"end":{"line":29,"column":23}},"5":{"start":{"line":31,"column":13},"end":{"line":31,"column":22}},"6":{"start":{"line":32,"column":2},"end":{"line":36,"column":15}},"7":{"start":{"line":33,"column":3},"end":{"line":35,"column":4}},"8":{"start":{"line":34,"column":4},"end":{"line":34,"column":25}},"9":{"start":{"line":40,"column":0},"end":{"line":40,"column":23}}},"fnMap":{"0":{"name":"delay","decl":{"start":{"line":24,"column":9},"end":{"line":24,"column":14}},"loc":{"start":{"line":24,"column":36},"end":{"line":38,"column":1}},"line":24},"1":{"name":"(anonymous_1)","decl":{"start":{"line":26,"column":8},"end":{"line":26,"column":9}},"loc":{"start":{"line":26,"column":20},"end":{"line":37,"column":2}},"line":26},"2":{"name":"(anonymous_2)","decl":{"start":{"line":32,"column":21},"end":{"line":32,"column":22}},"loc":{"start":{"line":32,"column":33},"end":{"line":36,"column":3}},"line":32}},"branchMap":{"0":{"loc":{"start":{"line":27,"column":9},"end":{"line":27,"column":21}},"type":"binary-expr","locations":[{"start":{"line":27,"column":9},"end":{"line":27,"column":13}},{"start":{"line":27,"column":17},"end":{"line":27,"column":21}}],"line":27},"1":{"loc":{"start":{"line":28,"column":2},"end":{"line":30,"column":3}},"type":"if","locations":[{"start":{"line":28,"column":2},"end":{"line":30,"column":3}},{"start":{"line":28,"column":2},"end":{"line":30,"column":3}}],"line":28},"2":{"loc":{"start":{"line":33,"column":3},"end":{"line":35,"column":4}},"type":"if","locations":[{"start":{"line":33,"column":3},"end":{"line":35,"column":4}},{"start":{"line":33,"column":3},"end":{"line":35,"column":4}}],"line":33}},"s":{"0":1,"1":1,"2":0,"3":0,"4":0,"5":0,"6":0,"7":0,"8":0,"9":1},"f":{"0":1,"1":0,"2":0},"b":{"0":[0,0],"1":[0,0],"2":[0,0]},"_coverageSchema":"332fd63041d2c1bcb487cc26dd0d5f7d97098a6c","hash":"cd296f08f1d08618f9a868e6a4093e1c6e53fbe7"}
,"/Users/tony/work/github/spore/spore-kit/packages/fn/index.js": {"path":"/Users/tony/work/github/spore/spore-kit/packages/fn/index.js","statementMap":{"0":{"start":{"line":18,"column":0},"end":{"line":18,"column":35}},"1":{"start":{"line":19,"column":0},"end":{"line":19,"column":33}},"2":{"start":{"line":20,"column":0},"end":{"line":20,"column":33}},"3":{"start":{"line":21,"column":0},"end":{"line":21,"column":35}},"4":{"start":{"line":22,"column":0},"end":{"line":22,"column":39}},"5":{"start":{"line":23,"column":0},"end":{"line":23,"column":39}}},"fnMap":{},"branchMap":{},"s":{"0":1,"1":1,"2":1,"3":1,"4":1,"5":1},"f":{},"b":{},"_coverageSchema":"332fd63041d2c1bcb487cc26dd0d5f7d97098a6c","hash":"494b96df20ddd5831db7ee3a3f7003d868cde78f"}
,"/Users/tony/work/github/spore/spore-kit/packages/fn/lock.js": {"path":"/Users/tony/work/github/spore/spore-kit/packages/fn/lock.js","statementMap":{"0":{"start":{"line":19,"column":13},"end":{"line":19,"column":17}},"1":{"start":{"line":20,"column":1},"end":{"line":32,"column":3}},"2":{"start":{"line":21,"column":2},"end":{"line":23,"column":3}},"3":{"start":{"line":22,"column":3},"end":{"line":22,"column":10}},"4":{"start":{"line":24,"column":2},"end":{"line":24,"column":22}},"5":{"start":{"line":25,"column":13},"end":{"line":25,"column":22}},"6":{"start":{"line":26,"column":2},"end":{"line":28,"column":12}},"7":{"start":{"line":27,"column":3},"end":{"line":27,"column":16}},"8":{"start":{"line":29,"column":2},"end":{"line":31,"column":3}},"9":{"start":{"line":30,"column":3},"end":{"line":30,"column":24}},"10":{"start":{"line":35,"column":0},"end":{"line":35,"column":22}}},"fnMap":{"0":{"name":"lock","decl":{"start":{"line":18,"column":9},"end":{"line":18,"column":13}},"loc":{"start":{"line":18,"column":32},"end":{"line":33,"column":1}},"line":18},"1":{"name":"(anonymous_1)","decl":{"start":{"line":20,"column":8},"end":{"line":20,"column":9}},"loc":{"start":{"line":20,"column":19},"end":{"line":32,"column":2}},"line":20},"2":{"name":"(anonymous_2)","decl":{"start":{"line":26,"column":21},"end":{"line":26,"column":22}},"loc":{"start":{"line":26,"column":33},"end":{"line":28,"column":3}},"line":26}},"branchMap":{"0":{"loc":{"start":{"line":21,"column":2},"end":{"line":23,"column":3}},"type":"if","locations":[{"start":{"line":21,"column":2},"end":{"line":23,"column":3}},{"start":{"line":21,"column":2},"end":{"line":23,"column":3}}],"line":21},"1":{"loc":{"start":{"line":24,"column":9},"end":{"line":24,"column":21}},"type":"binary-expr","locations":[{"start":{"line":24,"column":9},"end":{"line":24,"column":13}},{"start":{"line":24,"column":17},"end":{"line":24,"column":21}}],"line":24},"2":{"loc":{"start":{"line":29,"column":2},"end":{"line":31,"column":3}},"type":"if","locations":[{"start":{"line":29,"column":2},"end":{"line":31,"column":3}},{"start":{"line":29,"column":2},"end":{"line":31,"column":3}}],"line":29}},"s":{"0":0,"1":0,"2":0,"3":0,"4":0,"5":0,"6":0,"7":0,"8":0,"9":0,"10":1},"f":{"0":0,"1":0,"2":0},"b":{"0":[0,0],"1":[0,0],"2":[0,0]},"_coverageSchema":"332fd63041d2c1bcb487cc26dd0d5f7d97098a6c","hash":"cf350957533fb813efe47825ab6923fb7d52d51e"}
,"/Users/tony/work/github/spore/spore-kit/packages/fn/once.js": {"path":"/Users/tony/work/github/spore/spore-kit/packages/fn/once.js","statementMap":{"0":{"start":{"line":17,"column":1},"end":{"line":24,"column":3}},"1":{"start":{"line":18,"column":2},"end":{"line":18,"column":22}},"2":{"start":{"line":19,"column":2},"end":{"line":23,"column":3}},"3":{"start":{"line":20,"column":3},"end":{"line":20,"column":29}},"4":{"start":{"line":21,"column":3},"end":{"line":21,"column":13}},"5":{"start":{"line":22,"column":3},"end":{"line":22,"column":15}},"6":{"start":{"line":27,"column":0},"end":{"line":27,"column":22}}},"fnMap":{"0":{"name":"once","decl":{"start":{"line":16,"column":9},"end":{"line":16,"column":13}},"loc":{"start":{"line":16,"column":25},"end":{"line":25,"column":1}},"line":16},"1":{"name":"(anonymous_1)","decl":{"start":{"line":17,"column":8},"end":{"line":17,"column":9}},"loc":{"start":{"line":17,"column":20},"end":{"line":24,"column":2}},"line":17}},"branchMap":{"0":{"loc":{"start":{"line":18,"column":9},"end":{"line":18,"column":21}},"type":"binary-expr","locations":[{"start":{"line":18,"column":9},"end":{"line":18,"column":13}},{"start":{"line":18,"column":17},"end":{"line":18,"column":21}}],"line":18},"1":{"loc":{"start":{"line":19,"column":2},"end":{"line":23,"column":3}},"type":"if","locations":[{"start":{"line":19,"column":2},"end":{"line":23,"column":3}},{"start":{"line":19,"column":2},"end":{"line":23,"column":3}}],"line":19}},"s":{"0":0,"1":0,"2":0,"3":0,"4":0,"5":0,"6":1},"f":{"0":0,"1":0},"b":{"0":[0,0],"1":[0,0]},"_coverageSchema":"332fd63041d2c1bcb487cc26dd0d5f7d97098a6c","hash":"bc086de1034cbf8feeed88bd7b8d73fc89a248db"}
[...]
,"/Users/tony/work/github/spore/spore-kit/packages/util/abToHex.js": {"path":"/Users/tony/work/github/spore/spore-kit/packages/util/abToHex.js","statementMap":{"0":{"start":{"line":15,"column":1},"end":{"line":17,"column":2}},"1":{"start":{"line":16,"column":2},"end":{"line":16,"column":12}},"2":{"start":{"line":18,"column":1},"end":{"line":23,"column":12}},"3":{"start":{"line":21,"column":3},"end":{"line":21,"column":46}},"4":{"start":{"line":26,"column":0},"end":{"line":26,"column":25}}},"fnMap":{"0":{"name":"abToHex","decl":{"start":{"line":14,"column":9},"end":{"line":14,"column":16}},"loc":{"start":{"line":14,"column":25},"end":{"line":24,"column":1}},"line":14},"1":{"name":"(anonymous_1)","decl":{"start":{"line":20,"column":2},"end":{"line":20,"column":3}},"loc":{"start":{"line":20,"column":16},"end":{"line":22,"column":3}},"line":20}},"branchMap":{"0":{"loc":{"start":{"line":15,"column":1},"end":{"line":17,"column":2}},"type":"if","locations":[{"start":{"line":15,"column":1},"end":{"line":17,"column":2}},{"start":{"line":15,"column":1},"end":{"line":17,"column":2}}],"line":15}},"s":{"0":2,"1":1,"2":1,"3":2,"4":1},"f":{"0":2,"1":2},"b":{"0":[1,1]},"_coverageSchema":"332fd63041d2c1bcb487cc26dd0d5f7d97098a6c","hash":"9a39c23189817ad92c112825f45336a8d1e8907c"}
,"/Users/tony/work/github/spore/spore-kit/packages/util/ascToHex.js": {"path":"/Users/tony/work/github/spore/spore-kit/packages/util/ascToHex.js","statementMap":{"0":{"start":{"line":12,"column":1},"end":{"line":14,"column":2}},"1":{"start":{"line":13,"column":2},"end":{"line":13,"column":12}},"2":{"start":{"line":15,"column":11},"end":{"line":15,"column":13}},"3":{"start":{"line":17,"column":11},"end":{"line":17,"column":21}},"4":{"start":{"line":18,"column":1},"end":{"line":22,"column":2}},"5":{"start":{"line":19,"column":12},"end":{"line":19,"column":33}},"6":{"start":{"line":20,"column":13},"end":{"line":20,"column":31}},"7":{"start":{"line":21,"column":2},"end":{"line":21,"column":14}},"8":{"start":{"line":23,"column":1},"end":{"line":23,"column":12}},"9":{"start":{"line":26,"column":0},"end":{"line":26,"column":26}}},"fnMap":{"0":{"name":"ascToHex","decl":{"start":{"line":11,"column":9},"end":{"line":11,"column":17}},"loc":{"start":{"line":11,"column":23},"end":{"line":24,"column":1}},"line":11}},"branchMap":{"0":{"loc":{"start":{"line":12,"column":1},"end":{"line":14,"column":2}},"type":"if","locations":[{"start":{"line":12,"column":1},"end":{"line":14,"column":2}},{"start":{"line":12,"column":1},"end":{"line":14,"column":2}}],"line":12}},"s":{"0":2,"1":1,"2":1,"3":1,"4":1,"5":2,"6":2,"7":2,"8":1,"9":1},"f":{"0":2},"b":{"0":[1,1]},"_coverageSchema":"332fd63041d2c1bcb487cc26dd0d5f7d97098a6c","hash":"1af6a38700fd23334e5b91e7af0c656c321a2e09"}
,"/Users/tony/work/github/spore/spore-kit/packages/util/hexToAb.js": {"path":"/Users/tony/work/github/spore/spore-kit/packages/util/hexToAb.js","statementMap":{"0":{"start":{"line":18,"column":1},"end":{"line":20,"column":2}},"1":{"start":{"line":19,"column":2},"end":{"line":19,"column":28}},"2":{"start":{"line":21,"column":14},"end":{"line":21,"column":56}},"3":{"start":{"line":22,"column":16},"end":{"line":22,"column":36}},"4":{"start":{"line":23,"column":13},"end":{"line":23,"column":14}},"5":{"start":{"line":25,"column":11},"end":{"line":25,"column":21}},"6":{"start":{"line":26,"column":1},"end":{"line":30,"column":2}},"7":{"start":{"line":27,"column":13},"end":{"line":27,"column":43}},"8":{"start":{"line":28,"column":2},"end":{"line":28,"column":33}},"9":{"start":{"line":29,"column":2},"end":{"line":29,"column":10}},"10":{"start":{"line":31,"column":1},"end":{"line":31,"column":15}},"11":{"start":{"line":34,"column":0},"end":{"line":34,"column":25}}},"fnMap":{"0":{"name":"hexToAb","decl":{"start":{"line":17,"column":9},"end":{"line":17,"column":16}},"loc":{"start":{"line":17,"column":22},"end":{"line":32,"column":1}},"line":17}},"branchMap":{"0":{"loc":{"start":{"line":18,"column":1},"end":{"line":20,"column":2}},"type":"if","locations":[{"start":{"line":18,"column":1},"end":{"line":20,"column":2}},{"start":{"line":18,"column":1},"end":{"line":20,"column":2}}],"line":18}},"s":{"0":2,"1":1,"2":1,"3":1,"4":1,"5":1,"6":1,"7":2,"8":2,"9":2,"10":1,"11":1},"f":{"0":2},"b":{"0":[1,1]},"_coverageSchema":"332fd63041d2c1bcb487cc26dd0d5f7d97098a6c","hash":"954b1148fd6c126700c7af6f08a776543d467040"}
,"/Users/tony/work/github/spore/spore-kit/packages/util/hexToAsc.js": {"path":"/Users/tony/work/github/spore/spore-kit/packages/util/hexToAsc.js","statementMap":{"0":{"start":{"line":12,"column":1},"end":{"line":14,"column":2}},"1":{"start":{"line":13,"column":2},"end":{"line":13,"column":12}},"2":{"start":{"line":15,"column":1},"end":{"line":18,"column":4}},"3":{"start":{"line":16,"column":12},"end":{"line":16,"column":31}},"4":{"start":{"line":17,"column":2},"end":{"line":17,"column":34}},"5":{"start":{"line":21,"column":0},"end":{"line":21,"column":26}}},"fnMap":{"0":{"name":"hexToAsc","decl":{"start":{"line":11,"column":9},"end":{"line":11,"column":17}},"loc":{"start":{"line":11,"column":23},"end":{"line":19,"column":1}},"line":11},"1":{"name":"(anonymous_1)","decl":{"start":{"line":15,"column":36},"end":{"line":15,"column":37}},"loc":{"start":{"line":15,"column":52},"end":{"line":18,"column":2}},"line":15}},"branchMap":{"0":{"loc":{"start":{"line":12,"column":1},"end":{"line":14,"column":2}},"type":"if","locations":[{"start":{"line":12,"column":1},"end":{"line":14,"column":2}},{"start":{"line":12,"column":1},"end":{"line":14,"column":2}}],"line":12}},"s":{"0":2,"1":1,"2":1,"3":2,"4":2,"5":1},"f":{"0":2,"1":2},"b":{"0":[1,1]},"_coverageSchema":"332fd63041d2c1bcb487cc26dd0d5f7d97098a6c","hash":"2f8ca2a492273be1852d34bc05944d3bf7c27d86"}
,"/Users/tony/work/github/spore/spore-kit/packages/util/hslToRgb.js": {"path":"/Users/tony/work/github/spore/spore-kit/packages/util/hslToRgb.js","statementMap":{"0":{"start":{"line":18,"column":1},"end":{"line":18,"column":19}},"1":{"start":{"line":18,"column":12},"end":{"line":18,"column":19}},"2":{"start":{"line":19,"column":1},"end":{"line":19,"column":19}},"3":{"start":{"line":19,"column":12},"end":{"line":19,"column":19}},"4":{"start":{"line":20,"column":1},"end":{"line":20,"column":43}},"5":{"start":{"line":20,"column":16},"end":{"line":20,"column":43}},"6":{"start":{"line":21,"column":1},"end":{"line":21,"column":25}},"7":{"start":{"line":21,"column":16},"end":{"line":21,"column":25}},"8":{"start":{"line":22,"column":1},"end":{"line":22,"column":53}},"9":{"start":{"line":22,"column":16},"end":{"line":22,"column":53}},"10":{"start":{"line":23,"column":1},"end":{"line":23,"column":10}},"11":{"start":{"line":31,"column":1},"end":{"line":42,"column":2}},"12":{"start":{"line":33,"column":2},"end":{"line":33,"column":8}},"13":{"start":{"line":34,"column":2},"end":{"line":34,"column":8}},"14":{"start":{"line":35,"column":2},"end":{"line":35,"column":8}},"15":{"start":{"line":37,"column":10},"end":{"line":37,"column":47}},"16":{"start":{"line":38,"column":10},"end":{"line":38,"column":19}},"17":{"start":{"line":39,"column":2},"end":{"line":39,"column":32}},"18":{"start":{"line":40,"column":2},"end":{"line":40,"column":24}},"19":{"start":{"line":41,"column":2},"end":{"line":41,"column":32}},"20":{"start":{"line":43,"column":1},"end":{"line":43,"column":72}},"21":{"start":{"line":46,"column":0},"end":{"line":46,"column":26}}},"fnMap":{"0":{"name":"hueToRgb","decl":{"start":{"line":17,"column":9},"end":{"line":17,"column":17}},"loc":{"start":{"line":17,"column":27},"end":{"line":24,"column":1}},"line":17},"1":{"name":"hslToRgb","decl":{"start":{"line":26,"column":9},"end":{"line":26,"column":17}},"loc":{"start":{"line":26,"column":27},"end":{"line":44,"column":1}},"line":26}},"branchMap":{"0":{"loc":{"start":{"line":18,"column":1},"end":{"line":18,"column":19}},"type":"if","locations":[{"start":{"line":18,"column":1},"end":{"line":18,"column":19}},{"start":{"line":18,"column":1},"end":{"line":18,"column":19}}],"line":18},"1":{"loc":{"start":{"line":19,"column":1},"end":{"line":19,"column":19}},"type":"if","locations":[{"start":{"line":19,"column":1},"end":{"line":19,"column":19}},{"start":{"line":19,"column":1},"end":{"line":19,"column":19}}],"line":19},"2":{"loc":{"start":{"line":20,"column":1},"end":{"line":20,"column":43}},"type":"if","locations":[{"start":{"line":20,"column":1},"end":{"line":20,"column":43}},{"start":{"line":20,"column":1},"end":{"line":20,"column":43}}],"line":20},"3":{"loc":{"start":{"line":21,"column":1},"end":{"line":21,"column":25}},"type":"if","locations":[{"start":{"line":21,"column":1},"end":{"line":21,"column":25}},{"start":{"line":21,"column":1},"end":{"line":21,"column":25}}],"line":21},"4":{"loc":{"start":{"line":22,"column":1},"end":{"line":22,"column":53}},"type":"if","locations":[{"start":{"line":22,"column":1},"end":{"line":22,"column":53}},{"start":{"line":22,"column":1},"end":{"line":22,"column":53}}],"line":22},"5":{"loc":{"start":{"line":31,"column":1},"end":{"line":42,"column":2}},"type":"if","locations":[{"start":{"line":31,"column":1},"end":{"line":42,"column":2}},{"start":{"line":31,"column":1},"end":{"line":42,"column":2}}],"line":31},"6":{"loc":{"start":{"line":37,"column":10},"end":{"line":37,"column":47}},"type":"cond-expr","locations":[{"start":{"line":37,"column":20},"end":{"line":37,"column":31}},{"start":{"line":37,"column":34},"end":{"line":37,"column":47}}],"line":37}},"s":{"0":15,"1":1,"2":15,"3":1,"4":15,"5":2,"6":13,"7":5,"8":8,"9":3,"10":5,"11":8,"12":3,"13":3,"14":3,"15":5,"16":5,"17":5,"18":5,"19":5,"20":8,"21":1},"f":{"0":15,"1":8},"b":{"0":[1,14],"1":[1,14],"2":[2,13],"3":[5,8],"4":[3,5],"5":[3,5],"6":[1,4]},"_coverageSchema":"332fd63041d2c1bcb487cc26dd0d5f7d97098a6c","hash":"ba5fc5e8395ffb28e91fa6819eb6c9a9c6c72d6f"}
,"/Users/tony/work/github/spore/spore-kit/packages/util/index.js": {"path":"/Users/tony/work/github/spore/spore-kit/packages/util/index.js","statementMap":{"0":{"start":{"line":18,"column":0},"end":{"line":18,"column":39}},"1":{"start":{"line":19,"column":0},"end":{"line":19,"column":41}},"2":{"start":{"line":20,"column":0},"end":{"line":20,"column":39}},"3":{"start":{"line":21,"column":0},"end":{"line":21,"column":41}},"4":{"start":{"line":22,"column":0},"end":{"line":22,"column":41}},"5":{"start":{"line":23,"column":0},"end":{"line":23,"column":31}},"6":{"start":{"line":24,"column":0},"end":{"line":24,"column":55}},"7":{"start":{"line":25,"column":0},"end":{"line":25,"column":41}}},"fnMap":{},"branchMap":{},"s":{"0":1,"1":1,"2":1,"3":1,"4":1,"5":1,"6":1,"7":1},"f":{},"b":{},"_coverageSchema":"332fd63041d2c1bcb487cc26dd0d5f7d97098a6c","hash":"dd873d8e15de42896cb4ff8db6c8c0c81918f425"}
,"/Users/tony/work/github/spore/spore-kit/packages/util/job.js": {"path":"/Users/tony/work/github/spore/spore-kit/packages/util/job.js","statementMap":{"0":{"start":{"line":17,"column":14},"end":{"line":17,"column":16}},"1":{"start":{"line":19,"column":0},"end":{"line":19,"column":19}},"2":{"start":{"line":21,"column":0},"end":{"line":28,"column":2}},"3":{"start":{"line":22,"column":1},"end":{"line":22,"column":25}},"4":{"start":{"line":23,"column":1},"end":{"line":26,"column":4}},"5":{"start":{"line":27,"column":1},"end":{"line":27,"column":16}},"6":{"start":{"line":30,"column":0},"end":{"line":42,"column":2}},"7":{"start":{"line":31,"column":1},"end":{"line":31,"column":56}},"8":{"start":{"line":31,"column":47},"end":{"line":31,"column":54}},"9":{"start":{"line":32,"column":1},"end":{"line":41,"column":7}},"10":{"start":{"line":33,"column":13},"end":{"line":33,"column":34}},"11":{"start":{"line":34,"column":2},"end":{"line":40,"column":3}},"12":{"start":{"line":35,"column":3},"end":{"line":37,"column":4}},"13":{"start":{"line":36,"column":4},"end":{"line":36,"column":23}},"14":{"start":{"line":38,"column":3},"end":{"line":38,"column":24}},"15":{"start":{"line":39,"column":3},"end":{"line":39,"column":18}},"16":{"start":{"line":45,"column":1},"end":{"line":45,"column":26}},"17":{"start":{"line":46,"column":1},"end":{"line":46,"column":16}},"18":{"start":{"line":49,"column":0},"end":{"line":49,"column":21}}},"fnMap":{"0":{"name":"(anonymous_0)","decl":{"start":{"line":21,"column":14},"end":{"line":21,"column":15}},"loc":{"start":{"line":21,"column":36},"end":{"line":28,"column":1}},"line":21},"1":{"name":"(anonymous_1)","decl":{"start":{"line":30,"column":15},"end":{"line":30,"column":16}},"loc":{"start":{"line":30,"column":26},"end":{"line":42,"column":1}},"line":30},"2":{"name":"(anonymous_2)","decl":{"start":{"line":32,"column":28},"end":{"line":32,"column":29}},"loc":{"start":{"line":32,"column":39},"end":{"line":41,"column":2}},"line":32},"3":{"name":"job","decl":{"start":{"line":44,"column":9},"end":{"line":44,"column":12}},"loc":{"start":{"line":44,"column":26},"end":{"line":47,"column":1}},"line":44}},"branchMap":{"0":{"loc":{"start":{"line":22,"column":11},"end":{"line":22,"column":24}},"type":"binary-expr","locations":[{"start":{"line":22,"column":11},"end":{"line":22,"column":18}},{"start":{"line":22,"column":22},"end":{"line":22,"column":24}}],"line":22},"1":{"loc":{"start":{"line":31,"column":1},"end":{"line":31,"column":56}},"type":"if","locations":[{"start":{"line":31,"column":1},"end":{"line":31,"column":56}},{"start":{"line":31,"column":1},"end":{"line":31,"column":56}}],"line":31},"2":{"loc":{"start":{"line":31,"column":5},"end":{"line":31,"column":43}},"type":"binary-expr","locations":[{"start":{"line":31,"column":5},"end":{"line":31,"column":26}},{"start":{"line":31,"column":30},"end":{"line":31,"column":43}}],"line":31},"3":{"loc":{"start":{"line":34,"column":2},"end":{"line":40,"column":3}},"type":"if","locations":[{"start":{"line":34,"column":2},"end":{"line":40,"column":3}},{"start":{"line":34,"column":2},"end":{"line":40,"column":3}}],"line":34},"4":{"loc":{"start":{"line":35,"column":3},"end":{"line":37,"column":4}},"type":"if","locations":[{"start":{"line":35,"column":3},"end":{"line":37,"column":4}},{"start":{"line":35,"column":3},"end":{"line":37,"column":4}}],"line":35},"5":{"loc":{"start":{"line":35,"column":7},"end":{"line":35,"column":47}},"type":"binary-expr","locations":[{"start":{"line":35,"column":7},"end":{"line":35,"column":14}},{"start":{"line":35,"column":18},"end":{"line":35,"column":47}}],"line":35}},"s":{"0":1,"1":1,"2":1,"3":3,"4":3,"5":3,"6":1,"7":6,"8":3,"9":3,"10":3,"11":3,"12":3,"13":2,"14":3,"15":3,"16":3,"17":3,"18":1},"f":{"0":3,"1":6,"2":3,"3":3},"b":{"0":[3,3],"1":[3,3],"2":[6,5],"3":[3,0],"4":[2,1],"5":[3,3]},"_coverageSchema":"332fd63041d2c1bcb487cc26dd0d5f7d97098a6c","hash":"cbf350ce2d29e073822f6c1082fd6381d2e67dda"}
,"/Users/tony/work/github/spore/spore-kit/packages/util/measureDistance.js": {"path":"/Users/tony/work/github/spore/spore-kit/packages/util/measureDistance.js","statementMap":{"0":{"start":{"line":15,"column":15},"end":{"line":15,"column":39}},"1":{"start":{"line":16,"column":15},"end":{"line":16,"column":39}},"2":{"start":{"line":17,"column":9},"end":{"line":17,"column":26}},"3":{"start":{"line":18,"column":9},"end":{"line":18,"column":60}},"4":{"start":{"line":19,"column":9},"end":{"line":24,"column":2}},"5":{"start":{"line":26,"column":1},"end":{"line":26,"column":15}},"6":{"start":{"line":27,"column":1},"end":{"line":27,"column":10}},"7":{"start":{"line":30,"column":0},"end":{"line":30,"column":33}}},"fnMap":{"0":{"name":"measureDistance","decl":{"start":{"line":14,"column":9},"end":{"line":14,"column":24}},"loc":{"start":{"line":14,"column":50},"end":{"line":28,"column":1}},"line":14}},"branchMap":{},"s":{"0":1,"1":1,"2":1,"3":1,"4":1,"5":1,"6":1,"7":1},"f":{"0":1},"b":{},"_coverageSchema":"332fd63041d2c1bcb487cc26dd0d5f7d97098a6c","hash":"1bd7e30fe4235cf66571eb20adbda59606883f7f"}
,"/Users/tony/work/github/spore/spore-kit/packages/util/rgbToHsl.js": {"path":"/Users/tony/work/github/spore/spore-kit/packages/util/rgbToHsl.js","statementMap":{"0":{"start":{"line":17,"column":1},"end":{"line":17,"column":10}},"1":{"start":{"line":18,"column":1},"end":{"line":18,"column":10}},"2":{"start":{"line":19,"column":1},"end":{"line":19,"column":10}},"3":{"start":{"line":20,"column":11},"end":{"line":20,"column":28}},"4":{"start":{"line":21,"column":11},"end":{"line":21,"column":28}},"5":{"start":{"line":24,"column":9},"end":{"line":24,"column":24}},"6":{"start":{"line":26,"column":1},"end":{"line":41,"column":2}},"7":{"start":{"line":28,"column":2},"end":{"line":28,"column":8}},"8":{"start":{"line":29,"column":2},"end":{"line":29,"column":8}},"9":{"start":{"line":31,"column":10},"end":{"line":31,"column":19}},"10":{"start":{"line":32,"column":2},"end":{"line":32,"column":54}},"11":{"start":{"line":33,"column":2},"end":{"line":39,"column":3}},"12":{"start":{"line":34,"column":3},"end":{"line":34,"column":37}},"13":{"start":{"line":35,"column":9},"end":{"line":39,"column":3}},"14":{"start":{"line":36,"column":3},"end":{"line":36,"column":23}},"15":{"start":{"line":38,"column":3},"end":{"line":38,"column":23}},"16":{"start":{"line":40,"column":2},"end":{"line":40,"column":9}},"17":{"start":{"line":43,"column":1},"end":{"line":43,"column":18}},"18":{"start":{"line":46,"column":0},"end":{"line":46,"column":26}}},"fnMap":{"0":{"name":"rgbToHsl","decl":{"start":{"line":16,"column":9},"end":{"line":16,"column":17}},"loc":{"start":{"line":16,"column":27},"end":{"line":44,"column":1}},"line":16}},"branchMap":{"0":{"loc":{"start":{"line":26,"column":1},"end":{"line":41,"column":2}},"type":"if","locations":[{"start":{"line":26,"column":1},"end":{"line":41,"column":2}},{"start":{"line":26,"column":1},"end":{"line":41,"column":2}}],"line":26},"1":{"loc":{"start":{"line":32,"column":6},"end":{"line":32,"column":53}},"type":"cond-expr","locations":[{"start":{"line":32,"column":16},"end":{"line":32,"column":35}},{"start":{"line":32,"column":38},"end":{"line":32,"column":53}}],"line":32},"2":{"loc":{"start":{"line":33,"column":2},"end":{"line":39,"column":3}},"type":"if","locations":[{"start":{"line":33,"column":2},"end":{"line":39,"column":3}},{"start":{"line":33,"column":2},"end":{"line":39,"column":3}}],"line":33},"3":{"loc":{"start":{"line":34,"column":22},"end":{"line":34,"column":35}},"type":"cond-expr","locations":[{"start":{"line":34,"column":30},"end":{"line":34,"column":31}},{"start":{"line":34,"column":34},"end":{"line":34,"column":35}}],"line":34},"4":{"loc":{"start":{"line":35,"column":9},"end":{"line":39,"column":3}},"type":"if","locations":[{"start":{"line":35,"column":9},"end":{"line":39,"column":3}},{"start":{"line":35,"column":9},"end":{"line":39,"column":3}}],"line":35}},"s":{"0":8,"1":8,"2":8,"3":8,"4":8,"5":8,"6":8,"7":3,"8":3,"9":5,"10":5,"11":5,"12":2,"13":3,"14":1,"15":2,"16":5,"17":8,"18":1},"f":{"0":8},"b":{"0":[3,5],"1":[4,1],"2":[2,3],"3":[1,1],"4":[1,2]},"_coverageSchema":"332fd63041d2c1bcb487cc26dd0d5f7d97098a6c","hash":"ce134fe66f9bd31257286944a972e9205c6c67a7"}
}
