{"/Users/tony/work/github/spore/spore-kit/packages/str/bLength.js": {"path":"/Users/tony/work/github/spore/spore-kit/packages/str/bLength.js","statementMap":{"0":{"start":{"line":12,"column":1},"end":{"line":14,"column":2}},"1":{"start":{"line":13,"column":2},"end":{"line":13,"column":11}},"2":{"start":{"line":15,"column":1},"end":{"line":15,"column":37}},"3":{"start":{"line":16,"column":1},"end":{"line":16,"column":53}},"4":{"start":{"line":19,"column":0},"end":{"line":19,"column":25}}},"fnMap":{"0":{"name":"bLength","decl":{"start":{"line":10,"column":9},"end":{"line":10,"column":16}},"loc":{"start":{"line":10,"column":23},"end":{"line":17,"column":1}},"line":10}},"branchMap":{"0":{"loc":{"start":{"line":12,"column":1},"end":{"line":14,"column":2}},"type":"if","locations":[{"start":{"line":12,"column":1},"end":{"line":14,"column":2}},{"start":{"line":12,"column":1},"end":{"line":14,"column":2}}],"line":12},"1":{"loc":{"start":{"line":16,"column":23},"end":{"line":16,"column":50}},"type":"cond-expr","locations":[{"start":{"line":16,"column":33},"end":{"line":16,"column":34}},{"start":{"line":16,"column":37},"end":{"line":16,"column":50}}],"line":16}},"s":{"0":3,"1":1,"2":2,"3":2,"4":1},"f":{"0":3},"b":{"0":[1,2],"1":[1,1]},"_coverageSchema":"332fd63041d2c1bcb487cc26dd0d5f7d97098a6c","hash":"d397dd73a5d0d64d26b5e2c0580a7c85696cf554"}
,"/Users/tony/work/github/spore/spore-kit/packages/str/dbcToSbc.js": {"path":"/Users/tony/work/github/spore/spore-kit/packages/str/dbcToSbc.js","statementMap":{"0":{"start":{"line":11,"column":1},"end":{"line":13,"column":28}},"1":{"start":{"line":12,"column":2},"end":{"line":12,"column":54}},"2":{"start":{"line":16,"column":0},"end":{"line":16,"column":26}}},"fnMap":{"0":{"name":"dbcToSbc","decl":{"start":{"line":10,"column":9},"end":{"line":10,"column":17}},"loc":{"start":{"line":10,"column":24},"end":{"line":14,"column":1}},"line":10},"1":{"name":"(anonymous_1)","decl":{"start":{"line":11,"column":40},"end":{"line":11,"column":41}},"loc":{"start":{"line":11,"column":53},"end":{"line":13,"column":2}},"line":11}},"branchMap":{},"s":{"0":0,"1":0,"2":1},"f":{"0":0,"1":0},"b":{},"_coverageSchema":"332fd63041d2c1bcb487cc26dd0d5f7d97098a6c","hash":"a2c6801a8f97ede7be8cae5991e52b08437b400a"}
,"/Users/tony/work/github/spore/spore-kit/packages/str/decodeHTML.js": {"path":"/Users/tony/work/github/spore/spore-kit/packages/str/decodeHTML.js","statementMap":{"0":{"start":{"line":11,"column":1},"end":{"line":13,"column":2}},"1":{"start":{"line":12,"column":2},"end":{"line":12,"column":59}},"2":{"start":{"line":14,"column":1},"end":{"line":20,"column":26}},"3":{"start":{"line":23,"column":0},"end":{"line":23,"column":28}}},"fnMap":{"0":{"name":"decodeHTML","decl":{"start":{"line":10,"column":9},"end":{"line":10,"column":19}},"loc":{"start":{"line":10,"column":26},"end":{"line":21,"column":1}},"line":10}},"branchMap":{"0":{"loc":{"start":{"line":11,"column":1},"end":{"line":13,"column":2}},"type":"if","locations":[{"start":{"line":11,"column":1},"end":{"line":13,"column":2}},{"start":{"line":11,"column":1},"end":{"line":13,"column":2}}],"line":11}},"s":{"0":0,"1":0,"2":0,"3":1},"f":{"0":0},"b":{"0":[0,0]},"_coverageSchema":"332fd63041d2c1bcb487cc26dd0d5f7d97098a6c","hash":"c23d99b52f7009b29a4b4c6d2f26fd8aab69e4a8"}
,"/Users/tony/work/github/spore/spore-kit/packages/str/encodeHTML.js": {"path":"/Users/tony/work/github/spore/spore-kit/packages/str/encodeHTML.js","statementMap":{"0":{"start":{"line":11,"column":1},"end":{"line":13,"column":2}},"1":{"start":{"line":12,"column":2},"end":{"line":12,"column":59}},"2":{"start":{"line":14,"column":1},"end":{"line":20,"column":57}},"3":{"start":{"line":23,"column":0},"end":{"line":23,"column":28}}},"fnMap":{"0":{"name":"encodeHTML","decl":{"start":{"line":10,"column":9},"end":{"line":10,"column":19}},"loc":{"start":{"line":10,"column":26},"end":{"line":21,"column":1}},"line":10}},"branchMap":{"0":{"loc":{"start":{"line":11,"column":1},"end":{"line":13,"column":2}},"type":"if","locations":[{"start":{"line":11,"column":1},"end":{"line":13,"column":2}},{"start":{"line":11,"column":1},"end":{"line":13,"column":2}}],"line":11}},"s":{"0":0,"1":0,"2":0,"3":1},"f":{"0":0},"b":{"0":[0,0]},"_coverageSchema":"332fd63041d2c1bcb487cc26dd0d5f7d97098a6c","hash":"76009ffda0c6cebb0047e830064c4a81bfe3ba00"}
,"/Users/tony/work/github/spore/spore-kit/packages/str/getUniqueKey.js": {"path":"/Users/tony/work/github/spore/spore-kit/packages/str/getUniqueKey.js","statementMap":{"0":{"start":{"line":9,"column":11},"end":{"line":9,"column":22}},"1":{"start":{"line":10,"column":12},"end":{"line":10,"column":13}},"2":{"start":{"line":13,"column":1},"end":{"line":13,"column":40}},"3":{"start":{"line":16,"column":0},"end":{"line":16,"column":30}}},"fnMap":{"0":{"name":"getUniqueKey","decl":{"start":{"line":12,"column":9},"end":{"line":12,"column":21}},"loc":{"start":{"line":12,"column":25},"end":{"line":14,"column":1}},"line":12}},"branchMap":{},"s":{"0":1,"1":1,"2":0,"3":1},"f":{"0":0},"b":{},"_coverageSchema":"332fd63041d2c1bcb487cc26dd0d5f7d97098a6c","hash":"79febfe7d35516c6329b59a3ad7bd344f98d773b"}
,"/Users/tony/work/github/spore/spore-kit/packages/str/hyphenate.js": {"path":"/Users/tony/work/github/spore/spore-kit/packages/str/hyphenate.js","statementMap":{"0":{"start":{"line":11,"column":1},"end":{"line":13,"column":4}},"1":{"start":{"line":12,"column":2},"end":{"line":12,"column":32}},"2":{"start":{"line":16,"column":0},"end":{"line":16,"column":27}}},"fnMap":{"0":{"name":"hyphenate","decl":{"start":{"line":10,"column":9},"end":{"line":10,"column":18}},"loc":{"start":{"line":10,"column":25},"end":{"line":14,"column":1}},"line":10},"1":{"name":"(anonymous_1)","decl":{"start":{"line":11,"column":30},"end":{"line":11,"column":31}},"loc":{"start":{"line":11,"column":44},"end":{"line":13,"column":2}},"line":11}},"branchMap":{},"s":{"0":0,"1":0,"2":1},"f":{"0":0,"1":0},"b":{},"_coverageSchema":"332fd63041d2c1bcb487cc26dd0d5f7d97098a6c","hash":"a2700dc3bdcd9bc86454f38c07e02b19c6d16e8e"}
,"/Users/tony/work/github/spore/spore-kit/packages/str/index.js": {"path":"/Users/tony/work/github/spore/spore-kit/packages/str/index.js","statementMap":{"0":{"start":{"line":18,"column":0},"end":{"line":18,"column":39}},"1":{"start":{"line":19,"column":0},"end":{"line":19,"column":41}},"2":{"start":{"line":20,"column":0},"end":{"line":20,"column":45}},"3":{"start":{"line":21,"column":0},"end":{"line":21,"column":45}},"4":{"start":{"line":22,"column":0},"end":{"line":22,"column":49}},"5":{"start":{"line":23,"column":0},"end":{"line":23,"column":43}},"6":{"start":{"line":24,"column":0},"end":{"line":24,"column":39}},"7":{"start":{"line":25,"column":0},"end":{"line":25,"column":35}},"8":{"start":{"line":26,"column":0},"end":{"line":26,"column":57}},"9":{"start":{"line":27,"column":0},"end":{"line":27,"column":45}}},"fnMap":{},"branchMap":{},"s":{"0":1,"1":1,"2":1,"3":1,"4":1,"5":1,"6":1,"7":1,"8":1,"9":1},"f":{},"b":{},"_coverageSchema":"332fd63041d2c1bcb487cc26dd0d5f7d97098a6c","hash":"8400ae11153ce08cdbd1e14e7f218b33051e5136"}
,"/Users/tony/work/github/spore/spore-kit/packages/str/ipToHex.js": {"path":"/Users/tony/work/github/spore/spore-kit/packages/str/ipToHex.js","statementMap":{"0":{"start":{"line":11,"column":1},"end":{"line":18,"column":4}},"1":{"start":{"line":12,"column":2},"end":{"line":12,"column":31}},"2":{"start":{"line":13,"column":2},"end":{"line":13,"column":25}},"3":{"start":{"line":14,"column":2},"end":{"line":16,"column":3}},"4":{"start":{"line":15,"column":3},"end":{"line":15,"column":19}},"5":{"start":{"line":17,"column":2},"end":{"line":17,"column":13}},"6":{"start":{"line":21,"column":0},"end":{"line":21,"column":25}}},"fnMap":{"0":{"name":"ipToHex","decl":{"start":{"line":10,"column":9},"end":{"line":10,"column":16}},"loc":{"start":{"line":10,"column":22},"end":{"line":19,"column":1}},"line":10},"1":{"name":"(anonymous_1)","decl":{"start":{"line":11,"column":32},"end":{"line":11,"column":33}},"loc":{"start":{"line":11,"column":54},"end":{"line":18,"column":2}},"line":11}},"branchMap":{"0":{"loc":{"start":{"line":12,"column":8},"end":{"line":12,"column":30}},"type":"binary-expr","locations":[{"start":{"line":12,"column":8},"end":{"line":12,"column":25}},{"start":{"line":12,"column":29},"end":{"line":12,"column":30}}],"line":12},"1":{"loc":{"start":{"line":14,"column":2},"end":{"line":16,"column":3}},"type":"if","locations":[{"start":{"line":14,"column":2},"end":{"line":16,"column":3}},{"start":{"line":14,"column":2},"end":{"line":16,"column":3}}],"line":14}},"s":{"0":0,"1":0,"2":0,"3":0,"4":0,"5":0,"6":1},"f":{"0":0,"1":0},"b":{"0":[0,0],"1":[0,0]},"_coverageSchema":"332fd63041d2c1bcb487cc26dd0d5f7d97098a6c","hash":"274d74334184b1b5e6d212f8b64150ff6bfd047b"}
,"/Users/tony/work/github/spore/spore-kit/packages/str/leftB.js": {"path":"/Users/tony/work/github/spore/spore-kit/packages/str/leftB.js","statementMap":{"0":{"start":{"line":12,"column":15},"end":{"line":12,"column":35}},"1":{"start":{"line":15,"column":9},"end":{"line":15,"column":63}},"2":{"start":{"line":16,"column":1},"end":{"line":16,"column":86}},"3":{"start":{"line":17,"column":1},"end":{"line":19,"column":2}},"4":{"start":{"line":18,"column":2},"end":{"line":18,"column":37}},"5":{"start":{"line":20,"column":1},"end":{"line":20,"column":12}},"6":{"start":{"line":23,"column":0},"end":{"line":23,"column":23}}},"fnMap":{"0":{"name":"leftB","decl":{"start":{"line":14,"column":9},"end":{"line":14,"column":14}},"loc":{"start":{"line":14,"column":27},"end":{"line":21,"column":1}},"line":14}},"branchMap":{"0":{"loc":{"start":{"line":17,"column":1},"end":{"line":19,"column":2}},"type":"if","locations":[{"start":{"line":17,"column":1},"end":{"line":19,"column":2}},{"start":{"line":17,"column":1},"end":{"line":19,"column":2}}],"line":17},"1":{"loc":{"start":{"line":17,"column":5},"end":{"line":17,"column":37}},"type":"binary-expr","locations":[{"start":{"line":17,"column":5},"end":{"line":17,"column":25}},{"start":{"line":17,"column":29},"end":{"line":17,"column":37}}],"line":17}},"s":{"0":1,"1":0,"2":0,"3":0,"4":0,"5":0,"6":1},"f":{"0":0},"b":{"0":[0,0],"1":[0,0]},"_coverageSchema":"332fd63041d2c1bcb487cc26dd0d5f7d97098a6c","hash":"0fb9b073444e6c8fdb2017da67406d9710362f7c"}
,"/Users/tony/work/github/spore/spore-kit/packages/str/sizeOfUTF8String.js": {"path":"/Users/tony/work/github/spore/spore-kit/packages/str/sizeOfUTF8String.js","statementMap":{"0":{"start":{"line":11,"column":1},"end":{"line":15,"column":3}},"1":{"start":{"line":18,"column":0},"end":{"line":18,"column":34}}},"fnMap":{"0":{"name":"sizeOfUTF8String","decl":{"start":{"line":10,"column":9},"end":{"line":10,"column":25}},"loc":{"start":{"line":10,"column":32},"end":{"line":16,"column":1}},"line":10}},"branchMap":{"0":{"loc":{"start":{"line":12,"column":2},"end":{"line":14,"column":40}},"type":"cond-expr","locations":[{"start":{"line":13,"column":5},"end":{"line":13,"column":45}},{"start":{"line":14,"column":5},"end":{"line":14,"column":40}}],"line":12}},"s":{"0":0,"1":1},"f":{"0":0},"b":{"0":[0,0]},"_coverageSchema":"332fd63041d2c1bcb487cc26dd0d5f7d97098a6c","hash":"be23066d4a021fabd637073a060c8cd12f3c0e7a"}
,"/Users/tony/work/github/spore/spore-kit/packages/str/substitute.js": {"path":"/Users/tony/work/github/spore/spore-kit/packages/str/substitute.js","statementMap":{"0":{"start":{"line":13,"column":1},"end":{"line":19,"column":4}},"1":{"start":{"line":14,"column":2},"end":{"line":16,"column":3}},"2":{"start":{"line":15,"column":3},"end":{"line":15,"column":25}},"3":{"start":{"line":18,"column":2},"end":{"line":18,"column":46}},"4":{"start":{"line":22,"column":0},"end":{"line":22,"column":28}}},"fnMap":{"0":{"name":"substitute","decl":{"start":{"line":12,"column":9},"end":{"line":12,"column":19}},"loc":{"start":{"line":12,"column":36},"end":{"line":20,"column":1}},"line":12},"1":{"name":"(anonymous_1)","decl":{"start":{"line":13,"column":53},"end":{"line":13,"column":54}},"loc":{"start":{"line":13,"column":76},"end":{"line":19,"column":2}},"line":13}},"branchMap":{"0":{"loc":{"start":{"line":13,"column":20},"end":{"line":13,"column":51}},"type":"binary-expr","locations":[{"start":{"line":13,"column":20},"end":{"line":13,"column":23}},{"start":{"line":13,"column":28},"end":{"line":13,"column":50}}],"line":13},"1":{"loc":{"start":{"line":14,"column":2},"end":{"line":16,"column":3}},"type":"if","locations":[{"start":{"line":14,"column":2},"end":{"line":16,"column":3}},{"start":{"line":14,"column":2},"end":{"line":16,"column":3}}],"line":14},"2":{"loc":{"start":{"line":18,"column":9},"end":{"line":18,"column":45}},"type":"cond-expr","locations":[{"start":{"line":18,"column":31},"end":{"line":18,"column":40}},{"start":{"line":18,"column":43},"end":{"line":18,"column":45}}],"line":18}},"s":{"0":0,"1":0,"2":0,"3":0,"4":1},"f":{"0":0,"1":0},"b":{"0":[0,0],"1":[0,0],"2":[0,0]},"_coverageSchema":"332fd63041d2c1bcb487cc26dd0d5f7d97098a6c","hash":"836ed7371ca65291e29ede3a5fa59150c7718d20"}
}
