TN:
SF:/Users/tony/work/github/spore/spore-kit/packages/str/bLength.js
FN:10,bLength
FNF:1
FNH:1
FNDA:3,bLength
DA:12,3
DA:13,1
DA:15,2
DA:16,2
DA:19,1
LF:5
LH:5
BRDA:12,0,0,1
BRDA:12,0,1,2
BRDA:16,1,0,1
BRDA:16,1,1,1
BRF:4
BRH:4
end_of_record
TN:
SF:/Users/tony/work/github/spore/spore-kit/packages/str/dbcToSbc.js
FN:10,dbcToSbc
FN:11,(anonymous_1)
FNF:2
FNH:0
FNDA:0,dbcToSbc
FNDA:0,(anonymous_1)
DA:11,0
DA:12,0
DA:16,1
LF:3
LH:1
BRF:0
BRH:0
end_of_record
TN:
SF:/Users/tony/work/github/spore/spore-kit/packages/str/decodeHTML.js
FN:10,decodeHTML
FNF:1
FNH:0
FNDA:0,decodeHTML
DA:11,0
DA:12,0
DA:14,0
DA:23,1
LF:4
LH:1
BRDA:11,0,0,0
BRDA:11,0,1,0
BRF:2
BRH:0
end_of_record
TN:
SF:/Users/tony/work/github/spore/spore-kit/packages/str/encodeHTML.js
FN:10,encodeHTML
FNF:1
FNH:0
FNDA:0,encodeHTML
DA:11,0
DA:12,0
DA:14,0
DA:23,1
LF:4
LH:1
BRDA:11,0,0,0
BRDA:11,0,1,0
BRF:2
BRH:0
end_of_record
TN:
SF:/Users/tony/work/github/spore/spore-kit/packages/str/getUniqueKey.js
FN:12,getUniqueKey
FNF:1
FNH:0
FNDA:0,getUniqueKey
DA:9,1
DA:10,1
DA:13,0
DA:16,1
LF:4
LH:3
BRF:0
BRH:0
end_of_record
TN:
SF:/Users/tony/work/github/spore/spore-kit/packages/str/hyphenate.js
FN:10,hyphenate
FN:11,(anonymous_1)
FNF:2
FNH:0
FNDA:0,hyphenate
FNDA:0,(anonymous_1)
DA:11,0
DA:12,0
DA:16,1
LF:3
LH:1
BRF:0
BRH:0
end_of_record
TN:
SF:/Users/tony/work/github/spore/spore-kit/packages/str/index.js
FNF:0
FNH:0
DA:18,1
DA:19,1
DA:20,1
DA:21,1
DA:22,1
DA:23,1
DA:24,1
DA:25,1
DA:26,1
DA:27,1
LF:10
LH:10
BRF:0
BRH:0
end_of_record
TN:
SF:/Users/tony/work/github/spore/spore-kit/packages/str/ipToHex.js
FN:10,ipToHex
FN:11,(anonymous_1)
FNF:2
FNH:0
FNDA:0,ipToHex
FNDA:0,(anonymous_1)
DA:11,0
DA:12,0
DA:13,0
DA:14,0
DA:15,0
DA:17,0
DA:21,1
LF:7
LH:1
BRDA:12,0,0,0
BRDA:12,0,1,0
BRDA:14,1,0,0
BRDA:14,1,1,0
BRF:4
BRH:0
end_of_record
TN:
SF:/Users/tony/work/github/spore/spore-kit/packages/str/leftB.js
FN:14,leftB
FNF:1
FNH:0
FNDA:0,leftB
DA:12,1
DA:15,0
DA:16,0
DA:17,0
DA:18,0
DA:20,0
DA:23,1
LF:7
LH:2
BRDA:17,0,0,0
BRDA:17,0,1,0
BRDA:17,1,0,0
BRDA:17,1,1,0
BRF:4
BRH:0
end_of_record
TN:
SF:/Users/tony/work/github/spore/spore-kit/packages/str/sizeOfUTF8String.js
FN:10,sizeOfUTF8String
FNF:1
FNH:0
FNDA:0,sizeOfUTF8String
DA:11,0
DA:18,1
LF:2
LH:1
BRDA:12,0,0,0
BRDA:12,0,1,0
BRF:2
BRH:0
end_of_record
TN:
SF:/Users/tony/work/github/spore/spore-kit/packages/str/substitute.js
FN:12,substitute
FN:13,(anonymous_1)
FNF:2
FNH:0
FNDA:0,substitute
FNDA:0,(anonymous_1)
DA:13,0
DA:14,0
DA:15,0
DA:18,0
DA:22,1
LF:5
LH:1
BRDA:13,0,0,0
BRDA:13,0,1,0
BRDA:14,1,0,0
BRDA:14,1,1,0
BRDA:18,2,0,0
BRDA:18,2,1,0
BRF:6
BRH:0
end_of_record
