TN:
SF:/Users/tony/work/github/spore/spore-kit/packages/app/callUp.js
FN:40,callUp
FN:48,(anonymous_1)
FN:65,(anonymous_2)
FN:79,(anonymous_3)
FNF:4
FNH:0
FNDA:0,callUp
FNDA:0,(anonymous_1)
FNDA:0,(anonymous_2)
FNDA:0,(anonymous_3)
DA:37,1
DA:38,1
DA:41,0
DA:50,0
DA:59,0
DA:60,0
DA:61,0
DA:64,0
DA:65,0
DA:66,0
DA:67,0
DA:68,0
DA:73,0
DA:74,0
DA:75,0
DA:76,0
DA:79,0
DA:80,0
DA:81,0
DA:84,0
DA:85,0
DA:88,0
DA:89,0
DA:94,0
DA:95,0
DA:96,0
DA:98,0
DA:99,0
DA:105,1
LF:29
LH:3
BRDA:59,0,0,0
BRDA:59,0,1,0
BRDA:61,1,0,0
BRDA:61,1,1,0
BRDA:66,2,0,0
BRDA:66,2,1,0
BRDA:80,3,0,0
BRDA:80,3,1,0
BRDA:84,4,0,0
BRDA:84,4,1,0
BRDA:88,5,0,0
BRDA:88,5,1,0
BRDA:94,6,0,0
BRDA:94,6,1,0
BRDA:95,7,0,0
BRDA:95,7,1,0
BRDA:98,8,0,0
BRDA:98,8,1,0
BRF:18
BRH:0
end_of_record
TN:
SF:/Users/tony/work/github/spore/spore-kit/packages/app/index.js
FNF:0
FNH:0
DA:18,1
LF:1
LH:1
BRF:0
BRH:0
end_of_record
TN:
SF:/Users/tony/work/github/spore/spore-kit/packages/arr/contains.js
FN:11,contains
FNF:1
FNH:1
FNDA:1,contains
DA:12,1
DA:13,1
DA:16,2
LF:3
LH:3
BRF:0
BRH:0
end_of_record
TN:
SF:/Users/tony/work/github/spore/spore-kit/packages/arr/erase.js
FN:11,erase
FNF:1
FNH:0
FNDA:0,erase
DA:12,0
DA:13,0
DA:14,0
DA:16,0
DA:19,3
LF:5
LH:1
BRDA:13,0,0,0
BRDA:13,0,1,0
BRF:2
BRH:0
end_of_record
TN:
SF:/Users/tony/work/github/spore/spore-kit/packages/arr/find.js
FN:14,find
FN:16,(anonymous_1)
FNF:2
FNH:0
FNDA:0,find
FNDA:0,(anonymous_1)
DA:15,0
DA:16,0
DA:17,0
DA:18,0
DA:21,0
DA:24,1
LF:6
LH:1
BRDA:17,0,0,0
BRDA:17,0,1,0
BRF:2
BRH:0
end_of_record
TN:
SF:/Users/tony/work/github/spore/spore-kit/packages/arr/flatten.js
FN:12,flatten
FNF:1
FNH:0
FNDA:0,flatten
DA:10,1
DA:13,0
DA:14,0
DA:15,0
DA:16,0
DA:17,0
DA:19,0
DA:23,0
DA:26,1
LF:9
LH:2
BRDA:16,0,0,0
BRDA:16,0,1,0
BRDA:20,1,0,0
BRDA:20,1,1,0
BRF:4
BRH:0
end_of_record
TN:
SF:/Users/tony/work/github/spore/spore-kit/packages/arr/include.js
FN:14,include
FNF:1
FNH:0
FNDA:0,include
DA:12,1
DA:15,0
DA:16,0
DA:18,0
DA:21,1
LF:5
LH:2
BRDA:15,0,0,0
BRDA:15,0,1,0
BRF:2
BRH:0
end_of_record
TN:
SF:/Users/tony/work/github/spore/spore-kit/packages/arr/index.js
FNF:0
FNH:0
DA:18,1
DA:19,1
DA:20,1
DA:21,1
DA:22,1
LF:5
LH:5
BRF:0
BRH:0
end_of_record
TN:
SF:/Users/tony/work/github/spore/spore-kit/packages/cookie/cookie.js
FN:17,(anonymous_0)
FN:20,(anonymous_1)
FNF:2
FNH:0
FNDA:0,(anonymous_0)
FNDA:0,(anonymous_1)
DA:14,1
DA:16,1
DA:18,0
DA:21,0
DA:25,1
LF:5
LH:3
BRF:0
BRH:0
end_of_record
TN:
SF:/Users/tony/work/github/spore/spore-kit/packages/cookie/index.js
FNF:0
FNH:0
DA:18,1
DA:19,1
LF:2
LH:2
BRF:0
BRH:0
end_of_record
TN:
SF:/Users/tony/work/github/spore/spore-kit/packages/cookie/origin.js
FNF:0
FNH:0
DA:12,1
LF:1
LH:1
BRF:0
BRH:0
end_of_record
TN:
SF:/Users/tony/work/github/spore/spore-kit/packages/date/format.js
FN:48,(anonymous_0)
FN:54,format
FNF:2
FNH:2
FNDA:2,(anonymous_0)
FNDA:1,format
DA:44,1
DA:45,1
DA:46,1
DA:48,1
DA:49,2
DA:50,2
DA:51,2
DA:55,1
DA:56,1
DA:57,1
DA:65,1
DA:66,1
DA:67,1
DA:68,1
DA:69,1
DA:70,1
DA:71,1
DA:72,1
DA:73,1
DA:75,1
DA:76,1
DA:77,1
DA:79,1
DA:80,1
DA:82,1
DA:83,1
DA:85,1
DA:87,1
DA:88,1
DA:90,1
DA:91,1
DA:93,1
DA:94,1
DA:96,1
DA:97,1
DA:99,1
DA:100,1
DA:103,1
LF:38
LH:38
BRDA:51,0,0,1
BRDA:51,0,1,1
BRF:2
BRH:2
end_of_record
TN:
SF:/Users/tony/work/github/spore/spore-kit/packages/date/getLastStart.js
FN:22,getLastStart
FNF:1
FNH:0
FNDA:0,getLastStart
DA:17,1
DA:19,1
DA:20,1
DA:23,0
DA:24,0
DA:29,0
DA:30,0
DA:32,0
DA:33,0
DA:34,0
DA:35,0
DA:36,0
DA:37,0
DA:38,0
DA:39,0
DA:40,0
DA:41,0
DA:42,0
DA:43,0
DA:44,0
DA:46,0
DA:47,0
DA:48,0
DA:50,0
DA:51,0
DA:53,0
DA:54,0
DA:57,0
DA:60,1
LF:29
LH:4
BRDA:29,0,0,0
BRDA:29,0,1,0
BRDA:32,1,0,0
BRDA:32,1,1,0
BRDA:33,2,0,0
BRDA:33,2,1,0
BRDA:37,3,0,0
BRDA:37,3,1,0
BRDA:47,4,0,0
BRDA:47,4,1,0
BRDA:50,5,0,0
BRDA:50,5,1,0
BRF:12
BRH:0
end_of_record
TN:
SF:/Users/tony/work/github/spore/spore-kit/packages/date/getTimeSplit.js
FN:35,getTimeSplit
FNF:1
FNH:0
FNDA:0,getTimeSplit
DA:25,1
DA:27,1
DA:36,0
DA:37,0
DA:40,0
DA:43,0
DA:44,0
DA:46,0
DA:47,0
DA:48,0
DA:50,0
DA:51,0
DA:52,0
DA:53,0
DA:54,0
DA:56,0
DA:57,0
DA:59,0
DA:60,0
DA:62,0
DA:63,0
DA:65,0
DA:66,0
DA:69,0
DA:74,0
DA:77,1
LF:26
LH:3
BRDA:36,0,0,0
BRDA:36,0,1,0
BRDA:44,1,0,0
BRDA:44,1,1,0
BRDA:47,2,0,0
BRDA:47,2,1,0
BRDA:56,3,0,0
BRDA:56,3,1,0
BRDA:59,4,0,0
BRDA:59,4,1,0
BRDA:62,5,0,0
BRDA:62,5,1,0
BRDA:65,6,0,0
BRDA:65,6,1,0
BRF:14
BRH:0
end_of_record
TN:
SF:/Users/tony/work/github/spore/spore-kit/packages/date/index.js
FNF:0
FNH:0
DA:18,1
DA:19,1
DA:20,1
LF:3
LH:3
BRF:0
BRH:0
end_of_record
TN:
SF:/Users/tony/work/github/spore/spore-kit/packages/dom/index.js
FNF:0
FNH:0
DA:18,1
DA:19,1
LF:2
LH:2
BRF:0
BRH:0
end_of_record
TN:
SF:/Users/tony/work/github/spore/spore-kit/packages/dom/isNode.js
FN:6,isNode
FNF:1
FNH:0
FNDA:0,isNode
DA:7,0
DA:14,1
LF:2
LH:1
BRDA:8,0,0,0
BRDA:8,0,1,0
BRDA:8,0,2,0
BRF:3
BRH:0
end_of_record
TN:
SF:/Users/tony/work/github/spore/spore-kit/packages/dom/offset.js
FNF:0
FNH:0
DA:14,1
DA:16,1
DA:17,0
DA:20,1
LF:4
LH:3
BRDA:16,0,0,0
BRDA:16,0,1,1
BRF:2
BRH:1
end_of_record
TN:
SF:/Users/tony/work/github/spore/spore-kit/packages/env/browser.js
FN:36,detect
FN:48,browser
FNF:2
FNH:0
FNDA:0,detect
FNDA:0,browser
DA:20,2
DA:21,2
DA:23,2
DA:37,0
DA:41,0
DA:43,0
DA:46,2
DA:49,0
DA:50,0
DA:52,0
DA:55,2
DA:57,2
LF:12
LH:6
BRDA:49,0,0,0
BRDA:49,0,1,0
BRF:2
BRH:0
end_of_record
TN:
SF:/Users/tony/work/github/spore/spore-kit/packages/env/core.js
FN:22,(anonymous_0)
FN:27,detect
FN:39,core
FNF:3
FNH:0
FNDA:0,(anonymous_0)
FNDA:0,detect
FNDA:0,core
DA:15,1
DA:16,1
DA:18,1
DA:23,0
DA:28,0
DA:32,0
DA:34,0
DA:37,1
DA:40,0
DA:41,0
DA:43,0
DA:46,1
DA:48,1
LF:13
LH:6
BRDA:23,0,0,0
BRDA:23,0,1,0
BRDA:40,1,0,0
BRDA:40,1,1,0
BRF:4
BRH:0
end_of_record
TN:
SF:/Users/tony/work/github/spore/spore-kit/packages/env/device.js
FN:28,detect
FN:40,device
FNF:2
FNH:0
FNDA:0,detect
FNDA:0,device
DA:16,1
DA:17,1
DA:19,1
DA:29,0
DA:33,0
DA:35,0
DA:38,1
DA:41,0
DA:42,0
DA:44,0
DA:47,1
DA:49,1
LF:12
LH:6
BRDA:41,0,0,0
BRDA:41,0,1,0
BRF:2
BRH:0
end_of_record
TN:
SF:/Users/tony/work/github/spore/spore-kit/packages/env/index.js
FNF:0
FNH:0
DA:18,1
DA:19,1
DA:20,1
DA:21,1
DA:22,1
DA:23,1
DA:24,1
DA:25,1
LF:8
LH:8
BRF:0
BRH:0
end_of_record
TN:
SF:/Users/tony/work/github/spore/spore-kit/packages/env/network.js
FN:16,support
FN:31,onLine
FNF:2
FNH:0
FNDA:0,support
FNDA:0,onLine
DA:6,1
DA:17,0
DA:18,0
DA:20,0
DA:32,0
DA:35,1
DA:36,1
LF:7
LH:3
BRDA:17,0,0,0
BRDA:17,0,1,0
BRDA:32,1,0,0
BRDA:32,1,1,0
BRF:4
BRH:0
end_of_record
TN:
SF:/Users/tony/work/github/spore/spore-kit/packages/env/os.js
FN:17,(anonymous_0)
FN:22,detect
FN:34,os
FNF:3
FNH:0
FNDA:0,(anonymous_0)
FNDA:0,detect
FNDA:0,os
DA:12,1
DA:13,1
DA:15,1
DA:18,0
DA:23,0
DA:27,0
DA:29,0
DA:32,1
DA:35,0
DA:36,0
DA:38,0
DA:41,1
DA:43,1
LF:13
LH:6
BRDA:18,0,0,0
BRDA:18,0,1,0
BRDA:35,1,0,0
BRDA:35,1,1,0
BRF:4
BRH:0
end_of_record
TN:
SF:/Users/tony/work/github/spore/spore-kit/packages/env/touchable.js
FN:13,touchable
FNF:1
FNH:0
FNDA:0,touchable
DA:11,1
DA:14,0
DA:15,0
DA:18,0
DA:21,1
LF:5
LH:2
BRDA:14,0,0,0
BRDA:14,0,1,0
BRDA:15,1,0,0
BRDA:15,1,1,0
BRDA:15,1,2,0
BRF:5
BRH:0
end_of_record
TN:
SF:/Users/tony/work/github/spore/spore-kit/packages/env/uaMatch.js
FN:19,uaMatch
FN:30,(anonymous_1)
FNF:2
FNH:0
FNDA:0,uaMatch
FNDA:0,(anonymous_1)
DA:20,0
DA:21,0
DA:22,0
DA:23,0
DA:25,0
DA:28,0
DA:29,0
DA:30,0
DA:31,0
DA:32,0
DA:33,0
DA:34,0
DA:35,0
DA:37,0
DA:40,0
DA:41,0
DA:42,0
DA:43,0
DA:45,0
DA:48,0
DA:49,0
DA:50,0
DA:57,0
DA:60,2
LF:24
LH:1
BRDA:21,0,0,0
BRDA:21,0,1,0
BRDA:22,1,0,0
BRDA:22,1,1,0
BRDA:29,2,0,0
BRDA:29,2,1,0
BRDA:32,3,0,0
BRDA:32,3,1,0
BRDA:33,4,0,0
BRDA:33,4,1,0
BRDA:34,5,0,0
BRDA:34,5,1,0
BRDA:37,6,0,0
BRDA:37,6,1,0
BRDA:41,7,0,0
BRDA:41,7,1,0
BRDA:42,8,0,0
BRDA:42,8,1,0
BRDA:48,9,0,0
BRDA:48,9,1,0
BRDA:49,10,0,0
BRDA:49,10,1,0
BRF:22
BRH:0
end_of_record
TN:
SF:/Users/tony/work/github/spore/spore-kit/packages/env/webp.js
FN:16,support
FNF:1
FNH:0
FNDA:0,support
DA:1,1
DA:17,0
DA:18,0
DA:24,0
DA:27,1
DA:28,1
DA:30,1
LF:7
LH:4
BRDA:17,0,0,0
BRDA:17,0,1,0
BRDA:18,1,0,0
BRDA:18,1,1,0
BRF:4
BRH:0
end_of_record
TN:
SF:/Users/tony/work/github/spore/spore-kit/packages/evt/events.js
FN:29,(anonymous_0)
FN:41,(anonymous_1)
FN:66,(anonymous_2)
FN:114,(anonymous_3)
FN:185,(anonymous_4)
FN:258,(anonymous_5)
FNF:6
FNH:1
FNDA:0,(anonymous_0)
FNDA:0,(anonymous_1)
FNDA:0,(anonymous_2)
FNDA:0,(anonymous_3)
FNDA:0,(anonymous_4)
FNDA:1,(anonymous_5)
DA:21,3
DA:26,3
DA:28,3
DA:29,0
DA:30,0
DA:32,0
DA:33,0
DA:34,0
DA:37,0
DA:41,3
DA:66,3
DA:70,0
DA:71,0
DA:74,0
DA:75,0
DA:77,0
DA:78,0
DA:79,0
DA:80,0
DA:81,0
DA:84,0
DA:114,3
DA:121,0
DA:122,0
DA:123,0
DA:125,0
DA:126,0
DA:127,0
DA:130,0
DA:133,0
DA:134,0
DA:135,0
DA:136,0
DA:139,0
DA:140,0
DA:141,0
DA:144,0
DA:145,0
DA:151,0
DA:156,0
DA:185,3
DA:192,0
DA:195,0
DA:196,0
DA:197,0
DA:200,0
DA:204,0
DA:205,0
DA:210,0
DA:212,0
DA:213,0
DA:214,0
DA:217,0
DA:218,0
DA:219,0
DA:223,0
DA:224,0
DA:225,0
DA:230,0
DA:231,0
DA:232,0
DA:233,0
DA:238,0
DA:258,3
DA:259,1
DA:260,1
DA:262,1
DA:263,3
DA:264,3
DA:269,3
LF:70
LH:14
BRDA:28,0,0,0
BRDA:28,0,1,3
BRDA:33,1,0,0
BRDA:33,1,1,0
BRDA:70,2,0,0
BRDA:70,2,1,0
BRDA:74,3,0,0
BRDA:74,3,1,0
BRDA:79,4,0,0
BRDA:79,4,1,0
BRDA:122,5,0,0
BRDA:122,5,1,0
BRDA:125,6,0,0
BRDA:125,6,1,0
BRDA:125,7,0,0
BRDA:125,7,1,0
BRDA:125,7,2,0
BRDA:130,8,0,0
BRDA:130,8,1,0
BRDA:135,9,0,0
BRDA:135,9,1,0
BRDA:139,10,0,0
BRDA:139,10,1,0
BRDA:139,11,0,0
BRDA:139,11,1,0
BRDA:145,12,0,0
BRDA:145,12,1,0
BRDA:147,13,0,0
BRDA:147,13,1,0
BRDA:147,13,2,0
BRDA:147,13,3,0
BRDA:196,14,0,0
BRDA:196,14,1,0
BRDA:213,15,0,0
BRDA:213,15,1,0
BRDA:218,16,0,0
BRDA:218,16,1,0
BRDA:223,17,0,0
BRDA:223,17,1,0
BRDA:225,18,0,0
BRDA:225,18,1,0
BRDA:230,19,0,0
BRDA:230,19,1,0
BRDA:233,20,0,0
BRDA:233,20,1,0
BRDA:259,21,0,1
BRDA:259,21,1,0
BRDA:263,22,0,3
BRDA:263,22,1,0
BRF:49
BRH:3
end_of_record
TN:
SF:/Users/tony/work/github/spore/spore-kit/packages/evt/index.js
FNF:0
FNH:0
DA:18,1
DA:19,1
DA:20,1
DA:21,1
LF:4
LH:4
BRF:0
BRH:0
end_of_record
TN:
SF:/Users/tony/work/github/spore/spore-kit/packages/evt/listener.js
FN:32,(anonymous_0)
FN:48,(anonymous_1)
FN:57,(anonymous_2)
FN:68,(anonymous_3)
FN:79,(anonymous_4)
FN:90,(anonymous_5)
FN:97,(anonymous_6)
FNF:7
FNH:0
FNDA:0,(anonymous_0)
FNDA:0,(anonymous_1)
FNDA:0,(anonymous_2)
FNDA:0,(anonymous_3)
FNDA:0,(anonymous_4)
FNDA:0,(anonymous_5)
FNDA:0,(anonymous_6)
DA:30,1
DA:32,1
DA:33,0
DA:34,0
DA:35,0
DA:36,0
DA:40,1
DA:49,0
DA:58,0
DA:69,0
DA:80,0
DA:91,0
DA:94,0
DA:97,0
DA:98,0
DA:99,0
DA:105,1
LF:17
LH:4
BRDA:35,0,0,0
BRDA:35,0,1,0
BRDA:98,1,0,0
BRDA:98,1,1,0
BRF:4
BRH:0
end_of_record
TN:
SF:/Users/tony/work/github/spore/spore-kit/packages/evt/occurInside.js
FN:17,occurInside
FNF:1
FNH:0
FNDA:0,occurInside
DA:18,0
DA:19,0
DA:21,0
DA:22,0
DA:23,0
DA:24,0
DA:25,0
DA:26,0
DA:28,0
DA:33,0
DA:36,1
LF:11
LH:1
BRDA:18,0,0,0
BRDA:18,0,1,0
BRDA:18,0,2,0
BRDA:21,1,0,0
BRDA:21,1,1,0
BRDA:21,2,0,0
BRDA:21,2,1,0
BRDA:21,2,2,0
BRDA:25,3,0,0
BRDA:25,3,1,0
BRF:10
BRH:0
end_of_record
TN:
SF:/Users/tony/work/github/spore/spore-kit/packages/evt/tapStop.js
FN:19,(anonymous_0)
FN:44,(anonymous_1)
FN:61,(anonymous_2)
FNF:3
FNH:0
FNDA:0,(anonymous_0)
FNDA:0,(anonymous_1)
FNDA:0,(anonymous_2)
DA:14,1
DA:15,1
DA:16,1
DA:17,1
DA:19,1
DA:20,0
DA:22,0
DA:27,0
DA:28,0
DA:29,0
DA:43,0
DA:44,0
DA:45,0
DA:46,0
DA:48,0
DA:49,0
DA:50,0
DA:52,0
DA:55,0
DA:56,0
DA:60,0
DA:61,0
DA:62,0
DA:66,1
LF:24
LH:6
BRDA:20,0,0,0
BRDA:20,0,1,0
BRDA:20,0,2,0
BRDA:27,1,0,0
BRDA:27,1,1,0
BRDA:43,2,0,0
BRDA:43,2,1,0
BRDA:45,3,0,0
BRDA:45,3,1,0
BRDA:45,4,0,0
BRDA:45,4,1,0
BRDA:45,4,2,0
BRDA:55,5,0,0
BRDA:55,5,1,0
BRF:14
BRH:0
end_of_record
TN:
SF:/Users/tony/work/github/spore/spore-kit/packages/fn/delay.js
FN:24,delay
FN:26,(anonymous_1)
FN:32,(anonymous_2)
FNF:3
FNH:1
FNDA:1,delay
FNDA:0,(anonymous_1)
FNDA:0,(anonymous_2)
DA:25,1
DA:26,1
DA:27,0
DA:28,0
DA:29,0
DA:31,0
DA:32,0
DA:33,0
DA:34,0
DA:40,1
LF:10
LH:3
BRDA:27,0,0,0
BRDA:27,0,1,0
BRDA:28,1,0,0
BRDA:28,1,1,0
BRDA:33,2,0,0
BRDA:33,2,1,0
BRF:6
BRH:0
end_of_record
TN:
SF:/Users/tony/work/github/spore/spore-kit/packages/fn/index.js
FNF:0
FNH:0
DA:18,1
DA:19,1
DA:20,1
DA:21,1
DA:22,1
DA:23,1
LF:6
LH:6
BRF:0
BRH:0
end_of_record
TN:
SF:/Users/tony/work/github/spore/spore-kit/packages/fn/lock.js
FN:18,lock
FN:20,(anonymous_1)
FN:26,(anonymous_2)
FNF:3
FNH:0
FNDA:0,lock
FNDA:0,(anonymous_1)
FNDA:0,(anonymous_2)
DA:19,0
DA:20,0
DA:21,0
DA:22,0
DA:24,0
DA:25,0
DA:26,0
DA:27,0
DA:29,0
DA:30,0
DA:35,1
LF:11
LH:1
BRDA:21,0,0,0
BRDA:21,0,1,0
BRDA:24,1,0,0
BRDA:24,1,1,0
BRDA:29,2,0,0
BRDA:29,2,1,0
BRF:6
BRH:0
end_of_record
TN:
SF:/Users/tony/work/github/spore/spore-kit/packages/fn/once.js
FN:16,once
FN:17,(anonymous_1)
FNF:2
FNH:0
FNDA:0,once
FNDA:0,(anonymous_1)
DA:17,0
DA:18,0
DA:19,0
DA:20,0
DA:21,0
DA:22,0
DA:27,1
LF:7
LH:1
BRDA:18,0,0,0
BRDA:18,0,1,0
BRDA:19,1,0,0
BRDA:19,1,1,0
BRF:4
BRH:0
end_of_record
TN:
SF:/Users/tony/work/github/spore/spore-kit/packages/fn/prepare.js
FN:45,prepare
FN:50,(anonymous_1)
FN:60,(anonymous_2)
FNF:3
FNH:0
FNDA:0,prepare
FNDA:0,(anonymous_1)
FNDA:0,(anonymous_2)
DA:46,0
DA:47,0
DA:50,0
DA:51,0
DA:52,0
DA:53,0
DA:56,0
DA:60,0
DA:61,0
DA:62,0
DA:63,0
DA:64,0
DA:65,0
DA:66,0
DA:71,0
DA:74,1
LF:16
LH:1
BRDA:51,0,0,0
BRDA:51,0,1,0
BRDA:52,1,0,0
BRDA:52,1,1,0
BRDA:65,2,0,0
BRDA:65,2,1,0
BRF:6
BRH:0
end_of_record
TN:
SF:/Users/tony/work/github/spore/spore-kit/packages/fn/queue.js
FN:20,queue
FN:23,(anonymous_1)
FN:26,(anonymous_2)
FN:32,(anonymous_3)
FNF:4
FNH:0
FNDA:0,queue
FNDA:0,(anonymous_1)
FNDA:0,(anonymous_2)
FNDA:0,(anonymous_3)
DA:21,0
DA:22,0
DA:23,0
DA:24,0
DA:25,0
DA:26,0
DA:27,0
DA:28,0
DA:31,0
DA:32,0
DA:33,0
DA:34,0
DA:35,0
DA:37,0
DA:44,1
LF:15
LH:1
BRDA:24,0,0,0
BRDA:24,0,1,0
BRDA:27,1,0,0
BRDA:27,1,1,0
BRDA:31,2,0,0
BRDA:31,2,1,0
BRDA:33,3,0,0
BRDA:33,3,1,0
BRF:8
BRH:0
end_of_record
TN:
SF:/Users/tony/work/github/spore/spore-kit/packages/fn/regular.js
FN:22,reqular
FN:25,(anonymous_1)
FN:30,(anonymous_2)
FNF:3
FNH:0
FNDA:0,reqular
FNDA:0,(anonymous_1)
FNDA:0,(anonymous_2)
DA:23,0
DA:24,0
DA:25,0
DA:26,0
DA:27,0
DA:28,0
DA:29,0
DA:30,0
DA:31,0
DA:32,0
DA:34,0
DA:35,0
DA:36,0
DA:38,0
DA:44,1
LF:15
LH:1
BRDA:26,0,0,0
BRDA:26,0,1,0
BRDA:29,1,0,0
BRDA:29,1,1,0
BRDA:31,2,0,0
BRDA:31,2,1,0
BRDA:34,3,0,0
BRDA:34,3,1,0
BRF:8
BRH:0
end_of_record
TN:
SF:/Users/tony/work/github/spore/spore-kit/packages/fx/easing.js
FN:29,(anonymous_0)
FN:33,(anonymous_1)
FN:37,(anonymous_2)
FN:41,(anonymous_3)
FN:45,(anonymous_4)
FN:49,(anonymous_5)
FN:53,(anonymous_6)
FN:57,(anonymous_7)
FN:61,(anonymous_8)
FN:65,(anonymous_9)
FN:69,(anonymous_10)
FN:73,(anonymous_11)
FN:77,(anonymous_12)
FNF:13
FNH:0
FNDA:0,(anonymous_0)
FNDA:0,(anonymous_1)
FNDA:0,(anonymous_2)
FNDA:0,(anonymous_3)
FNDA:0,(anonymous_4)
FNDA:0,(anonymous_5)
FNDA:0,(anonymous_6)
FNDA:0,(anonymous_7)
FNDA:0,(anonymous_8)
FNDA:0,(anonymous_9)
FNDA:0,(anonymous_10)
FNDA:0,(anonymous_11)
FNDA:0,(anonymous_12)
DA:27,1
DA:30,0
DA:34,0
DA:38,0
DA:42,0
DA:46,0
DA:50,0
DA:54,0
DA:58,0
DA:62,0
DA:66,0
DA:70,0
DA:74,0
DA:78,0
DA:82,1
LF:15
LH:2
BRDA:42,0,0,0
BRDA:42,0,1,0
BRDA:54,1,0,0
BRDA:54,1,1,0
BRDA:66,2,0,0
BRDA:66,2,1,0
BRDA:78,3,0,0
BRDA:78,3,1,0
BRF:8
BRH:0
end_of_record
TN:
SF:/Users/tony/work/github/spore/spore-kit/packages/fx/flashAction.js
FN:27,flashAction
FN:44,(anonymous_1)
FN:45,(anonymous_2)
FNF:3
FNH:0
FNDA:0,flashAction
FNDA:0,(anonymous_1)
FNDA:0,(anonymous_2)
DA:25,1
DA:28,0
DA:39,0
DA:40,0
DA:41,0
DA:44,0
DA:45,0
DA:46,0
DA:47,0
DA:48,0
DA:50,0
DA:51,0
DA:52,0
DA:54,0
DA:55,0
DA:61,1
LF:16
LH:2
BRDA:46,0,0,0
BRDA:46,0,1,0
BRDA:47,1,0,0
BRDA:47,1,1,0
BRDA:50,2,0,0
BRDA:50,2,1,0
BRDA:51,3,0,0
BRDA:51,3,1,0
BRDA:54,4,0,0
BRDA:54,4,1,0
BRF:10
BRH:0
end_of_record
TN:
SF:/Users/tony/work/github/spore/spore-kit/packages/fx/fx.js
FN:44,(anonymous_0)
FN:54,(anonymous_1)
FN:65,(anonymous_2)
FN:77,(anonymous_3)
FN:97,(anonymous_4)
FN:113,(anonymous_5)
FN:114,(anonymous_6)
FN:119,(anonymous_7)
FN:150,(anonymous_8)
FN:154,(anonymous_9)
FN:158,(anonymous_10)
FN:179,(anonymous_11)
FN:208,(anonymous_12)
FN:230,(anonymous_13)
FN:249,(anonymous_14)
FN:267,(anonymous_15)
FN:285,(anonymous_16)
FN:293,(anonymous_17)
FNF:18
FNH:0
FNDA:0,(anonymous_0)
FNDA:0,(anonymous_1)
FNDA:0,(anonymous_2)
FNDA:0,(anonymous_3)
FNDA:0,(anonymous_4)
FNDA:0,(anonymous_5)
FNDA:0,(anonymous_6)
FNDA:0,(anonymous_7)
FNDA:0,(anonymous_8)
FNDA:0,(anonymous_9)
FNDA:0,(anonymous_10)
FNDA:0,(anonymous_11)
FNDA:0,(anonymous_12)
FNDA:0,(anonymous_13)
FNDA:0,(anonymous_14)
FNDA:0,(anonymous_15)
FNDA:0,(anonymous_16)
FNDA:0,(anonymous_17)
DA:32,1
DA:33,1
DA:34,1
DA:35,1
DA:36,1
DA:37,1
DA:41,1
DA:42,1
DA:44,1
DA:45,0
DA:46,0
DA:47,0
DA:48,0
DA:49,0
DA:54,1
DA:55,0
DA:56,0
DA:57,0
DA:58,0
DA:65,1
DA:66,0
DA:67,0
DA:68,0
DA:69,0
DA:70,0
DA:71,0
DA:76,1
DA:78,0
DA:98,0
DA:114,0
DA:115,0
DA:120,0
DA:121,0
DA:122,0
DA:123,0
DA:124,0
DA:126,0
DA:129,0
DA:130,0
DA:131,0
DA:133,0
DA:134,0
DA:135,0
DA:151,0
DA:155,0
DA:159,0
DA:160,0
DA:162,0
DA:163,0
DA:164,0
DA:166,0
DA:180,0
DA:181,0
DA:183,0
DA:184,0
DA:185,0
DA:186,0
DA:187,0
DA:188,0
DA:189,0
DA:190,0
DA:191,0
DA:192,0
DA:193,0
DA:194,0
DA:195,0
DA:196,0
DA:209,0
DA:210,0
DA:211,0
DA:212,0
DA:213,0
DA:215,0
DA:218,0
DA:231,0
DA:232,0
DA:233,0
DA:234,0
DA:235,0
DA:237,0
DA:250,0
DA:251,0
DA:252,0
DA:254,0
DA:268,0
DA:269,0
DA:271,0
DA:286,0
DA:287,0
DA:291,1
DA:293,1
DA:294,0
DA:297,1
DA:299,1
LF:94
LH:16
BRDA:48,0,0,0
BRDA:48,0,1,0
BRDA:55,1,0,0
BRDA:55,1,1,0
BRDA:57,2,0,0
BRDA:57,2,1,0
BRDA:67,3,0,0
BRDA:67,3,1,0
BRDA:69,4,0,0
BRDA:69,4,1,0
BRDA:69,5,0,0
BRDA:69,5,1,0
BRDA:120,6,0,0
BRDA:120,6,1,0
BRDA:121,7,0,0
BRDA:121,7,1,0
BRDA:129,8,0,0
BRDA:129,8,1,0
BRDA:159,9,0,0
BRDA:159,9,1,0
BRDA:162,10,0,0
BRDA:162,10,1,0
BRDA:180,11,0,0
BRDA:180,11,1,0
BRDA:185,12,0,0
BRDA:185,12,1,0
BRDA:191,13,0,0
BRDA:191,13,1,0
BRDA:191,13,2,0
BRDA:193,14,0,0
BRDA:193,14,1,0
BRDA:209,15,0,0
BRDA:209,15,1,0
BRDA:212,16,0,0
BRDA:212,16,1,0
BRDA:231,17,0,0
BRDA:231,17,1,0
BRDA:250,18,0,0
BRDA:250,18,1,0
BRDA:268,19,0,0
BRDA:268,19,1,0
BRDA:268,20,0,0
BRDA:268,20,1,0
BRDA:287,21,0,0
BRDA:287,21,1,0
BRF:45
BRH:0
end_of_record
TN:
SF:/Users/tony/work/github/spore/spore-kit/packages/fx/index.js
FNF:0
FNH:0
DA:18,1
DA:19,1
DA:20,1
DA:21,1
DA:22,1
DA:23,1
DA:24,1
LF:7
LH:7
BRF:0
BRH:0
end_of_record
TN:
SF:/Users/tony/work/github/spore/spore-kit/packages/fx/smoothScrollTo.js
FN:17,smoothScrollTo
FN:38,(anonymous_1)
FN:49,(anonymous_2)
FN:71,(anonymous_3)
FNF:4
FNH:0
FNDA:0,smoothScrollTo
FNDA:0,(anonymous_1)
FNDA:0,(anonymous_2)
FNDA:0,(anonymous_3)
DA:15,1
DA:18,0
DA:20,0
DA:29,0
DA:30,0
DA:31,0
DA:34,0
DA:36,0
DA:38,0
DA:39,0
DA:40,0
DA:41,0
DA:42,0
DA:43,0
DA:44,0
DA:49,0
DA:50,0
DA:51,0
DA:52,0
DA:53,0
DA:54,0
DA:55,0
DA:58,0
DA:59,0
DA:60,0
DA:62,0
DA:64,0
DA:66,0
DA:67,0
DA:71,0
DA:72,0
DA:76,1
LF:32
LH:2
BRDA:18,0,0,0
BRDA:18,0,1,0
BRDA:18,0,2,0
BRDA:39,1,0,0
BRDA:39,1,1,0
BRDA:43,2,0,0
BRDA:43,2,1,0
BRDA:52,3,0,0
BRDA:52,3,1,0
BRDA:54,4,0,0
BRDA:54,4,1,0
BRDA:59,5,0,0
BRDA:59,5,1,0
BRDA:66,6,0,0
BRDA:66,6,1,0
BRDA:66,7,0,0
BRDA:66,7,1,0
BRF:17
BRH:0
end_of_record
TN:
SF:/Users/tony/work/github/spore/spore-kit/packages/fx/sticky.js
FN:15,sticky
FN:70,(anonymous_1)
FN:79,(anonymous_2)
FN:84,(anonymous_3)
FN:91,(anonymous_4)
FN:120,(anonymous_5)
FNF:6
FNH:0
FNDA:0,sticky
FNDA:0,(anonymous_1)
FNDA:0,(anonymous_2)
FNDA:0,(anonymous_3)
FNDA:0,(anonymous_4)
FNDA:0,(anonymous_5)
DA:16,0
DA:18,0
DA:19,0
DA:21,0
DA:22,0
DA:23,0
DA:25,0
DA:26,0
DA:27,0
DA:29,0
DA:40,0
DA:42,0
DA:43,0
DA:45,0
DA:46,0
DA:49,0
DA:50,0
DA:53,0
DA:55,0
DA:56,0
DA:58,0
DA:61,0
DA:62,0
DA:63,0
DA:66,0
DA:70,0
DA:71,0
DA:72,0
DA:73,0
DA:74,0
DA:75,0
DA:79,0
DA:80,0
DA:81,0
DA:82,0
DA:83,0
DA:84,0
DA:85,0
DA:90,0
DA:91,0
DA:92,0
DA:93,0
DA:96,0
DA:97,0
DA:98,0
DA:100,0
DA:103,0
DA:104,0
DA:106,0
DA:109,0
DA:110,0
DA:114,0
DA:120,0
DA:121,0
DA:122,0
DA:124,0
DA:126,0
DA:129,0
DA:130,0
DA:132,0
DA:135,0
DA:136,0
DA:137,0
DA:138,0
DA:139,0
DA:143,0
DA:144,0
DA:147,1
LF:68
LH:1
BRDA:16,0,0,0
BRDA:16,0,1,0
BRDA:16,0,2,0
BRDA:23,1,0,0
BRDA:23,1,1,0
BRDA:42,2,0,0
BRDA:42,2,1,0
BRDA:45,3,0,0
BRDA:45,3,1,0
BRDA:49,4,0,0
BRDA:49,4,1,0
BRDA:55,5,0,0
BRDA:55,5,1,0
BRDA:61,6,0,0
BRDA:61,6,1,0
BRDA:71,7,0,0
BRDA:71,7,1,0
BRDA:80,8,0,0
BRDA:80,8,1,0
BRDA:92,9,0,0
BRDA:92,9,1,0
BRDA:97,10,0,0
BRDA:97,10,1,0
BRDA:103,11,0,0
BRDA:103,11,1,0
BRDA:109,12,0,0
BRDA:109,12,1,0
BRDA:121,13,0,0
BRDA:121,13,1,0
BRDA:121,14,0,0
BRDA:121,14,1,0
BRDA:124,15,0,0
BRDA:124,15,1,0
BRDA:124,16,0,0
BRDA:124,16,1,0
BRDA:129,17,0,0
BRDA:129,17,1,0
BRF:37
BRH:0
end_of_record
TN:
SF:/Users/tony/work/github/spore/spore-kit/packages/fx/timer.js
FN:14,factory
FN:32,(anonymous_1)
FN:46,(anonymous_2)
FN:54,(anonymous_3)
FN:59,(anonymous_4)
FN:76,(anonymous_5)
FN:80,(anonymous_6)
FNF:7
FNH:1
FNDA:4,factory
FNDA:0,(anonymous_1)
FNDA:0,(anonymous_2)
FNDA:0,(anonymous_3)
FNDA:0,(anonymous_4)
FNDA:0,(anonymous_5)
FNDA:0,(anonymous_6)
DA:12,1
DA:15,4
DA:16,4
DA:17,4
DA:19,4
DA:20,0
DA:21,0
DA:24,4
DA:26,0
DA:27,0
DA:28,0
DA:32,0
DA:33,0
DA:34,0
DA:35,0
DA:36,0
DA:38,0
DA:42,0
DA:43,0
DA:45,0
DA:46,0
DA:47,0
DA:48,0
DA:49,0
DA:50,0
DA:54,0
DA:55,0
DA:56,0
DA:57,0
DA:58,0
DA:59,0
DA:60,0
DA:61,0
DA:62,0
DA:63,0
DA:64,0
DA:66,0
DA:69,0
DA:71,0
DA:72,0
DA:75,0
DA:76,0
DA:77,0
DA:79,0
DA:80,0
DA:81,0
DA:83,0
DA:84,0
DA:85,0
DA:86,0
DA:91,4
DA:92,4
DA:95,4
DA:106,1
DA:114,1
DA:124,1
DA:132,1
DA:134,1
LF:58
LH:14
BRDA:19,0,0,0
BRDA:19,0,1,4
BRDA:21,1,0,0
BRDA:21,1,1,0
BRDA:21,1,2,0
BRDA:24,2,0,0
BRDA:24,2,1,4
BRDA:24,3,0,4
BRDA:24,3,1,0
BRDA:27,4,0,0
BRDA:27,4,1,0
BRDA:34,5,0,0
BRDA:34,5,1,0
BRDA:35,6,0,0
BRDA:35,6,1,0
BRDA:43,7,0,0
BRDA:43,7,1,0
BRDA:45,8,0,0
BRDA:45,8,1,0
BRDA:47,9,0,0
BRDA:47,9,1,0
BRDA:47,10,0,0
BRDA:47,10,1,0
BRDA:57,11,0,0
BRDA:57,11,1,0
BRDA:61,12,0,0
BRDA:61,12,1,0
BRDA:63,13,0,0
BRDA:63,13,1,0
BRDA:75,14,0,0
BRDA:75,14,1,0
BRDA:79,15,0,0
BRDA:79,15,1,0
BRDA:83,16,0,0
BRDA:83,16,1,0
BRDA:85,17,0,0
BRDA:85,17,1,0
BRDA:91,18,0,4
BRDA:91,18,1,0
BRDA:91,19,0,4
BRDA:91,19,1,4
BRF:41
BRH:6
end_of_record
TN:
SF:/Users/tony/work/github/spore/spore-kit/packages/fx/transitions.js
FN:35,(anonymous_0)
FN:39,(anonymous_1)
FN:44,(anonymous_2)
FN:47,(anonymous_3)
FN:58,(anonymous_4)
FN:63,(anonymous_5)
FN:64,(anonymous_6)
FN:70,(anonymous_7)
FN:74,(anonymous_8)
FN:78,(anonymous_9)
FN:82,(anonymous_10)
FN:86,(anonymous_11)
FN:91,(anonymous_12)
FN:104,(anonymous_13)
FN:112,(anonymous_14)
FN:113,(anonymous_15)
FN:119,(anonymous_16)
FNF:17
FNH:4
FNDA:11,(anonymous_0)
FNDA:0,(anonymous_1)
FNDA:0,(anonymous_2)
FNDA:0,(anonymous_3)
FNDA:0,(anonymous_4)
FNDA:1,(anonymous_5)
FNDA:7,(anonymous_6)
FNDA:0,(anonymous_7)
FNDA:0,(anonymous_8)
FNDA:0,(anonymous_9)
FNDA:0,(anonymous_10)
FNDA:0,(anonymous_11)
FNDA:0,(anonymous_12)
FNDA:0,(anonymous_13)
FNDA:4,(anonymous_14)
FNDA:0,(anonymous_15)
FNDA:0,(anonymous_16)
DA:30,1
DA:31,1
DA:33,1
DA:35,1
DA:36,11
DA:37,11
DA:39,11
DA:40,0
DA:42,11
DA:45,0
DA:48,0
DA:57,1
DA:59,0
DA:63,1
DA:64,1
DA:65,7
DA:69,1
DA:71,0
DA:75,0
DA:79,0
DA:83,0
DA:87,0
DA:88,0
DA:93,0
DA:94,0
DA:95,0
DA:96,0
DA:97,0
DA:98,0
DA:100,0
DA:101,0
DA:105,0
DA:112,1
DA:113,4
DA:114,0
DA:118,1
DA:120,0
DA:121,0
DA:122,0
DA:123,0
DA:124,0
DA:125,0
DA:126,0
DA:129,0
DA:133,1
LF:45
LH:17
BRDA:36,0,0,11
BRDA:36,0,1,0
BRDA:49,1,0,0
BRDA:49,1,1,0
BRDA:71,2,0,0
BRDA:71,2,1,0
BRDA:71,2,2,0
BRDA:87,3,0,0
BRDA:87,3,1,0
BRDA:87,3,2,0
BRDA:107,4,0,0
BRDA:107,4,1,0
BRDA:107,4,2,0
BRDA:120,5,0,0
BRDA:120,5,1,0
BRDA:121,6,0,0
BRDA:121,6,1,0
BRDA:124,7,0,0
BRDA:124,7,1,0
BRDA:125,8,0,0
BRDA:125,8,1,0
BRDA:126,9,0,0
BRDA:126,9,1,0
BRF:23
BRH:1
end_of_record
TN:
SF:/Users/tony/work/github/spore/spore-kit/packages/io/getScript.js
FN:17,getScript
FN:22,(anonymous_1)
FN:31,(anonymous_2)
FNF:3
FNH:0
FNDA:0,getScript
FNDA:0,(anonymous_1)
FNDA:0,(anonymous_2)
DA:18,0
DA:20,0
DA:21,0
DA:22,0
DA:24,0
DA:25,0
DA:26,0
DA:28,0
DA:29,0
DA:31,0
DA:32,0
DA:37,0
DA:38,0
DA:40,0
DA:41,0
DA:42,0
DA:45,0
DA:46,0
DA:47,0
DA:50,1
LF:20
LH:1
BRDA:18,0,0,0
BRDA:18,0,1,0
BRDA:20,1,0,0
BRDA:20,1,1,0
BRDA:21,2,0,0
BRDA:21,2,1,0
BRDA:22,3,0,0
BRDA:22,3,1,0
BRDA:28,4,0,0
BRDA:28,4,1,0
BRDA:32,5,0,0
BRDA:32,5,1,0
BRDA:33,6,0,0
BRDA:33,6,1,0
BRDA:33,6,2,0
BRDA:37,7,0,0
BRDA:37,7,1,0
BRF:17
BRH:0
end_of_record
TN:
SF:/Users/tony/work/github/spore/spore-kit/packages/io/iframePost.js
FN:34,get$
FN:45,getHiddenBox
FN:54,getForm
FN:61,getHiddenInput
FN:71,getIframe
FN:84,iframePost
FN:116,(anonymous_6)
FN:129,(anonymous_7)
FN:185,(anonymous_8)
FNF:9
FNH:0
FNDA:0,get$
FNDA:0,getHiddenBox
FNDA:0,getForm
FNDA:0,getHiddenInput
FNDA:0,getIframe
FNDA:0,iframePost
FNDA:0,(anonymous_6)
FNDA:0,(anonymous_7)
FNDA:0,(anonymous_8)
DA:32,1
DA:36,0
DA:37,0
DA:39,0
DA:40,0
DA:42,0
DA:46,0
DA:47,0
DA:48,0
DA:49,0
DA:51,0
DA:55,0
DA:56,0
DA:57,0
DA:58,0
DA:62,0
DA:63,0
DA:64,0
DA:65,0
DA:66,0
DA:68,0
DA:72,0
DA:73,0
DA:80,0
DA:81,0
DA:85,0
DA:86,0
DA:101,0
DA:102,0
DA:104,0
DA:105,0
DA:106,0
DA:110,0
DA:111,0
DA:112,0
DA:114,0
DA:115,0
DA:116,0
DA:117,0
DA:118,0
DA:120,0
DA:128,0
DA:129,0
DA:130,0
DA:139,0
DA:141,0
DA:142,0
DA:144,0
DA:145,0
DA:147,0
DA:148,0
DA:150,0
DA:151,0
DA:152,0
DA:155,0
DA:156,0
DA:157,0
DA:158,0
DA:159,0
DA:160,0
DA:163,0
DA:164,0
DA:166,0
DA:167,0
DA:168,0
DA:170,0
DA:171,0
DA:173,0
DA:174,0
DA:175,0
DA:176,0
DA:177,0
DA:184,0
DA:185,0
DA:186,0
DA:187,0
DA:189,0
DA:190,0
DA:193,0
DA:196,0
DA:201,0
DA:203,0
DA:206,1
LF:83
LH:2
BRDA:36,0,0,0
BRDA:36,0,1,0
BRDA:37,1,0,0
BRDA:37,1,1,0
BRDA:37,1,2,0
BRDA:39,2,0,0
BRDA:39,2,1,0
BRDA:47,3,0,0
BRDA:47,3,1,0
BRDA:64,4,0,0
BRDA:64,4,1,0
BRDA:104,5,0,0
BRDA:104,5,1,0
BRDA:105,6,0,0
BRDA:105,6,1,0
BRDA:106,7,0,0
BRDA:106,7,1,0
BRDA:111,8,0,0
BRDA:111,8,1,0
BRDA:115,9,0,0
BRDA:115,9,1,0
BRDA:117,10,0,0
BRDA:117,10,1,0
BRDA:128,11,0,0
BRDA:128,11,1,0
BRDA:150,12,0,0
BRDA:150,12,1,0
BRDA:157,13,0,0
BRDA:157,13,1,0
BRDA:159,14,0,0
BRDA:159,14,1,0
BRDA:170,15,0,0
BRDA:170,15,1,0
BRDA:173,16,0,0
BRDA:173,16,1,0
BRDA:173,17,0,0
BRDA:173,17,1,0
BRDA:176,18,0,0
BRDA:176,18,1,0
BRDA:178,19,0,0
BRDA:178,19,1,0
BRDA:184,20,0,0
BRDA:184,20,1,0
BRDA:186,21,0,0
BRDA:186,21,1,0
BRDA:189,22,0,0
BRDA:189,22,1,0
BRF:47
BRH:0
end_of_record
TN:
SF:/Users/tony/work/github/spore/spore-kit/packages/io/index.js
FNF:0
FNH:0
DA:18,1
DA:19,1
LF:2
LH:2
BRF:0
BRH:0
end_of_record
TN:
SF:/Users/tony/work/github/spore/spore-kit/packages/location/getQuery.js
FN:18,getQuery
FN:28,(anonymous_1)
FNF:2
FNH:2
FNDA:1,getQuery
FNDA:1,(anonymous_1)
DA:16,1
DA:19,1
DA:21,1
DA:22,1
DA:23,1
DA:24,1
DA:25,1
DA:27,1
DA:28,1
DA:29,1
DA:30,1
DA:31,1
DA:32,1
DA:33,1
DA:37,1
DA:40,1
DA:41,0
DA:43,1
DA:47,1
LF:19
LH:18
BRDA:19,0,0,1
BRDA:19,0,1,1
BRDA:21,1,0,1
BRDA:21,1,1,0
BRDA:23,2,0,1
BRDA:23,2,1,0
BRDA:30,3,0,1
BRDA:30,3,1,0
BRDA:40,4,0,0
BRDA:40,4,1,1
BRDA:43,5,0,1
BRDA:43,5,1,0
BRF:12
BRH:7
end_of_record
TN:
SF:/Users/tony/work/github/spore/spore-kit/packages/location/index.js
FNF:0
FNH:0
DA:18,1
DA:19,1
DA:20,1
LF:3
LH:3
BRF:0
BRH:0
end_of_record
TN:
SF:/Users/tony/work/github/spore/spore-kit/packages/location/parse.js
FN:20,parse
FNF:1
FNH:0
FNDA:0,parse
DA:21,0
DA:22,0
DA:23,0
DA:24,0
DA:25,0
DA:26,0
DA:27,0
DA:30,0
DA:33,1
LF:9
LH:1
BRDA:25,0,0,0
BRDA:25,0,1,0
BRDA:27,1,0,0
BRDA:27,1,1,0
BRF:4
BRH:0
end_of_record
TN:
SF:/Users/tony/work/github/spore/spore-kit/packages/location/setQuery.js
FN:20,setQuery
FN:25,(anonymous_1)
FN:29,(anonymous_2)
FN:37,(anonymous_3)
FN:50,(anonymous_4)
FNF:5
FNH:0
FNDA:0,setQuery
FNDA:0,(anonymous_1)
FNDA:0,(anonymous_2)
FNDA:0,(anonymous_3)
FNDA:0,(anonymous_4)
DA:21,0
DA:22,0
DA:24,0
DA:25,0
DA:26,0
DA:27,0
DA:29,0
DA:30,0
DA:31,0
DA:32,0
DA:34,0
DA:37,0
DA:38,0
DA:39,0
DA:40,0
DA:42,0
DA:46,0
DA:47,0
DA:48,0
DA:50,0
DA:51,0
DA:55,0
DA:59,1
LF:23
LH:1
BRDA:21,0,0,0
BRDA:21,0,1,0
BRDA:22,1,0,0
BRDA:22,1,1,0
BRDA:26,2,0,0
BRDA:26,2,1,0
BRDA:31,3,0,0
BRDA:31,3,1,0
BRDA:39,4,0,0
BRDA:39,4,1,0
BRDA:39,5,0,0
BRDA:39,5,1,0
BRDA:47,6,0,0
BRDA:47,6,1,0
BRF:14
BRH:0
end_of_record
TN:
SF:/Users/tony/work/github/spore/spore-kit/packages/mvc/base.js
FN:66,(anonymous_0)
FN:78,(anonymous_1)
FN:111,(anonymous_2)
FN:118,(anonymous_3)
FN:133,(anonymous_4)
FNF:5
FNH:0
FNDA:0,(anonymous_0)
FNDA:0,(anonymous_1)
FNDA:0,(anonymous_2)
FNDA:0,(anonymous_3)
FNDA:0,(anonymous_4)
DA:35,1
DA:36,1
DA:37,1
DA:38,1
DA:39,1
DA:40,1
DA:42,1
DA:43,1
DA:67,0
DA:68,0
DA:69,0
DA:79,0
DA:80,0
DA:81,0
DA:83,0
DA:112,0
DA:113,0
DA:114,0
DA:115,0
DA:116,0
DA:117,0
DA:118,0
DA:119,0
DA:120,0
DA:121,0
DA:125,0
DA:134,0
DA:135,0
DA:136,0
DA:140,1
DA:142,1
LF:31
LH:10
BRDA:79,0,0,0
BRDA:79,0,1,0
BRDA:80,1,0,0
BRDA:80,1,1,0
BRDA:113,2,0,0
BRDA:113,2,1,0
BRDA:116,3,0,0
BRDA:116,3,1,0
BRDA:117,4,0,0
BRDA:117,4,1,0
BRDA:119,5,0,0
BRDA:119,5,1,0
BRF:12
BRH:0
end_of_record
TN:
SF:/Users/tony/work/github/spore/spore-kit/packages/mvc/delegate.js
FN:19,delegate
FN:34,(anonymous_1)
FN:41,(anonymous_2)
FN:55,(anonymous_3)
FN:60,(anonymous_4)
FNF:5
FNH:0
FNDA:0,delegate
FNDA:0,(anonymous_1)
FNDA:0,(anonymous_2)
FNDA:0,(anonymous_3)
FNDA:0,(anonymous_4)
DA:15,1
DA:16,1
DA:17,1
DA:22,0
DA:23,0
DA:25,0
DA:26,0
DA:29,0
DA:30,0
DA:31,0
DA:32,0
DA:34,0
DA:37,0
DA:38,0
DA:40,0
DA:41,0
DA:42,0
DA:44,0
DA:45,0
DA:47,0
DA:50,0
DA:52,0
DA:53,0
DA:54,0
DA:55,0
DA:56,0
DA:59,0
DA:60,0
DA:61,0
DA:67,1
LF:30
LH:4
BRDA:22,0,0,0
BRDA:22,0,1,0
BRDA:25,1,0,0
BRDA:25,1,1,0
BRDA:25,2,0,0
BRDA:25,2,1,0
BRDA:30,3,0,0
BRDA:30,3,1,0
BRDA:31,4,0,0
BRDA:31,4,1,0
BRDA:40,5,0,0
BRDA:40,5,1,0
BRDA:44,6,0,0
BRDA:44,6,1,0
BRDA:52,7,0,0
BRDA:52,7,1,0
BRDA:54,8,0,0
BRDA:54,8,1,0
BRDA:59,9,0,0
BRDA:59,9,1,0
BRF:20
BRH:0
end_of_record
TN:
SF:/Users/tony/work/github/spore/spore-kit/packages/mvc/index.js
FNF:0
FNH:0
DA:18,1
DA:19,1
DA:20,1
DA:21,1
DA:22,1
LF:5
LH:5
BRF:0
BRH:0
end_of_record
TN:
SF:/Users/tony/work/github/spore/spore-kit/packages/mvc/klass.js
FN:8,(anonymous_0)
FN:11,isFn
FN:15,wrap
FN:16,(anonymous_3)
FN:30,process
FN:42,extend
FN:44,(anonymous_6)
FN:53,fn
FN:64,(anonymous_8)
FN:73,(anonymous_9)
FN:74,(anonymous_10)
FN:88,klass
FN:89,(anonymous_12)
FNF:13
FNH:7
FNDA:0,(anonymous_0)
FNDA:60,isFn
FNDA:3,wrap
FNDA:0,(anonymous_3)
FNDA:4,process
FNDA:3,extend
FNDA:3,(anonymous_6)
FNDA:0,fn
FNDA:4,(anonymous_8)
FNDA:0,(anonymous_9)
FNDA:0,(anonymous_10)
FNDA:1,klass
FNDA:0,(anonymous_12)
DA:8,1
DA:9,1
DA:12,60
DA:16,3
DA:17,0
DA:18,0
DA:19,0
DA:20,0
DA:21,0
DA:22,0
DA:24,0
DA:26,0
DA:31,4
DA:32,31
DA:33,31
DA:44,3
DA:45,3
DA:47,3
DA:48,3
DA:49,3
DA:50,3
DA:51,3
DA:54,0
DA:55,0
DA:57,0
DA:58,0
DA:60,0
DA:64,3
DA:65,4
DA:66,4
DA:67,4
DA:70,3
DA:72,3
DA:73,3
DA:74,0
DA:75,0
DA:76,0
DA:77,0
DA:79,0
DA:80,0
DA:83,3
DA:85,3
DA:89,1
DA:92,1
LF:44
LH:25
BRDA:8,0,0,1
BRDA:8,0,1,0
BRDA:32,1,0,31
BRDA:32,1,1,0
BRDA:33,2,0,3
BRDA:33,2,1,28
BRDA:34,3,0,31
BRDA:34,3,1,25
BRDA:34,3,2,6
BRDA:50,4,0,0
BRDA:50,4,1,3
BRDA:51,5,0,0
BRDA:51,5,1,3
BRDA:54,6,0,0
BRDA:54,6,1,0
BRDA:57,7,0,0
BRDA:57,7,1,0
BRDA:57,8,0,0
BRDA:57,8,1,0
BRDA:74,9,0,0
BRDA:74,9,1,0
BRDA:89,10,0,0
BRDA:89,10,1,1
BRF:23
BRH:10
end_of_record
TN:
SF:/Users/tony/work/github/spore/spore-kit/packages/mvc/model.js
FN:55,(anonymous_0)
FN:78,(anonymous_1)
FN:94,(anonymous_2)
FN:144,(anonymous_3)
FN:163,(anonymous_4)
FN:175,(anonymous_5)
FN:190,(anonymous_6)
FN:192,(anonymous_7)
FN:195,(anonymous_8)
FN:209,(anonymous_9)
FN:211,(anonymous_10)
FN:232,(anonymous_11)
FN:241,(anonymous_12)
FN:254,(anonymous_13)
FN:264,(anonymous_14)
FN:274,(anonymous_15)
FN:285,(anonymous_16)
FNF:17
FNH:0
FNDA:0,(anonymous_0)
FNDA:0,(anonymous_1)
FNDA:0,(anonymous_2)
FNDA:0,(anonymous_3)
FNDA:0,(anonymous_4)
FNDA:0,(anonymous_5)
FNDA:0,(anonymous_6)
FNDA:0,(anonymous_7)
FNDA:0,(anonymous_8)
FNDA:0,(anonymous_9)
FNDA:0,(anonymous_10)
FNDA:0,(anonymous_11)
FNDA:0,(anonymous_12)
FNDA:0,(anonymous_13)
FNDA:0,(anonymous_14)
FNDA:0,(anonymous_15)
FNDA:0,(anonymous_16)
DA:43,1
DA:44,1
DA:45,1
DA:46,1
DA:47,1
DA:48,1
DA:49,1
DA:50,1
DA:53,1
DA:55,1
DA:56,0
DA:57,0
DA:59,0
DA:60,0
DA:61,0
DA:62,0
DA:64,0
DA:66,0
DA:67,0
DA:68,0
DA:71,0
DA:72,0
DA:73,0
DA:74,0
DA:78,1
DA:79,0
DA:80,0
DA:81,0
DA:82,0
DA:83,0
DA:86,0
DA:87,0
DA:88,0
DA:91,0
DA:94,1
DA:95,0
DA:96,0
DA:99,1
DA:145,0
DA:146,0
DA:147,0
DA:148,0
DA:149,0
DA:151,0
DA:152,0
DA:153,0
DA:154,0
DA:164,0
DA:165,0
DA:166,0
DA:176,0
DA:177,0
DA:178,0
DA:179,0
DA:180,0
DA:191,0
DA:193,0
DA:196,0
DA:199,0
DA:210,0
DA:211,0
DA:212,0
DA:214,0
DA:215,0
DA:217,0
DA:218,0
DA:219,0
DA:233,0
DA:234,0
DA:235,0
DA:237,0
DA:239,0
DA:240,0
DA:241,0
DA:242,0
DA:244,0
DA:255,0
DA:265,0
DA:266,0
DA:275,0
DA:276,0
DA:286,0
DA:287,0
DA:288,0
DA:289,0
DA:290,0
DA:294,1
LF:87
LH:14
BRDA:56,0,0,0
BRDA:56,0,1,0
BRDA:61,1,0,0
BRDA:61,1,1,0
BRDA:67,2,0,0
BRDA:67,2,1,0
BRDA:67,3,0,0
BRDA:67,3,1,0
BRDA:71,4,0,0
BRDA:71,4,1,0
BRDA:80,5,0,0
BRDA:80,5,1,0
BRDA:82,6,0,0
BRDA:82,6,1,0
BRDA:87,7,0,0
BRDA:87,7,1,0
BRDA:87,8,0,0
BRDA:87,8,1,0
BRDA:176,9,0,0
BRDA:176,9,1,0
BRDA:177,10,0,0
BRDA:177,10,1,0
BRDA:178,11,0,0
BRDA:178,11,1,0
BRDA:179,12,0,0
BRDA:179,12,1,0
BRDA:210,13,0,0
BRDA:210,13,1,0
BRDA:214,14,0,0
BRDA:214,14,1,0
BRDA:217,15,0,0
BRDA:217,15,1,0
BRDA:233,16,0,0
BRDA:233,16,1,0
BRDA:234,17,0,0
BRDA:234,17,1,0
BRDA:239,18,0,0
BRDA:239,18,1,0
BRDA:255,19,0,0
BRDA:255,19,1,0
BRF:40
BRH:0
end_of_record
TN:
SF:/Users/tony/work/github/spore/spore-kit/packages/mvc/view.js
FN:53,get$
FN:58,(anonymous_1)
FN:104,(anonymous_2)
FN:119,(anonymous_3)
FN:137,(anonymous_4)
FN:154,(anonymous_5)
FN:185,(anonymous_6)
FN:188,(anonymous_7)
FN:201,(anonymous_8)
FNF:9
FNH:0
FNDA:0,get$
FNDA:0,(anonymous_1)
FNDA:0,(anonymous_2)
FNDA:0,(anonymous_3)
FNDA:0,(anonymous_4)
FNDA:0,(anonymous_5)
FNDA:0,(anonymous_6)
FNDA:0,(anonymous_7)
FNDA:0,(anonymous_8)
DA:50,1
DA:51,1
DA:54,0
DA:58,1
DA:59,0
DA:60,0
DA:61,0
DA:62,0
DA:63,0
DA:64,0
DA:65,0
DA:66,0
DA:68,0
DA:69,0
DA:70,0
DA:72,0
DA:74,0
DA:76,0
DA:79,1
DA:105,0
DA:107,0
DA:108,0
DA:109,0
DA:110,0
DA:120,0
DA:121,0
DA:122,0
DA:123,0
DA:125,0
DA:126,0
DA:138,0
DA:139,0
DA:140,0
DA:141,0
DA:142,0
DA:155,0
DA:156,0
DA:157,0
DA:158,0
DA:159,0
DA:160,0
DA:161,0
DA:163,0
DA:164,0
DA:165,0
DA:166,0
DA:167,0
DA:169,0
DA:171,0
DA:174,0
DA:175,0
DA:177,0
DA:186,0
DA:187,0
DA:188,0
DA:189,0
DA:190,0
DA:191,0
DA:202,0
DA:203,0
DA:204,0
DA:205,0
DA:209,1
LF:63
LH:5
BRDA:54,0,0,0
BRDA:54,0,1,0
BRDA:54,0,2,0
BRDA:64,1,0,0
BRDA:64,1,1,0
BRDA:65,2,0,0
BRDA:65,2,1,0
BRDA:68,3,0,0
BRDA:68,3,1,0
BRDA:68,4,0,0
BRDA:68,4,1,0
BRDA:69,5,0,0
BRDA:69,5,1,0
BRDA:121,6,0,0
BRDA:121,6,1,0
BRDA:122,7,0,0
BRDA:122,7,1,0
BRDA:138,8,0,0
BRDA:138,8,1,0
BRDA:139,9,0,0
BRDA:139,9,1,0
BRDA:140,10,0,0
BRDA:140,10,1,0
BRDA:141,11,0,0
BRDA:141,11,1,0
BRDA:158,12,0,0
BRDA:158,12,1,0
BRDA:159,13,0,0
BRDA:159,13,1,0
BRDA:160,14,0,0
BRDA:160,14,1,0
BRDA:163,15,0,0
BRDA:163,15,1,0
BRDA:165,16,0,0
BRDA:165,16,1,0
BRDA:165,17,0,0
BRDA:165,17,1,0
BRDA:166,18,0,0
BRDA:166,18,1,0
BRDA:189,19,0,0
BRDA:189,19,1,0
BRF:41
BRH:0
end_of_record
TN:
SF:/Users/tony/work/github/spore/spore-kit/packages/num/comma.js
FN:12,comma
FNF:1
FNH:0
FNDA:0,comma
DA:13,0
DA:14,0
DA:15,0
DA:18,1
LF:4
LH:1
BRF:0
BRH:0
end_of_record
TN:
SF:/Users/tony/work/github/spore/spore-kit/packages/num/fixTo.js
FN:11,fixTo
FNF:1
FNH:1
FNDA:8,fixTo
DA:12,8
DA:13,8
DA:14,8
DA:17,2
LF:4
LH:4
BRDA:13,0,0,8
BRDA:13,0,1,0
BRF:2
BRH:1
end_of_record
TN:
SF:/Users/tony/work/github/spore/spore-kit/packages/num/index.js
FNF:0
FNH:0
DA:18,1
DA:19,1
DA:20,1
DA:21,1
LF:4
LH:4
BRF:0
BRH:0
end_of_record
TN:
SF:/Users/tony/work/github/spore/spore-kit/packages/num/limit.js
FN:14,limit
FNF:1
FNH:1
FNDA:1,limit
DA:15,1
DA:18,1
LF:2
LH:2
BRF:0
BRH:0
end_of_record
TN:
SF:/Users/tony/work/github/spore/spore-kit/packages/num/numerical.js
FN:13,numerical
FNF:1
FNH:1
FNDA:5,numerical
DA:14,5
DA:15,5
DA:16,5
DA:19,2
LF:4
LH:4
BRDA:14,0,0,5
BRDA:14,0,1,5
BRDA:15,1,0,5
BRDA:15,1,1,5
BRDA:16,2,0,5
BRDA:16,2,1,0
BRF:6
BRH:5
end_of_record
TN:
SF:/Users/tony/work/github/spore/spore-kit/packages/obj/assign.js
FN:13,assign
FN:15,(anonymous_1)
FNF:2
FNH:2
FNDA:13,assign
FNDA:13,(anonymous_1)
DA:14,13
DA:15,13
DA:17,13
DA:18,13
DA:19,33
DA:20,33
DA:24,13
DA:27,6
LF:8
LH:8
BRDA:14,0,0,13
BRDA:14,0,1,0
BRDA:17,1,0,13
BRDA:17,1,1,2
BRDA:19,2,0,33
BRDA:19,2,1,0
BRF:6
BRH:4
end_of_record
TN:
SF:/Users/tony/work/github/spore/spore-kit/packages/obj/cover.js
FN:12,cover
FN:17,(anonymous_1)
FN:19,(anonymous_2)
FNF:3
FNH:0
FNDA:0,cover
FNDA:0,(anonymous_1)
FNDA:0,(anonymous_2)
DA:13,0
DA:14,0
DA:15,0
DA:16,0
DA:17,0
DA:18,0
DA:19,0
DA:20,0
DA:21,0
DA:27,0
DA:30,0
DA:33,1
LF:12
LH:1
BRDA:15,0,0,0
BRDA:15,0,1,0
BRDA:15,1,0,0
BRDA:15,1,1,0
BRDA:18,2,0,0
BRDA:18,2,1,0
BRDA:18,3,0,0
BRDA:18,3,1,0
BRDA:20,4,0,0
BRDA:20,4,1,0
BRF:10
BRH:0
end_of_record
TN:
SF:/Users/tony/work/github/spore/spore-kit/packages/obj/find.js
FN:13,find
FNF:1
FNH:0
FNDA:0,find
DA:14,0
DA:15,0
DA:16,0
DA:18,0
DA:19,0
DA:22,0
DA:24,0
DA:26,0
DA:27,0
DA:28,0
DA:29,0
DA:31,0
DA:35,0
DA:38,1
LF:14
LH:1
BRDA:14,0,0,0
BRDA:14,0,1,0
BRDA:15,1,0,0
BRDA:15,1,1,0
BRDA:18,2,0,0
BRDA:18,2,1,0
BRDA:28,3,0,0
BRDA:28,3,1,0
BRF:8
BRH:0
end_of_record
TN:
SF:/Users/tony/work/github/spore/spore-kit/packages/obj/index.js
FNF:0
FNH:0
DA:18,1
DA:19,1
DA:20,1
DA:21,1
LF:4
LH:4
BRF:0
BRH:0
end_of_record
TN:
SF:/Users/tony/work/github/spore/spore-kit/packages/obj/type.js
FN:24,type
FNF:1
FNH:1
FNDA:12,type
DA:25,12
DA:31,3
LF:2
LH:2
BRF:0
BRH:0
end_of_record
TN:
SF:/Users/tony/work/github/spore/spore-kit/packages/str/bLength.js
FN:10,bLength
FNF:1
FNH:1
FNDA:3,bLength
DA:12,3
DA:13,1
DA:15,2
DA:16,2
DA:19,1
LF:5
LH:5
BRDA:12,0,0,1
BRDA:12,0,1,2
BRDA:16,1,0,1
BRDA:16,1,1,1
BRF:4
BRH:4
end_of_record
TN:
SF:/Users/tony/work/github/spore/spore-kit/packages/str/dbcToSbc.js
FN:10,dbcToSbc
FN:11,(anonymous_1)
FNF:2
FNH:0
FNDA:0,dbcToSbc
FNDA:0,(anonymous_1)
DA:11,0
DA:12,0
DA:16,1
LF:3
LH:1
BRF:0
BRH:0
end_of_record
TN:
SF:/Users/tony/work/github/spore/spore-kit/packages/str/decodeHTML.js
FN:10,decodeHTML
FNF:1
FNH:0
FNDA:0,decodeHTML
DA:11,0
DA:12,0
DA:14,0
DA:23,1
LF:4
LH:1
BRDA:11,0,0,0
BRDA:11,0,1,0
BRF:2
BRH:0
end_of_record
TN:
SF:/Users/tony/work/github/spore/spore-kit/packages/str/encodeHTML.js
FN:10,encodeHTML
FNF:1
FNH:0
FNDA:0,encodeHTML
DA:11,0
DA:12,0
DA:14,0
DA:23,1
LF:4
LH:1
BRDA:11,0,0,0
BRDA:11,0,1,0
BRF:2
BRH:0
end_of_record
TN:
SF:/Users/tony/work/github/spore/spore-kit/packages/str/getUniqueKey.js
FN:12,getUniqueKey
FNF:1
FNH:0
FNDA:0,getUniqueKey
DA:9,1
DA:10,1
DA:13,0
DA:16,1
LF:4
LH:3
BRF:0
BRH:0
end_of_record
TN:
SF:/Users/tony/work/github/spore/spore-kit/packages/str/hyphenate.js
FN:10,hyphenate
FN:11,(anonymous_1)
FNF:2
FNH:0
FNDA:0,hyphenate
FNDA:0,(anonymous_1)
DA:11,0
DA:12,0
DA:16,1
LF:3
LH:1
BRF:0
BRH:0
end_of_record
TN:
SF:/Users/tony/work/github/spore/spore-kit/packages/str/index.js
FNF:0
FNH:0
DA:18,1
DA:19,1
DA:20,1
DA:21,1
DA:22,1
DA:23,1
DA:24,1
DA:25,1
DA:26,1
DA:27,1
LF:10
LH:10
BRF:0
BRH:0
end_of_record
TN:
SF:/Users/tony/work/github/spore/spore-kit/packages/str/ipToHex.js
FN:10,ipToHex
FN:11,(anonymous_1)
FNF:2
FNH:0
FNDA:0,ipToHex
FNDA:0,(anonymous_1)
DA:11,0
DA:12,0
DA:13,0
DA:14,0
DA:15,0
DA:17,0
DA:21,1
LF:7
LH:1
BRDA:12,0,0,0
BRDA:12,0,1,0
BRDA:14,1,0,0
BRDA:14,1,1,0
BRF:4
BRH:0
end_of_record
TN:
SF:/Users/tony/work/github/spore/spore-kit/packages/str/leftB.js
FN:14,leftB
FNF:1
FNH:0
FNDA:0,leftB
DA:12,1
DA:15,0
DA:16,0
DA:17,0
DA:18,0
DA:20,0
DA:23,1
LF:7
LH:2
BRDA:17,0,0,0
BRDA:17,0,1,0
BRDA:17,1,0,0
BRDA:17,1,1,0
BRF:4
BRH:0
end_of_record
TN:
SF:/Users/tony/work/github/spore/spore-kit/packages/str/sizeOfUTF8String.js
FN:10,sizeOfUTF8String
FNF:1
FNH:0
FNDA:0,sizeOfUTF8String
DA:11,0
DA:18,1
LF:2
LH:1
BRDA:12,0,0,0
BRDA:12,0,1,0
BRF:2
BRH:0
end_of_record
TN:
SF:/Users/tony/work/github/spore/spore-kit/packages/str/substitute.js
FN:12,substitute
FN:13,(anonymous_1)
FNF:2
FNH:2
FNDA:1,substitute
FNDA:5,(anonymous_1)
DA:13,1
DA:14,5
DA:15,0
DA:18,5
DA:22,2
LF:5
LH:4
BRDA:13,0,0,1
BRDA:13,0,1,1
BRDA:14,1,0,0
BRDA:14,1,1,5
BRDA:18,2,0,5
BRDA:18,2,1,0
BRF:6
BRH:4
end_of_record
TN:
SF:/Users/tony/work/github/spore/spore-kit/packages/time/countDown.js
FN:44,countDown
FN:77,(anonymous_1)
FN:88,(anonymous_2)
FN:104,(anonymous_3)
FN:121,(anonymous_4)
FN:127,(anonymous_5)
FNF:6
FNH:0
FNDA:0,countDown
FNDA:0,(anonymous_1)
FNDA:0,(anonymous_2)
FNDA:0,(anonymous_3)
FNDA:0,(anonymous_4)
FNDA:0,(anonymous_5)
DA:38,1
DA:39,1
DA:41,1
DA:42,1
DA:45,0
DA:51,0
DA:59,0
DA:60,0
DA:61,0
DA:65,0
DA:66,0
DA:67,0
DA:68,0
DA:69,0
DA:71,0
DA:77,0
DA:78,0
DA:79,0
DA:80,0
DA:81,0
DA:82,0
DA:83,0
DA:88,0
DA:89,0
DA:90,0
DA:91,0
DA:92,0
DA:104,0
DA:105,0
DA:106,0
DA:107,0
DA:111,0
DA:112,0
DA:116,0
DA:118,0
DA:119,0
DA:120,0
DA:121,0
DA:122,0
DA:123,0
DA:124,0
DA:125,0
DA:127,0
DA:128,0
DA:131,0
DA:132,0
DA:133,0
DA:136,0
DA:139,0
DA:141,0
DA:142,0
DA:145,0
DA:147,0
DA:150,1
LF:54
LH:5
BRDA:61,0,0,0
BRDA:61,0,1,0
BRDA:66,1,0,0
BRDA:66,1,1,0
BRDA:68,2,0,0
BRDA:68,2,1,0
BRDA:80,3,0,0
BRDA:80,3,1,0
BRDA:82,4,0,0
BRDA:82,4,1,0
BRDA:89,5,0,0
BRDA:89,5,1,0
BRDA:91,6,0,0
BRDA:91,6,1,0
BRDA:106,7,0,0
BRDA:106,7,1,0
BRDA:106,8,0,0
BRDA:106,8,1,0
BRDA:111,9,0,0
BRDA:111,9,1,0
BRDA:118,10,0,0
BRDA:118,10,1,0
BRDA:125,11,0,0
BRDA:125,11,1,0
BRDA:141,12,0,0
BRDA:141,12,1,0
BRF:26
BRH:0
end_of_record
TN:
SF:/Users/tony/work/github/spore/spore-kit/packages/time/index.js
FNF:0
FNH:0
DA:18,1
DA:19,1
LF:2
LH:2
BRF:0
BRH:0
end_of_record
TN:
SF:/Users/tony/work/github/spore/spore-kit/packages/time/parseUnit.js
FN:25,parseUnit
FNF:1
FNH:1
FNDA:1,parseUnit
DA:15,1
DA:16,1
DA:18,1
DA:26,1
DA:30,1
DA:31,1
DA:32,1
DA:33,1
DA:34,1
DA:35,1
DA:37,1
DA:38,1
DA:39,1
DA:42,1
DA:43,1
DA:44,1
DA:47,1
DA:48,1
DA:49,1
DA:52,1
DA:53,1
DA:54,1
DA:57,1
DA:59,1
DA:62,1
LF:25
LH:25
BRDA:37,0,0,1
BRDA:37,0,1,0
BRDA:42,1,0,1
BRDA:42,1,1,0
BRDA:47,2,0,1
BRDA:47,2,1,0
BRDA:52,3,0,1
BRDA:52,3,1,0
BRF:8
BRH:4
end_of_record
TN:
SF:/Users/tony/work/github/spore/spore-kit/packages/util/abToHex.js
FN:8,abToHex
FN:14,(anonymous_1)
FNF:2
FNH:0
FNDA:0,abToHex
FNDA:0,(anonymous_1)
DA:9,0
DA:10,0
DA:12,0
DA:14,0
DA:18,1
LF:5
LH:1
BRDA:9,0,0,0
BRDA:9,0,1,0
BRF:2
BRH:0
end_of_record
TN:
SF:/Users/tony/work/github/spore/spore-kit/packages/util/ascToHex.js
FN:8,ascToHex
FNF:1
FNH:0
FNDA:0,ascToHex
DA:9,0
DA:10,0
DA:12,0
DA:14,0
DA:15,0
DA:16,0
DA:17,0
DA:18,0
DA:20,0
DA:23,1
LF:10
LH:1
BRDA:9,0,0,0
BRDA:9,0,1,0
BRF:2
BRH:0
end_of_record
TN:
SF:/Users/tony/work/github/spore/spore-kit/packages/util/hexToAb.js
FN:8,hexToAb
FNF:1
FNH:0
FNDA:0,hexToAb
DA:9,0
DA:10,0
DA:12,0
DA:13,0
DA:14,0
DA:16,0
DA:17,0
DA:18,0
DA:19,0
DA:20,0
DA:22,0
DA:25,1
LF:12
LH:1
BRDA:9,0,0,0
BRDA:9,0,1,0
BRF:2
BRH:0
end_of_record
TN:
SF:/Users/tony/work/github/spore/spore-kit/packages/util/hexToAsc.js
FN:11,hexToAsc
FN:15,(anonymous_1)
FNF:2
FNH:2
FNDA:2,hexToAsc
FNDA:2,(anonymous_1)
DA:12,2
DA:13,1
DA:15,1
DA:16,2
DA:17,2
DA:21,1
LF:6
LH:6
BRDA:12,0,0,1
BRDA:12,0,1,1
BRF:2
BRH:2
end_of_record
TN:
SF:/Users/tony/work/github/spore/spore-kit/packages/util/hslToRgb.js
FN:17,hueToRgb
FN:26,hslToRgb
FNF:2
FNH:2
FNDA:15,hueToRgb
FNDA:8,hslToRgb
DA:18,15
DA:19,15
DA:20,15
DA:21,13
DA:22,8
DA:23,5
DA:31,8
DA:33,3
DA:34,3
DA:35,3
DA:37,5
DA:38,5
DA:39,5
DA:40,5
DA:41,5
DA:43,8
DA:46,1
LF:17
LH:17
BRDA:18,0,0,1
BRDA:18,0,1,14
BRDA:19,1,0,1
BRDA:19,1,1,14
BRDA:20,2,0,2
BRDA:20,2,1,13
BRDA:21,3,0,5
BRDA:21,3,1,8
BRDA:22,4,0,3
BRDA:22,4,1,5
BRDA:31,5,0,3
BRDA:31,5,1,5
BRDA:37,6,0,1
BRDA:37,6,1,4
BRF:14
BRH:14
end_of_record
TN:
SF:/Users/tony/work/github/spore/spore-kit/packages/util/index.js
FNF:0
FNH:0
DA:18,1
DA:19,1
DA:20,1
DA:21,1
DA:22,1
DA:23,1
LF:6
LH:6
BRF:0
BRH:0
end_of_record
TN:
SF:/Users/tony/work/github/spore/spore-kit/packages/util/rgbToHsl.js
FN:16,rgbToHsl
FNF:1
FNH:1
FNDA:8,rgbToHsl
DA:17,8
DA:18,8
DA:19,8
DA:20,8
DA:21,8
DA:24,8
DA:26,8
DA:28,3
DA:29,3
DA:31,5
DA:32,5
DA:33,5
DA:34,2
DA:35,3
DA:36,1
DA:38,2
DA:40,5
DA:43,8
DA:46,1
LF:19
LH:19
BRDA:26,0,0,3
BRDA:26,0,1,5
BRDA:32,1,0,4
BRDA:32,1,1,1
BRDA:33,2,0,2
BRDA:33,2,1,3
BRDA:34,3,0,1
BRDA:34,3,1,1
BRDA:35,4,0,1
BRDA:35,4,1,2
BRF:10
BRH:10
end_of_record
