{"/home/runner/work/spore-kit/spore-kit/packages/app/callUp.js": {"path":"/home/runner/work/spore-kit/spore-kit/packages/app/callUp.js","statementMap":{"0":{"start":{"line":38,"column":14},"end":{"line":38,"column":38}},"1":{"start":{"line":39,"column":15},"end":{"line":39,"column":40}},"2":{"start":{"line":42,"column":13},"end":{"line":55,"column":13}},"3":{"start":{"line":51,"column":6},"end":{"line":51,"column":36}},"4":{"start":{"line":60,"column":2},"end":{"line":78,"column":3}},"5":{"start":{"line":61,"column":4},"end":{"line":61,"column":18}},"6":{"start":{"line":62,"column":9},"end":{"line":78,"column":3}},"7":{"start":{"line":65,"column":14},"end":{"line":65,"column":40}},"8":{"start":{"line":66,"column":4},"end":{"line":71,"column":11}},"9":{"start":{"line":67,"column":6},"end":{"line":70,"column":7}},"10":{"start":{"line":68,"column":8},"end":{"line":68,"column":27}},"11":{"start":{"line":69,"column":8},"end":{"line":69,"column":20}},"12":{"start":{"line":74,"column":4},"end":{"line":74,"column":46}},"13":{"start":{"line":75,"column":4},"end":{"line":75,"column":34}},"14":{"start":{"line":76,"column":4},"end":{"line":76,"column":31}},"15":{"start":{"line":77,"column":4},"end":{"line":77,"column":38}},"16":{"start":{"line":80,"column":2},"end":{"line":103,"column":19}},"17":{"start":{"line":81,"column":4},"end":{"line":83,"column":5}},"18":{"start":{"line":82,"column":6},"end":{"line":82,"column":25}},"19":{"start":{"line":85,"column":4},"end":{"line":87,"column":5}},"20":{"start":{"line":86,"column":6},"end":{"line":86,"column":40}},"21":{"start":{"line":89,"column":4},"end":{"line":91,"column":5}},"22":{"start":{"line":90,"column":6},"end":{"line":90,"column":23}},"23":{"start":{"line":95,"column":4},"end":{"line":102,"column":5}},"24":{"start":{"line":96,"column":6},"end":{"line":98,"column":7}},"25":{"start":{"line":97,"column":8},"end":{"line":97,"column":26}},"26":{"start":{"line":99,"column":6},"end":{"line":101,"column":7}},"27":{"start":{"line":100,"column":8},"end":{"line":100,"column":40}},"28":{"start":{"line":106,"column":0},"end":{"line":106,"column":24}}},"fnMap":{"0":{"name":"callUp","decl":{"start":{"line":41,"column":9},"end":{"line":41,"column":15}},"loc":{"start":{"line":41,"column":25},"end":{"line":104,"column":1}},"line":41},"1":{"name":"(anonymous_1)","decl":{"start":{"line":49,"column":14},"end":{"line":49,"column":15}},"loc":{"start":{"line":49,"column":37},"end":{"line":52,"column":5}},"line":49},"2":{"name":"(anonymous_2)","decl":{"start":{"line":66,"column":22},"end":{"line":66,"column":23}},"loc":{"start":{"line":66,"column":34},"end":{"line":71,"column":5}},"line":66},"3":{"name":"(anonymous_3)","decl":{"start":{"line":80,"column":13},"end":{"line":80,"column":14}},"loc":{"start":{"line":80,"column":25},"end":{"line":103,"column":3}},"line":80}},"branchMap":{"0":{"loc":{"start":{"line":60,"column":2},"end":{"line":78,"column":3}},"type":"if","locations":[{"start":{"line":60,"column":2},"end":{"line":78,"column":3}},{"start":{"line":60,"column":2},"end":{"line":78,"column":3}}],"line":60},"1":{"loc":{"start":{"line":62,"column":9},"end":{"line":78,"column":3}},"type":"if","locations":[{"start":{"line":62,"column":9},"end":{"line":78,"column":3}},{"start":{"line":62,"column":9},"end":{"line":78,"column":3}}],"line":62},"2":{"loc":{"start":{"line":67,"column":6},"end":{"line":70,"column":7}},"type":"if","locations":[{"start":{"line":67,"column":6},"end":{"line":70,"column":7}},{"start":{"line":67,"column":6},"end":{"line":70,"column":7}}],"line":67},"3":{"loc":{"start":{"line":81,"column":4},"end":{"line":83,"column":5}},"type":"if","locations":[{"start":{"line":81,"column":4},"end":{"line":83,"column":5}},{"start":{"line":81,"column":4},"end":{"line":83,"column":5}}],"line":81},"4":{"loc":{"start":{"line":85,"column":4},"end":{"line":87,"column":5}},"type":"if","locations":[{"start":{"line":85,"column":4},"end":{"line":87,"column":5}},{"start":{"line":85,"column":4},"end":{"line":87,"column":5}}],"line":85},"5":{"loc":{"start":{"line":89,"column":4},"end":{"line":91,"column":5}},"type":"if","locations":[{"start":{"line":89,"column":4},"end":{"line":91,"column":5}},{"start":{"line":89,"column":4},"end":{"line":91,"column":5}}],"line":89},"6":{"loc":{"start":{"line":95,"column":4},"end":{"line":102,"column":5}},"type":"if","locations":[{"start":{"line":95,"column":4},"end":{"line":102,"column":5}},{"start":{"line":95,"column":4},"end":{"line":102,"column":5}}],"line":95},"7":{"loc":{"start":{"line":96,"column":6},"end":{"line":98,"column":7}},"type":"if","locations":[{"start":{"line":96,"column":6},"end":{"line":98,"column":7}},{"start":{"line":96,"column":6},"end":{"line":98,"column":7}}],"line":96},"8":{"loc":{"start":{"line":99,"column":6},"end":{"line":101,"column":7}},"type":"if","locations":[{"start":{"line":99,"column":6},"end":{"line":101,"column":7}},{"start":{"line":99,"column":6},"end":{"line":101,"column":7}}],"line":99}},"s":{"0":1,"1":1,"2":2,"3":0,"4":2,"5":0,"6":2,"7":1,"8":1,"9":1,"10":1,"11":1,"12":1,"13":1,"14":1,"15":1,"16":2,"17":2,"18":1,"19":2,"20":1,"21":2,"22":2,"23":2,"24":2,"25":2,"26":2,"27":2,"28":1},"f":{"0":2,"1":0,"2":1,"3":2},"b":{"0":[0,2],"1":[1,1],"2":[1,0],"3":[1,1],"4":[1,1],"5":[2,0],"6":[2,0],"7":[2,0],"8":[2,0]},"_coverageSchema":"43e27e138ebf9cfc5966b082cf9a028302ed4184","hash":"bb2ec1d8432854d2ba133c97a69317cd0a3f50cf"}
,"/home/runner/work/spore-kit/spore-kit/packages/app/index.js": {"path":"/home/runner/work/spore-kit/spore-kit/packages/app/index.js","statementMap":{"0":{"start":{"line":18,"column":0},"end":{"line":18,"column":37}}},"fnMap":{},"branchMap":{},"s":{"0":1},"f":{},"b":{},"_coverageSchema":"43e27e138ebf9cfc5966b082cf9a028302ed4184","hash":"51fbd41675a0159bd1d965522808cda4a965964f"}
,"/home/runner/work/spore-kit/spore-kit/packages/arr/contains.js": {"path":"/home/runner/work/spore-kit/spore-kit/packages/arr/contains.js","statementMap":{"0":{"start":{"line":13,"column":14},"end":{"line":13,"column":31}},"1":{"start":{"line":14,"column":2},"end":{"line":14,"column":20}},"2":{"start":{"line":17,"column":0},"end":{"line":17,"column":26}}},"fnMap":{"0":{"name":"contains","decl":{"start":{"line":12,"column":9},"end":{"line":12,"column":17}},"loc":{"start":{"line":12,"column":29},"end":{"line":15,"column":1}},"line":12}},"branchMap":{},"s":{"0":12,"1":12,"2":2},"f":{"0":12},"b":{},"_coverageSchema":"43e27e138ebf9cfc5966b082cf9a028302ed4184","hash":"0136f46eeea595e66dc88a193e23a998426438dc"}
,"/home/runner/work/spore-kit/spore-kit/packages/arr/erase.js": {"path":"/home/runner/work/spore-kit/spore-kit/packages/arr/erase.js","statementMap":{"0":{"start":{"line":13,"column":14},"end":{"line":13,"column":31}},"1":{"start":{"line":14,"column":2},"end":{"line":16,"column":3}},"2":{"start":{"line":15,"column":4},"end":{"line":15,"column":25}},"3":{"start":{"line":17,"column":2},"end":{"line":17,"column":15}},"4":{"start":{"line":20,"column":0},"end":{"line":20,"column":23}}},"fnMap":{"0":{"name":"erase","decl":{"start":{"line":12,"column":9},"end":{"line":12,"column":14}},"loc":{"start":{"line":12,"column":26},"end":{"line":18,"column":1}},"line":12}},"branchMap":{"0":{"loc":{"start":{"line":14,"column":2},"end":{"line":16,"column":3}},"type":"if","locations":[{"start":{"line":14,"column":2},"end":{"line":16,"column":3}},{"start":{"line":14,"column":2},"end":{"line":16,"column":3}}],"line":14}},"s":{"0":13,"1":13,"2":13,"3":13,"4":3},"f":{"0":13},"b":{"0":[13,0]},"_coverageSchema":"43e27e138ebf9cfc5966b082cf9a028302ed4184","hash":"43da31d697511ec16339ac8cf0ace102c8cb351f"}
,"/home/runner/work/spore-kit/spore-kit/packages/arr/find.js": {"path":"/home/runner/work/spore-kit/spore-kit/packages/arr/find.js","statementMap":{"0":{"start":{"line":16,"column":18},"end":{"line":16,"column":20}},"1":{"start":{"line":17,"column":2},"end":{"line":21,"column":5}},"2":{"start":{"line":18,"column":4},"end":{"line":20,"column":5}},"3":{"start":{"line":19,"column":6},"end":{"line":19,"column":28}},"4":{"start":{"line":22,"column":2},"end":{"line":22,"column":19}},"5":{"start":{"line":25,"column":0},"end":{"line":25,"column":27}}},"fnMap":{"0":{"name":"findInArr","decl":{"start":{"line":15,"column":9},"end":{"line":15,"column":18}},"loc":{"start":{"line":15,"column":37},"end":{"line":23,"column":1}},"line":15},"1":{"name":"(anonymous_1)","decl":{"start":{"line":17,"column":14},"end":{"line":17,"column":15}},"loc":{"start":{"line":17,"column":37},"end":{"line":21,"column":3}},"line":17}},"branchMap":{"0":{"loc":{"start":{"line":18,"column":4},"end":{"line":20,"column":5}},"type":"if","locations":[{"start":{"line":18,"column":4},"end":{"line":20,"column":5}},{"start":{"line":18,"column":4},"end":{"line":20,"column":5}}],"line":18}},"s":{"0":1,"1":1,"2":6,"3":2,"4":1,"5":1},"f":{"0":1,"1":6},"b":{"0":[2,4]},"_coverageSchema":"43e27e138ebf9cfc5966b082cf9a028302ed4184","hash":"75775c53d39e925d44a4441a87a4197872ba4173"}
,"/home/runner/work/spore-kit/spore-kit/packages/arr/flatten.js": {"path":"/home/runner/work/spore-kit/spore-kit/packages/arr/flatten.js","statementMap":{"0":{"start":{"line":11,"column":12},"end":{"line":11,"column":34}},"1":{"start":{"line":14,"column":14},"end":{"line":14,"column":16}},"2":{"start":{"line":15,"column":2},"end":{"line":22,"column":3}},"3":{"start":{"line":15,"column":15},"end":{"line":15,"column":16}},"4":{"start":{"line":15,"column":22},"end":{"line":15,"column":32}},"5":{"start":{"line":16,"column":15},"end":{"line":16,"column":28}},"6":{"start":{"line":17,"column":4},"end":{"line":19,"column":5}},"7":{"start":{"line":18,"column":6},"end":{"line":18,"column":15}},"8":{"start":{"line":20,"column":19},"end":{"line":20,"column":62}},"9":{"start":{"line":21,"column":4},"end":{"line":21,"column":35}},"10":{"start":{"line":23,"column":2},"end":{"line":23,"column":15}},"11":{"start":{"line":26,"column":0},"end":{"line":26,"column":25}}},"fnMap":{"0":{"name":"flatten","decl":{"start":{"line":13,"column":9},"end":{"line":13,"column":16}},"loc":{"start":{"line":13,"column":22},"end":{"line":24,"column":1}},"line":13}},"branchMap":{"0":{"loc":{"start":{"line":17,"column":4},"end":{"line":19,"column":5}},"type":"if","locations":[{"start":{"line":17,"column":4},"end":{"line":19,"column":5}},{"start":{"line":17,"column":4},"end":{"line":19,"column":5}}],"line":17},"1":{"loc":{"start":{"line":20,"column":19},"end":{"line":20,"column":62}},"type":"cond-expr","locations":[{"start":{"line":20,"column":38},"end":{"line":20,"column":53}},{"start":{"line":20,"column":56},"end":{"line":20,"column":62}}],"line":20}},"s":{"0":1,"1":4,"2":4,"3":4,"4":4,"5":7,"6":7,"7":0,"8":7,"9":7,"10":4,"11":1},"f":{"0":4},"b":{"0":[0,7],"1":[3,4]},"_coverageSchema":"43e27e138ebf9cfc5966b082cf9a028302ed4184","hash":"0c39504c5d492bfe6ac0f4354d4fb18ff11b6673"}
,"/home/runner/work/spore-kit/spore-kit/packages/arr/include.js": {"path":"/home/runner/work/spore-kit/spore-kit/packages/arr/include.js","statementMap":{"0":{"start":{"line":13,"column":16},"end":{"line":13,"column":37}},"1":{"start":{"line":16,"column":2},"end":{"line":18,"column":3}},"2":{"start":{"line":17,"column":4},"end":{"line":17,"column":19}},"3":{"start":{"line":19,"column":2},"end":{"line":19,"column":13}},"4":{"start":{"line":22,"column":0},"end":{"line":22,"column":25}}},"fnMap":{"0":{"name":"include","decl":{"start":{"line":15,"column":9},"end":{"line":15,"column":16}},"loc":{"start":{"line":15,"column":28},"end":{"line":20,"column":1}},"line":15}},"branchMap":{"0":{"loc":{"start":{"line":16,"column":2},"end":{"line":18,"column":3}},"type":"if","locations":[{"start":{"line":16,"column":2},"end":{"line":18,"column":3}},{"start":{"line":16,"column":2},"end":{"line":18,"column":3}}],"line":16}},"s":{"0":1,"1":2,"2":1,"3":2,"4":1},"f":{"0":2},"b":{"0":[1,1]},"_coverageSchema":"43e27e138ebf9cfc5966b082cf9a028302ed4184","hash":"45849a2adc7e568e37dea1fe7ae9269391b525be"}
,"/home/runner/work/spore-kit/spore-kit/packages/arr/index.js": {"path":"/home/runner/work/spore-kit/spore-kit/packages/arr/index.js","statementMap":{"0":{"start":{"line":18,"column":0},"end":{"line":18,"column":41}},"1":{"start":{"line":19,"column":0},"end":{"line":19,"column":35}},"2":{"start":{"line":20,"column":0},"end":{"line":20,"column":33}},"3":{"start":{"line":21,"column":0},"end":{"line":21,"column":39}},"4":{"start":{"line":22,"column":0},"end":{"line":22,"column":39}}},"fnMap":{},"branchMap":{},"s":{"0":1,"1":1,"2":1,"3":1,"4":1},"f":{},"b":{},"_coverageSchema":"43e27e138ebf9cfc5966b082cf9a028302ed4184","hash":"919bc14fa97ea80c5fb90ff33f7387776ae83d85"}
,"/home/runner/work/spore-kit/spore-kit/packages/cookie/cookie.js": {"path":"/home/runner/work/spore-kit/spore-kit/packages/cookie/cookie.js","statementMap":{"0":{"start":{"line":15,"column":13},"end":{"line":15,"column":33}},"1":{"start":{"line":17,"column":15},"end":{"line":17,"column":21}},"2":{"start":{"line":19,"column":0},"end":{"line":28,"column":1}},"3":{"start":{"line":20,"column":2},"end":{"line":27,"column":5}},"4":{"start":{"line":22,"column":6},"end":{"line":22,"column":37}},"5":{"start":{"line":25,"column":6},"end":{"line":25,"column":37}},"6":{"start":{"line":30,"column":0},"end":{"line":30,"column":26}}},"fnMap":{"0":{"name":"(anonymous_0)","decl":{"start":{"line":21,"column":10},"end":{"line":21,"column":11}},"loc":{"start":{"line":21,"column":25},"end":{"line":23,"column":5}},"line":21},"1":{"name":"(anonymous_1)","decl":{"start":{"line":24,"column":11},"end":{"line":24,"column":12}},"loc":{"start":{"line":24,"column":26},"end":{"line":26,"column":5}},"line":24}},"branchMap":{"0":{"loc":{"start":{"line":19,"column":0},"end":{"line":28,"column":1}},"type":"if","locations":[{"start":{"line":19,"column":0},"end":{"line":28,"column":1}},{"start":{"line":19,"column":0},"end":{"line":28,"column":1}}],"line":19}},"s":{"0":1,"1":1,"2":1,"3":1,"4":1,"5":3,"6":1},"f":{"0":1,"1":3},"b":{"0":[1,0]},"_coverageSchema":"43e27e138ebf9cfc5966b082cf9a028302ed4184","hash":"ec564942dc987124d674925e2af36d9e659caa7e"}
,"/home/runner/work/spore-kit/spore-kit/packages/cookie/index.js": {"path":"/home/runner/work/spore-kit/spore-kit/packages/cookie/index.js","statementMap":{"0":{"start":{"line":18,"column":0},"end":{"line":18,"column":37}},"1":{"start":{"line":19,"column":0},"end":{"line":19,"column":37}}},"fnMap":{},"branchMap":{},"s":{"0":1,"1":1},"f":{},"b":{},"_coverageSchema":"43e27e138ebf9cfc5966b082cf9a028302ed4184","hash":"af7c14f03875a8bda2e40934c547621fce831a46"}
,"/home/runner/work/spore-kit/spore-kit/packages/cookie/origin.js": {"path":"/home/runner/work/spore-kit/spore-kit/packages/cookie/origin.js","statementMap":{"0":{"start":{"line":13,"column":0},"end":{"line":13,"column":38}}},"fnMap":{},"branchMap":{},"s":{"0":1},"f":{},"b":{},"_coverageSchema":"43e27e138ebf9cfc5966b082cf9a028302ed4184","hash":"f36d39ea1e1cd7097bfd554ccda97fbf21b35018"}
,"/home/runner/work/spore-kit/spore-kit/packages/date/format.js": {"path":"/home/runner/work/spore-kit/spore-kit/packages/date/format.js","statementMap":{"0":{"start":{"line":45,"column":14},"end":{"line":45,"column":38}},"1":{"start":{"line":46,"column":18},"end":{"line":46,"column":46}},"2":{"start":{"line":47,"column":13},"end":{"line":47,"column":36}},"3":{"start":{"line":48,"column":18},"end":{"line":48,"column":41}},"4":{"start":{"line":50,"column":13},"end":{"line":54,"column":1}},"5":{"start":{"line":51,"column":12},"end":{"line":51,"column":26}},"6":{"start":{"line":52,"column":14},"end":{"line":52,"column":28}},"7":{"start":{"line":53,"column":2},"end":{"line":53,"column":45}},"8":{"start":{"line":57,"column":15},"end":{"line":57,"column":17}},"9":{"start":{"line":58,"column":13},"end":{"line":58,"column":15}},"10":{"start":{"line":59,"column":13},"end":{"line":62,"column":10}},"11":{"start":{"line":66,"column":16},"end":{"line":66,"column":33}},"12":{"start":{"line":67,"column":2},"end":{"line":67,"column":39}},"13":{"start":{"line":68,"column":2},"end":{"line":68,"column":41}},"14":{"start":{"line":69,"column":2},"end":{"line":69,"column":35}},"15":{"start":{"line":70,"column":2},"end":{"line":70,"column":33}},"16":{"start":{"line":71,"column":2},"end":{"line":71,"column":37}},"17":{"start":{"line":72,"column":2},"end":{"line":72,"column":42}},"18":{"start":{"line":73,"column":2},"end":{"line":73,"column":41}},"19":{"start":{"line":74,"column":2},"end":{"line":74,"column":51}},"20":{"start":{"line":76,"column":2},"end":{"line":76,"column":35}},"21":{"start":{"line":77,"column":2},"end":{"line":77,"column":33}},"22":{"start":{"line":78,"column":2},"end":{"line":78,"column":21}},"23":{"start":{"line":80,"column":2},"end":{"line":80,"column":34}},"24":{"start":{"line":81,"column":2},"end":{"line":81,"column":22}},"25":{"start":{"line":83,"column":2},"end":{"line":83,"column":33}},"26":{"start":{"line":84,"column":2},"end":{"line":84,"column":21}},"27":{"start":{"line":86,"column":2},"end":{"line":86,"column":34}},"28":{"start":{"line":88,"column":2},"end":{"line":88,"column":34}},"29":{"start":{"line":89,"column":2},"end":{"line":89,"column":22}},"30":{"start":{"line":91,"column":2},"end":{"line":91,"column":37}},"31":{"start":{"line":92,"column":2},"end":{"line":92,"column":25}},"32":{"start":{"line":94,"column":2},"end":{"line":94,"column":36}},"33":{"start":{"line":95,"column":2},"end":{"line":95,"column":24}},"34":{"start":{"line":97,"column":2},"end":{"line":97,"column":42}},"35":{"start":{"line":98,"column":2},"end":{"line":98,"column":30}},"36":{"start":{"line":100,"column":2},"end":{"line":100,"column":44}},"37":{"start":{"line":101,"column":2},"end":{"line":101,"column":16}},"38":{"start":{"line":104,"column":0},"end":{"line":104,"column":24}}},"fnMap":{"0":{"name":"(anonymous_0)","decl":{"start":{"line":50,"column":13},"end":{"line":50,"column":14}},"loc":{"start":{"line":50,"column":31},"end":{"line":54,"column":1}},"line":50},"1":{"name":"format","decl":{"start":{"line":56,"column":9},"end":{"line":56,"column":15}},"loc":{"start":{"line":56,"column":28},"end":{"line":102,"column":1}},"line":56}},"branchMap":{"0":{"loc":{"start":{"line":53,"column":9},"end":{"line":53,"column":44}},"type":"cond-expr","locations":[{"start":{"line":53,"column":21},"end":{"line":53,"column":38}},{"start":{"line":53,"column":41},"end":{"line":53,"column":44}}],"line":53}},"s":{"0":1,"1":1,"2":1,"3":1,"4":1,"5":2,"6":2,"7":2,"8":1,"9":1,"10":1,"11":1,"12":1,"13":1,"14":1,"15":1,"16":1,"17":1,"18":1,"19":1,"20":1,"21":1,"22":1,"23":1,"24":1,"25":1,"26":1,"27":1,"28":1,"29":1,"30":1,"31":1,"32":1,"33":1,"34":1,"35":1,"36":1,"37":1,"38":1},"f":{"0":2,"1":1},"b":{"0":[1,1]},"_coverageSchema":"43e27e138ebf9cfc5966b082cf9a028302ed4184","hash":"c0584c4063a627973058b04982938a06ea6a67b1"}
,"/home/runner/work/spore-kit/spore-kit/packages/date/getLastStart.js": {"path":"/home/runner/work/spore-kit/spore-kit/packages/date/getLastStart.js","statementMap":{"0":{"start":{"line":18,"column":20},"end":{"line":18,"column":45}},"1":{"start":{"line":19,"column":18},"end":{"line":19,"column":41}},"2":{"start":{"line":21,"column":11},"end":{"line":21,"column":25}},"3":{"start":{"line":22,"column":10},"end":{"line":22,"column":29}},"4":{"start":{"line":25,"column":18},"end":{"line":25,"column":32}},"5":{"start":{"line":26,"column":16},"end":{"line":26,"column":33}},"6":{"start":{"line":27,"column":14},"end":{"line":27,"column":21}},"7":{"start":{"line":32,"column":2},"end":{"line":34,"column":3}},"8":{"start":{"line":33,"column":4},"end":{"line":33,"column":43}},"9":{"start":{"line":35,"column":2},"end":{"line":35,"column":21}},"10":{"start":{"line":36,"column":2},"end":{"line":58,"column":3}},"11":{"start":{"line":37,"column":4},"end":{"line":37,"column":36}},"12":{"start":{"line":38,"column":4},"end":{"line":38,"column":18}},"13":{"start":{"line":39,"column":4},"end":{"line":39,"column":36}},"14":{"start":{"line":40,"column":9},"end":{"line":58,"column":3}},"15":{"start":{"line":41,"column":4},"end":{"line":41,"column":36}},"16":{"start":{"line":42,"column":4},"end":{"line":42,"column":34}},"17":{"start":{"line":43,"column":4},"end":{"line":43,"column":42}},"18":{"start":{"line":44,"column":4},"end":{"line":44,"column":38}},"19":{"start":{"line":45,"column":4},"end":{"line":45,"column":34}},"20":{"start":{"line":46,"column":4},"end":{"line":46,"column":15}},"21":{"start":{"line":47,"column":4},"end":{"line":47,"column":49}},"22":{"start":{"line":49,"column":4},"end":{"line":49,"column":16}},"23":{"start":{"line":50,"column":4},"end":{"line":52,"column":5}},"24":{"start":{"line":51,"column":6},"end":{"line":51,"column":17}},"25":{"start":{"line":53,"column":4},"end":{"line":55,"column":5}},"26":{"start":{"line":54,"column":6},"end":{"line":54,"column":21}},"27":{"start":{"line":56,"column":23},"end":{"line":56,"column":47}},"28":{"start":{"line":57,"column":4},"end":{"line":57,"column":46}},"29":{"start":{"line":60,"column":2},"end":{"line":60,"column":15}},"30":{"start":{"line":63,"column":0},"end":{"line":63,"column":30}}},"fnMap":{"0":{"name":"getLastStart","decl":{"start":{"line":24,"column":9},"end":{"line":24,"column":21}},"loc":{"start":{"line":24,"column":41},"end":{"line":61,"column":1}},"line":24}},"branchMap":{"0":{"loc":{"start":{"line":32,"column":2},"end":{"line":34,"column":3}},"type":"if","locations":[{"start":{"line":32,"column":2},"end":{"line":34,"column":3}},{"start":{"line":32,"column":2},"end":{"line":34,"column":3}}],"line":32},"1":{"loc":{"start":{"line":35,"column":10},"end":{"line":35,"column":20}},"type":"binary-expr","locations":[{"start":{"line":35,"column":10},"end":{"line":35,"column":15}},{"start":{"line":35,"column":19},"end":{"line":35,"column":20}}],"line":35},"2":{"loc":{"start":{"line":36,"column":2},"end":{"line":58,"column":3}},"type":"if","locations":[{"start":{"line":36,"column":2},"end":{"line":58,"column":3}},{"start":{"line":36,"column":2},"end":{"line":58,"column":3}}],"line":36},"3":{"loc":{"start":{"line":40,"column":9},"end":{"line":58,"column":3}},"type":"if","locations":[{"start":{"line":40,"column":9},"end":{"line":58,"column":3}},{"start":{"line":40,"column":9},"end":{"line":58,"column":3}}],"line":40},"4":{"loc":{"start":{"line":50,"column":4},"end":{"line":52,"column":5}},"type":"if","locations":[{"start":{"line":50,"column":4},"end":{"line":52,"column":5}},{"start":{"line":50,"column":4},"end":{"line":52,"column":5}}],"line":50},"5":{"loc":{"start":{"line":53,"column":4},"end":{"line":55,"column":5}},"type":"if","locations":[{"start":{"line":53,"column":4},"end":{"line":55,"column":5}},{"start":{"line":53,"column":4},"end":{"line":55,"column":5}}],"line":53}},"s":{"0":1,"1":1,"2":1,"3":1,"4":6,"5":6,"6":6,"7":6,"8":1,"9":5,"10":5,"11":1,"12":1,"13":1,"14":4,"15":1,"16":1,"17":1,"18":1,"19":1,"20":1,"21":1,"22":3,"23":3,"24":2,"25":3,"26":1,"27":3,"28":3,"29":5,"30":1},"f":{"0":6},"b":{"0":[1,5],"1":[5,4],"2":[1,4],"3":[1,3],"4":[2,1],"5":[1,2]},"_coverageSchema":"43e27e138ebf9cfc5966b082cf9a028302ed4184","hash":"5a2be5be586cb7810abd0ee2ecd82cb384466072"}
,"/home/runner/work/spore-kit/spore-kit/packages/date/getTimeSplit.js": {"path":"/home/runner/work/spore-kit/spore-kit/packages/date/getTimeSplit.js","statementMap":{"0":{"start":{"line":25,"column":18},"end":{"line":25,"column":41}},"1":{"start":{"line":27,"column":10},"end":{"line":27,"column":29}},"2":{"start":{"line":29,"column":17},"end":{"line":35,"column":1}},"3":{"start":{"line":38,"column":2},"end":{"line":40,"column":3}},"4":{"start":{"line":39,"column":4},"end":{"line":39,"column":43}},"5":{"start":{"line":42,"column":18},"end":{"line":42,"column":32}},"6":{"start":{"line":43,"column":16},"end":{"line":43,"column":33}},"7":{"start":{"line":46,"column":12},"end":{"line":46,"column":28}},"8":{"start":{"line":47,"column":2},"end":{"line":47,"column":32}},"9":{"start":{"line":49,"column":14},"end":{"line":49,"column":38}},"10":{"start":{"line":50,"column":2},"end":{"line":52,"column":3}},"11":{"start":{"line":51,"column":4},"end":{"line":51,"column":46}},"12":{"start":{"line":53,"column":13},"end":{"line":53,"column":37}},"13":{"start":{"line":54,"column":14},"end":{"line":54,"column":39}},"14":{"start":{"line":55,"column":13},"end":{"line":55,"column":33}},"15":{"start":{"line":56,"column":13},"end":{"line":56,"column":34}},"16":{"start":{"line":57,"column":16},"end":{"line":57,"column":39}},"17":{"start":{"line":59,"column":2},"end":{"line":61,"column":3}},"18":{"start":{"line":60,"column":4},"end":{"line":60,"column":19}},"19":{"start":{"line":62,"column":2},"end":{"line":64,"column":3}},"20":{"start":{"line":63,"column":4},"end":{"line":63,"column":16}},"21":{"start":{"line":65,"column":2},"end":{"line":67,"column":3}},"22":{"start":{"line":66,"column":4},"end":{"line":66,"column":13}},"23":{"start":{"line":68,"column":2},"end":{"line":70,"column":3}},"24":{"start":{"line":69,"column":4},"end":{"line":69,"column":14}},"25":{"start":{"line":72,"column":12},"end":{"line":75,"column":13}},"26":{"start":{"line":77,"column":2},"end":{"line":77,"column":23}},"27":{"start":{"line":80,"column":0},"end":{"line":80,"column":30}}},"fnMap":{"0":{"name":"getTimeSplit","decl":{"start":{"line":37,"column":9},"end":{"line":37,"column":21}},"loc":{"start":{"line":37,"column":34},"end":{"line":78,"column":1}},"line":37}},"branchMap":{"0":{"loc":{"start":{"line":38,"column":2},"end":{"line":40,"column":3}},"type":"if","locations":[{"start":{"line":38,"column":2},"end":{"line":40,"column":3}},{"start":{"line":38,"column":2},"end":{"line":40,"column":3}}],"line":38},"1":{"loc":{"start":{"line":47,"column":8},"end":{"line":47,"column":31}},"type":"cond-expr","locations":[{"start":{"line":47,"column":20},"end":{"line":47,"column":21}},{"start":{"line":47,"column":24},"end":{"line":47,"column":31}}],"line":47},"2":{"loc":{"start":{"line":50,"column":2},"end":{"line":52,"column":3}},"type":"if","locations":[{"start":{"line":50,"column":2},"end":{"line":52,"column":3}},{"start":{"line":50,"column":2},"end":{"line":52,"column":3}}],"line":50},"3":{"loc":{"start":{"line":59,"column":2},"end":{"line":61,"column":3}},"type":"if","locations":[{"start":{"line":59,"column":2},"end":{"line":61,"column":3}},{"start":{"line":59,"column":2},"end":{"line":61,"column":3}}],"line":59},"4":{"loc":{"start":{"line":62,"column":2},"end":{"line":64,"column":3}},"type":"if","locations":[{"start":{"line":62,"column":2},"end":{"line":64,"column":3}},{"start":{"line":62,"column":2},"end":{"line":64,"column":3}}],"line":62},"5":{"loc":{"start":{"line":65,"column":2},"end":{"line":67,"column":3}},"type":"if","locations":[{"start":{"line":65,"column":2},"end":{"line":67,"column":3}},{"start":{"line":65,"column":2},"end":{"line":67,"column":3}}],"line":65},"6":{"loc":{"start":{"line":68,"column":2},"end":{"line":70,"column":3}},"type":"if","locations":[{"start":{"line":68,"column":2},"end":{"line":70,"column":3}},{"start":{"line":68,"column":2},"end":{"line":70,"column":3}}],"line":68}},"s":{"0":1,"1":1,"2":1,"3":6,"4":1,"5":5,"6":5,"7":5,"8":5,"9":5,"10":5,"11":1,"12":5,"13":5,"14":5,"15":5,"16":5,"17":5,"18":5,"19":5,"20":5,"21":5,"22":2,"23":5,"24":1,"25":5,"26":5,"27":1},"f":{"0":6},"b":{"0":[1,5],"1":[0,5],"2":[1,4],"3":[5,0],"4":[5,0],"5":[2,3],"6":[1,4]},"_coverageSchema":"43e27e138ebf9cfc5966b082cf9a028302ed4184","hash":"4f6b8178b4a158b9377ec36210581613b88d6947"}
,"/home/runner/work/spore-kit/spore-kit/packages/date/getUTCDate.js": {"path":"/home/runner/work/spore-kit/spore-kit/packages/date/getUTCDate.js","statementMap":{"0":{"start":{"line":17,"column":16},"end":{"line":17,"column":61}},"1":{"start":{"line":18,"column":2},"end":{"line":18,"column":17}},"2":{"start":{"line":21,"column":0},"end":{"line":21,"column":28}}},"fnMap":{"0":{"name":"getUTCDate","decl":{"start":{"line":16,"column":9},"end":{"line":16,"column":19}},"loc":{"start":{"line":16,"column":26},"end":{"line":19,"column":1}},"line":16}},"branchMap":{},"s":{"0":12,"1":12,"2":1},"f":{"0":12},"b":{},"_coverageSchema":"43e27e138ebf9cfc5966b082cf9a028302ed4184","hash":"b17e35823e440edea5abb8f367d06a5a62003c76"}
,"/home/runner/work/spore-kit/spore-kit/packages/date/index.js": {"path":"/home/runner/work/spore-kit/spore-kit/packages/date/index.js","statementMap":{"0":{"start":{"line":18,"column":0},"end":{"line":18,"column":37}},"1":{"start":{"line":19,"column":0},"end":{"line":19,"column":49}},"2":{"start":{"line":20,"column":0},"end":{"line":20,"column":49}}},"fnMap":{},"branchMap":{},"s":{"0":1,"1":1,"2":1},"f":{},"b":{},"_coverageSchema":"43e27e138ebf9cfc5966b082cf9a028302ed4184","hash":"e24396c6839a8cdd6364248c236582f7c31891b5"}
,"/home/runner/work/spore-kit/spore-kit/packages/dom/index.js": {"path":"/home/runner/work/spore-kit/spore-kit/packages/dom/index.js","statementMap":{"0":{"start":{"line":18,"column":0},"end":{"line":18,"column":37}},"1":{"start":{"line":19,"column":0},"end":{"line":19,"column":37}},"2":{"start":{"line":20,"column":0},"end":{"line":20,"column":47}}},"fnMap":{},"branchMap":{},"s":{"0":1,"1":1,"2":1},"f":{},"b":{},"_coverageSchema":"43e27e138ebf9cfc5966b082cf9a028302ed4184","hash":"647b11d78c493dc616581d4b1e017e0ad4a0c240"}
,"/home/runner/work/spore-kit/spore-kit/packages/dom/isNode.js": {"path":"/home/runner/work/spore-kit/spore-kit/packages/dom/isNode.js","statementMap":{"0":{"start":{"line":11,"column":2},"end":{"line":15,"column":4}},"1":{"start":{"line":18,"column":0},"end":{"line":18,"column":24}}},"fnMap":{"0":{"name":"isNode","decl":{"start":{"line":10,"column":9},"end":{"line":10,"column":15}},"loc":{"start":{"line":10,"column":22},"end":{"line":16,"column":1}},"line":10}},"branchMap":{"0":{"loc":{"start":{"line":12,"column":4},"end":{"line":14,"column":20}},"type":"binary-expr","locations":[{"start":{"line":12,"column":4},"end":{"line":12,"column":8}},{"start":{"line":13,"column":7},"end":{"line":13,"column":20}},{"start":{"line":14,"column":7},"end":{"line":14,"column":20}}],"line":12}},"s":{"0":2,"1":1},"f":{"0":2},"b":{"0":[2,2,1]},"_coverageSchema":"43e27e138ebf9cfc5966b082cf9a028302ed4184","hash":"8b221d309b173e25be7a68c582d23808ff3ff4a9"}
,"/home/runner/work/spore-kit/spore-kit/packages/dom/offset.js": {"path":"/home/runner/work/spore-kit/spore-kit/packages/dom/offset.js","statementMap":{"0":{"start":{"line":14,"column":13},"end":{"line":16,"column":1}},"1":{"start":{"line":15,"column":2},"end":{"line":15,"column":12}},"2":{"start":{"line":18,"column":0},"end":{"line":21,"column":1}},"3":{"start":{"line":20,"column":2},"end":{"line":20,"column":38}},"4":{"start":{"line":23,"column":0},"end":{"line":23,"column":24}}},"fnMap":{"0":{"name":"(anonymous_0)","decl":{"start":{"line":14,"column":13},"end":{"line":14,"column":14}},"loc":{"start":{"line":14,"column":25},"end":{"line":16,"column":1}},"line":14}},"branchMap":{"0":{"loc":{"start":{"line":18,"column":0},"end":{"line":21,"column":1}},"type":"if","locations":[{"start":{"line":18,"column":0},"end":{"line":21,"column":1}},{"start":{"line":18,"column":0},"end":{"line":21,"column":1}}],"line":18}},"s":{"0":1,"1":0,"2":1,"3":1,"4":1},"f":{"0":0},"b":{"0":[1,0]},"_coverageSchema":"43e27e138ebf9cfc5966b082cf9a028302ed4184","hash":"b7479873d541a28c5cb4af1b31300b9efa7ed708"}
,"/home/runner/work/spore-kit/spore-kit/packages/dom/scrollLimit.js": {"path":"/home/runner/work/spore-kit/spore-kit/packages/dom/scrollLimit.js","statementMap":{"0":{"start":{"line":19,"column":14},"end":{"line":19,"column":38}},"1":{"start":{"line":22,"column":13},"end":{"line":22,"column":15}},"2":{"start":{"line":24,"column":13},"end":{"line":26,"column":13}},"3":{"start":{"line":28,"column":18},"end":{"line":28,"column":19}},"4":{"start":{"line":29,"column":19},"end":{"line":29,"column":20}},"5":{"start":{"line":30,"column":21},"end":{"line":30,"column":22}},"6":{"start":{"line":31,"column":20},"end":{"line":31,"column":21}},"7":{"start":{"line":32,"column":21},"end":{"line":32,"column":22}},"8":{"start":{"line":33,"column":20},"end":{"line":33,"column":21}},"9":{"start":{"line":34,"column":14},"end":{"line":34,"column":19}},"10":{"start":{"line":35,"column":17},"end":{"line":35,"column":22}},"11":{"start":{"line":36,"column":15},"end":{"line":36,"column":20}},"12":{"start":{"line":37,"column":16},"end":{"line":37,"column":21}},"13":{"start":{"line":38,"column":19},"end":{"line":38,"column":20}},"14":{"start":{"line":39,"column":19},"end":{"line":39,"column":20}},"15":{"start":{"line":41,"column":20},"end":{"line":52,"column":3}},"16":{"start":{"line":42,"column":4},"end":{"line":42,"column":29}},"17":{"start":{"line":43,"column":4},"end":{"line":43,"column":31}},"18":{"start":{"line":44,"column":4},"end":{"line":44,"column":35}},"19":{"start":{"line":45,"column":4},"end":{"line":45,"column":35}},"20":{"start":{"line":46,"column":4},"end":{"line":46,"column":33}},"21":{"start":{"line":48,"column":4},"end":{"line":48,"column":27}},"22":{"start":{"line":49,"column":4},"end":{"line":49,"column":56}},"23":{"start":{"line":50,"column":4},"end":{"line":50,"column":29}},"24":{"start":{"line":51,"column":4},"end":{"line":51,"column":54}},"25":{"start":{"line":54,"column":17},"end":{"line":60,"column":3}},"26":{"start":{"line":55,"column":14},"end":{"line":55,"column":17}},"27":{"start":{"line":56,"column":4},"end":{"line":58,"column":5}},"28":{"start":{"line":57,"column":6},"end":{"line":57,"column":27}},"29":{"start":{"line":59,"column":4},"end":{"line":59,"column":15}},"30":{"start":{"line":62,"column":2},"end":{"line":65,"column":4}},"31":{"start":{"line":63,"column":4},"end":{"line":63,"column":26}},"32":{"start":{"line":64,"column":4},"end":{"line":64,"column":18}},"33":{"start":{"line":67,"column":2},"end":{"line":71,"column":4}},"34":{"start":{"line":68,"column":14},"end":{"line":68,"column":27}},"35":{"start":{"line":69,"column":4},"end":{"line":69,"column":29}},"36":{"start":{"line":70,"column":4},"end":{"line":70,"column":29}},"37":{"start":{"line":73,"column":2},"end":{"line":91,"column":4}},"38":{"start":{"line":74,"column":4},"end":{"line":74,"column":18}},"39":{"start":{"line":75,"column":14},"end":{"line":75,"column":27}},"40":{"start":{"line":76,"column":4},"end":{"line":90,"column":5}},"41":{"start":{"line":77,"column":6},"end":{"line":79,"column":7}},"42":{"start":{"line":78,"column":8},"end":{"line":78,"column":29}},"43":{"start":{"line":80,"column":6},"end":{"line":82,"column":7}},"44":{"start":{"line":81,"column":8},"end":{"line":81,"column":29}},"45":{"start":{"line":84,"column":6},"end":{"line":86,"column":7}},"46":{"start":{"line":85,"column":8},"end":{"line":85,"column":29}},"47":{"start":{"line":87,"column":6},"end":{"line":89,"column":7}},"48":{"start":{"line":88,"column":8},"end":{"line":88,"column":29}},"49":{"start":{"line":93,"column":18},"end":{"line":101,"column":3}},"50":{"start":{"line":94,"column":17},"end":{"line":94,"column":49}},"51":{"start":{"line":95,"column":17},"end":{"line":95,"column":41}},"52":{"start":{"line":96,"column":4},"end":{"line":100,"column":5}},"53":{"start":{"line":97,"column":6},"end":{"line":97,"column":45}},"54":{"start":{"line":98,"column":6},"end":{"line":98,"column":46}},"55":{"start":{"line":99,"column":6},"end":{"line":99,"column":48}},"56":{"start":{"line":103,"column":2},"end":{"line":106,"column":4}},"57":{"start":{"line":104,"column":4},"end":{"line":104,"column":18}},"58":{"start":{"line":105,"column":4},"end":{"line":105,"column":20}},"59":{"start":{"line":108,"column":2},"end":{"line":110,"column":4}},"60":{"start":{"line":109,"column":4},"end":{"line":109,"column":21}},"61":{"start":{"line":112,"column":2},"end":{"line":112,"column":14}},"62":{"start":{"line":115,"column":0},"end":{"line":115,"column":29}}},"fnMap":{"0":{"name":"scrollLimit","decl":{"start":{"line":21,"column":9},"end":{"line":21,"column":20}},"loc":{"start":{"line":21,"column":34},"end":{"line":113,"column":1}},"line":21},"1":{"name":"(anonymous_1)","decl":{"start":{"line":41,"column":20},"end":{"line":41,"column":21}},"loc":{"start":{"line":41,"column":32},"end":{"line":52,"column":3}},"line":41},"2":{"name":"(anonymous_2)","decl":{"start":{"line":54,"column":17},"end":{"line":54,"column":18}},"loc":{"start":{"line":54,"column":32},"end":{"line":60,"column":3}},"line":54},"3":{"name":"(anonymous_3)","decl":{"start":{"line":62,"column":21},"end":{"line":62,"column":22}},"loc":{"start":{"line":62,"column":36},"end":{"line":65,"column":3}},"line":62},"4":{"name":"(anonymous_4)","decl":{"start":{"line":67,"column":20},"end":{"line":67,"column":21}},"loc":{"start":{"line":67,"column":35},"end":{"line":71,"column":3}},"line":67},"5":{"name":"(anonymous_5)","decl":{"start":{"line":73,"column":19},"end":{"line":73,"column":20}},"loc":{"start":{"line":73,"column":34},"end":{"line":91,"column":3}},"line":73},"6":{"name":"(anonymous_6)","decl":{"start":{"line":93,"column":18},"end":{"line":93,"column":19}},"loc":{"start":{"line":93,"column":34},"end":{"line":101,"column":3}},"line":93},"7":{"name":"(anonymous_7)","decl":{"start":{"line":103,"column":16},"end":{"line":103,"column":17}},"loc":{"start":{"line":103,"column":28},"end":{"line":106,"column":3}},"line":103},"8":{"name":"(anonymous_8)","decl":{"start":{"line":108,"column":16},"end":{"line":108,"column":17}},"loc":{"start":{"line":108,"column":28},"end":{"line":110,"column":3}},"line":108}},"branchMap":{"0":{"loc":{"start":{"line":56,"column":4},"end":{"line":58,"column":5}},"type":"if","locations":[{"start":{"line":56,"column":4},"end":{"line":58,"column":5}},{"start":{"line":56,"column":4},"end":{"line":58,"column":5}}],"line":56},"1":{"loc":{"start":{"line":56,"column":8},"end":{"line":56,"column":41}},"type":"binary-expr","locations":[{"start":{"line":56,"column":8},"end":{"line":56,"column":19}},{"start":{"line":56,"column":23},"end":{"line":56,"column":41}}],"line":56},"2":{"loc":{"start":{"line":76,"column":4},"end":{"line":90,"column":5}},"type":"if","locations":[{"start":{"line":76,"column":4},"end":{"line":90,"column":5}},{"start":{"line":76,"column":4},"end":{"line":90,"column":5}}],"line":76},"3":{"loc":{"start":{"line":77,"column":6},"end":{"line":79,"column":7}},"type":"if","locations":[{"start":{"line":77,"column":6},"end":{"line":79,"column":7}},{"start":{"line":77,"column":6},"end":{"line":79,"column":7}}],"line":77},"4":{"loc":{"start":{"line":77,"column":10},"end":{"line":77,"column":46}},"type":"binary-expr","locations":[{"start":{"line":77,"column":10},"end":{"line":77,"column":16}},{"start":{"line":77,"column":21},"end":{"line":77,"column":45}}],"line":77},"5":{"loc":{"start":{"line":80,"column":6},"end":{"line":82,"column":7}},"type":"if","locations":[{"start":{"line":80,"column":6},"end":{"line":82,"column":7}},{"start":{"line":80,"column":6},"end":{"line":82,"column":7}}],"line":80},"6":{"loc":{"start":{"line":80,"column":10},"end":{"line":80,"column":47}},"type":"binary-expr","locations":[{"start":{"line":80,"column":10},"end":{"line":80,"column":17}},{"start":{"line":80,"column":22},"end":{"line":80,"column":46}}],"line":80},"7":{"loc":{"start":{"line":84,"column":6},"end":{"line":86,"column":7}},"type":"if","locations":[{"start":{"line":84,"column":6},"end":{"line":86,"column":7}},{"start":{"line":84,"column":6},"end":{"line":86,"column":7}}],"line":84},"8":{"loc":{"start":{"line":84,"column":10},"end":{"line":84,"column":45}},"type":"binary-expr","locations":[{"start":{"line":84,"column":10},"end":{"line":84,"column":15}},{"start":{"line":84,"column":20},"end":{"line":84,"column":44}}],"line":84},"9":{"loc":{"start":{"line":87,"column":6},"end":{"line":89,"column":7}},"type":"if","locations":[{"start":{"line":87,"column":6},"end":{"line":89,"column":7}},{"start":{"line":87,"column":6},"end":{"line":89,"column":7}}],"line":87},"10":{"loc":{"start":{"line":87,"column":10},"end":{"line":87,"column":48}},"type":"binary-expr","locations":[{"start":{"line":87,"column":10},"end":{"line":87,"column":18}},{"start":{"line":87,"column":23},"end":{"line":87,"column":47}}],"line":87},"11":{"loc":{"start":{"line":94,"column":17},"end":{"line":94,"column":49}},"type":"cond-expr","locations":[{"start":{"line":94,"column":33},"end":{"line":94,"column":38}},{"start":{"line":94,"column":41},"end":{"line":94,"column":49}}],"line":94},"12":{"loc":{"start":{"line":96,"column":4},"end":{"line":100,"column":5}},"type":"if","locations":[{"start":{"line":96,"column":4},"end":{"line":100,"column":5}},{"start":{"line":96,"column":4},"end":{"line":100,"column":5}}],"line":96}},"s":{"0":1,"1":1,"2":1,"3":1,"4":1,"5":1,"6":1,"7":1,"8":1,"9":1,"10":1,"11":1,"12":1,"13":1,"14":1,"15":1,"16":1,"17":1,"18":1,"19":1,"20":1,"21":1,"22":1,"23":1,"24":1,"25":1,"26":0,"27":0,"28":0,"29":0,"30":1,"31":0,"32":0,"33":1,"34":0,"35":0,"36":0,"37":1,"38":0,"39":0,"40":0,"41":0,"42":0,"43":0,"44":0,"45":0,"46":0,"47":0,"48":0,"49":1,"50":2,"51":2,"52":2,"53":2,"54":2,"55":2,"56":1,"57":1,"58":1,"59":1,"60":1,"61":1,"62":1},"f":{"0":1,"1":1,"2":0,"3":0,"4":0,"5":0,"6":2,"7":1,"8":1},"b":{"0":[0,0],"1":[0,0],"2":[0,0],"3":[0,0],"4":[0,0],"5":[0,0],"6":[0,0],"7":[0,0],"8":[0,0],"9":[0,0],"10":[0,0],"11":[1,1],"12":[2,0]},"_coverageSchema":"43e27e138ebf9cfc5966b082cf9a028302ed4184","hash":"f7115dd7dfa29651cbb0344c6641929a992ab3ea"}
,"/home/runner/work/spore-kit/spore-kit/packages/env/browser.js": {"path":"/home/runner/work/spore-kit/spore-kit/packages/env/browser.js","statementMap":{"0":{"start":{"line":22,"column":14},"end":{"line":22,"column":38}},"1":{"start":{"line":23,"column":15},"end":{"line":23,"column":35}},"2":{"start":{"line":25,"column":14},"end":{"line":36,"column":1}},"3":{"start":{"line":39,"column":13},"end":{"line":41,"column":13}},"4":{"start":{"line":43,"column":2},"end":{"line":43,"column":29}},"5":{"start":{"line":45,"column":2},"end":{"line":45,"column":42}},"6":{"start":{"line":48,"column":13},"end":{"line":48,"column":17}},"7":{"start":{"line":51,"column":2},"end":{"line":53,"column":3}},"8":{"start":{"line":52,"column":4},"end":{"line":52,"column":22}},"9":{"start":{"line":54,"column":2},"end":{"line":54,"column":16}},"10":{"start":{"line":57,"column":0},"end":{"line":57,"column":27}},"11":{"start":{"line":59,"column":0},"end":{"line":59,"column":28}}},"fnMap":{"0":{"name":"detect","decl":{"start":{"line":38,"column":9},"end":{"line":38,"column":15}},"loc":{"start":{"line":38,"column":35},"end":{"line":46,"column":1}},"line":38},"1":{"name":"envBrowser","decl":{"start":{"line":50,"column":9},"end":{"line":50,"column":19}},"loc":{"start":{"line":50,"column":22},"end":{"line":55,"column":1}},"line":50}},"branchMap":{"0":{"loc":{"start":{"line":51,"column":2},"end":{"line":53,"column":3}},"type":"if","locations":[{"start":{"line":51,"column":2},"end":{"line":53,"column":3}},{"start":{"line":51,"column":2},"end":{"line":53,"column":3}}],"line":51}},"s":{"0":2,"1":2,"2":2,"3":2,"4":2,"5":2,"6":2,"7":1,"8":1,"9":1,"10":2,"11":2},"f":{"0":2,"1":1},"b":{"0":[1,0]},"_coverageSchema":"43e27e138ebf9cfc5966b082cf9a028302ed4184","hash":"1fb6224c9bc82a61b082ed9bc52f80057d61fee9"}
,"/home/runner/work/spore-kit/spore-kit/packages/env/core.js": {"path":"/home/runner/work/spore-kit/spore-kit/packages/env/core.js","statementMap":{"0":{"start":{"line":17,"column":14},"end":{"line":17,"column":38}},"1":{"start":{"line":18,"column":15},"end":{"line":18,"column":35}},"2":{"start":{"line":20,"column":14},"end":{"line":27,"column":1}},"3":{"start":{"line":25,"column":4},"end":{"line":25,"column":66}},"4":{"start":{"line":30,"column":13},"end":{"line":32,"column":13}},"5":{"start":{"line":34,"column":2},"end":{"line":34,"column":29}},"6":{"start":{"line":36,"column":2},"end":{"line":36,"column":42}},"7":{"start":{"line":39,"column":13},"end":{"line":39,"column":17}},"8":{"start":{"line":42,"column":2},"end":{"line":44,"column":3}},"9":{"start":{"line":43,"column":4},"end":{"line":43,"column":22}},"10":{"start":{"line":45,"column":2},"end":{"line":45,"column":16}},"11":{"start":{"line":48,"column":0},"end":{"line":48,"column":21}},"12":{"start":{"line":50,"column":0},"end":{"line":50,"column":22}}},"fnMap":{"0":{"name":"(anonymous_0)","decl":{"start":{"line":24,"column":9},"end":{"line":24,"column":10}},"loc":{"start":{"line":24,"column":23},"end":{"line":26,"column":3}},"line":24},"1":{"name":"detect","decl":{"start":{"line":29,"column":9},"end":{"line":29,"column":15}},"loc":{"start":{"line":29,"column":35},"end":{"line":37,"column":1}},"line":29},"2":{"name":"core","decl":{"start":{"line":41,"column":9},"end":{"line":41,"column":13}},"loc":{"start":{"line":41,"column":16},"end":{"line":46,"column":1}},"line":41}},"branchMap":{"0":{"loc":{"start":{"line":25,"column":11},"end":{"line":25,"column":65}},"type":"binary-expr","locations":[{"start":{"line":25,"column":11},"end":{"line":25,"column":35}},{"start":{"line":25,"column":39},"end":{"line":25,"column":65}}],"line":25},"1":{"loc":{"start":{"line":42,"column":2},"end":{"line":44,"column":3}},"type":"if","locations":[{"start":{"line":42,"column":2},"end":{"line":44,"column":3}},{"start":{"line":42,"column":2},"end":{"line":44,"column":3}}],"line":42}},"s":{"0":1,"1":1,"2":1,"3":2,"4":2,"5":2,"6":2,"7":1,"8":1,"9":1,"10":1,"11":1,"12":1},"f":{"0":2,"1":2,"2":1},"b":{"0":[2,2],"1":[1,0]},"_coverageSchema":"43e27e138ebf9cfc5966b082cf9a028302ed4184","hash":"74fd11689649810622d2df88d554a30615e55f85"}
,"/home/runner/work/spore-kit/spore-kit/packages/env/device.js": {"path":"/home/runner/work/spore-kit/spore-kit/packages/env/device.js","statementMap":{"0":{"start":{"line":18,"column":14},"end":{"line":18,"column":38}},"1":{"start":{"line":19,"column":15},"end":{"line":19,"column":35}},"2":{"start":{"line":21,"column":14},"end":{"line":28,"column":1}},"3":{"start":{"line":31,"column":13},"end":{"line":33,"column":13}},"4":{"start":{"line":35,"column":2},"end":{"line":35,"column":29}},"5":{"start":{"line":37,"column":2},"end":{"line":37,"column":42}},"6":{"start":{"line":40,"column":13},"end":{"line":40,"column":17}},"7":{"start":{"line":43,"column":2},"end":{"line":45,"column":3}},"8":{"start":{"line":44,"column":4},"end":{"line":44,"column":22}},"9":{"start":{"line":46,"column":2},"end":{"line":46,"column":16}},"10":{"start":{"line":49,"column":0},"end":{"line":49,"column":23}},"11":{"start":{"line":51,"column":0},"end":{"line":51,"column":24}}},"fnMap":{"0":{"name":"detect","decl":{"start":{"line":30,"column":9},"end":{"line":30,"column":15}},"loc":{"start":{"line":30,"column":35},"end":{"line":38,"column":1}},"line":30},"1":{"name":"device","decl":{"start":{"line":42,"column":9},"end":{"line":42,"column":15}},"loc":{"start":{"line":42,"column":18},"end":{"line":47,"column":1}},"line":42}},"branchMap":{"0":{"loc":{"start":{"line":43,"column":2},"end":{"line":45,"column":3}},"type":"if","locations":[{"start":{"line":43,"column":2},"end":{"line":45,"column":3}},{"start":{"line":43,"column":2},"end":{"line":45,"column":3}}],"line":43}},"s":{"0":1,"1":1,"2":1,"3":2,"4":2,"5":2,"6":1,"7":1,"8":1,"9":1,"10":1,"11":1},"f":{"0":2,"1":1},"b":{"0":[1,0]},"_coverageSchema":"43e27e138ebf9cfc5966b082cf9a028302ed4184","hash":"34780b1f0f1f87d05bc38a5e3a37413ade2fa4f1"}
,"/home/runner/work/spore-kit/spore-kit/packages/env/index.js": {"path":"/home/runner/work/spore-kit/spore-kit/packages/env/index.js","statementMap":{"0":{"start":{"line":18,"column":0},"end":{"line":18,"column":39}},"1":{"start":{"line":19,"column":0},"end":{"line":19,"column":33}},"2":{"start":{"line":20,"column":0},"end":{"line":20,"column":37}},"3":{"start":{"line":21,"column":0},"end":{"line":21,"column":39}},"4":{"start":{"line":22,"column":0},"end":{"line":22,"column":29}},"5":{"start":{"line":23,"column":0},"end":{"line":23,"column":43}},"6":{"start":{"line":24,"column":0},"end":{"line":24,"column":39}},"7":{"start":{"line":25,"column":0},"end":{"line":25,"column":33}}},"fnMap":{},"branchMap":{},"s":{"0":1,"1":1,"2":1,"3":1,"4":1,"5":1,"6":1,"7":1},"f":{},"b":{},"_coverageSchema":"43e27e138ebf9cfc5966b082cf9a028302ed4184","hash":"2f0b4b3d51105022d4820e46fd47b9eb9c878c7e"}
,"/home/runner/work/spore-kit/spore-kit/packages/env/network.js": {"path":"/home/runner/work/spore-kit/spore-kit/packages/env/network.js","statementMap":{"0":{"start":{"line":6,"column":20},"end":{"line":6,"column":24}},"1":{"start":{"line":18,"column":2},"end":{"line":20,"column":3}},"2":{"start":{"line":19,"column":4},"end":{"line":19,"column":53}},"3":{"start":{"line":21,"column":2},"end":{"line":21,"column":23}},"4":{"start":{"line":34,"column":2},"end":{"line":34,"column":52}},"5":{"start":{"line":37,"column":0},"end":{"line":37,"column":26}},"6":{"start":{"line":38,"column":0},"end":{"line":38,"column":24}}},"fnMap":{"0":{"name":"support","decl":{"start":{"line":17,"column":9},"end":{"line":17,"column":16}},"loc":{"start":{"line":17,"column":19},"end":{"line":22,"column":1}},"line":17},"1":{"name":"onLine","decl":{"start":{"line":33,"column":9},"end":{"line":33,"column":15}},"loc":{"start":{"line":33,"column":18},"end":{"line":35,"column":1}},"line":33}},"branchMap":{"0":{"loc":{"start":{"line":18,"column":2},"end":{"line":20,"column":3}},"type":"if","locations":[{"start":{"line":18,"column":2},"end":{"line":20,"column":3}},{"start":{"line":18,"column":2},"end":{"line":20,"column":3}}],"line":18},"1":{"loc":{"start":{"line":34,"column":9},"end":{"line":34,"column":51}},"type":"cond-expr","locations":[{"start":{"line":34,"column":21},"end":{"line":34,"column":44}},{"start":{"line":34,"column":47},"end":{"line":34,"column":51}}],"line":34}},"s":{"0":1,"1":3,"2":1,"3":3,"4":2,"5":1,"6":1},"f":{"0":3,"1":2},"b":{"0":[1,2],"1":[2,0]},"_coverageSchema":"43e27e138ebf9cfc5966b082cf9a028302ed4184","hash":"2d6cd0ae20904a506207933cafba7f7f082191e5"}
,"/home/runner/work/spore-kit/spore-kit/packages/env/os.js": {"path":"/home/runner/work/spore-kit/spore-kit/packages/env/os.js","statementMap":{"0":{"start":{"line":14,"column":14},"end":{"line":14,"column":38}},"1":{"start":{"line":15,"column":15},"end":{"line":15,"column":35}},"2":{"start":{"line":17,"column":14},"end":{"line":22,"column":1}},"3":{"start":{"line":20,"column":4},"end":{"line":20,"column":66}},"4":{"start":{"line":25,"column":13},"end":{"line":27,"column":13}},"5":{"start":{"line":29,"column":2},"end":{"line":29,"column":29}},"6":{"start":{"line":31,"column":2},"end":{"line":31,"column":42}},"7":{"start":{"line":34,"column":13},"end":{"line":34,"column":17}},"8":{"start":{"line":37,"column":2},"end":{"line":39,"column":3}},"9":{"start":{"line":38,"column":4},"end":{"line":38,"column":22}},"10":{"start":{"line":40,"column":2},"end":{"line":40,"column":16}},"11":{"start":{"line":43,"column":0},"end":{"line":43,"column":19}},"12":{"start":{"line":45,"column":0},"end":{"line":45,"column":20}}},"fnMap":{"0":{"name":"(anonymous_0)","decl":{"start":{"line":19,"column":11},"end":{"line":19,"column":12}},"loc":{"start":{"line":19,"column":25},"end":{"line":21,"column":3}},"line":19},"1":{"name":"detect","decl":{"start":{"line":24,"column":9},"end":{"line":24,"column":15}},"loc":{"start":{"line":24,"column":35},"end":{"line":32,"column":1}},"line":24},"2":{"name":"os","decl":{"start":{"line":36,"column":9},"end":{"line":36,"column":11}},"loc":{"start":{"line":36,"column":14},"end":{"line":41,"column":1}},"line":36}},"branchMap":{"0":{"loc":{"start":{"line":20,"column":11},"end":{"line":20,"column":65}},"type":"binary-expr","locations":[{"start":{"line":20,"column":11},"end":{"line":20,"column":37}},{"start":{"line":20,"column":41},"end":{"line":20,"column":65}}],"line":20},"1":{"loc":{"start":{"line":37,"column":2},"end":{"line":39,"column":3}},"type":"if","locations":[{"start":{"line":37,"column":2},"end":{"line":39,"column":3}},{"start":{"line":37,"column":2},"end":{"line":39,"column":3}}],"line":37}},"s":{"0":1,"1":1,"2":1,"3":2,"4":2,"5":2,"6":2,"7":1,"8":1,"9":1,"10":1,"11":1,"12":1},"f":{"0":2,"1":2,"2":1},"b":{"0":[2,2],"1":[1,0]},"_coverageSchema":"43e27e138ebf9cfc5966b082cf9a028302ed4184","hash":"0f597864203eba2278f224675398ff6bf72002e9"}
,"/home/runner/work/spore-kit/spore-kit/packages/env/touchable.js": {"path":"/home/runner/work/spore-kit/spore-kit/packages/env/touchable.js","statementMap":{"0":{"start":{"line":12,"column":18},"end":{"line":12,"column":22}},"1":{"start":{"line":15,"column":2},"end":{"line":18,"column":3}},"2":{"start":{"line":16,"column":4},"end":{"line":17,"column":75}},"3":{"start":{"line":19,"column":2},"end":{"line":19,"column":21}},"4":{"start":{"line":22,"column":0},"end":{"line":22,"column":27}}},"fnMap":{"0":{"name":"touchable","decl":{"start":{"line":14,"column":9},"end":{"line":14,"column":18}},"loc":{"start":{"line":14,"column":21},"end":{"line":20,"column":1}},"line":14}},"branchMap":{"0":{"loc":{"start":{"line":15,"column":2},"end":{"line":18,"column":3}},"type":"if","locations":[{"start":{"line":15,"column":2},"end":{"line":18,"column":3}},{"start":{"line":15,"column":2},"end":{"line":18,"column":3}}],"line":15},"1":{"loc":{"start":{"line":16,"column":21},"end":{"line":17,"column":73}},"type":"binary-expr","locations":[{"start":{"line":16,"column":21},"end":{"line":16,"column":45}},{"start":{"line":17,"column":8},"end":{"line":17,"column":28}},{"start":{"line":17,"column":32},"end":{"line":17,"column":72}}],"line":16}},"s":{"0":1,"1":1,"2":1,"3":1,"4":1},"f":{"0":1},"b":{"0":[1,0],"1":[1,1,0]},"_coverageSchema":"43e27e138ebf9cfc5966b082cf9a028302ed4184","hash":"09a8f2a1df20aa3a82ad2f4632c0c3dfbeed6db1"}
,"/home/runner/work/spore-kit/spore-kit/packages/env/uaMatch.js": {"path":"/home/runner/work/spore-kit/spore-kit/packages/env/uaMatch.js","statementMap":{"0":{"start":{"line":21,"column":15},"end":{"line":21,"column":17}},"1":{"start":{"line":22,"column":2},"end":{"line":28,"column":3}},"2":{"start":{"line":23,"column":4},"end":{"line":27,"column":5}},"3":{"start":{"line":24,"column":6},"end":{"line":24,"column":14}},"4":{"start":{"line":26,"column":6},"end":{"line":26,"column":38}},"5":{"start":{"line":29,"column":2},"end":{"line":29,"column":24}},"6":{"start":{"line":30,"column":2},"end":{"line":56,"column":3}},"7":{"start":{"line":31,"column":4},"end":{"line":55,"column":7}},"8":{"start":{"line":32,"column":19},"end":{"line":32,"column":28}},"9":{"start":{"line":33,"column":6},"end":{"line":54,"column":7}},"10":{"start":{"line":34,"column":8},"end":{"line":53,"column":9}},"11":{"start":{"line":35,"column":10},"end":{"line":37,"column":11}},"12":{"start":{"line":36,"column":12},"end":{"line":36,"column":31}},"13":{"start":{"line":38,"column":15},"end":{"line":53,"column":9}},"14":{"start":{"line":41,"column":22},"end":{"line":41,"column":38}},"15":{"start":{"line":42,"column":10},"end":{"line":48,"column":11}},"16":{"start":{"line":43,"column":12},"end":{"line":47,"column":13}},"17":{"start":{"line":44,"column":14},"end":{"line":44,"column":37}},"18":{"start":{"line":46,"column":14},"end":{"line":46,"column":33}},"19":{"start":{"line":49,"column":15},"end":{"line":53,"column":9}},"20":{"start":{"line":50,"column":10},"end":{"line":52,"column":11}},"21":{"start":{"line":51,"column":12},"end":{"line":51,"column":37}},"22":{"start":{"line":58,"column":2},"end":{"line":58,"column":16}},"23":{"start":{"line":61,"column":0},"end":{"line":61,"column":25}}},"fnMap":{"0":{"name":"uaMatch","decl":{"start":{"line":20,"column":9},"end":{"line":20,"column":16}},"loc":{"start":{"line":20,"column":33},"end":{"line":59,"column":1}},"line":20},"1":{"name":"(anonymous_1)","decl":{"start":{"line":31,"column":30},"end":{"line":31,"column":31}},"loc":{"start":{"line":31,"column":45},"end":{"line":55,"column":5}},"line":31}},"branchMap":{"0":{"loc":{"start":{"line":22,"column":2},"end":{"line":28,"column":3}},"type":"if","locations":[{"start":{"line":22,"column":2},"end":{"line":28,"column":3}},{"start":{"line":22,"column":2},"end":{"line":28,"column":3}}],"line":22},"1":{"loc":{"start":{"line":23,"column":4},"end":{"line":27,"column":5}},"type":"if","locations":[{"start":{"line":23,"column":4},"end":{"line":27,"column":5}},{"start":{"line":23,"column":4},"end":{"line":27,"column":5}}],"line":23},"2":{"loc":{"start":{"line":30,"column":2},"end":{"line":56,"column":3}},"type":"if","locations":[{"start":{"line":30,"column":2},"end":{"line":56,"column":3}},{"start":{"line":30,"column":2},"end":{"line":56,"column":3}}],"line":30},"3":{"loc":{"start":{"line":33,"column":6},"end":{"line":54,"column":7}},"type":"if","locations":[{"start":{"line":33,"column":6},"end":{"line":54,"column":7}},{"start":{"line":33,"column":6},"end":{"line":54,"column":7}}],"line":33},"4":{"loc":{"start":{"line":34,"column":8},"end":{"line":53,"column":9}},"type":"if","locations":[{"start":{"line":34,"column":8},"end":{"line":53,"column":9}},{"start":{"line":34,"column":8},"end":{"line":53,"column":9}}],"line":34},"5":{"loc":{"start":{"line":35,"column":10},"end":{"line":37,"column":11}},"type":"if","locations":[{"start":{"line":35,"column":10},"end":{"line":37,"column":11}},{"start":{"line":35,"column":10},"end":{"line":37,"column":11}}],"line":35},"6":{"loc":{"start":{"line":38,"column":15},"end":{"line":53,"column":9}},"type":"if","locations":[{"start":{"line":38,"column":15},"end":{"line":53,"column":9}},{"start":{"line":38,"column":15},"end":{"line":53,"column":9}}],"line":38},"7":{"loc":{"start":{"line":42,"column":10},"end":{"line":48,"column":11}},"type":"if","locations":[{"start":{"line":42,"column":10},"end":{"line":48,"column":11}},{"start":{"line":42,"column":10},"end":{"line":48,"column":11}}],"line":42},"8":{"loc":{"start":{"line":43,"column":12},"end":{"line":47,"column":13}},"type":"if","locations":[{"start":{"line":43,"column":12},"end":{"line":47,"column":13}},{"start":{"line":43,"column":12},"end":{"line":47,"column":13}}],"line":43},"9":{"loc":{"start":{"line":49,"column":15},"end":{"line":53,"column":9}},"type":"if","locations":[{"start":{"line":49,"column":15},"end":{"line":53,"column":9}},{"start":{"line":49,"column":15},"end":{"line":53,"column":9}}],"line":49},"10":{"loc":{"start":{"line":50,"column":10},"end":{"line":52,"column":11}},"type":"if","locations":[{"start":{"line":50,"column":10},"end":{"line":52,"column":11}},{"start":{"line":50,"column":10},"end":{"line":52,"column":11}}],"line":50}},"s":{"0":11,"1":11,"2":8,"3":0,"4":8,"5":11,"6":11,"7":11,"8":53,"9":53,"10":53,"11":3,"12":1,"13":50,"14":43,"15":43,"16":9,"17":0,"18":9,"19":7,"20":7,"21":1,"22":11,"23":2},"f":{"0":11,"1":53},"b":{"0":[8,3],"1":[0,8],"2":[11,0],"3":[53,0],"4":[3,50],"5":[1,2],"6":[43,7],"7":[9,34],"8":[0,9],"9":[7,0],"10":[1,6]},"_coverageSchema":"43e27e138ebf9cfc5966b082cf9a028302ed4184","hash":"ac186cf0e16610273952772cd60a3ec0daf97080"}
,"/home/runner/work/spore-kit/spore-kit/packages/env/webp.js": {"path":"/home/runner/work/spore-kit/spore-kit/packages/env/webp.js","statementMap":{"0":{"start":{"line":1,"column":20},"end":{"line":1,"column":24}},"1":{"start":{"line":22,"column":11},"end":{"line":26,"column":39}},"2":{"start":{"line":27,"column":2},"end":{"line":27,"column":12}},"3":{"start":{"line":31,"column":2},"end":{"line":33,"column":3}},"4":{"start":{"line":32,"column":4},"end":{"line":32,"column":30}},"5":{"start":{"line":34,"column":2},"end":{"line":34,"column":23}},"6":{"start":{"line":37,"column":0},"end":{"line":37,"column":23}},"7":{"start":{"line":39,"column":0},"end":{"line":39,"column":22}}},"fnMap":{"0":{"name":"support","decl":{"start":{"line":21,"column":9},"end":{"line":21,"column":16}},"loc":{"start":{"line":21,"column":19},"end":{"line":28,"column":1}},"line":21},"1":{"name":"webp","decl":{"start":{"line":30,"column":9},"end":{"line":30,"column":13}},"loc":{"start":{"line":30,"column":16},"end":{"line":35,"column":1}},"line":30}},"branchMap":{"0":{"loc":{"start":{"line":22,"column":11},"end":{"line":26,"column":39}},"type":"binary-expr","locations":[{"start":{"line":22,"column":11},"end":{"line":22,"column":19}},{"start":{"line":23,"column":7},"end":{"line":26,"column":39}}],"line":22},"1":{"loc":{"start":{"line":31,"column":2},"end":{"line":33,"column":3}},"type":"if","locations":[{"start":{"line":31,"column":2},"end":{"line":33,"column":3}},{"start":{"line":31,"column":2},"end":{"line":33,"column":3}}],"line":31}},"s":{"0":1,"1":2,"2":2,"3":2,"4":1,"5":2,"6":1,"7":1},"f":{"0":2,"1":2},"b":{"0":[2,2],"1":[1,1]},"_coverageSchema":"43e27e138ebf9cfc5966b082cf9a028302ed4184","hash":"72e3a42dc8bc31f70442c4929929eb64b86106fb"}
,"/home/runner/work/spore-kit/spore-kit/packages/evt/events.js": {"path":"/home/runner/work/spore-kit/spore-kit/packages/evt/events.js","statementMap":{"0":{"start":{"line":25,"column":20},"end":{"line":25,"column":25}},"1":{"start":{"line":27,"column":13},"end":{"line":27,"column":27}},"2":{"start":{"line":53,"column":0},"end":{"line":72,"column":2}},"3":{"start":{"line":57,"column":2},"end":{"line":59,"column":3}},"4":{"start":{"line":58,"column":4},"end":{"line":58,"column":16}},"5":{"start":{"line":61,"column":2},"end":{"line":61,"column":48}},"6":{"start":{"line":62,"column":2},"end":{"line":62,"column":39}},"7":{"start":{"line":64,"column":2},"end":{"line":64,"column":25}},"8":{"start":{"line":65,"column":2},"end":{"line":69,"column":3}},"9":{"start":{"line":66,"column":4},"end":{"line":66,"column":47}},"10":{"start":{"line":67,"column":4},"end":{"line":67,"column":33}},"11":{"start":{"line":68,"column":4},"end":{"line":68,"column":27}},"12":{"start":{"line":71,"column":2},"end":{"line":71,"column":14}},"13":{"start":{"line":102,"column":0},"end":{"line":145,"column":2}},"14":{"start":{"line":109,"column":2},"end":{"line":109,"column":24}},"15":{"start":{"line":110,"column":2},"end":{"line":112,"column":3}},"16":{"start":{"line":111,"column":4},"end":{"line":111,"column":16}},"17":{"start":{"line":113,"column":2},"end":{"line":116,"column":3}},"18":{"start":{"line":114,"column":4},"end":{"line":114,"column":25}},"19":{"start":{"line":115,"column":4},"end":{"line":115,"column":16}},"20":{"start":{"line":118,"column":2},"end":{"line":118,"column":69}},"21":{"start":{"line":121,"column":2},"end":{"line":142,"column":3}},"22":{"start":{"line":122,"column":4},"end":{"line":122,"column":24}},"23":{"start":{"line":123,"column":4},"end":{"line":125,"column":5}},"24":{"start":{"line":124,"column":6},"end":{"line":124,"column":15}},"25":{"start":{"line":127,"column":4},"end":{"line":130,"column":5}},"26":{"start":{"line":128,"column":6},"end":{"line":128,"column":26}},"27":{"start":{"line":129,"column":6},"end":{"line":129,"column":15}},"28":{"start":{"line":132,"column":4},"end":{"line":141,"column":5}},"29":{"start":{"line":133,"column":6},"end":{"line":140,"column":7}},"30":{"start":{"line":139,"column":8},"end":{"line":139,"column":26}},"31":{"start":{"line":144,"column":2},"end":{"line":144,"column":14}},"32":{"start":{"line":174,"column":0},"end":{"line":228,"column":2}},"33":{"start":{"line":181,"column":13},"end":{"line":181,"column":15}},"34":{"start":{"line":184,"column":2},"end":{"line":184,"column":24}},"35":{"start":{"line":185,"column":2},"end":{"line":187,"column":3}},"36":{"start":{"line":186,"column":4},"end":{"line":186,"column":16}},"37":{"start":{"line":189,"column":2},"end":{"line":189,"column":39}},"38":{"start":{"line":193,"column":2},"end":{"line":195,"column":3}},"39":{"start":{"line":194,"column":4},"end":{"line":194,"column":31}},"40":{"start":{"line":199,"column":2},"end":{"line":225,"column":3}},"41":{"start":{"line":201,"column":4},"end":{"line":201,"column":20}},"42":{"start":{"line":202,"column":4},"end":{"line":204,"column":5}},"43":{"start":{"line":203,"column":6},"end":{"line":203,"column":24}},"44":{"start":{"line":206,"column":4},"end":{"line":206,"column":24}},"45":{"start":{"line":207,"column":4},"end":{"line":209,"column":5}},"46":{"start":{"line":208,"column":6},"end":{"line":208,"column":26}},"47":{"start":{"line":212,"column":4},"end":{"line":216,"column":5}},"48":{"start":{"line":213,"column":6},"end":{"line":215,"column":7}},"49":{"start":{"line":214,"column":8},"end":{"line":214,"column":49}},"50":{"start":{"line":219,"column":4},"end":{"line":224,"column":5}},"51":{"start":{"line":220,"column":6},"end":{"line":220,"column":34}},"52":{"start":{"line":221,"column":6},"end":{"line":223,"column":7}},"53":{"start":{"line":222,"column":8},"end":{"line":222,"column":47}},"54":{"start":{"line":227,"column":2},"end":{"line":227,"column":14}},"55":{"start":{"line":248,"column":0},"end":{"line":257,"column":2}},"56":{"start":{"line":249,"column":2},"end":{"line":249,"column":44}},"57":{"start":{"line":250,"column":14},"end":{"line":250,"column":30}},"58":{"start":{"line":252,"column":2},"end":{"line":256,"column":3}},"59":{"start":{"line":253,"column":4},"end":{"line":255,"column":5}},"60":{"start":{"line":254,"column":6},"end":{"line":254,"column":29}},"61":{"start":{"line":259,"column":0},"end":{"line":259,"column":24}}},"fnMap":{"0":{"name":"(anonymous_0)","decl":{"start":{"line":27,"column":13},"end":{"line":27,"column":14}},"loc":{"start":{"line":27,"column":25},"end":{"line":27,"column":27}},"line":27},"1":{"name":"(anonymous_1)","decl":{"start":{"line":53,"column":22},"end":{"line":53,"column":23}},"loc":{"start":{"line":53,"column":59},"end":{"line":72,"column":1}},"line":53},"2":{"name":"(anonymous_2)","decl":{"start":{"line":102,"column":23},"end":{"line":102,"column":24}},"loc":{"start":{"line":102,"column":60},"end":{"line":145,"column":1}},"line":102},"3":{"name":"(anonymous_3)","decl":{"start":{"line":174,"column":27},"end":{"line":174,"column":28}},"loc":{"start":{"line":174,"column":45},"end":{"line":228,"column":1}},"line":174},"4":{"name":"(anonymous_4)","decl":{"start":{"line":248,"column":15},"end":{"line":248,"column":16}},"loc":{"start":{"line":248,"column":35},"end":{"line":257,"column":1}},"line":248}},"branchMap":{"0":{"loc":{"start":{"line":57,"column":2},"end":{"line":59,"column":3}},"type":"if","locations":[{"start":{"line":57,"column":2},"end":{"line":59,"column":3}},{"start":{"line":57,"column":2},"end":{"line":59,"column":3}}],"line":57},"1":{"loc":{"start":{"line":61,"column":10},"end":{"line":61,"column":47}},"type":"binary-expr","locations":[{"start":{"line":61,"column":10},"end":{"line":61,"column":23}},{"start":{"line":61,"column":28},"end":{"line":61,"column":46}}],"line":61},"2":{"loc":{"start":{"line":66,"column":11},"end":{"line":66,"column":46}},"type":"binary-expr","locations":[{"start":{"line":66,"column":11},"end":{"line":66,"column":23}},{"start":{"line":66,"column":28},"end":{"line":66,"column":45}}],"line":66},"3":{"loc":{"start":{"line":110,"column":2},"end":{"line":112,"column":3}},"type":"if","locations":[{"start":{"line":110,"column":2},"end":{"line":112,"column":3}},{"start":{"line":110,"column":2},"end":{"line":112,"column":3}}],"line":110},"4":{"loc":{"start":{"line":113,"column":2},"end":{"line":116,"column":3}},"type":"if","locations":[{"start":{"line":113,"column":2},"end":{"line":116,"column":3}},{"start":{"line":113,"column":2},"end":{"line":116,"column":3}}],"line":113},"5":{"loc":{"start":{"line":113,"column":8},"end":{"line":113,"column":37}},"type":"binary-expr","locations":[{"start":{"line":113,"column":8},"end":{"line":113,"column":14}},{"start":{"line":113,"column":18},"end":{"line":113,"column":26}},{"start":{"line":113,"column":30},"end":{"line":113,"column":37}}],"line":113},"6":{"loc":{"start":{"line":118,"column":11},"end":{"line":118,"column":68}},"type":"cond-expr","locations":[{"start":{"line":118,"column":20},"end":{"line":118,"column":47}},{"start":{"line":118,"column":50},"end":{"line":118,"column":68}}],"line":118},"7":{"loc":{"start":{"line":123,"column":4},"end":{"line":125,"column":5}},"type":"if","locations":[{"start":{"line":123,"column":4},"end":{"line":125,"column":5}},{"start":{"line":123,"column":4},"end":{"line":125,"column":5}}],"line":123},"8":{"loc":{"start":{"line":127,"column":4},"end":{"line":130,"column":5}},"type":"if","locations":[{"start":{"line":127,"column":4},"end":{"line":130,"column":5}},{"start":{"line":127,"column":4},"end":{"line":130,"column":5}}],"line":127},"9":{"loc":{"start":{"line":127,"column":10},"end":{"line":127,"column":29}},"type":"binary-expr","locations":[{"start":{"line":127,"column":10},"end":{"line":127,"column":18}},{"start":{"line":127,"column":22},"end":{"line":127,"column":29}}],"line":127},"10":{"loc":{"start":{"line":133,"column":6},"end":{"line":140,"column":7}},"type":"if","locations":[{"start":{"line":133,"column":6},"end":{"line":140,"column":7}},{"start":{"line":133,"column":6},"end":{"line":140,"column":7}}],"line":133},"11":{"loc":{"start":{"line":135,"column":10},"end":{"line":136,"column":49}},"type":"binary-expr","locations":[{"start":{"line":135,"column":11},"end":{"line":135,"column":19}},{"start":{"line":135,"column":23},"end":{"line":135,"column":43}},{"start":{"line":136,"column":14},"end":{"line":136,"column":21}},{"start":{"line":136,"column":25},"end":{"line":136,"column":48}}],"line":135},"12":{"loc":{"start":{"line":185,"column":2},"end":{"line":187,"column":3}},"type":"if","locations":[{"start":{"line":185,"column":2},"end":{"line":187,"column":3}},{"start":{"line":185,"column":2},"end":{"line":187,"column":3}}],"line":185},"13":{"loc":{"start":{"line":202,"column":4},"end":{"line":204,"column":5}},"type":"if","locations":[{"start":{"line":202,"column":4},"end":{"line":204,"column":5}},{"start":{"line":202,"column":4},"end":{"line":204,"column":5}}],"line":202},"14":{"loc":{"start":{"line":207,"column":4},"end":{"line":209,"column":5}},"type":"if","locations":[{"start":{"line":207,"column":4},"end":{"line":209,"column":5}},{"start":{"line":207,"column":4},"end":{"line":209,"column":5}}],"line":207},"15":{"loc":{"start":{"line":212,"column":4},"end":{"line":216,"column":5}},"type":"if","locations":[{"start":{"line":212,"column":4},"end":{"line":216,"column":5}},{"start":{"line":212,"column":4},"end":{"line":216,"column":5}}],"line":212},"16":{"loc":{"start":{"line":214,"column":22},"end":{"line":214,"column":41}},"type":"binary-expr","locations":[{"start":{"line":214,"column":22},"end":{"line":214,"column":33}},{"start":{"line":214,"column":37},"end":{"line":214,"column":41}}],"line":214},"17":{"loc":{"start":{"line":219,"column":4},"end":{"line":224,"column":5}},"type":"if","locations":[{"start":{"line":219,"column":4},"end":{"line":224,"column":5}},{"start":{"line":219,"column":4},"end":{"line":224,"column":5}}],"line":219},"18":{"loc":{"start":{"line":222,"column":21},"end":{"line":222,"column":39}},"type":"binary-expr","locations":[{"start":{"line":222,"column":21},"end":{"line":222,"column":31}},{"start":{"line":222,"column":35},"end":{"line":222,"column":39}}],"line":222},"19":{"loc":{"start":{"line":249,"column":13},"end":{"line":249,"column":43}},"type":"binary-expr","locations":[{"start":{"line":249,"column":13},"end":{"line":249,"column":31}},{"start":{"line":249,"column":35},"end":{"line":249,"column":43}}],"line":249},"20":{"loc":{"start":{"line":253,"column":4},"end":{"line":255,"column":5}},"type":"if","locations":[{"start":{"line":253,"column":4},"end":{"line":255,"column":5}},{"start":{"line":253,"column":4},"end":{"line":255,"column":5}}],"line":253}},"s":{"0":3,"1":3,"2":3,"3":62,"4":1,"5":61,"6":61,"7":61,"8":61,"9":61,"10":61,"11":61,"12":61,"13":3,"14":13,"15":13,"16":6,"17":7,"18":3,"19":3,"20":4,"21":4,"22":6,"23":6,"24":1,"25":5,"26":4,"27":4,"28":1,"29":2,"30":1,"31":4,"32":3,"33":214,"34":214,"35":214,"36":126,"37":88,"38":88,"39":35,"40":88,"41":91,"42":91,"43":1,"44":91,"45":91,"46":49,"47":91,"48":49,"49":54,"50":91,"51":1,"52":1,"53":1,"54":88,"55":3,"56":2,"57":2,"58":2,"59":6,"60":6,"61":3},"f":{"0":11,"1":62,"2":13,"3":214,"4":2},"b":{"0":[1,61],"1":[61,35],"2":[61,55],"3":[6,7],"4":[3,4],"5":[7,3,3],"6":[4,0],"7":[1,5],"8":[4,1],"9":[5,4],"10":[1,1],"11":[2,2,1,0],"12":[126,88],"13":[1,90],"14":[49,42],"15":[49,42],"16":[54,54],"17":[1,90],"18":[1,1],"19":[2,1],"20":[6,0]},"_coverageSchema":"43e27e138ebf9cfc5966b082cf9a028302ed4184","hash":"4fb70959139fbf8334d4baf2d05b40925f5152b8"}
,"/home/runner/work/spore-kit/spore-kit/packages/evt/index.js": {"path":"/home/runner/work/spore-kit/spore-kit/packages/evt/index.js","statementMap":{"0":{"start":{"line":18,"column":0},"end":{"line":18,"column":37}},"1":{"start":{"line":19,"column":0},"end":{"line":19,"column":41}},"2":{"start":{"line":20,"column":0},"end":{"line":20,"column":47}},"3":{"start":{"line":21,"column":0},"end":{"line":21,"column":39}}},"fnMap":{},"branchMap":{},"s":{"0":1,"1":1,"2":1,"3":1},"f":{},"b":{},"_coverageSchema":"43e27e138ebf9cfc5966b082cf9a028302ed4184","hash":"8852897dc4529cd7db97ef0bc2e240add81ba433"}
,"/home/runner/work/spore-kit/spore-kit/packages/evt/listener.js": {"path":"/home/runner/work/spore-kit/spore-kit/packages/evt/listener.js","statementMap":{"0":{"start":{"line":27,"column":14},"end":{"line":27,"column":33}},"1":{"start":{"line":29,"column":15},"end":{"line":35,"column":1}},"2":{"start":{"line":30,"column":2},"end":{"line":30,"column":29}},"3":{"start":{"line":31,"column":2},"end":{"line":31,"column":39}},"4":{"start":{"line":32,"column":2},"end":{"line":34,"column":3}},"5":{"start":{"line":33,"column":4},"end":{"line":33,"column":43}},"6":{"start":{"line":37,"column":0},"end":{"line":100,"column":2}},"7":{"start":{"line":46,"column":4},"end":{"line":46,"column":44}},"8":{"start":{"line":55,"column":4},"end":{"line":55,"column":44}},"9":{"start":{"line":66,"column":4},"end":{"line":66,"column":67}},"10":{"start":{"line":77,"column":4},"end":{"line":77,"column":68}},"11":{"start":{"line":88,"column":15},"end":{"line":88,"column":42}},"12":{"start":{"line":91,"column":4},"end":{"line":91,"column":33}},"13":{"start":{"line":94,"column":4},"end":{"line":98,"column":18}},"14":{"start":{"line":95,"column":6},"end":{"line":97,"column":7}},"15":{"start":{"line":96,"column":8},"end":{"line":96,"column":89}},"16":{"start":{"line":102,"column":0},"end":{"line":102,"column":26}}},"fnMap":{"0":{"name":"(anonymous_0)","decl":{"start":{"line":29,"column":15},"end":{"line":29,"column":16}},"loc":{"start":{"line":29,"column":33},"end":{"line":35,"column":1}},"line":29},"1":{"name":"(anonymous_1)","decl":{"start":{"line":45,"column":10},"end":{"line":45,"column":11}},"loc":{"start":{"line":45,"column":31},"end":{"line":47,"column":3}},"line":45},"2":{"name":"(anonymous_2)","decl":{"start":{"line":54,"column":12},"end":{"line":54,"column":13}},"loc":{"start":{"line":54,"column":33},"end":{"line":56,"column":3}},"line":54},"3":{"name":"(anonymous_3)","decl":{"start":{"line":65,"column":6},"end":{"line":65,"column":7}},"loc":{"start":{"line":65,"column":18},"end":{"line":67,"column":3}},"line":65},"4":{"name":"(anonymous_4)","decl":{"start":{"line":76,"column":7},"end":{"line":76,"column":8}},"loc":{"start":{"line":76,"column":19},"end":{"line":78,"column":3}},"line":76},"5":{"name":"(anonymous_5)","decl":{"start":{"line":87,"column":11},"end":{"line":87,"column":12}},"loc":{"start":{"line":87,"column":29},"end":{"line":99,"column":3}},"line":87},"6":{"name":"(anonymous_6)","decl":{"start":{"line":94,"column":19},"end":{"line":94,"column":20}},"loc":{"start":{"line":94,"column":38},"end":{"line":98,"column":5}},"line":94}},"branchMap":{"0":{"loc":{"start":{"line":32,"column":2},"end":{"line":34,"column":3}},"type":"if","locations":[{"start":{"line":32,"column":2},"end":{"line":34,"column":3}},{"start":{"line":32,"column":2},"end":{"line":34,"column":3}}],"line":32},"1":{"loc":{"start":{"line":95,"column":6},"end":{"line":97,"column":7}},"type":"if","locations":[{"start":{"line":95,"column":6},"end":{"line":97,"column":7}},{"start":{"line":95,"column":6},"end":{"line":97,"column":7}}],"line":95}},"s":{"0":1,"1":1,"2":3,"3":3,"4":3,"5":2,"6":1,"7":4,"8":1,"9":3,"10":1,"11":4,"12":4,"13":4,"14":4,"15":3,"16":1},"f":{"0":3,"1":4,"2":1,"3":3,"4":1,"5":4,"6":4},"b":{"0":[2,1],"1":[3,1]},"_coverageSchema":"43e27e138ebf9cfc5966b082cf9a028302ed4184","hash":"4eadda5a079e345cc4ee2e7eca2295587fae9c01"}
,"/home/runner/work/spore-kit/spore-kit/packages/evt/occurInside.js": {"path":"/home/runner/work/spore-kit/spore-kit/packages/evt/occurInside.js","statementMap":{"0":{"start":{"line":18,"column":2},"end":{"line":26,"column":3}},"1":{"start":{"line":19,"column":14},"end":{"line":19,"column":26}},"2":{"start":{"line":20,"column":4},"end":{"line":25,"column":5}},"3":{"start":{"line":21,"column":6},"end":{"line":23,"column":7}},"4":{"start":{"line":22,"column":8},"end":{"line":22,"column":20}},"5":{"start":{"line":24,"column":6},"end":{"line":24,"column":27}},"6":{"start":{"line":27,"column":2},"end":{"line":27,"column":15}},"7":{"start":{"line":30,"column":0},"end":{"line":30,"column":29}}},"fnMap":{"0":{"name":"occurInside","decl":{"start":{"line":17,"column":9},"end":{"line":17,"column":20}},"loc":{"start":{"line":17,"column":34},"end":{"line":28,"column":1}},"line":17}},"branchMap":{"0":{"loc":{"start":{"line":18,"column":2},"end":{"line":26,"column":3}},"type":"if","locations":[{"start":{"line":18,"column":2},"end":{"line":26,"column":3}},{"start":{"line":18,"column":2},"end":{"line":26,"column":3}}],"line":18},"1":{"loc":{"start":{"line":18,"column":6},"end":{"line":18,"column":35}},"type":"binary-expr","locations":[{"start":{"line":18,"column":6},"end":{"line":18,"column":10}},{"start":{"line":18,"column":14},"end":{"line":18,"column":19}},{"start":{"line":18,"column":23},"end":{"line":18,"column":35}}],"line":18},"2":{"loc":{"start":{"line":21,"column":6},"end":{"line":23,"column":7}},"type":"if","locations":[{"start":{"line":21,"column":6},"end":{"line":23,"column":7}},{"start":{"line":21,"column":6},"end":{"line":23,"column":7}}],"line":21}},"s":{"0":2,"1":2,"2":2,"3":8,"4":1,"5":7,"6":1,"7":1},"f":{"0":2},"b":{"0":[2,0],"1":[2,2,2],"2":[1,7]},"_coverageSchema":"43e27e138ebf9cfc5966b082cf9a028302ed4184","hash":"f48384441fa5f9a5121280cf65f98a763809e53d"}
,"/home/runner/work/spore-kit/spore-kit/packages/evt/tapStop.js": {"path":"/home/runner/work/spore-kit/spore-kit/packages/evt/tapStop.js","statementMap":{"0":{"start":{"line":15,"column":15},"end":{"line":15,"column":19}},"1":{"start":{"line":16,"column":10},"end":{"line":16,"column":12}},"2":{"start":{"line":17,"column":12},"end":{"line":17,"column":16}},"3":{"start":{"line":18,"column":22},"end":{"line":18,"column":27}},"4":{"start":{"line":20,"column":14},"end":{"line":65,"column":1}},"5":{"start":{"line":21,"column":10},"end":{"line":21,"column":51}},"6":{"start":{"line":23,"column":13},"end":{"line":26,"column":13}},"7":{"start":{"line":28,"column":2},"end":{"line":42,"column":3}},"8":{"start":{"line":29,"column":4},"end":{"line":29,"column":54}},"9":{"start":{"line":30,"column":4},"end":{"line":41,"column":31}},"10":{"start":{"line":44,"column":2},"end":{"line":54,"column":3}},"11":{"start":{"line":45,"column":4},"end":{"line":52,"column":7}},"12":{"start":{"line":46,"column":6},"end":{"line":48,"column":7}},"13":{"start":{"line":47,"column":8},"end":{"line":47,"column":15}},"14":{"start":{"line":49,"column":18},"end":{"line":49,"column":32}},"15":{"start":{"line":50,"column":6},"end":{"line":50,"column":30}},"16":{"start":{"line":51,"column":6},"end":{"line":51,"column":30}},"17":{"start":{"line":53,"column":4},"end":{"line":53,"column":27}},"18":{"start":{"line":56,"column":14},"end":{"line":56,"column":43}},"19":{"start":{"line":57,"column":2},"end":{"line":60,"column":5}},"20":{"start":{"line":61,"column":2},"end":{"line":61,"column":22}},"21":{"start":{"line":62,"column":2},"end":{"line":64,"column":12}},"22":{"start":{"line":63,"column":4},"end":{"line":63,"column":20}},"23":{"start":{"line":67,"column":0},"end":{"line":67,"column":25}}},"fnMap":{"0":{"name":"(anonymous_0)","decl":{"start":{"line":20,"column":14},"end":{"line":20,"column":15}},"loc":{"start":{"line":20,"column":33},"end":{"line":65,"column":1}},"line":20},"1":{"name":"(anonymous_1)","decl":{"start":{"line":45,"column":33},"end":{"line":45,"column":34}},"loc":{"start":{"line":45,"column":48},"end":{"line":52,"column":5}},"line":45},"2":{"name":"(anonymous_2)","decl":{"start":{"line":62,"column":21},"end":{"line":62,"column":22}},"loc":{"start":{"line":62,"column":33},"end":{"line":64
[...]
,"/home/runner/work/spore-kit/spore-kit/packages/util/hexToAb.js": {"path":"/home/runner/work/spore-kit/spore-kit/packages/util/hexToAb.js","statementMap":{"0":{"start":{"line":19,"column":2},"end":{"line":21,"column":3}},"1":{"start":{"line":20,"column":4},"end":{"line":20,"column":30}},"2":{"start":{"line":22,"column":15},"end":{"line":22,"column":57}},"3":{"start":{"line":23,"column":17},"end":{"line":23,"column":37}},"4":{"start":{"line":24,"column":14},"end":{"line":24,"column":15}},"5":{"start":{"line":26,"column":12},"end":{"line":26,"column":22}},"6":{"start":{"line":27,"column":2},"end":{"line":31,"column":3}},"7":{"start":{"line":28,"column":15},"end":{"line":28,"column":45}},"8":{"start":{"line":29,"column":4},"end":{"line":29,"column":35}},"9":{"start":{"line":30,"column":4},"end":{"line":30,"column":15}},"10":{"start":{"line":32,"column":2},"end":{"line":32,"column":16}},"11":{"start":{"line":35,"column":0},"end":{"line":35,"column":25}}},"fnMap":{"0":{"name":"hexToAb","decl":{"start":{"line":18,"column":9},"end":{"line":18,"column":16}},"loc":{"start":{"line":18,"column":22},"end":{"line":33,"column":1}},"line":18}},"branchMap":{"0":{"loc":{"start":{"line":19,"column":2},"end":{"line":21,"column":3}},"type":"if","locations":[{"start":{"line":19,"column":2},"end":{"line":21,"column":3}},{"start":{"line":19,"column":2},"end":{"line":21,"column":3}}],"line":19}},"s":{"0":2,"1":1,"2":1,"3":1,"4":1,"5":1,"6":1,"7":2,"8":2,"9":2,"10":1,"11":1},"f":{"0":2},"b":{"0":[1,1]},"_coverageSchema":"43e27e138ebf9cfc5966b082cf9a028302ed4184","hash":"e52b41c27df300140e8a24b0b37d9997e24dd9d2"}
,"/home/runner/work/spore-kit/spore-kit/packages/util/hexToAsc.js": {"path":"/home/runner/work/spore-kit/spore-kit/packages/util/hexToAsc.js","statementMap":{"0":{"start":{"line":13,"column":2},"end":{"line":15,"column":3}},"1":{"start":{"line":14,"column":4},"end":{"line":14,"column":14}},"2":{"start":{"line":16,"column":2},"end":{"line":19,"column":5}},"3":{"start":{"line":17,"column":14},"end":{"line":17,"column":33}},"4":{"start":{"line":18,"column":4},"end":{"line":18,"column":36}},"5":{"start":{"line":22,"column":0},"end":{"line":22,"column":26}}},"fnMap":{"0":{"name":"hexToAsc","decl":{"start":{"line":12,"column":9},"end":{"line":12,"column":17}},"loc":{"start":{"line":12,"column":23},"end":{"line":20,"column":1}},"line":12},"1":{"name":"(anonymous_1)","decl":{"start":{"line":16,"column":37},"end":{"line":16,"column":38}},"loc":{"start":{"line":16,"column":54},"end":{"line":19,"column":3}},"line":16}},"branchMap":{"0":{"loc":{"start":{"line":13,"column":2},"end":{"line":15,"column":3}},"type":"if","locations":[{"start":{"line":13,"column":2},"end":{"line":15,"column":3}},{"start":{"line":13,"column":2},"end":{"line":15,"column":3}}],"line":13}},"s":{"0":2,"1":1,"2":1,"3":2,"4":2,"5":1},"f":{"0":2,"1":2},"b":{"0":[1,1]},"_coverageSchema":"43e27e138ebf9cfc5966b082cf9a028302ed4184","hash":"a022b27fa3710a41cc157325c37a74a775494071"}
,"/home/runner/work/spore-kit/spore-kit/packages/util/hslToRgb.js": {"path":"/home/runner/work/spore-kit/spore-kit/packages/util/hslToRgb.js","statementMap":{"0":{"start":{"line":19,"column":2},"end":{"line":19,"column":20}},"1":{"start":{"line":19,"column":13},"end":{"line":19,"column":20}},"2":{"start":{"line":20,"column":2},"end":{"line":20,"column":20}},"3":{"start":{"line":20,"column":13},"end":{"line":20,"column":20}},"4":{"start":{"line":21,"column":2},"end":{"line":21,"column":44}},"5":{"start":{"line":21,"column":17},"end":{"line":21,"column":44}},"6":{"start":{"line":22,"column":2},"end":{"line":22,"column":26}},"7":{"start":{"line":22,"column":17},"end":{"line":22,"column":26}},"8":{"start":{"line":23,"column":2},"end":{"line":23,"column":54}},"9":{"start":{"line":23,"column":17},"end":{"line":23,"column":54}},"10":{"start":{"line":24,"column":2},"end":{"line":24,"column":11}},"11":{"start":{"line":32,"column":2},"end":{"line":43,"column":3}},"12":{"start":{"line":34,"column":4},"end":{"line":34,"column":10}},"13":{"start":{"line":35,"column":4},"end":{"line":35,"column":10}},"14":{"start":{"line":36,"column":4},"end":{"line":36,"column":10}},"15":{"start":{"line":38,"column":12},"end":{"line":38,"column":49}},"16":{"start":{"line":39,"column":12},"end":{"line":39,"column":21}},"17":{"start":{"line":40,"column":4},"end":{"line":40,"column":34}},"18":{"start":{"line":41,"column":4},"end":{"line":41,"column":26}},"19":{"start":{"line":42,"column":4},"end":{"line":42,"column":34}},"20":{"start":{"line":44,"column":2},"end":{"line":44,"column":73}},"21":{"start":{"line":47,"column":0},"end":{"line":47,"column":26}}},"fnMap":{"0":{"name":"hueToRgb","decl":{"start":{"line":18,"column":9},"end":{"line":18,"column":17}},"loc":{"start":{"line":18,"column":27},"end":{"line":25,"column":1}},"line":18},"1":{"name":"hslToRgb","decl":{"start":{"line":27,"column":9},"end":{"line":27,"column":17}},"loc":{"start":{"line":27,"column":27},"end":{"line":45,"column":1}},"line":27}},"branchMap":{"0":{"loc":{"start":{"line":19,"column":2},"end":{"line":19,"column":20}},"type":"if","locations":[{"start":{"line":19,"column":2},"end":{"line":19,"column":20}},{"start":{"line":19,"column":2},"end":{"line":19,"column":20}}],"line":19},"1":{"loc":{"start":{"line":20,"column":2},"end":{"line":20,"column":20}},"type":"if","locations":[{"start":{"line":20,"column":2},"end":{"line":20,"column":20}},{"start":{"line":20,"column":2},"end":{"line":20,"column":20}}],"line":20},"2":{"loc":{"start":{"line":21,"column":2},"end":{"line":21,"column":44}},"type":"if","locations":[{"start":{"line":21,"column":2},"end":{"line":21,"column":44}},{"start":{"line":21,"column":2},"end":{"line":21,"column":44}}],"line":21},"3":{"loc":{"start":{"line":22,"column":2},"end":{"line":22,"column":26}},"type":"if","locations":[{"start":{"line":22,"column":2},"end":{"line":22,"column":26}},{"start":{"line":22,"column":2},"end":{"line":22,"column":26}}],"line":22},"4":{"loc":{"start":{"line":23,"column":2},"end":{"line":23,"column":54}},"type":"if","locations":[{"start":{"line":23,"column":2},"end":{"line":23,"column":54}},{"start":{"line":23,"column":2},"end":{"line":23,"column":54}}],"line":23},"5":{"loc":{"start":{"line":32,"column":2},"end":{"line":43,"column":3}},"type":"if","locations":[{"start":{"line":32,"column":2},"end":{"line":43,"column":3}},{"start":{"line":32,"column":2},"end":{"line":43,"column":3}}],"line":32},"6":{"loc":{"start":{"line":38,"column":12},"end":{"line":38,"column":49}},"type":"cond-expr","locations":[{"start":{"line":38,"column":22},"end":{"line":38,"column":33}},{"start":{"line":38,"column":36},"end":{"line":38,"column":49}}],"line":38}},"s":{"0":3,"1":0,"2":3,"3":0,"4":3,"5":0,"6":3,"7":1,"8":2,"9":1,"10":1,"11":4,"12":3,"13":3,"14":3,"15":1,"16":1,"17":1,"18":1,"19":1,"20":4,"21":1},"f":{"0":3,"1":4},"b":{"0":[0,3],"1":[0,3],"2":[0,3],"3":[1,2],"4":[1,1],"5":[3,1],"6":[0,1]},"_coverageSchema":"43e27e138ebf9cfc5966b082cf9a028302ed4184","hash":"1914517dd64a7a7018689ac818db79fe08c64740"}
,"/home/runner/work/spore-kit/spore-kit/packages/util/index.js": {"path":"/home/runner/work/spore-kit/spore-kit/packages/util/index.js","statementMap":{"0":{"start":{"line":18,"column":0},"end":{"line":18,"column":39}},"1":{"start":{"line":19,"column":0},"end":{"line":19,"column":41}},"2":{"start":{"line":20,"column":0},"end":{"line":20,"column":53}},"3":{"start":{"line":21,"column":0},"end":{"line":21,"column":39}},"4":{"start":{"line":22,"column":0},"end":{"line":22,"column":41}},"5":{"start":{"line":23,"column":0},"end":{"line":23,"column":41}},"6":{"start":{"line":24,"column":0},"end":{"line":24,"column":31}},"7":{"start":{"line":25,"column":0},"end":{"line":25,"column":55}},"8":{"start":{"line":26,"column":0},"end":{"line":26,"column":41}},"9":{"start":{"line":27,"column":0},"end":{"line":27,"column":41}}},"fnMap":{},"branchMap":{},"s":{"0":1,"1":1,"2":1,"3":1,"4":1,"5":1,"6":1,"7":1,"8":1,"9":1},"f":{},"b":{},"_coverageSchema":"43e27e138ebf9cfc5966b082cf9a028302ed4184","hash":"2454a93cc71a8a684d998502d6437c92a9cb0d77"}
,"/home/runner/work/spore-kit/spore-kit/packages/util/job.js": {"path":"/home/runner/work/spore-kit/spore-kit/packages/util/job.js","statementMap":{"0":{"start":{"line":18,"column":14},"end":{"line":18,"column":16}},"1":{"start":{"line":20,"column":0},"end":{"line":20,"column":19}},"2":{"start":{"line":22,"column":0},"end":{"line":29,"column":2}},"3":{"start":{"line":23,"column":2},"end":{"line":23,"column":26}},"4":{"start":{"line":24,"column":2},"end":{"line":27,"column":5}},"5":{"start":{"line":28,"column":2},"end":{"line":28,"column":17}},"6":{"start":{"line":31,"column":0},"end":{"line":43,"column":2}},"7":{"start":{"line":32,"column":2},"end":{"line":32,"column":57}},"8":{"start":{"line":32,"column":48},"end":{"line":32,"column":55}},"9":{"start":{"line":33,"column":2},"end":{"line":42,"column":8}},"10":{"start":{"line":34,"column":15},"end":{"line":34,"column":36}},"11":{"start":{"line":35,"column":4},"end":{"line":41,"column":5}},"12":{"start":{"line":36,"column":6},"end":{"line":38,"column":7}},"13":{"start":{"line":37,"column":8},"end":{"line":37,"column":27}},"14":{"start":{"line":39,"column":6},"end":{"line":39,"column":27}},"15":{"start":{"line":40,"column":6},"end":{"line":40,"column":21}},"16":{"start":{"line":46,"column":2},"end":{"line":46,"column":27}},"17":{"start":{"line":47,"column":2},"end":{"line":47,"column":17}},"18":{"start":{"line":50,"column":0},"end":{"line":50,"column":21}}},"fnMap":{"0":{"name":"(anonymous_0)","decl":{"start":{"line":22,"column":14},"end":{"line":22,"column":15}},"loc":{"start":{"line":22,"column":37},"end":{"line":29,"column":1}},"line":22},"1":{"name":"(anonymous_1)","decl":{"start":{"line":31,"column":15},"end":{"line":31,"column":16}},"loc":{"start":{"line":31,"column":27},"end":{"line":43,"column":1}},"line":31},"2":{"name":"(anonymous_2)","decl":{"start":{"line":33,"column":29},"end":{"line":33,"column":30}},"loc":{"start":{"line":33,"column":41},"end":{"line":42,"column":3}},"line":33},"3":{"name":"job","decl":{"start":{"line":45,"column":9},"end":{"line":45,"column":12}},"loc":{"start":{"line":45,"column":26},"end":{"line":48,"column":1}},"line":45}},"branchMap":{"0":{"loc":{"start":{"line":23,"column":12},"end":{"line":23,"column":25}},"type":"binary-expr","locations":[{"start":{"line":23,"column":12},"end":{"line":23,"column":19}},{"start":{"line":23,"column":23},"end":{"line":23,"column":25}}],"line":23},"1":{"loc":{"start":{"line":32,"column":2},"end":{"line":32,"column":57}},"type":"if","locations":[{"start":{"line":32,"column":2},"end":{"line":32,"column":57}},{"start":{"line":32,"column":2},"end":{"line":32,"column":57}}],"line":32},"2":{"loc":{"start":{"line":32,"column":6},"end":{"line":32,"column":44}},"type":"binary-expr","locations":[{"start":{"line":32,"column":6},"end":{"line":32,"column":27}},{"start":{"line":32,"column":31},"end":{"line":32,"column":44}}],"line":32},"3":{"loc":{"start":{"line":35,"column":4},"end":{"line":41,"column":5}},"type":"if","locations":[{"start":{"line":35,"column":4},"end":{"line":41,"column":5}},{"start":{"line":35,"column":4},"end":{"line":41,"column":5}}],"line":35},"4":{"loc":{"start":{"line":36,"column":6},"end":{"line":38,"column":7}},"type":"if","locations":[{"start":{"line":36,"column":6},"end":{"line":38,"column":7}},{"start":{"line":36,"column":6},"end":{"line":38,"column":7}}],"line":36},"5":{"loc":{"start":{"line":36,"column":10},"end":{"line":36,"column":50}},"type":"binary-expr","locations":[{"start":{"line":36,"column":10},"end":{"line":36,"column":17}},{"start":{"line":36,"column":21},"end":{"line":36,"column":50}}],"line":36}},"s":{"0":1,"1":1,"2":1,"3":3,"4":3,"5":3,"6":1,"7":6,"8":3,"9":3,"10":3,"11":3,"12":3,"13":2,"14":3,"15":3,"16":3,"17":3,"18":1},"f":{"0":3,"1":6,"2":3,"3":3},"b":{"0":[3,3],"1":[3,3],"2":[6,5],"3":[3,0],"4":[2,1],"5":[3,3]},"_coverageSchema":"43e27e138ebf9cfc5966b082cf9a028302ed4184","hash":"2a3b4df4fdb4fadf04401267141b4e16a31854d9"}
,"/home/runner/work/spore-kit/spore-kit/packages/util/measureDistance.js": {"path":"/home/runner/work/spore-kit/spore-kit/packages/util/measureDistance.js","statementMap":{"0":{"start":{"line":16,"column":16},"end":{"line":16,"column":40}},"1":{"start":{"line":17,"column":16},"end":{"line":17,"column":40}},"2":{"start":{"line":18,"column":10},"end":{"line":18,"column":27}},"3":{"start":{"line":19,"column":10},"end":{"line":19,"column":61}},"4":{"start":{"line":20,"column":15},"end":{"line":20,"column":43}},"5":{"start":{"line":21,"column":15},"end":{"line":21,"column":83}},"6":{"start":{"line":22,"column":16},"end":{"line":22,"column":42}},"7":{"start":{"line":23,"column":10},"end":{"line":23,"column":32}},"8":{"start":{"line":25,"column":2},"end":{"line":25,"column":16}},"9":{"start":{"line":26,"column":2},"end":{"line":26,"column":11}},"10":{"start":{"line":29,"column":0},"end":{"line":29,"column":33}}},"fnMap":{"0":{"name":"measureDistance","decl":{"start":{"line":15,"column":9},"end":{"line":15,"column":24}},"loc":{"start":{"line":15,"column":49},"end":{"line":27,"column":1}},"line":15}},"branchMap":{},"s":{"0":1,"1":1,"2":1,"3":1,"4":1,"5":1,"6":1,"7":1,"8":1,"9":1,"10":1},"f":{"0":1},"b":{},"_coverageSchema":"43e27e138ebf9cfc5966b082cf9a028302ed4184","hash":"55c9b47f2d07bc5179faed25264ec3dddec30e33"}
,"/home/runner/work/spore-kit/spore-kit/packages/util/parseRGB.js": {"path":"/home/runner/work/spore-kit/spore-kit/packages/util/parseRGB.js","statementMap":{"0":{"start":{"line":15,"column":16},"end":{"line":15,"column":54}},"1":{"start":{"line":18,"column":12},"end":{"line":18,"column":17}},"2":{"start":{"line":19,"column":2},"end":{"line":21,"column":3}},"3":{"start":{"line":20,"column":4},"end":{"line":20,"column":46}},"4":{"start":{"line":22,"column":2},"end":{"line":24,"column":3}},"5":{"start":{"line":23,"column":4},"end":{"line":23,"column":46}},"6":{"start":{"line":26,"column":2},"end":{"line":26,"column":29}},"7":{"start":{"line":28,"column":2},"end":{"line":34,"column":3}},"8":{"start":{"line":29,"column":4},"end":{"line":31,"column":7}},"9":{"start":{"line":30,"column":6},"end":{"line":30,"column":19}},"10":{"start":{"line":33,"column":4},"end":{"line":33,"column":39}},"11":{"start":{"line":35,"column":2},"end":{"line":35,"column":17}},"12":{"start":{"line":36,"column":2},"end":{"line":38,"column":5}},"13":{"start":{"line":37,"column":4},"end":{"line":37,"column":27}},"14":{"start":{"line":41,"column":0},"end":{"line":41,"column":26}}},"fnMap":{"0":{"name":"parseRGB","decl":{"start":{"line":17,"column":9},"end":{"line":17,"column":17}},"loc":{"start":{"line":17,"column":25},"end":{"line":39,"column":1}},"line":17},"1":{"name":"(anonymous_1)","decl":{"start":{"line":29,"column":28},"end":{"line":29,"column":29}},"loc":{"start":{"line":29,"column":41},"end":{"line":31,"column":5}},"line":29},"2":{"name":"(anonymous_2)","decl":{"start":{"line":36,"column":17},"end":{"line":36,"column":18}},"loc":{"start":{"line":36,"column":30},"end":{"line":38,"column":3}},"line":36}},"branchMap":{"0":{"loc":{"start":{"line":19,"column":2},"end":{"line":21,"column":3}},"type":"if","locations":[{"start":{"line":19,"column":2},"end":{"line":21,"column":3}},{"start":{"line":19,"column":2},"end":{"line":21,"column":3}}],"line":19},"1":{"loc":{"start":{"line":22,"column":2},"end":{"line":24,"column":3}},"type":"if","locations":[{"start":{"line":22,"column":2},"end":{"line":24,"column":3}},{"start":{"line":22,"column":2},"end":{"line":24,"column":3}}],"line":22},"2":{"loc":{"start":{"line":28,"column":2},"end":{"line":34,"column":3}},"type":"if","locations":[{"start":{"line":28,"column":2},"end":{"line":34,"column":3}},{"start":{"line":28,"column":2},"end":{"line":34,"column":3}}],"line":28}},"s":{"0":1,"1":9,"2":9,"3":1,"4":8,"5":1,"6":7,"7":7,"8":4,"9":12,"10":3,"11":7,"12":7,"13":21,"14":1},"f":{"0":9,"1":12,"2":21},"b":{"0":[1,8],"1":[1,7],"2":[4,3]},"_coverageSchema":"43e27e138ebf9cfc5966b082cf9a028302ed4184","hash":"537d01ab21e6e30b4d2abd13f8f3b9dffd682906"}
,"/home/runner/work/spore-kit/spore-kit/packages/util/rgbToHsl.js": {"path":"/home/runner/work/spore-kit/spore-kit/packages/util/rgbToHsl.js","statementMap":{"0":{"start":{"line":19,"column":2},"end":{"line":19,"column":11}},"1":{"start":{"line":20,"column":2},"end":{"line":20,"column":11}},"2":{"start":{"line":21,"column":2},"end":{"line":21,"column":11}},"3":{"start":{"line":22,"column":12},"end":{"line":22,"column":29}},"4":{"start":{"line":23,"column":12},"end":{"line":23,"column":29}},"5":{"start":{"line":26,"column":10},"end":{"line":26,"column":25}},"6":{"start":{"line":28,"column":2},"end":{"line":41,"column":3}},"7":{"start":{"line":29,"column":4},"end":{"line":29,"column":10}},"8":{"start":{"line":30,"column":4},"end":{"line":30,"column":10}},"9":{"start":{"line":32,"column":12},"end":{"line":32,"column":21}},"10":{"start":{"line":33,"column":4},"end":{"line":33,"column":56}},"11":{"start":{"line":34,"column":4},"end":{"line":39,"column":5}},"12":{"start":{"line":35,"column":14},"end":{"line":35,"column":48}},"13":{"start":{"line":35,"column":49},"end":{"line":35,"column":55}},"14":{"start":{"line":36,"column":14},"end":{"line":36,"column":34}},"15":{"start":{"line":36,"column":35},"end":{"line":36,"column":41}},"16":{"start":{"line":37,"column":14},"end":{"line":37,"column":34}},"17":{"start":{"line":37,"column":35},"end":{"line":37,"column":41}},"18":{"start":{"line":38,"column":15},"end":{"line":38,"column":21}},"19":{"start":{"line":40,"column":4},"end":{"line":40,"column":11}},"20":{"start":{"line":42,"column":2},"end":{"line":42,"column":19}},"21":{"start":{"line":45,"column":0},"end":{"line":45,"column":26}}},"fnMap":{"0":{"name":"rgbToHsl","decl":{"start":{"line":18,"column":9},"end":{"line":18,"column":17}},"loc":{"start":{"line":18,"column":27},"end":{"line":43,"column":1}},"line":18}},"branchMap":{"0":{"loc":{"start":{"line":28,"column":2},"end":{"line":41,"column":3}},"type":"if","locations":[{"start":{"line":28,"column":2},"end":{"line":41,"column":3}},{"start":{"line":28,"column":2},"end":{"line":41,"column":3}}],"line":28},"1":{"loc":{"start":{"line":33,"column":8},"end":{"line":33,"column":55}},"type":"cond-expr","locations":[{"start":{"line":33,"column":18},"end":{"line":33,"column":37}},{"start":{"line":33,"column":40},"end":{"line":33,"column":55}}],"line":33},"2":{"loc":{"start":{"line":34,"column":4},"end":{"line":39,"column":5}},"type":"switch","locations":[{"start":{"line":35,"column":6},"end":{"line":35,"column":55}},{"start":{"line":36,"column":6},"end":{"line":36,"column":41}},{"start":{"line":37,"column":6},"end":{"line":37,"column":41}},{"start":{"line":38,"column":6},"end":{"line":38,"column":21}}],"line":34},"3":{"loc":{"start":{"line":35,"column":33},"end":{"line":35,"column":46}},"type":"cond-expr","locations":[{"start":{"line":35,"column":41},"end":{"line":35,"column":42}},{"start":{"line":35,"column":45},"end":{"line":35,"column":46}}],"line":35}},"s":{"0":4,"1":4,"2":4,"3":4,"4":4,"5":4,"6":4,"7":3,"8":3,"9":1,"10":1,"11":1,"12":0,"13":0,"14":0,"15":0,"16":1,"17":1,"18":0,"19":1,"20":4,"21":1},"f":{"0":4},"b":{"0":[3,1],"1":[1,0],"2":[0,0,1,0],"3":[0,0]},"_coverageSchema":"43e27e138ebf9cfc5966b082cf9a028302ed4184","hash":"c95861a453c17e2433320977a52bdf349a5cb809"}
}
