TN:
SF:/home/runner/work/spore-kit/spore-kit/packages/app/callUp.js
FN:41,callUp
FN:49,(anonymous_1)
FN:66,(anonymous_2)
FN:80,(anonymous_3)
FNF:4
FNH:3
FNDA:2,callUp
FNDA:0,(anonymous_1)
FNDA:1,(anonymous_2)
FNDA:2,(anonymous_3)
DA:38,1
DA:39,1
DA:42,2
DA:51,0
DA:60,2
DA:61,0
DA:62,2
DA:65,1
DA:66,1
DA:67,1
DA:68,1
DA:69,1
DA:74,1
DA:75,1
DA:76,1
DA:77,1
DA:80,2
DA:81,2
DA:82,1
DA:85,2
DA:86,1
DA:89,2
DA:90,2
DA:95,2
DA:96,2
DA:97,2
DA:99,2
DA:100,2
DA:106,1
LF:29
LH:27
BRDA:60,0,0,0
BRDA:60,0,1,2
BRDA:62,1,0,1
BRDA:62,1,1,1
BRDA:67,2,0,1
BRDA:67,2,1,0
BRDA:81,3,0,1
BRDA:81,3,1,1
BRDA:85,4,0,1
BRDA:85,4,1,1
BRDA:89,5,0,2
BRDA:89,5,1,0
BRDA:95,6,0,2
BRDA:95,6,1,0
BRDA:96,7,0,2
BRDA:96,7,1,0
BRDA:99,8,0,2
BRDA:99,8,1,0
BRF:18
BRH:12
end_of_record
TN:
SF:/home/runner/work/spore-kit/spore-kit/packages/app/index.js
FNF:0
FNH:0
DA:18,1
LF:1
LH:1
BRF:0
BRH:0
end_of_record
TN:
SF:/home/runner/work/spore-kit/spore-kit/packages/arr/contains.js
FN:12,contains
FNF:1
FNH:1
FNDA:12,contains
DA:13,12
DA:14,12
DA:17,2
LF:3
LH:3
BRF:0
BRH:0
end_of_record
TN:
SF:/home/runner/work/spore-kit/spore-kit/packages/arr/erase.js
FN:12,erase
FNF:1
FNH:1
FNDA:13,erase
DA:13,13
DA:14,13
DA:15,13
DA:17,13
DA:20,3
LF:5
LH:5
BRDA:14,0,0,13
BRDA:14,0,1,0
BRF:2
BRH:1
end_of_record
TN:
SF:/home/runner/work/spore-kit/spore-kit/packages/arr/find.js
FN:15,findInArr
FN:17,(anonymous_1)
FNF:2
FNH:2
FNDA:1,findInArr
FNDA:6,(anonymous_1)
DA:16,1
DA:17,1
DA:18,6
DA:19,2
DA:22,1
DA:25,1
LF:6
LH:6
BRDA:18,0,0,2
BRDA:18,0,1,4
BRF:2
BRH:2
end_of_record
TN:
SF:/home/runner/work/spore-kit/spore-kit/packages/arr/flatten.js
FN:13,flatten
FNF:1
FNH:1
FNDA:4,flatten
DA:11,1
DA:14,4
DA:15,4
DA:16,7
DA:17,7
DA:18,0
DA:20,7
DA:21,7
DA:23,4
DA:26,1
LF:10
LH:9
BRDA:17,0,0,0
BRDA:17,0,1,7
BRDA:20,1,0,3
BRDA:20,1,1,4
BRF:4
BRH:3
end_of_record
TN:
SF:/home/runner/work/spore-kit/spore-kit/packages/arr/include.js
FN:15,include
FNF:1
FNH:1
FNDA:2,include
DA:13,1
DA:16,2
DA:17,1
DA:19,2
DA:22,1
LF:5
LH:5
BRDA:16,0,0,1
BRDA:16,0,1,1
BRF:2
BRH:2
end_of_record
TN:
SF:/home/runner/work/spore-kit/spore-kit/packages/arr/index.js
FNF:0
FNH:0
DA:18,1
DA:19,1
DA:20,1
DA:21,1
DA:22,1
LF:5
LH:5
BRF:0
BRH:0
end_of_record
TN:
SF:/home/runner/work/spore-kit/spore-kit/packages/cookie/cookie.js
FN:21,(anonymous_0)
FN:24,(anonymous_1)
FNF:2
FNH:2
FNDA:1,(anonymous_0)
FNDA:3,(anonymous_1)
DA:15,1
DA:17,1
DA:19,1
DA:20,1
DA:22,1
DA:25,3
DA:30,1
LF:7
LH:7
BRDA:19,0,0,1
BRDA:19,0,1,0
BRF:2
BRH:1
end_of_record
TN:
SF:/home/runner/work/spore-kit/spore-kit/packages/cookie/index.js
FNF:0
FNH:0
DA:18,1
DA:19,1
LF:2
LH:2
BRF:0
BRH:0
end_of_record
TN:
SF:/home/runner/work/spore-kit/spore-kit/packages/cookie/origin.js
FNF:0
FNH:0
DA:13,1
LF:1
LH:1
BRF:0
BRH:0
end_of_record
TN:
SF:/home/runner/work/spore-kit/spore-kit/packages/date/format.js
FN:50,(anonymous_0)
FN:56,format
FNF:2
FNH:2
FNDA:2,(anonymous_0)
FNDA:1,format
DA:45,1
DA:46,1
DA:47,1
DA:48,1
DA:50,1
DA:51,2
DA:52,2
DA:53,2
DA:57,1
DA:58,1
DA:59,1
DA:66,1
DA:67,1
DA:68,1
DA:69,1
DA:70,1
DA:71,1
DA:72,1
DA:73,1
DA:74,1
DA:76,1
DA:77,1
DA:78,1
DA:80,1
DA:81,1
DA:83,1
DA:84,1
DA:86,1
DA:88,1
DA:89,1
DA:91,1
DA:92,1
DA:94,1
DA:95,1
DA:97,1
DA:98,1
DA:100,1
DA:101,1
DA:104,1
LF:39
LH:39
BRDA:53,0,0,1
BRDA:53,0,1,1
BRF:2
BRH:2
end_of_record
TN:
SF:/home/runner/work/spore-kit/spore-kit/packages/date/getLastStart.js
FN:24,getLastStart
FNF:1
FNH:1
FNDA:6,getLastStart
DA:18,1
DA:19,1
DA:21,1
DA:22,1
DA:25,6
DA:26,6
DA:27,6
DA:32,6
DA:33,1
DA:35,5
DA:36,5
DA:37,1
DA:38,1
DA:39,1
DA:40,4
DA:41,1
DA:42,1
DA:43,1
DA:44,1
DA:45,1
DA:46,1
DA:47,1
DA:49,3
DA:50,3
DA:51,2
DA:53,3
DA:54,1
DA:56,3
DA:57,3
DA:60,5
DA:63,1
LF:31
LH:31
BRDA:32,0,0,1
BRDA:32,0,1,5
BRDA:35,1,0,5
BRDA:35,1,1,4
BRDA:36,2,0,1
BRDA:36,2,1,4
BRDA:40,3,0,1
BRDA:40,3,1,3
BRDA:50,4,0,2
BRDA:50,4,1,1
BRDA:53,5,0,1
BRDA:53,5,1,2
BRF:12
BRH:12
end_of_record
TN:
SF:/home/runner/work/spore-kit/spore-kit/packages/date/getTimeSplit.js
FN:37,getTimeSplit
FNF:1
FNH:1
FNDA:6,getTimeSplit
DA:25,1
DA:27,1
DA:29,1
DA:38,6
DA:39,1
DA:42,5
DA:43,5
DA:46,5
DA:47,5
DA:49,5
DA:50,5
DA:51,1
DA:53,5
DA:54,5
DA:55,5
DA:56,5
DA:57,5
DA:59,5
DA:60,5
DA:62,5
DA:63,5
DA:65,5
DA:66,2
DA:68,5
DA:69,1
DA:72,5
DA:77,5
DA:80,1
LF:28
LH:28
BRDA:38,0,0,1
BRDA:38,0,1,5
BRDA:47,1,0,0
BRDA:47,1,1,5
BRDA:50,2,0,1
BRDA:50,2,1,4
BRDA:59,3,0,5
BRDA:59,3,1,0
BRDA:62,4,0,5
BRDA:62,4,1,0
BRDA:65,5,0,2
BRDA:65,5,1,3
BRDA:68,6,0,1
BRDA:68,6,1,4
BRF:14
BRH:11
end_of_record
TN:
SF:/home/runner/work/spore-kit/spore-kit/packages/date/getUTCDate.js
FN:16,getUTCDate
FNF:1
FNH:1
FNDA:12,getUTCDate
DA:17,12
DA:18,12
DA:21,1
LF:3
LH:3
BRF:0
BRH:0
end_of_record
TN:
SF:/home/runner/work/spore-kit/spore-kit/packages/date/index.js
FNF:0
FNH:0
DA:18,1
DA:19,1
DA:20,1
LF:3
LH:3
BRF:0
BRH:0
end_of_record
TN:
SF:/home/runner/work/spore-kit/spore-kit/packages/dom/index.js
FNF:0
FNH:0
DA:18,1
DA:19,1
DA:20,1
LF:3
LH:3
BRF:0
BRH:0
end_of_record
TN:
SF:/home/runner/work/spore-kit/spore-kit/packages/dom/isNode.js
FN:10,isNode
FNF:1
FNH:1
FNDA:2,isNode
DA:11,2
DA:18,1
LF:2
LH:2
BRDA:12,0,0,2
BRDA:12,0,1,2
BRDA:12,0,2,1
BRF:3
BRH:3
end_of_record
TN:
SF:/home/runner/work/spore-kit/spore-kit/packages/dom/offset.js
FN:14,(anonymous_0)
FNF:1
FNH:0
FNDA:0,(anonymous_0)
DA:14,1
DA:15,0
DA:18,1
DA:20,1
DA:23,1
LF:5
LH:4
BRDA:18,0,0,1
BRDA:18,0,1,0
BRF:2
BRH:1
end_of_record
TN:
SF:/home/runner/work/spore-kit/spore-kit/packages/dom/scrollLimit.js
FN:21,scrollLimit
FN:41,(anonymous_1)
FN:54,(anonymous_2)
FN:62,(anonymous_3)
FN:67,(anonymous_4)
FN:73,(anonymous_5)
FN:93,(anonymous_6)
FN:103,(anonymous_7)
FN:108,(anonymous_8)
FNF:9
FNH:5
FNDA:1,scrollLimit
FNDA:1,(anonymous_1)
FNDA:0,(anonymous_2)
FNDA:0,(anonymous_3)
FNDA:0,(anonymous_4)
FNDA:0,(anonymous_5)
FNDA:2,(anonymous_6)
FNDA:1,(anonymous_7)
FNDA:1,(anonymous_8)
DA:19,1
DA:22,1
DA:24,1
DA:28,1
DA:29,1
DA:30,1
DA:31,1
DA:32,1
DA:33,1
DA:34,1
DA:35,1
DA:36,1
DA:37,1
DA:38,1
DA:39,1
DA:41,1
DA:42,1
DA:43,1
DA:44,1
DA:45,1
DA:46,1
DA:48,1
DA:49,1
DA:50,1
DA:51,1
DA:54,1
DA:55,0
DA:56,0
DA:57,0
DA:59,0
DA:62,1
DA:63,0
DA:64,0
DA:67,1
DA:68,0
DA:69,0
DA:70,0
DA:73,1
DA:74,0
DA:75,0
DA:76,0
DA:77,0
DA:78,0
DA:80,0
DA:81,0
DA:84,0
DA:85,0
DA:87,0
DA:88,0
DA:93,1
DA:94,2
DA:95,2
DA:96,2
DA:97,2
DA:98,2
DA:99,2
DA:103,1
DA:104,1
DA:105,1
DA:108,1
DA:109,1
DA:112,1
DA:115,1
LF:63
LH:43
BRDA:56,0,0,0
BRDA:56,0,1,0
BRDA:56,1,0,0
BRDA:56,1,1,0
BRDA:76,2,0,0
BRDA:76,2,1,0
BRDA:77,3,0,0
BRDA:77,3,1,0
BRDA:77,4,0,0
BRDA:77,4,1,0
BRDA:80,5,0,0
BRDA:80,5,1,0
BRDA:80,6,0,0
BRDA:80,6,1,0
BRDA:84,7,0,0
BRDA:84,7,1,0
BRDA:84,8,0,0
BRDA:84,8,1,0
BRDA:87,9,0,0
BRDA:87,9,1,0
BRDA:87,10,0,0
BRDA:87,10,1,0
BRDA:94,11,0,1
BRDA:94,11,1,1
BRDA:96,12,0,2
BRDA:96,12,1,0
BRF:26
BRH:3
end_of_record
TN:
SF:/home/runner/work/spore-kit/spore-kit/packages/env/browser.js
FN:38,detect
FN:50,envBrowser
FNF:2
FNH:2
FNDA:2,detect
FNDA:1,envBrowser
DA:22,2
DA:23,2
DA:25,2
DA:39,2
DA:43,2
DA:45,2
DA:48,2
DA:51,1
DA:52,1
DA:54,1
DA:57,2
DA:59,2
LF:12
LH:12
BRDA:51,0,0,1
BRDA:51,0,1,0
BRF:2
BRH:1
end_of_record
TN:
SF:/home/runner/work/spore-kit/spore-kit/packages/env/core.js
FN:24,(anonymous_0)
FN:29,detect
FN:41,core
FNF:3
FNH:3
FNDA:2,(anonymous_0)
FNDA:2,detect
FNDA:1,core
DA:17,1
DA:18,1
DA:20,1
DA:25,2
DA:30,2
DA:34,2
DA:36,2
DA:39,1
DA:42,1
DA:43,1
DA:45,1
DA:48,1
DA:50,1
LF:13
LH:13
BRDA:25,0,0,2
BRDA:25,0,1,2
BRDA:42,1,0,1
BRDA:42,1,1,0
BRF:4
BRH:3
end_of_record
TN:
SF:/home/runner/work/spore-kit/spore-kit/packages/env/device.js
FN:30,detect
FN:42,device
FNF:2
FNH:2
FNDA:2,detect
FNDA:1,device
DA:18,1
DA:19,1
DA:21,1
DA:31,2
DA:35,2
DA:37,2
DA:40,1
DA:43,1
DA:44,1
DA:46,1
DA:49,1
DA:51,1
LF:12
LH:12
BRDA:43,0,0,1
BRDA:43,0,1,0
BRF:2
BRH:1
end_of_record
TN:
SF:/home/runner/work/spore-kit/spore-kit/packages/env/index.js
FNF:0
FNH:0
DA:18,1
DA:19,1
DA:20,1
DA:21,1
DA:22,1
DA:23,1
DA:24,1
DA:25,1
LF:8
LH:8
BRF:0
BRH:0
end_of_record
TN:
SF:/home/runner/work/spore-kit/spore-kit/packages/env/network.js
FN:17,support
FN:33,onLine
FNF:2
FNH:2
FNDA:3,support
FNDA:2,onLine
DA:6,1
DA:18,3
DA:19,1
DA:21,3
DA:34,2
DA:37,1
DA:38,1
LF:7
LH:7
BRDA:18,0,0,1
BRDA:18,0,1,2
BRDA:34,1,0,2
BRDA:34,1,1,0
BRF:4
BRH:3
end_of_record
TN:
SF:/home/runner/work/spore-kit/spore-kit/packages/env/os.js
FN:19,(anonymous_0)
FN:24,detect
FN:36,os
FNF:3
FNH:3
FNDA:2,(anonymous_0)
FNDA:2,detect
FNDA:1,os
DA:14,1
DA:15,1
DA:17,1
DA:20,2
DA:25,2
DA:29,2
DA:31,2
DA:34,1
DA:37,1
DA:38,1
DA:40,1
DA:43,1
DA:45,1
LF:13
LH:13
BRDA:20,0,0,2
BRDA:20,0,1,2
BRDA:37,1,0,1
BRDA:37,1,1,0
BRF:4
BRH:3
end_of_record
TN:
SF:/home/runner/work/spore-kit/spore-kit/packages/env/touchable.js
FN:14,touchable
FNF:1
FNH:1
FNDA:1,touchable
DA:12,1
DA:15,1
DA:16,1
DA:19,1
DA:22,1
LF:5
LH:5
BRDA:15,0,0,1
BRDA:15,0,1,0
BRDA:16,1,0,1
BRDA:16,1,1,1
BRDA:16,1,2,0
BRF:5
BRH:3
end_of_record
TN:
SF:/home/runner/work/spore-kit/spore-kit/packages/env/uaMatch.js
FN:20,uaMatch
FN:31,(anonymous_1)
FNF:2
FNH:2
FNDA:11,uaMatch
FNDA:53,(anonymous_1)
DA:21,11
DA:22,11
DA:23,8
DA:24,0
DA:26,8
DA:29,11
DA:30,11
DA:31,11
DA:32,53
DA:33,53
DA:34,53
DA:35,3
DA:36,1
DA:38,50
DA:41,43
DA:42,43
DA:43,9
DA:44,0
DA:46,9
DA:49,7
DA:50,7
DA:51,1
DA:58,11
DA:61,2
LF:24
LH:22
BRDA:22,0,0,8
BRDA:22,0,1,3
BRDA:23,1,0,0
BRDA:23,1,1,8
BRDA:30,2,0,11
BRDA:30,2,1,0
BRDA:33,3,0,53
BRDA:33,3,1,0
BRDA:34,4,0,3
BRDA:34,4,1,50
BRDA:35,5,0,1
BRDA:35,5,1,2
BRDA:38,6,0,43
BRDA:38,6,1,7
BRDA:42,7,0,9
BRDA:42,7,1,34
BRDA:43,8,0,0
BRDA:43,8,1,9
BRDA:49,9,0,7
BRDA:49,9,1,0
BRDA:50,10,0,1
BRDA:50,10,1,6
BRF:22
BRH:17
end_of_record
TN:
SF:/home/runner/work/spore-kit/spore-kit/packages/env/webp.js
FN:21,support
FN:30,webp
FNF:2
FNH:2
FNDA:2,support
FNDA:2,webp
DA:1,1
DA:22,2
DA:27,2
DA:31,2
DA:32,1
DA:34,2
DA:37,1
DA:39,1
LF:8
LH:8
BRDA:22,0,0,2
BRDA:22,0,1,2
BRDA:31,1,0,1
BRDA:31,1,1,1
BRF:4
BRH:4
end_of_record
TN:
SF:/home/runner/work/spore-kit/spore-kit/packages/evt/events.js
FN:27,(anonymous_0)
FN:53,(anonymous_1)
FN:102,(anonymous_2)
FN:174,(anonymous_3)
FN:248,(anonymous_4)
FNF:5
FNH:5
FNDA:11,(anonymous_0)
FNDA:62,(anonymous_1)
FNDA:13,(anonymous_2)
FNDA:214,(anonymous_3)
FNDA:2,(anonymous_4)
DA:25,3
DA:27,3
DA:53,3
DA:57,62
DA:58,1
DA:61,61
DA:62,61
DA:64,61
DA:65,61
DA:66,61
DA:67,61
DA:68,61
DA:71,61
DA:102,3
DA:109,13
DA:110,13
DA:111,6
DA:113,7
DA:114,3
DA:115,3
DA:118,4
DA:121,4
DA:122,6
DA:123,6
DA:124,1
DA:127,5
DA:128,4
DA:129,4
DA:132,1
DA:133,2
DA:139,1
DA:144,4
DA:174,3
DA:181,214
DA:184,214
DA:185,214
DA:186,126
DA:189,88
DA:193,88
DA:194,35
DA:199,88
DA:201,91
DA:202,91
DA:203,1
DA:206,91
DA:207,91
DA:208,49
DA:212,91
DA:213,49
DA:214,54
DA:219,91
DA:220,1
DA:221,1
DA:222,1
DA:227,88
DA:248,3
DA:249,2
DA:250,2
DA:252,2
DA:253,6
DA:254,6
DA:259,3
LF:62
LH:62
BRDA:57,0,0,1
BRDA:57,0,1,61
BRDA:61,1,0,61
BRDA:61,1,1,35
BRDA:66,2,0,61
BRDA:66,2,1,55
BRDA:110,3,0,6
BRDA:110,3,1,7
BRDA:113,4,0,3
BRDA:113,4,1,4
BRDA:113,5,0,7
BRDA:113,5,1,3
BRDA:113,5,2,3
BRDA:118,6,0,4
BRDA:118,6,1,0
BRDA:123,7,0,1
BRDA:123,7,1,5
BRDA:127,8,0,4
BRDA:127,8,1,1
BRDA:127,9,0,5
BRDA:127,9,1,4
BRDA:133,10,0,1
BRDA:133,10,1,1
BRDA:135,11,0,2
BRDA:135,11,1,2
BRDA:135,11,2,1
BRDA:135,11,3,0
BRDA:185,12,0,126
BRDA:185,12,1,88
BRDA:202,13,0,1
BRDA:202,13,1,90
BRDA:207,14,0,49
BRDA:207,14,1,42
BRDA:212,15,0,49
BRDA:212,15,1,42
BRDA:214,16,0,54
BRDA:214,16,1,54
BRDA:219,17,0,1
BRDA:219,17,1,90
BRDA:222,18,0,1
BRDA:222,18,1,1
BRDA:249,19,0,2
BRDA:249,19,1,1
BRDA:253,20,0,6
BRDA:253,20,1,0
BRF:45
BRH:42
end_of_record
TN:
SF:/home/runner/work/spore-kit/spore-kit/packages/evt/index.js
FNF:0
FNH:0
DA:18,1
DA:19,1
DA:20,1
DA:21,1
LF:4
LH:4
BRF:0
BRH:0
end_of_record
TN:
SF:/home/runner/work/spore-kit/spore-kit/packages/evt/listener.js
FN:29,(anonymous_0)
FN:45,(anonymous_1)
FN:54,(anonymous_2)
FN:65,(anonymous_3)
FN:76,(anonymous_4)
FN:87,(anonymous_5)
FN:94,(anonymous_6)
FNF:7
FNH:7
FNDA:3,(anonymous_0)
FNDA:4,(anonymous_1)
FNDA:1,(anonymous_2)
FNDA:3,(anonymous_3)
FNDA:1,(anonymous_4)
FNDA:4,(anonymous_5)
FNDA:4,(anonymous_6)
DA:27,1
DA:29,1
DA:30,3
DA:31,3
DA:32,3
DA:33,2
DA:37,1
DA:46,4
DA:55,1
DA:66,3
DA:77,1
DA:88,4
DA:91,4
DA:94,4
DA:95,4
DA:96,3
DA:102,1
LF:17
LH:17
BRDA:32,0,0,2
BRDA:32,0,1,1
BRDA:95,1,0,3
BRDA:95,1,1,1
BRF:4
BRH:4
end_of_record
TN:
SF:/home/runner/work/spore-kit/spore-kit/packages/evt/occurInside.js
FN:17,occurInside
FNF:1
FNH:1
FNDA:2,occurInside
DA:18,2
DA:19,2
DA:20,2
DA:21,8
DA:22,1
DA:24,7
DA:27,1
DA:30,1
LF:8
LH:8
BRDA:18,0,0,2
BRDA:18,0,1,0
BRDA:18,1,0,2
BRDA:18,1,1,2
BRDA:18,1,2,2
BRDA:21,2,0,1
BRDA:21,2,1,7
BRF:7
BRH:6
end_of_record
TN:
SF:/home/runner/work/spore-kit/spore-kit/packages/evt/tapStop.js
FN:20,(anonymous_0)
FN:45,(anonymous_1)
FN:62,(anonymous_2)
FNF:3
FNH:2
FNDA:1,(anonymous_0)
FNDA:1,(anonymous_1)
FNDA:0,(anonymous_2)
DA:15,1
DA:16,1
DA:17,1
DA:18,1
DA:20,1
DA:21,1
DA:23,1
DA:28,1
DA:29,1
DA:30,1
DA:44,1
DA:45,1
DA:46,1
DA:47,1
DA:49,0
DA:50,0
DA:51,0
DA:53,1
DA:56,1
DA:57,1
DA:61,1
DA:62,1
DA:63,0
DA:67,1
LF:24
LH:20
BRDA:21,0,0,1
BRDA:21,0,1,0
BRDA:21,0,2,0
BRDA:28,1,0,1
BRDA:28,1,1,0
BRDA:44,2,0,1
BRDA:44,2,1,0
BRDA:46,3,0,1
BRDA:46,3,1,0
BRDA:46,4,0,1
BRDA:46,4,1,1
BRDA:46,4,2,0
BRDA:56,5,0,1
BRDA:56,5,1,0
BRF:14
BRH:7
end_of_record
TN:
SF:/home/runner/work/spore-kit/spore-kit/packages/fn/delay.js
FN:25,delay
FN:27,(anonymous_1)
FN:33,(anonymous_2)
FNF:3
FNH:3
FNDA:1,delay
FNDA:2,(anonymous_1)
FNDA:1,(anonymous_2)
DA:26,1
DA:27,1
DA:28,2
DA:29,2
DA:30,1
DA:32,2
DA:33,2
DA:34,1
DA:35,1
DA:41,1
LF:10
LH:10
BRDA:28,0,0,2
BRDA:28,0,1,0
BRDA:29,1,0,1
BRDA:29,1,1,1
BRDA:34,2,0,1
BRDA:34,2,1,0
BRF:6
BRH:4
end_of_record
TN:
SF:/home/runner/work/spore-kit/spore-kit/packages/fn/index.js
FNF:0
FNH:0
DA:18,1
DA:19,1
DA:20,1
DA:21,1
DA:22,1
DA:23,1
DA:24,1
LF:7
LH:7
BRF:0
BRH:0
end_of_record
TN:
SF:/home/runner/work/spore-kit/spore-kit/packages/fn/lock.js
FN:19,lock
FN:21,(anonymous_1)
FN:27,(anonymous_2)
FNF:3
FNH:3
FNDA:1,lock
FNDA:3,(anonymous_1)
FNDA:2,(anonymous_2)
DA:20,1
DA:21,1
DA:22,3
DA:23,1
DA:25,2
DA:26,2
DA:27,2
DA:28,2
DA:30,2
DA:31,2
DA:36,1
LF:11
LH:11
BRDA:22,0,0,1
BRDA:22,0,1,2
BRDA:25,1,0,2
BRDA:25,1,1,1
BRDA:30,2,0,2
BRDA:30,2,1,0
BRF:6
BRH:5
end_of_record
TN:
SF:/home/runner/work/spore-kit/spore-kit/packages/fn/noop.js
FN:1,(anonymous_0)
FNF:1
FNH:1
FNDA:135,(anonymous_0)
DA:1,2
LF:1
LH:1
BRF:0
BRH:0
end_of_record
TN:
SF:/home/runner/work/spore-kit/spore-kit/packages/fn/once.js
FN:17,once
FN:18,(anonymous_1)
FNF:2
FNH:2
FNDA:1,once
FNDA:2,(anonymous_1)
DA:18,1
DA:19,2
DA:20,2
DA:21,1
DA:22,1
DA:23,1
DA:28,1
LF:7
LH:7
BRDA:19,0,0,2
BRDA:19,0,1,2
BRDA:20,1,0,1
BRDA:20,1,1,1
BRF:4
BRH:4
end_of_record
TN:
SF:/home/runner/work/spore-kit/spore-kit/packages/fn/prepare.js
FN:46,prepare
FN:51,(anonymous_1)
FN:61,(anonymous_2)
FNF:3
FNH:3
FNDA:1,prepare
FNDA:3,(anonymous_1)
FNDA:1,(anonymous_2)
DA:47,1
DA:48,1
DA:51,1
DA:52,3
DA:53,1
DA:54,1
DA:57,2
DA:61,1
DA:62,1
DA:63,1
DA:64,1
DA:65,2
DA:66,2
DA:67,2
DA:72,1
DA:75,1
LF:16
LH:16
BRDA:52,0,0,1
BRDA:52,0,1,2
BRDA:53,1,0,1
BRDA:53,1,1,0
BRDA:66,2,0,2
BRDA:66,2,1,0
BRF:6
BRH:4
end_of_record
TN:
SF:/home/runner/work/spore-kit/spore-kit/packages/fn/queue.js
FN:21,queue
FN:24,(anonymous_1)
FN:27,(anonymous_2)
FN:33,(anonymous_3)
FNF:4
FNH:4
FNDA:1,queue
FNDA:2,(anonymous_1)
FNDA:2,(anonymous_2)
FNDA:3,(anonymous_3)
DA:22,1
DA:23,1
DA:24,1
DA:25,2
DA:26,2
DA:27,2
DA:28,2
DA:29,2
DA:32,2
DA:33,1
DA:34,3
DA:35,1
DA:36,1
DA:38,2
DA:45,1
LF:15
LH:15
BRDA:25,0,0,2
BRDA:25,0,1,1
BRDA:28,1,0,2
BRDA:28,1,1,0
BRDA:32,2,0,1
BRDA:32,2,1,1
BRDA:34,3,0,1
BRDA:34,3,1,2
BRF:8
BRH:7
end_of_record
TN:
SF:/home/runner/work/spore-kit/spore-kit/packages/fn/regular.js
FN:23,regular
FN:26,(anonymous_1)
FN:31,(anonymous_2)
FNF:3
FNH:3
FNDA:1,regular
FNDA:11,(anonymous_1)
FNDA:3,(anonymous_2)
DA:24,1
DA:25,1
DA:26,1
DA:27,11
DA:28,11
DA:29,11
DA:30,11
DA:31,1
DA:32,3
DA:33,3
DA:35,3
DA:36,0
DA:37,0
DA:39,3
DA:45,1
LF:15
LH:13
BRDA:27,0,0,11
BRDA:27,0,1,1
BRDA:30,1,0,1
BRDA:30,1,1,10
BRDA:32,2,0,3
BRDA:32,2,1,0
BRDA:35,3,0,0
BRDA:35,3,1,3
BRF:8
BRH:6
end_of_record
TN:
SF:/home/runner/work/spore-kit/spore-kit/packages/fx/easing.js
FN:32,(anonymous_0)
FN:36,(anonymous_1)
FN:40,(anonymous_2)
FN:44,(anonymous_3)
FN:48,(anonymous_4)
FN:52,(anonymous_5)
FN:56,(anonymous_6)
FN:60,(anonymous_7)
FN:64,(anonymous_8)
FN:68,(anonymous_9)
FN:72,(anonymous_10)
FN:76,(anonymous_11)
FN:80,(anonymous_12)
FNF:13
FNH:13
FNDA:1,(anonymous_0)
FNDA:1,(anonymous_1)
FNDA:1,(anonymous_2)
FNDA:1,(anonymous_3)
FNDA:1,(anonymous_4)
FNDA:1,(anonymous_5)
FNDA:1,(anonymous_6)
FNDA:1,(anonymous_7)
FNDA:1,(anonymous_8)
FNDA:1,(anonymous_9)
FNDA:1,(anonymous_10)
FNDA:1,(anonymous_11)
FNDA:1,(anonymous_12)
DA:30,1
DA:33,1
DA:37,1
DA:41,1
DA:45,1
DA:49,1
DA:53,1
DA:57,1
DA:61,1
DA:65,1
DA:69,1
DA:73,1
DA:77,1
DA:81,1
DA:85,1
LF:15
LH:15
BRDA:45,0,0,1
BRDA:45,0,1,0
BRDA:57,1,0,1
BRDA:57,1,1,0
BRDA:69,2,0,1
BRDA:69,2,1,0
BRDA:81,3,0,1
BRDA:81,3,1,0
BRF:8
BRH:4
end_of_record
TN:
SF:/home/runner/work/spore-kit/spore-kit/packages/fx/flashAction.js
FN:28,flashAction
FN:42,(anonymous_1)
FN:43,(anonymous_2)
FNF:3
FNH:3
FNDA:1,flashAction
FNDA:5,(anonymous_1)
FNDA:5,(anonymous_2)
DA:26,1
DA:29,1
DA:37,1
DA:38,1
DA:39,5
DA:42,1
DA:43,5
DA:44,5
DA:45,1
DA:46,1
DA:48,4
DA:49,2
DA:50,2
DA:52,2
DA:53,2
DA:59,1
LF:16
LH:16
BRDA:44,0,0,1
BRDA:44,0,1,4
BRDA:45,1,0,1
BRDA:45,1,1,0
BRDA:48,2,0,2
BRDA:48,2,1,2
BRDA:49,3,0,2
BRDA:49,3,1,0
BRDA:52,4,0,2
BRDA:52,4,1,0
BRF:10
BRH:7
end_of_record
TN:
SF:/home/runner/work/spore-kit/spore-kit/packages/fx/fx.js
FN:45,(anonymous_0)
FN:55,(anonymous_1)
FN:65,(anonymous_2)
FN:77,(anonymous_3)
FN:94,(anonymous_4)
FN:111,(anonymous_5)
FN:112,(anonymous_6)
FN:117,(anonymous_7)
FN:149,(anonymous_8)
FN:153,(anonymous_9)
FN:157,(anonymous_10)
FN:179,(anonymous_11)
FN:209,(anonymous_12)
FN:232,(anonymous_13)
FN:252,(anonymous_14)
FN:271,(anonymous_15)
FN:290,(anonymous_16)
FN:298,(anonymous_17)
FNF:18
FNH:18
FNDA:39,(anonymous_0)
FNDA:7,(anonymous_1)
FNDA:7,(anonymous_2)
FNDA:7,(anonymous_3)
FNDA:1,(anonymous_4)
FNDA:6,(anonymous_5)
FNDA:35,(anonymous_6)
FNDA:39,(anonymous_7)
FNDA:3,(anonymous_8)
FNDA:39,(anonymous_9)
FNDA:7,(anonymous_10)
FNDA:7,(anonymous_11)
FNDA:5,(anonymous_12)
FNDA:1,(anonymous_13)
FNDA:1,(anonymous_14)
FNDA:1,(anonymous_15)
FNDA:15,(anonymous_16)
FNDA:39,(anonymous_17)
DA:33,1
DA:34,1
DA:35,1
DA:36,1
DA:37,1
DA:38,1
DA:42,1
DA:43,1
DA:45,1
DA:46,39
DA:47,39
DA:48,78
DA:49,78
DA:50,39
DA:55,1
DA:56,7
DA:57,7
DA:58,7
DA:59,7
DA:60,7
DA:61,7
DA:65,1
DA:66,7
DA:67,7
DA:68,7
DA:69,7
DA:70,7
DA:71,7
DA:76,1
DA:78,7
DA:95,1
DA:112,6
DA:113,35
DA:118,39
DA:119,39
DA:120,39
DA:121,39
DA:122,39
DA:124,0
DA:127,39
DA:128,35
DA:129,35
DA:131,4
DA:132,4
DA:133,4
DA:150,3
DA:154,39
DA:158,7
DA:159,5
DA:161,2
DA:162,1
DA:163,1
DA:165,1
DA:180,7
DA:181,1
DA:183,6
DA:184,6
DA:185,6
DA:186,6
DA:187,6
DA:188,6
DA:189,6
DA:190,6
DA:191,6
DA:192,6
DA:193,6
DA:194,6
DA:195,6
DA:196,6
DA:210,5
DA:211,5
DA:212,5
DA:213,5
DA:214,4
DA:216,1
DA:219,5
DA:233,1
DA:234,1
DA:235,1
DA:236,1
DA:237,1
DA:239,1
DA:253,1
DA:254,1
DA:255,1
DA:257,1
DA:272,1
DA:273,1
DA:275,1
DA:291,15
DA:292,15
DA:296,1
DA:298,1
DA:299,39
DA:302,1
DA:304,1
LF:96
LH:95
BRDA:49,0,0,39
BRDA:49,0,1,39
BRDA:56,1,0,7
BRDA:56,1,1,7
BRDA:58,2,0,7
BRDA:58,2,1,0
BRDA:67,3,0,7
BRDA:67,3,1,0
BRDA:69,4,0,7
BRDA:69,4,1,0
BRDA:69,5,0,7
BRDA:69,5,1,7
BRDA:118,6,0,39
BRDA:118,6,1,0
BRDA:119,7,0,32
BRDA:119,7,1,7
BRDA:127,8,0,35
BRDA:127,8,1,4
BRDA:158,9,0,5
BRDA:158,9,1,2
BRDA:161,10,0,1
BRDA:161,10,1,1
BRDA:180,11,0,1
BRDA:180,11,1,6
BRDA:185,12,0,6
BRDA:185,12,1,0
BRDA:191,13,0,6
BRDA:191,13,1,6
BRDA:191,13,2,0
BRDA:193,14,0,6
BRDA:193,14,1,6
BRDA:210,15,0,5
BRDA:210,15,1,0
BRDA:213,16,0,4
BRDA:213,16,1,1
BRDA:233,17,0,1
BRDA:233,17,1,0
BRDA:253,18,0,1
BRDA:253,18,1,0
BRDA:272,19,0,1
BRDA:272,19,1,0
BRDA:272,20,0,1
BRDA:272,20,1,1
BRDA:292,21,0,15
BRDA:292,21,1,9
BRF:45
BRH:35
end_of_record
TN:
SF:/home/runner/work/spore-kit/spore-kit/packages/fx/index.js
FNF:0
FNH:0
DA:18,1
DA:19,1
DA:20,1
DA:21,1
DA:22,1
DA:23,1
DA:24,1
LF:7
LH:7
BRF:0
BRH:0
end_of_record
TN:
SF:/home/runner/work/spore-kit/spore-kit/packages/fx/smoothScrollTo.js
FN:18,smoothScrollTo
FN:36,(anonymous_1)
FN:47,(anonymous_2)
FN:69,(anonymous_3)
FNF:4
FNH:4
FNDA:1,smoothScrollTo
FNDA:1,(anonymous_1)
FNDA:18,(anonymous_2)
FNDA:1,(anonymous_3)
DA:16,1
DA:19,1
DA:21,1
DA:27,1
DA:28,1
DA:29,1
DA:32,1
DA:34,1
DA:36,1
DA:37,1
DA:38,1
DA:39,1
DA:40,1
DA:41,1
DA:42,1
DA:47,1
DA:48,18
DA:49,18
DA:50,18
DA:51,0
DA:52,18
DA:53,18
DA:56,18
DA:57,18
DA:58,0
DA:60,18
DA:62,18
DA:64,18
DA:65,0
DA:69,1
DA:70,1
DA:74,1
LF:32
LH:29
BRDA:19,0,0,1
BRDA:19,0,1,0
BRDA:19,0,2,0
BRDA:37,1,0,1
BRDA:37,1,1,0
BRDA:41,2,0,1
BRDA:41,2,1,0
BRDA:50,3,0,0
BRDA:50,3,1,18
BRDA:52,4,0,18
BRDA:52,4,1,0
BRDA:57,5,0,0
BRDA:57,5,1,18
BRDA:64,6,0,0
BRDA:64,6,1,18
BRDA:64,7,0,18
BRDA:64,7,1,18
BRF:17
BRH:9
end_of_record
TN:
SF:/home/runner/work/spore-kit/spore-kit/packages/fx/sticky.js
FN:17,sticky
FN:69,(anonymous_1)
FN:78,(anonymous_2)
FN:83,(anonymous_3)
FN:90,(anonymous_4)
FN:119,(anonymous_5)
FNF:6
FNH:4
FNDA:1,sticky
FNDA:1,(anonymous_1)
FNDA:0,(anonymous_2)
FNDA:0,(anonymous_3)
FNDA:1,(anonymous_4)
FNDA:1,(anonymous_5)
DA:18,1
DA:20,1
DA:21,1
DA:23,1
DA:24,1
DA:25,1
DA:27,1
DA:28,1
DA:29,1
DA:31,1
DA:39,1
DA:41,1
DA:42,1
DA:44,1
DA:45,0
DA:48,1
DA:49,0
DA:52,1
DA:54,1
DA:55,0
DA:57,1
DA:60,1
DA:61,1
DA:62,1
DA:65,1
DA:69,1
DA:70,1
DA:71,1
DA:72,1
DA:73,1
DA:74,1
DA:78,1
DA:79,0
DA:80,0
DA:81,0
DA:82,0
DA:83,0
DA:84,0
DA:89,1
DA:90,1
DA:91,1
DA:92,1
DA:95,1
DA:96,1
DA:97,1
DA:99,0
DA:102,1
DA:103,1
DA:105,0
DA:108,1
DA:109,1
DA:113,0
DA:119,1
DA:120,1
DA:121,0
DA:123,1
DA:125,0
DA:128,1
DA:129,1
DA:131,0
DA:134,1
DA:135,1
DA:136,1
DA:137,1
DA:138,1
DA:142,1
DA:143,1
DA:146,1
LF:68
LH:53
BRDA:18,0,0,1
BRDA:18,0,1,0
BRDA:18,0,2,0
BRDA:25,1,0,1
BRDA:25,1,1,1
BRDA:41,2,0,0
BRDA:41,2,1,1
BRDA:44,3,0,0
BRDA:44,3,1,1
BRDA:48,4,0,0
BRDA:48,4,1,1
BRDA:54,5,0,0
BRDA:54,5,1,1
BRDA:60,6,0,1
BRDA:60,6,1,0
BRDA:70,7,0,1
BRDA:70,7,1,0
BRDA:79,8,0,0
BRDA:79,8,1,0
BRDA:91,9,0,1
BRDA:91,9,1,0
BRDA:96,10,0,1
BRDA:96,10,1,0
BRDA:102,11,0,1
BRDA:102,11,1,0
BRDA:108,12,0,1
BRDA:108,12,1,0
BRDA:120,13,0,0
BRDA:120,13,1,1
BRDA:120,14,0,1
BRDA:120,14,1,0
BRDA:123,15,0,0
BRDA:123,15,1,1
BRDA:123,16,0,1
BRDA:123,16,1,0
BRDA:128,17,0,1
BRDA:128,17,1,0
BRF:37
BRH:18
end_of_record
TN:
SF:/home/runner/work/spore-kit/spore-kit/packages/fx/timer.js
FN:14,(anonymous_0)
FN:16,factory
FN:23,(anonymous_2)
FN:40,(anonymous_3)
FN:48,(anonymous_4)
FN:53,(anonymous_5)
FN:70,(anonymous_6)
FN:74,(anonymous_7)
FNF:8
FNH:7
FNDA:4,(anonymous_0)
FNDA:4,factory
FNDA:8,(anonymous_2)
FNDA:7,(anonymous_3)
FNDA:7,(anonymous_4)
FNDA:77,(anonymous_5)
FNDA:7,(anonymous_6)
FNDA:0,(anonymous_7)
DA:12,1
DA:14,1
DA:17,4
DA:19,4
DA:20,4
DA:23,4
DA:24,8
DA:25,8
DA:30,8
DA:31,8
DA:33,0
DA:36,4
DA:37,4
DA:39,4
DA:40,4
DA:41,7
DA:42,7
DA:43,7
DA:44,7
DA:48,4
DA:49,7
DA:50,7
DA:51,7
DA:52,7
DA:53,7
DA:54,77
DA:55,77
DA:56,39
DA:57,39
DA:58,0
DA:60,39
DA:63,77
DA:65,7
DA:66,7
DA:69,4
DA:70,1
DA:71,7
DA:73,3
DA:74,1
DA:75,0
DA:77,2
DA:78,1
DA:79,1
DA:80,1
DA:84,4
DA:85,0
DA:88,4
DA:99,1
DA:107,1
DA:117,1
DA:125,1
DA:127,1
LF:52
LH:48
BRDA:19,0,0,0
BRDA:19,0,1,4
BRDA:25,1,0,8
BRDA:25,1,1,0
BRDA:25,1,2,0
BRDA:25,1,3,0
BRDA:25,1,4,0
BRDA:30,2,0,8
BRDA:30,2,1,0
BRDA:37,3,0,4
BRDA:37,3,1,0
BRDA:39,4,0,4
BRDA:39,4,1,0
BRDA:41,5,0,7
BRDA:41,5,1,0
BRDA:41,6,0,7
BRDA:41,6,1,7
BRDA:51,7,0,7
BRDA:51,7,1,0
BRDA:55,8,0,39
BRDA:55,8,1,38
BRDA:57,9,0,0
BRDA:57,9,1,39
BRDA:69,10,0,1
BRDA:69,10,1,3
BRDA:73,11,0,1
BRDA:73,11,1,2
BRDA:77,12,0,1
BRDA:77,12,1,1
BRDA:79,13,0,1
BRDA:79,13,1,0
BRDA:84,14,0,0
BRDA:84,14,1,4
BRDA:84,15,0,4
BRDA:84,15,1,0
BRF:35
BRH:21
end_of_record
TN:
SF:/home/runner/work/spore-kit/spore-kit/packages/fx/transitions.js
FN:36,(anonymous_0)
FN:40,(anonymous_1)
FN:45,(anonymous_2)
FN:48,(anonymous_3)
FN:59,(anonymous_4)
FN:64,(anonymous_5)
FN:65,(anonymous_6)
FN:71,(anonymous_7)
FN:75,(anonymous_8)
FN:79,(anonymous_9)
FN:83,(anonymous_10)
FN:87,(anonymous_11)
FN:92,(anonymous_12)
FN:105,(anonymous_13)
FN:114,(anonymous_14)
FN:115,(anonymous_15)
FN:121,(anonymous_16)
FNF:17
FNH:17
FNDA:11,(anonymous_0)
FNDA:8,(anonymous_1)
FNDA:8,(anonymous_2)
FNDA:10,(anonymous_3)
FNDA:1,(anonymous_4)
FNDA:1,(anonymous_5)
FNDA:7,(anonymous_6)
FNDA:3,(anonymous_7)
FNDA:3,(anonymous_8)
FNDA:3,(anonymous_9)
FNDA:5,(anonymous_10)
FNDA:3,(anonymous_11)
FNDA:3,(anonymous_12)
FNDA:3,(anonymous_13)
FNDA:4,(anonymous_14)
FNDA:3,(anonymous_15)
FNDA:2,(anonymous_16)
DA:31,1
DA:32,1
DA:34,1
DA:36,1
DA:37,11
DA:38,11
DA:40,11
DA:41,8
DA:43,11
DA:46,8
DA:49,10
DA:58,1
DA:60,1
DA:64,1
DA:65,1
DA:66,7
DA:70,1
DA:72,3
DA:76,3
DA:80,3
DA:84,5
DA:88,3
DA:89,3
DA:94,3
DA:95,3
DA:96,3
DA:97,2
DA:98,2
DA:99,2
DA:101,3
DA:102,3
DA:106,3
DA:114,1
DA:115,4
DA:116,3
DA:120,1
DA:122,2
DA:123,2
DA:124,1
DA:125,1
DA:126,1
DA:127,1
DA:128,1
DA:131,2
DA:135,1
LF:45
LH:45
BRDA:37,0,0,11
BRDA:37,0,1,0
BRDA:50,1,0,10
BRDA:50,1,1,0
BRDA:72,2,0,3
BRDA:72,2,1,3
BRDA:72,2,2,3
BRDA:88,3,0,3
BRDA:88,3,1,3
BRDA:88,3,2,3
BRDA:109,4,0,3
BRDA:109,4,1,3
BRDA:109,4,2,3
BRDA:122,5,0,2
BRDA:122,5,1,1
BRDA:123,6,0,1
BRDA:123,6,1,1
BRDA:126,7,0,1
BRDA:126,7,1,0
BRDA:127,8,0,1
BRDA:127,8,1,0
BRDA:128,9,0,1
BRDA:128,9,1,0
BRF:23
BRH:18
end_of_record
TN:
SF:/home/runner/work/spore-kit/spore-kit/packages/io/ajax.js
FN:32,(anonymous_0)
FN:65,(anonymous_1)
FN:97,(anonymous_2)
FN:110,triggerAndReturn
FN:118,triggerGlobal
FN:125,ajaxStart
FN:128,ajaxStop
FN:133,ajaxBeforeSend
FN:141,ajaxSuccess
FN:148,ajaxError
FN:155,ajaxComplete
FN:163,empty
FN:165,(anonymous_12)
FN:170,(anonymous_13)
FN:180,(anonymous_14)
FN:185,(anonymous_15)
FN:200,(anonymous_16)
FN:224,(anonymous_17)
FN:241,mimeToDataType
FN:248,appendQuery
FN:253,serializeData
FN:259,(anonymous_21)
FN:261,(anonymous_22)
FN:266,(anonymous_23)
FN:272,serialize
FN:287,param
FN:289,(anonymous_26)
FN:294,extend
FN:296,(anonymous_28)
FNF:29
FNH:26
FNDA:6,(anonymous_0)
FNDA:20,(anonymous_1)
FNDA:1,(anonymous_2)
FNDA:34,triggerAndReturn
FNDA:34,triggerGlobal
FNDA:6,ajaxStart
FNDA:7,ajaxStop
FNDA:5,ajaxBeforeSend
FNDA:3,ajaxSuccess
FNDA:2,ajaxError
FNDA:7,ajaxComplete
FNDA:8,empty
FNDA:1,(anonymous_12)
FNDA:1,(anonymous_13)
FNDA:0,(anonymous_14)
FNDA:0,(anonymous_15)
FNDA:1,(anonymous_16)
FNDA:5,(anonymous_17)
FNDA:1,mimeToDataType
FNDA:4,appendQuery
FNDA:6,serializeData
FNDA:1,(anonymous_21)
FNDA:0,(anonymous_22)
FNDA:1,(anonymous_23)
FNDA:3,serialize
FNDA:3,param
FNDA:6,(anonymous_26)
FNDA:11,extend
FNDA:11,(anonymous_28)
DA:20,1
DA:22,1
DA:25,1
DA:26,1
DA:27,1
DA:28,1
DA:29,1
DA:30,1
DA:32,1
DA:33,6
DA:34,66
DA:36,6
DA:38,6
DA:41,6
DA:42,6
DA:43,1
DA:44,1
DA:47,5
DA:48,5
DA:50,5
DA:51,5
DA:52,5
DA:53,5
DA:55,5
DA:56,5
DA:57,4
DA:58,4
DA:59,4
DA:61,5
DA:62,0
DA:63,5
DA:65,5
DA:66,20
DA:67,4
DA:68,4
DA:69,4
DA:70,3
DA:71,3
DA:73,3
DA:74,3
DA:75,3
DA:76,3
DA:77,0
DA:79,3
DA:80,3
DA:82,1
DA:87,5
DA:88,5
DA:90,5
DA:92,5
DA:93,0
DA:94,0
DA:97,5
DA:98,1
DA:99,1
DA:100,1
DA:104,5
DA:105,5
DA:114,34
DA:119,34
DA:123,1
DA:126,6
DA:129,7
DA:134,5
DA:135,5
DA:137,0
DA:139,5
DA:142,3
DA:143,3
DA:144,3
DA:145,3
DA:149,2
DA:150,2
DA:151,2
DA:152,2
DA:156,7
DA:157,7
DA:158,7
DA:159,7
DA:165,1
DA:166,1
DA:168,1
DA:169,1
DA:170,1
DA:173,1
DA:174,1
DA:176,1
DA:177,1
DA:180,1
DA:181,0
DA:182,0
DA:185,1
DA:186,0
DA:189,0
DA:190,0
DA:193,1
DA:194,1
DA:198,1
DA:200,1
DA:201,1
DA:202,1
DA:205,1
DA:208,1
DA:225,5
DA:242,1
DA:249,4
DA:254,6
DA:255,6
DA:256,3
DA:259,1
DA:261,1
DA:262,0
DA:263,0
DA:266,1
DA:267,1
DA:270,1
DA:273,3
DA:274,3
DA:275,6
DA:277,6
DA:279,6
DA:281,6
DA:282,0
DA:283,6
DA:288,3
DA:289,6
DA:290,3
DA:291,3
DA:295,11
DA:296,11
DA:297,11
DA:298,29
DA:299,29
DA:301,11
LF:134
LH:121
BRDA:33,0,0,6
BRDA:33,0,1,0
BRDA:34,1,0,51
BRDA:34,1,1,15
BRDA:38,2,0,6
BRDA:38,2,1,0
BRDA:38,3,0,6
BRDA:38,3,1,6
BRDA:42,4,0,1
BRDA:42,4,1,5
BRDA:42,5,0,6
BRDA:42,5,1,5
BRDA:43,6,0,1
BRDA:43,6,1,0
BRDA:47,7,0,0
BRDA:47,7,1,5
BRDA:52,8,0,5
BRDA:52,8,1,0
BRDA:55,9,0,0
BRDA:55,9,1,5
BRDA:56,10,0,4
BRDA:56,10,1,1
BRDA:58,11,0,0
BRDA:58,11,1,4
BRDA:59,12,0,4
BRDA:59,12,1,4
BRDA:61,13,0,0
BRDA:61,13,1,5
BRDA:61,14,0,5
BRDA:61,14,1,5
BRDA:61,14,2,3
BRDA:62,15,0,0
BRDA:62,15,1,0
BRDA:63,16,0,5
BRDA:63,16,1,5
BRDA:66,17,0,4
BRDA:66,17,1,16
BRDA:69,18,0,3
BRDA:69,18,1,1
BRDA:69,19,0,4
BRDA:69,19,1,4
BRDA:69,19,2,1
BRDA:69,19,3,1
BRDA:69,19,4,0
BRDA:70,20,0,3
BRDA:70,20,1,1
BRDA:74,21,0,0
BRDA:74,21,1,3
BRDA:75,22,0,0
BRDA:75,22,1,3
BRDA:76,23,0,2
BRDA:76,23,1,1
BRDA:76,24,0,0
BRDA:76,24,1,2
BRDA:79,25,0,0
BRDA:79,25,1,3
BRDA:87,26,0,0
BRDA:87,26,1,5
BRDA:92,27,0,0
BRDA:92,27,1,5
BRDA:97,28,0,1
BRDA:97,28,1,4
BRDA:104,29,0,3
BRDA:104,29,1,2
BRDA:119,30,0,34
BRDA:119,30,1,0
BRDA:119,31,0,34
BRDA:119,31,1,34
BRDA:126,32,0,6
BRDA:126,32,1,0
BRDA:126,33,0,6
BRDA:126,33,1,6
BRDA:129,34,0,6
BRDA:129,34,1,1
BRDA:129,35,0,7
BRDA:129,35,1,7
BRDA:135,36,0,0
BRDA:135,36,1,5
BRDA:135,37,0,5
BRDA:135,37,1,5
BRDA:166,38,0,0
BRDA:166,38,1,1
BRDA:173,39,0,1
BRDA:173,39,1,0
BRDA:177,40,0,1
BRDA:177,40,1,0
BRDA:180,41,0,1
BRDA:180,41,1,0
BRDA:200,42,0,1
BRDA:200,42,1,0
BRDA:242,43,0,1
BRDA:242,43,1,1
BRDA:242,43,2,1
BRDA:242,44,0,0
BRDA:242,44,1,1
BRDA:243,45,0,0
BRDA:243,45,1,1
BRDA:244,46,0,0
BRDA:244,46,1,1
BRDA:245,47,0,1
BRDA:245,47,1,0
BRDA:254,48,0,3
BRDA:254,48,1,3
BRDA:255,49,0,3
BRDA:255,49,1,3
BRDA:255,50,0,6
BRDA:255,50,1,3
BRDA:255,50,2,3
BRDA:262,51,0,0
BRDA:262,51,1,0
BRDA:262,52,0,0
BRDA:262,52,1,0
BRDA:277,53,0,0
BRDA:277,53,1,6
BRDA:277,54,0,0
BRDA:277,54,1,0
BRDA:277,55,0,0
BRDA:277,55,1,0
BRDA:279,56,0,0
BRDA:279,56,1,6
BRDA:279,57,0,6
BRDA:279,57,1,6
BRDA:281,58,0,0
BRDA:281,58,1,6
BRDA:281,59,0,0
BRDA:281,59,1,6
BRDA:298,60,0,29
BRDA:298,60,1,0
BRF:128
BRH:86
end_of_record
TN:
SF:/home/runner/work/spore-kit/spore-kit/packages/io/getScript.js
FN:18,getScript
FN:23,(anonymous_1)
FN:34,(anonymous_2)
FNF:3
FNH:2
FNDA:2,getScript
FNDA:0,(anonymous_1)
FNDA:2,(anonymous_2)
DA:19,2
DA:21,2
DA:22,2
DA:23,2
DA:24,2
DA:25,2
DA:27,2
DA:28,2
DA:29,2
DA:31,2
DA:32,2
DA:34,2
DA:35,2
DA:40,2
DA:41,2
DA:43,2
DA:44,2
DA:45,2
DA:48,2
DA:49,2
DA:50,2
DA:53,1
LF:22
LH:22
BRDA:19,0,0,2
BRDA:19,0,1,0
BRDA:21,1,0,2
BRDA:21,1,1,0
BRDA:22,2,0,2
BRDA:22,2,1,0
BRDA:23,3,0,2
BRDA:23,3,1,0
BRDA:24,4,0,2
BRDA:24,4,1,1
BRDA:31,5,0,2
BRDA:31,5,1,0
BRDA:35,6,0,2
BRDA:35,6,1,0
BRDA:36,7,0,2
BRDA:36,7,1,0
BRDA:36,7,2,0
BRDA:40,8,0,2
BRDA:40,8,1,0
BRF:19
BRH:10
end_of_record
TN:
SF:/home/runner/work/spore-kit/spore-kit/packages/io/iframePost.js
FN:35,get$
FN:46,getHiddenBox
FN:55,getForm
FN:62,getHiddenInput
FN:72,getIframe
FN:86,iframePost
FN:118,(anonymous_6)
FN:131,(anonymous_7)
FN:187,(anonymous_8)
FNF:9
FNH:9
FNDA:9,get$
FNDA:3,getHiddenBox
FNDA:2,getForm
FNDA:1,getHiddenInput
FNDA:1,getIframe
FNDA:2,iframePost
FNDA:2,(anonymous_6)
FNDA:2,(anonymous_7)
FNDA:2,(anonymous_8)
DA:33,1
DA:37,9
DA:38,9
DA:40,9
DA:41,0
DA:43,9
DA:47,3
DA:48,3
DA:49,1
DA:50,1
DA:52,3
DA:56,2
DA:57,2
DA:58,2
DA:59,2
DA:63,1
DA:64,1
DA:65,1
DA:66,1
DA:67,1
DA:69,1
DA:73,1
DA:74,1
DA:81,1
DA:82,1
DA:83,1
DA:87,2
DA:88,2
DA:103,2
DA:104,2
DA:106,2
DA:107,2
DA:108,2
DA:112,2
DA:113,2
DA:114,2
DA:116,2
DA:117,2
DA:118,1
DA:119,2
DA:120,0
DA:122,2
DA:128,2
DA:130,1
DA:131,1
DA:132,2
DA:138,2
DA:141,2
DA:143,2
DA:144,2
DA:146,2
DA:147,2
DA:149,2
DA:150,2
DA:152,2
DA:153,1
DA:154,1
DA:157,2
DA:158,2
DA:159,2
DA:160,1
DA:161,1
DA:162,1
DA:165,1
DA:166,1
DA:168,2
DA:169,2
DA:170,2
DA:172,2
DA:173,2
DA:175,2
DA:176,1
DA:177,1
DA:178,1
DA:179,1
DA:186,2
DA:187,2
DA:188,2
DA:189,2
DA:191,2
DA:192,2
DA:195,2
DA:198,2
DA:203,2
DA:205,2
DA:208,1
LF:86
LH:84
BRDA:37,0,0,9
BRDA:37,0,1,0
BRDA:38,1,0,9
BRDA:38,1,1,0
BRDA:38,1,2,0
BRDA:40,2,0,0
BRDA:40,2,1,9
BRDA:48,3,0,1
BRDA:48,3,1,2
BRDA:65,4,0,1
BRDA:65,4,1,0
BRDA:106,5,0,2
BRDA:106,5,1,0
BRDA:107,6,0,2
BRDA:107,6,1,0
BRDA:108,7,0,2
BRDA:108,7,1,0
BRDA:113,8,0,2
BRDA:113,8,1,0
BRDA:117,9,0,1
BRDA:117,9,1,1
BRDA:119,10,0,0
BRDA:119,10,1,2
BRDA:130,11,0,1
BRDA:130,11,1,0
BRDA:152,12,0,1
BRDA:152,12,1,1
BRDA:159,13,0,1
BRDA:159,13,1,1
BRDA:161,14,0,1
BRDA:161,14,1,0
BRDA:172,15,0,2
BRDA:172,15,1,2
BRDA:175,16,0,1
BRDA:175,16,1,1
BRDA:175,17,0,2
BRDA:175,17,1,1
BRDA:178,18,0,1
BRDA:178,18,1,0
BRDA:180,19,0,0
BRDA:180,19,1,1
BRDA:186,20,0,2
BRDA:186,20,1,0
BRDA:188,21,0,2
BRDA:188,21,1,0
BRDA:191,22,0,2
BRDA:191,22,1,0
BRF:47
BRH:30
end_of_record
TN:
SF:/home/runner/work/spore-kit/spore-kit/packages/io/index.js
FNF:0
FNH:0
DA:18,1
DA:19,1
DA:20,1
DA:21,1
LF:4
LH:4
BRF:0
BRH:0
end_of_record
TN:
SF:/home/runner/work/spore-kit/spore-kit/packages/io/loadSdk.js
FN:24,(anonymous_0)
FN:58,(anonymous_1)
FN:63,(anonymous_2)
FNF:3
FNH:3
FNDA:4,(anonymous_0)
FNDA:1,(anonymous_1)
FNDA:1,(anonymous_2)
DA:1,1
DA:2,1
DA:3,1
DA:5,1
DA:6,1
DA:24,1
DA:25,4
DA:32,4
DA:33,4
DA:34,4
DA:35,1
DA:36,1
DA:39,0
DA:42,4
DA:43,4
DA:44,1
DA:46,3
DA:47,1
DA:50,2
DA:51,2
DA:52,1
DA:53,0
DA:55,1
DA:58,1
DA:59,1
DA:64,1
DA:65,1
DA:66,1
DA:70,1
DA:72,1
DA:75,1
LF:31
LH:29
BRDA:32,0,0,4
BRDA:32,0,1,0
BRDA:34,1,0,1
BRDA:34,1,1,3
BRDA:43,2,0,1
BRDA:43,2,1,3
BRDA:46,3,0,1
BRDA:46,3,1,2
BRDA:51,4,0,1
BRDA:51,4,1,1
BRDA:52,5,0,0
BRDA:52,5,1,1
BRF:12
BRH:10
end_of_record
TN:
SF:/home/runner/work/spore-kit/spore-kit/packages/location/getQuery.js
FN:19,getQuery
FN:29,(anonymous_1)
FNF:2
FNH:2
FNDA:1,getQuery
FNDA:1,(anonymous_1)
DA:17,1
DA:20,1
DA:22,1
DA:23,1
DA:24,1
DA:25,1
DA:26,1
DA:28,1
DA:29,1
DA:30,1
DA:31,1
DA:32,1
DA:33,1
DA:34,1
DA:38,1
DA:41,1
DA:42,0
DA:44,1
DA:47,1
LF:19
LH:18
BRDA:20,0,0,1
BRDA:20,0,1,1
BRDA:22,1,0,1
BRDA:22,1,1,0
BRDA:24,2,0,1
BRDA:24,2,1,0
BRDA:31,3,0,1
BRDA:31,3,1,0
BRDA:41,4,0,0
BRDA:41,4,1,1
BRDA:44,5,0,1
BRDA:44,5,1,0
BRF:12
BRH:7
end_of_record
TN:
SF:/home/runner/work/spore-kit/spore-kit/packages/location/index.js
FNF:0
FNH:0
DA:18,1
DA:19,1
DA:20,1
LF:3
LH:3
BRF:0
BRH:0
end_of_record
TN:
SF:/home/runner/work/spore-kit/spore-kit/packages/location/parse.js
FN:29,parse
FNF:1
FNH:1
FNDA:1,parse
DA:27,1
DA:30,1
DA:33,1
LF:3
LH:3
BRF:0
BRH:0
end_of_record
TN:
SF:/home/runner/work/spore-kit/spore-kit/packages/location/setQuery.js
FN:21,setQuery
FN:26,(anonymous_1)
FN:30,(anonymous_2)
FN:38,(anonymous_3)
FN:51,(anonymous_4)
FNF:5
FNH:5
FNDA:10,setQuery
FNDA:9,(anonymous_1)
FNDA:10,(anonymous_2)
FNDA:12,(anonymous_3)
FNDA:12,(anonymous_4)
DA:22,10
DA:23,10
DA:25,9
DA:26,9
DA:27,9
DA:28,9
DA:30,9
DA:31,10
DA:32,10
DA:33,6
DA:35,10
DA:38,9
DA:39,12
DA:40,12
DA:41,1
DA:43,11
DA:47,9
DA:48,9
DA:49,1
DA:51,8
DA:52,12
DA:56,9
DA:60,1
LF:23
LH:23
BRDA:22,0,0,10
BRDA:22,0,1,1
BRDA:23,1,0,1
BRDA:23,1,1,9
BRDA:27,2,0,9
BRDA:27,2,1,4
BRDA:32,3,0,6
BRDA:32,3,1,4
BRDA:40,4,0,1
BRDA:40,4,1,11
BRDA:40,5,0,12
BRDA:40,5,1,11
BRDA:48,6,0,1
BRDA:48,6,1,8
BRF:14
BRH:14
end_of_record
TN:
SF:/home/runner/work/spore-kit/spore-kit/packages/mvc/base.js
FN:65,(anonymous_0)
FN:77,(anonymous_1)
FN:108,(anonymous_2)
FN:118,(anonymous_3)
FNF:4
FNH:4
FNDA:19,(anonymous_0)
FNDA:57,(anonymous_1)
FNDA:71,(anonymous_2)
FNDA:7,(anonymous_3)
DA:35,1
DA:36,1
DA:37,1
DA:38,1
DA:39,1
DA:40,1
DA:42,1
DA:66,19
DA:67,19
DA:68,19
DA:78,57
DA:79,57
DA:80,19
DA:82,57
DA:109,71
DA:110,71
DA:119,7
DA:120,7
DA:121,7
DA:125,1
DA:127,1
LF:21
LH:21
BRDA:78,0,0,57
BRDA:78,0,1,55
BRDA:79,1,0,19
BRDA:79,1,1,38
BRF:4
BRH:4
end_of_record
TN:
SF:/home/runner/work/spore-kit/spore-kit/packages/mvc/delegate.js
FN:18,delegate
FN:33,(anonymous_1)
FN:41,(anonymous_2)
FN:55,(anonymous_3)
FN:60,(anonymous_4)
FNF:5
FNH:5
FNDA:60,delegate
FNDA:14,(anonymous_1)
FNDA:15,(anonymous_2)
FNDA:8,(anonymous_3)
FNDA:8,(anonymous_4)
DA:15,1
DA:16,1
DA:21,60
DA:22,1
DA:24,59
DA:25,1
DA:28,58
DA:29,58
DA:30,58
DA:31,58
DA:33,58
DA:34,14
DA:37,14
DA:38,14
DA:40,14
DA:41,12
DA:42,15
DA:44,2
DA:45,1
DA:47,1
DA:50,13
DA:52,13
DA:53,7
DA:54,7
DA:55,7
DA:56,8
DA:59,6
DA:60,6
DA:61,8
DA:67,1
LF:30
LH:30
BRDA:21,0,0,1
BRDA:21,0,1,59
BRDA:24,1,0,1
BRDA:24,1,1,58
BRDA:24,2,0,59
BRDA:24,2,1,58
BRDA:29,3,0,54
BRDA:29,3,1,4
BRDA:30,4,0,54
BRDA:30,4,1,4
BRDA:40,5,0,12
BRDA:40,5,1,2
BRDA:44,6,0,1
BRDA:44,6,1,1
BRDA:52,7,0,7
BRDA:52,7,1,6
BRDA:54,8,0,7
BRDA:54,8,1,0
BRDA:59,9,0,6
BRDA:59,9,1,0
BRF:20
BRH:18
end_of_record
TN:
SF:/home/runner/work/spore-kit/spore-kit/packages/mvc/index.js
FNF:0
FNH:0
DA:18,1
DA:19,1
DA:20,1
DA:21,1
DA:22,1
DA:23,1
LF:6
LH:6
BRF:0
BRH:0
end_of_record
TN:
SF:/home/runner/work/spore-kit/spore-kit/packages/mvc/klass.js
FN:9,(anonymous_0)
FN:12,isFn
FN:16,wrap
FN:17,(anonymous_3)
FN:31,execProcess
FN:43,extend
FN:45,(anonymous_6)
FN:54,fn
FN:65,(anonymous_8)
FN:74,(anonymous_9)
FN:75,(anonymous_10)
FN:89,klass
FN:90,(anonymous_12)
FNF:13
FNH:12
FNDA:0,(anonymous_0)
FNDA:208,isFn
FNDA:4,wrap
FNDA:41,(anonymous_3)
FNDA:36,execProcess
FNDA:30,extend
FNDA:30,(anonymous_6)
FNDA:79,fn
FNDA:33,(anonymous_8)
FNDA:3,(anonymous_9)
FNDA:1,(anonymous_10)
FNDA:5,klass
FNDA:2,(anonymous_12)
DA:9,2
DA:10,2
DA:13,208
DA:17,4
DA:18,41
DA:19,41
DA:20,41
DA:21,41
DA:22,41
DA:23,41
DA:25,41
DA:27,41
DA:32,36
DA:33,103
DA:34,103
DA:45,30
DA:46,30
DA:48,30
DA:49,30
DA:50,30
DA:51,30
DA:52,30
DA:55,79
DA:56,78
DA:58,1
DA:59,1
DA:61,1
DA:65,30
DA:66,33
DA:67,33
DA:68,33
DA:71,30
DA:73,30
DA:74,30
DA:75,3
DA:76,1
DA:77,1
DA:78,1
DA:80,3
DA:81,3
DA:84,30
DA:86,30
DA:90,5
DA:93,2
LF:44
LH:44
BRDA:9,0,0,2
BRDA:9,0,1,0
BRDA:33,1,0,103
BRDA:33,1,1,0
BRDA:34,2,0,4
BRDA:34,2,1,99
BRDA:35,3,0,103
BRDA:35,3,1,70
BRDA:35,3,2,14
BRDA:51,4,0,0
BRDA:51,4,1,30
BRDA:52,5,0,0
BRDA:52,5,1,30
BRDA:55,6,0,78
BRDA:55,6,1,1
BRDA:58,7,0,1
BRDA:58,7,1,0
BRDA:58,8,0,1
BRDA:58,8,1,0
BRDA:75,9,0,1
BRDA:75,9,1,2
BRDA:90,10,0,0
BRDA:90,10,1,5
BRF:23
BRH:16
end_of_record
TN:
SF:/home/runner/work/spore-kit/spore-kit/packages/mvc/model.js
FN:52,(anonymous_0)
FN:75,(anonymous_1)
FN:91,(anonymous_2)
FN:141,(anonymous_3)
FN:160,(anonymous_4)
FN:172,(anonymous_5)
FN:187,(anonymous_6)
FN:189,(anonymous_7)
FN:192,(anonymous_8)
FN:206,(anonymous_9)
FN:208,(anonymous_10)
FN:230,(anonymous_11)
FN:239,(anonymous_12)
FN:252,(anonymous_13)
FN:262,(anonymous_14)
FN:272,(anonymous_15)
FN:283,(anonymous_16)
FNF:17
FNH:17
FNDA:109,(anonymous_0)
FNDA:57,(anonymous_1)
FNDA:6,(anonymous_2)
FNDA:36,(anonymous_3)
FNDA:36,(anonymous_4)
FNDA:39,(anonymous_5)
FNDA:2,(anonymous_6)
FNDA:1,(anonymous_7)
FNDA:1,(anonymous_8)
FNDA:114,(anonymous_9)
FNDA:69,(anonymous_10)
FNDA:58,(anonymous_11)
FNDA:3,(anonymous_12)
FNDA:15,(anonymous_13)
FNDA:1,(anonymous_14)
FNDA:4,(anonymous_15)
FNDA:3,(anonymous_16)
DA:43,1
DA:44,1
DA:45,1
DA:46,1
DA:47,1
DA:50,1
DA:52,1
DA:53,109
DA:54,0
DA:56,109
DA:57,109
DA:58,109
DA:59,2
DA:61,107
DA:63,107
DA:64,107
DA:65,3
DA:68,107
DA:69,102
DA:70,102
DA:71,102
DA:75,1
DA:76,57
DA:77,57
DA:78,4
DA:79,53
DA:80,53
DA:83,57
DA:84,57
DA:85,4
DA:88,57
DA:91,1
DA:92,6
DA:93,6
DA:96,1
DA:142,36
DA:143,36
DA:144,36
DA:145,36
DA:146,36
DA:148,36
DA:149,36
DA:150,36
DA:151,36
DA:161,36
DA:162,36
DA:163,36
DA:173,39
DA:174,39
DA:175,39
DA:176,39
DA:177,39
DA:188,2
DA:190,1
DA:193,1
DA:196,2
DA:207,114
DA:208,66
DA:209,69
DA:210,69
DA:212,48
DA:213,40
DA:215,114
DA:216,67
DA:217,67
DA:231,58
DA:232,55
DA:233,1
DA:235,54
DA:237,3
DA:238,3
DA:239,3
DA:240,3
DA:242,3
DA:253,15
DA:263,1
DA:264,1
DA:273,4
DA:274,4
DA:284,3
DA:285,3
DA:286,3
DA:287,3
DA:288,3
DA:292,1
LF:85
LH:84
BRDA:53,0,0,0
BRDA:53,0,1,109
BRDA:58,1,0,2
BRDA:58,1,1,107
BRDA:64,2,0,3
BRDA:64,2,1,104
BRDA:64,3,0,107
BRDA:64,3,1,4
BRDA:68,4,0,102
BRDA:68,4,1,5
BRDA:77,5,0,4
BRDA:77,5,1,53
BRDA:79,6,0,53
BRDA:79,6,1,0
BRDA:84,7,0,4
BRDA:84,7,1,53
BRDA:84,8,0,57
BRDA:84,8,1,4
BRDA:173,9,0,39
BRDA:173,9,1,0
BRDA:174,10,0,39
BRDA:174,10,1,39
BRDA:175,11,0,39
BRDA:175,11,1,39
BRDA:176,12,0,39
BRDA:176,12,1,39
BRDA:207,13,0,66
BRDA:207,13,1,48
BRDA:212,14,0,40
BRDA:212,14,1,8
BRDA:215,15,0,67
BRDA:215,15,1,47
BRDA:231,16,0,55
BRDA:231,16,1,3
BRDA:232,17,0,1
BRDA:232,17,1,54
BRDA:237,18,0,3
BRDA:237,18,1,0
BRDA:253,19,0,15
BRDA:253,19,1,1
BRF:40
BRH:36
end_of_record
TN:
SF:/home/runner/work/spore-kit/spore-kit/packages/mvc/proxy.js
FN:15,proxy
FN:24,(anonymous_1)
FNF:2
FNH:2
FNDA:80,proxy
FNDA:41,(anonymous_1)
DA:11,1
DA:13,1
DA:16,80
DA:17,58
DA:19,80
DA:20,80
DA:21,80
DA:22,80
DA:23,80
DA:24,74
DA:25,41
DA:26,41
DA:27,41
DA:31,80
DA:34,1
LF:15
LH:15
BRDA:16,0,0,58
BRDA:16,0,1,22
BRDA:20,1,0,80
BRDA:20,1,1,9
BRDA:22,2,0,80
BRDA:22,2,1,60
BRDA:23,3,0,74
BRDA:23,3,1,6
BRDA:25,4,0,41
BRDA:25,4,1,0
BRF:10
BRH:9
end_of_record
TN:
SF:/home/runner/work/spore-kit/spore-kit/packages/mvc/view.js
FN:54,get$
FN:59,(anonymous_1)
FN:105,(anonymous_2)
FN:120,(anonymous_3)
FN:138,(anonymous_4)
FN:155,(anonymous_5)
FN:186,(anonymous_6)
FN:189,(anonymous_7)
FN:202,(anonymous_8)
FNF:9
FNH:9
FNDA:102,get$
FNDA:43,(anonymous_1)
FNDA:14,(anonymous_2)
FNDA:14,(anonymous_3)
FNDA:15,(anonymous_4)
FNDA:43,(anonymous_5)
FNDA:2,(anonymous_6)
FNDA:3,(anonymous_7)
FNDA:1,(anonymous_8)
DA:51,1
DA:52,1
DA:55,102
DA:59,1
DA:60,43
DA:61,43
DA:62,43
DA:63,43
DA:64,43
DA:65,43
DA:66,15
DA:67,4
DA:69,15
DA:70,11
DA:71,10
DA:73,11
DA:75,15
DA:77,43
DA:80,1
DA:106,14
DA:108,14
DA:109,14
DA:110,14
DA:111,14
DA:121,14
DA:122,14
DA:123,14
DA:124,6
DA:126,14
DA:127,14
DA:139,15
DA:140,15
DA:141,15
DA:142,15
DA:143,15
DA:156,43
DA:157,43
DA:158,43
DA:159,43
DA:160,43
DA:161,43
DA:162,36
DA:164,43
DA:165,36
DA:166,7
DA:167,7
DA:168,1
DA:170,6
DA:172,7
DA:175,0
DA:176,0
DA:178,43
DA:187,2
DA:188,2
DA:189,2
DA:190,3
DA:191,1
DA:192,1
DA:203,1
DA:204,1
DA:205,1
DA:206,1
DA:210,1
LF:63
LH:61
BRDA:55,0,0,102
BRDA:55,0,1,0
BRDA:55,0,2,0
BRDA:65,1,0,15
BRDA:65,1,1,28
BRDA:66,2,0,4
BRDA:66,2,1,11
BRDA:69,3,0,11
BRDA:69,3,1,4
BRDA:69,4,0,15
BRDA:69,4,1,4
BRDA:70,5,0,10
BRDA:70,5,1,1
BRDA:122,6,0,14
BRDA:122,6,1,14
BRDA:123,7,0,6
BRDA:123,7,1,8
BRDA:139,8,0,15
BRDA:139,8,1,0
BRDA:140,9,0,15
BRDA:140,9,1,15
BRDA:141,10,0,15
BRDA:141,10,1,15
BRDA:142,11,0,15
BRDA:142,11,1,15
BRDA:159,12,0,43
BRDA:159,12,1,27
BRDA:160,13,0,43
BRDA:160,13,1,0
BRDA:161,14,0,36
BRDA:161,14,1,7
BRDA:164,15,0,36
BRDA:164,15,1,7
BRDA:166,16,0,7
BRDA:166,16,1,0
BRDA:166,17,0,7
BRDA:166,17,1,0
BRDA:167,18,0,1
BRDA:167,18,1,6
BRDA:190,19,0,1
BRDA:190,19,1,2
BRF:41
BRH:35
end_of_record
TN:
SF:/home/runner/work/spore-kit/spore-kit/packages/num/comma.js
FN:13,comma
FNF:1
FNH:1
FNDA:3,comma
DA:14,3
DA:15,3
DA:16,3
DA:19,1
LF:4
LH:4
BRF:0
BRH:0
end_of_record
TN:
SF:/home/runner/work/spore-kit/spore-kit/packages/num/fixTo.js
FN:12,fixTo
FNF:1
FNH:1
FNDA:10,fixTo
DA:13,10
DA:14,10
DA:15,10
DA:18,2
LF:4
LH:4
BRDA:14,0,0,10
BRDA:14,0,1,1
BRF:2
BRH:2
end_of_record
TN:
SF:/home/runner/work/spore-kit/spore-kit/packages/num/index.js
FNF:0
FNH:0
DA:18,1
DA:19,1
DA:20,1
DA:21,1
LF:4
LH:4
BRF:0
BRH:0
end_of_record
TN:
SF:/home/runner/work/spore-kit/spore-kit/packages/num/limit.js
FN:15,limit
FNF:1
FNH:1
FNDA:3,limit
DA:16,3
DA:19,1
LF:2
LH:2
BRF:0
BRH:0
end_of_record
TN:
SF:/home/runner/work/spore-kit/spore-kit/packages/num/numerical.js
FN:14,numerical
FNF:1
FNH:1
FNDA:9,numerical
DA:15,9
DA:16,9
DA:17,9
DA:20,2
LF:4
LH:4
BRDA:15,0,0,9
BRDA:15,0,1,8
BRDA:16,1,0,9
BRDA:16,1,1,8
BRDA:17,2,0,9
BRDA:17,2,1,2
BRF:6
BRH:6
end_of_record
TN:
SF:/home/runner/work/spore-kit/spore-kit/packages/obj/assign.js
FN:14,assign
FN:16,(anonymous_1)
FNF:2
FNH:2
FNDA:222,assign
FNDA:223,(anonymous_1)
DA:15,222
DA:16,222
DA:18,223
DA:19,223
DA:20,133
DA:21,133
DA:25,222
DA:28,10
LF:8
LH:8
BRDA:15,0,0,222
BRDA:15,0,1,1
BRDA:18,1,0,223
BRDA:18,1,1,22
BRDA:20,2,0,133
BRDA:20,2,1,0
BRF:6
BRH:5
end_of_record
TN:
SF:/home/runner/work/spore-kit/spore-kit/packages/obj/clone.js
FN:12,clone
FNF:1
FNH:1
FNDA:4,clone
DA:13,4
DA:16,1
LF:2
LH:2
BRF:0
BRH:0
end_of_record
TN:
SF:/home/runner/work/spore-kit/spore-kit/packages/obj/cloneDeep.js
FN:18,(anonymous_0)
FN:20,(anonymous_1)
FN:26,(anonymous_2)
FN:28,(anonymous_3)
FN:35,(anonymous_4)
FNF:5
FNH:5
FNDA:6,(anonymous_0)
FNDA:13,(anonymous_1)
FNDA:8,(anonymous_2)
FNDA:11,(anonymous_3)
FNDA:86,(anonymous_4)
DA:1,2
DA:18,2
DA:19,6
DA:20,6
DA:21,13
DA:23,6
DA:26,2
DA:27,8
DA:28,8
DA:29,11
DA:30,11
DA:32,8
DA:35,2
DA:36,86
DA:37,6
DA:39,80
DA:40,8
DA:42,72
DA:45,2
LF:19
LH:19
BRDA:36,0,0,6
BRDA:36,0,1,80
BRDA:39,1,0,8
BRDA:39,1,1,72
BRF:4
BRH:4
end_of_record
TN:
SF:/home/runner/work/spore-kit/spore-kit/packages/obj/cover.js
FN:13,cover
FN:18,(anonymous_1)
FN:20,(anonymous_2)
FNF:3
FNH:3
FNDA:2,cover
FNDA:1,(anonymous_1)
FNDA:2,(anonymous_2)
DA:14,2
DA:15,2
DA:16,2
DA:17,1
DA:18,1
DA:19,1
DA:20,1
DA:21,2
DA:22,1
DA:28,1
DA:31,1
DA:34,1
LF:12
LH:12
BRDA:16,0,0,1
BRDA:16,0,1,1
BRDA:16,1,0,2
BRDA:16,1,1,1
BRDA:19,2,0,1
BRDA:19,2,1,0
BRDA:19,3,0,1
BRDA:19,3,1,1
BRDA:21,4,0,1
BRDA:21,4,1,1
BRF:10
BRH:9
end_of_record
TN:
SF:/home/runner/work/spore-kit/spore-kit/packages/obj/find.js
FN:15,findPath
FNF:1
FNH:1
FNDA:4,findPath
DA:16,4
DA:17,4
DA:18,1
DA:20,3
DA:21,1
DA:24,2
DA:26,2
DA:28,2
DA:29,5
DA:30,5
DA:31,1
DA:33,4
DA:36,1
DA:39,1
LF:14
LH:14
BRDA:16,0,0,4
BRDA:16,0,1,1
BRDA:17,1,0,1
BRDA:17,1,1,3
BRDA:20,2,0,1
BRDA:20,2,1,2
BRDA:30,3,0,1
BRDA:30,3,1,4
BRF:8
BRH:8
end_of_record
TN:
SF:/home/runner/work/spore-kit/spore-kit/packages/obj/get.js
FN:24,get
FNF:1
FNH:1
FNDA:30,get
DA:1,2
DA:2,2
DA:25,30
DA:26,27
DA:27,26
DA:28,26
DA:29,26
DA:31,26
DA:32,41
DA:33,41
DA:34,41
DA:35,14
DA:36,13
DA:38,14
DA:39,27
DA:40,1
DA:41,1
DA:42,26
DA:43,25
DA:45,1
DA:46,1
DA:49,26
DA:50,26
DA:51,5
DA:52,1
DA:55,26
DA:58,2
LF:27
LH:27
BRDA:25,0,0,3
BRDA:25,0,1,27
BRDA:26,1,0,1
BRDA:26,1,1,26
BRDA:34,2,0,14
BRDA:34,2,1,27
BRDA:35,3,0,13
BRDA:35,3,1,1
BRDA:39,4,0,1
BRDA:39,4,1,26
BRDA:42,5,0,25
BRDA:42,5,1,1
BRDA:50,6,0,5
BRDA:50,6,1,21
BRDA:51,7,0,1
BRDA:51,7,1,4
BRF:16
BRH:16
end_of_record
TN:
SF:/home/runner/work/spore-kit/spore-kit/packages/obj/index.js
FNF:0
FNH:0
DA:18,1
DA:19,1
DA:20,1
DA:21,1
DA:22,1
DA:23,1
DA:24,1
DA:25,1
DA:26,1
LF:9
LH:9
BRF:0
BRH:0
end_of_record
TN:
SF:/home/runner/work/spore-kit/spore-kit/packages/obj/merge.js
FN:6,(anonymous_0)
FN:13,(anonymous_1)
FN:30,(anonymous_2)
FN:31,(anonymous_3)
FN:36,(anonymous_4)
FN:37,(anonymous_5)
FN:55,(anonymous_6)
FN:58,(anonymous_7)
FNF:8
FNH:8
FNDA:231,(anonymous_0)
FNDA:112,(anonymous_1)
FNDA:4,(anonymous_2)
FNDA:7,(anonymous_3)
FNDA:120,(anonymous_4)
FNDA:105,(anonymous_5)
FNDA:118,(anonymous_6)
FNDA:119,(anonymous_7)
DA:1,2
DA:6,2
DA:7,231
DA:13,2
DA:14,112
DA:15,112
DA:19,3
DA:20,109
DA:24,3
DA:26,106
DA:30,2
DA:31,4
DA:32,7
DA:36,2
DA:37,120
DA:38,105
DA:55,2
DA:56,118
DA:57,117
DA:58,117
DA:59,119
DA:60,1
DA:61,118
DA:62,117
DA:65,117
DA:68,2
LF:26
LH:26
BRDA:8,0,0,231
BRDA:8,0,1,144
BRDA:15,1,0,3
BRDA:15,1,1,109
BRDA:16,2,0,112
BRDA:16,2,1,3
BRDA:20,3,0,3
BRDA:20,3,1,106
BRDA:21,4,0,109
BRDA:21,4,1,4
BRDA:56,5,0,1
BRDA:56,5,1,117
BRDA:59,6,0,1
BRDA:59,6,1,118
BRDA:61,7,0,117
BRDA:61,7,1,1
BRF:16
BRH:16
end_of_record
TN:
SF:/home/runner/work/spore-kit/spore-kit/packages/obj/set.js
FN:19,set
FNF:1
FNH:1
FNDA:14,set
DA:1,1
DA:2,1
DA:3,1
DA:20,14
DA:21,13
DA:22,12
DA:23,11
DA:24,11
DA:25,11
DA:26,11
DA:27,10
DA:28,5
DA:29,4
DA:31,5
DA:32,4
DA:34,5
DA:35,4
DA:36,3
DA:41,1
LF:19
LH:19
BRDA:20,0,0,1
BRDA:20,0,1,13
BRDA:21,1,0,1
BRDA:21,1,1,12
BRDA:22,2,0,1
BRDA:22,2,1,11
BRDA:26,3,0,1
BRDA:26,3,1,10
BRDA:27,4,0,5
BRDA:27,4,1,5
BRDA:28,5,0,4
BRDA:28,5,1,1
BRDA:31,6,0,4
BRDA:31,6,1,1
BRDA:34,7,0,4
BRDA:34,7,1,1
BRDA:35,8,0,3
BRDA:35,8,1,1
BRF:18
BRH:18
end_of_record
TN:
SF:/home/runner/work/spore-kit/spore-kit/packages/obj/type.js
FN:25,type
FNF:1
FNH:1
FNDA:1021,type
DA:26,1021
DA:32,5
LF:2
LH:2
BRF:0
BRH:0
end_of_record
TN:
SF:/home/runner/work/spore-kit/spore-kit/packages/str/bLength.js
FN:12,bLength
FNF:1
FNH:1
FNDA:9,bLength
DA:14,9
DA:15,1
DA:17,8
DA:18,8
DA:21,1
LF:5
LH:5
BRDA:14,0,0,1
BRDA:14,0,1,8
BRDA:18,1,0,1
BRDA:18,1,1,7
BRF:4
BRH:4
end_of_record
TN:
SF:/home/runner/work/spore-kit/spore-kit/packages/str/dbcToSbc.js
FN:11,dbcToSbc
FN:12,(anonymous_1)
FNF:2
FNH:2
FNDA:1,dbcToSbc
FNDA:10,(anonymous_1)
DA:12,1
DA:13,10
DA:17,1
LF:3
LH:3
BRF:0
BRH:0
end_of_record
TN:
SF:/home/runner/work/spore-kit/spore-kit/packages/str/decodeHTML.js
FN:11,decodeHTML
FNF:1
FNH:1
FNDA:2,decodeHTML
DA:12,2
DA:13,1
DA:15,1
DA:24,1
LF:4
LH:4
BRDA:12,0,0,1
BRDA:12,0,1,1
BRF:2
BRH:2
end_of_record
TN:
SF:/home/runner/work/spore-kit/spore-kit/packages/str/encodeHTML.js
FN:12,encodeHTML
FNF:1
FNH:1
FNDA:2,encodeHTML
DA:13,2
DA:14,1
DA:16,1
DA:25,1
LF:4
LH:4
BRDA:13,0,0,1
BRDA:13,0,1,1
BRF:2
BRH:2
end_of_record
TN:
SF:/home/runner/work/spore-kit/spore-kit/packages/str/getRnd36.js
FN:11,getRnd36
FNF:1
FNH:1
FNDA:3,getRnd36
DA:12,3
DA:13,3
DA:16,1
LF:3
LH:3
BRDA:12,0,0,3
BRDA:12,0,1,2
BRF:2
BRH:2
end_of_record
TN:
SF:/home/runner/work/spore-kit/spore-kit/packages/str/getTime36.js
FN:11,getTime36
FNF:1
FNH:1
FNDA:3,getTime36
DA:12,3
DA:13,3
DA:16,1
LF:3
LH:3
BRDA:12,0,0,1
BRDA:12,0,1,2
BRF:2
BRH:2
end_of_record
TN:
SF:/home/runner/work/spore-kit/spore-kit/packages/str/getUniqueKey.js
FN:13,getUniqueKey
FNF:1
FNH:1
FNDA:13,getUniqueKey
DA:10,2
DA:11,2
DA:14,13
DA:15,13
DA:18,2
LF:5
LH:5
BRF:0
BRH:0
end_of_record
TN:
SF:/home/runner/work/spore-kit/spore-kit/packages/str/hyphenate.js
FN:11,hyphenate
FN:12,(anonymous_1)
FNF:2
FNH:2
FNDA:1,hyphenate
FNDA:3,(anonymous_1)
DA:12,1
DA:13,3
DA:17,1
LF:3
LH:3
BRF:0
BRH:0
end_of_record
TN:
SF:/home/runner/work/spore-kit/spore-kit/packages/str/index.js
FNF:0
FNH:0
DA:18,1
DA:19,1
DA:20,1
DA:21,1
DA:22,1
DA:23,1
DA:24,1
DA:25,1
DA:26,1
DA:27,1
DA:28,1
DA:29,1
DA:30,1
LF:13
LH:13
BRF:0
BRH:0
end_of_record
TN:
SF:/home/runner/work/spore-kit/spore-kit/packages/str/ipToHex.js
FN:11,ipToHex
FN:12,(anonymous_1)
FNF:2
FNH:2
FNDA:2,ipToHex
FNDA:8,(anonymous_1)
DA:12,2
DA:13,8
DA:14,8
DA:15,8
DA:16,4
DA:18,8
DA:22,1
LF:7
LH:7
BRDA:13,0,0,8
BRDA:13,0,1,0
BRDA:15,1,0,4
BRDA:15,1,1,4
BRF:4
BRH:3
end_of_record
TN:
SF:/home/runner/work/spore-kit/spore-kit/packages/str/keyPathSplit.js
FN:11,keyPathSplit
FN:14,(anonymous_1)
FN:20,(anonymous_2)
FNF:3
FNH:3
FNDA:41,keyPathSplit
FNDA:66,(anonymous_1)
FNDA:72,(anonymous_2)
DA:12,41
DA:13,39
DA:14,39
DA:15,66
DA:16,66
DA:17,66
DA:18,16
DA:20,66
DA:21,72
DA:24,39
DA:27,3
LF:11
LH:11
BRDA:12,0,0,2
BRDA:12,0,1,39
BRDA:17,1,0,16
BRDA:17,1,1,50
BRF:4
BRH:4
end_of_record
TN:
SF:/home/runner/work/spore-kit/spore-kit/packages/str/leftB.js
FN:16,leftB
FNF:1
FNH:1
FNDA:6,leftB
DA:14,1
DA:17,6
DA:19,6
DA:22,6
DA:23,0
DA:25,6
DA:28,1
LF:7
LH:6
BRDA:22,0,0,0
BRDA:22,0,1,6
BRDA:22,1,0,6
BRDA:22,1,1,0
BRF:4
BRH:2
end_of_record
TN:
SF:/home/runner/work/spore-kit/spore-kit/packages/str/sizeOfUTF8String.js
FN:11,sizeOfUTF8String
FNF:1
FNH:1
FNDA:1,sizeOfUTF8String
DA:12,1
DA:19,1
LF:2
LH:2
BRDA:13,0,0,1
BRDA:13,0,1,0
BRF:2
BRH:1
end_of_record
TN:
SF:/home/runner/work/spore-kit/spore-kit/packages/str/substitute.js
FN:13,substitute
FN:14,(anonymous_1)
FNF:2
FNH:2
FNDA:3,substitute
FNDA:7,(anonymous_1)
DA:14,3
DA:15,7
DA:16,0
DA:19,7
DA:23,2
LF:5
LH:4
BRDA:14,0,0,3
BRDA:14,0,1,2
BRDA:15,1,0,0
BRDA:15,1,1,7
BRDA:19,2,0,7
BRDA:19,2,1,0
BRF:6
BRH:4
end_of_record
TN:
SF:/home/runner/work/spore-kit/spore-kit/packages/time/countDown.js
FN:45,countDown
FN:80,(anonymous_1)
FN:100,(anonymous_2)
FN:115,(anonymous_3)
FN:127,(anonymous_4)
FN:143,(anonymous_5)
FN:163,(anonymous_6)
FN:174,(anonymous_7)
FN:180,(anonymous_8)
FNF:9
FNH:9
FNDA:5,countDown
FNDA:308,(anonymous_1)
FNDA:1,(anonymous_2)
FNDA:1,(anonymous_3)
FNDA:308,(anonymous_4)
FNDA:5,(anonymous_5)
FNDA:1,(anonymous_6)
FNDA:310,(anonymous_7)
FNDA:308,(anonymous_8)
DA:39,1
DA:40,1
DA:42,1
DA:43,1
DA:46,5
DA:52,5
DA:60,5
DA:61,5
DA:62,5
DA:63,5
DA:64,5
DA:68,5
DA:69,5
DA:70,5
DA:71,0
DA:72,0
DA:74,0
DA:80,5
DA:81,308
DA:82,308
DA:83,308
DA:84,21
DA:85,21
DA:86,21
DA:100,5
DA:101,1
DA:115,5
DA:116,1
DA:117,1
DA:118,1
DA:119,1
DA:123,5
DA:124,1
DA:127,5
DA:128,308
DA:129,308
DA:130,308
DA:131,3
DA:143,5
DA:144,5
DA:145,5
DA:146,5
DA:150,5
DA:151,4
DA:163,5
DA:164,1
DA:165,1
DA:166,1
DA:169,5
DA:171,5
DA:172,3
DA:173,3
DA:174,3
DA:175,310
DA:176,310
DA:177,310
DA:178,310
DA:180,308
DA:181,308
DA:184,2
DA:185,2
DA:186,2
DA:189,3
DA:192,5
DA:194,5
DA:195,3
DA:198,5
DA:200,5
DA:203,1
DA:204,1
LF:70
LH:67
BRDA:62,0,0,5
BRDA:62,0,1,0
BRDA:69,1,0,5
BRDA:69,1,1,0
BRDA:71,2,0,0
BRDA:71,2,1,0
BRDA:83,3,0,21
BRDA:83,3,1,287
BRDA:85,4,0,21
BRDA:85,4,1,0
BRDA:116,5,0,0
BRDA:116,5,1,1
BRDA:117,6,0,1
BRDA:117,6,1,0
BRDA:118,7,0,1
BRDA:118,7,1,0
BRDA:123,8,0,1
BRDA:123,8,1,4
BRDA:130,9,0,3
BRDA:130,9,1,305
BRDA:145,10,0,5
BRDA:145,10,1,0
BRDA:145,11,0,5
BRDA:145,11,1,5
BRDA:150,12,0,4
BRDA:150,12,1,1
BRDA:171,13,0,3
BRDA:171,13,1,2
BRDA:178,14,0,308
BRDA:178,14,1,2
BRDA:194,15,0,3
BRDA:194,15,1,2
BRF:32
BRH:23
end_of_record
TN:
SF:/home/runner/work/spore-kit/spore-kit/packages/time/index.js
FNF:0
FNH:0
DA:18,1
DA:19,1
LF:2
LH:2
BRF:0
BRH:0
end_of_record
TN:
SF:/home/runner/work/spore-kit/spore-kit/packages/time/parseUnit.js
FN:26,parseUnit
FNF:1
FNH:1
FNDA:1,parseUnit
DA:16,1
DA:17,1
DA:19,1
DA:27,1
DA:31,1
DA:32,1
DA:33,1
DA:34,1
DA:35,1
DA:36,1
DA:38,1
DA:39,1
DA:40,1
DA:43,1
DA:44,1
DA:45,1
DA:48,1
DA:49,1
DA:50,1
DA:53,1
DA:54,1
DA:55,1
DA:58,1
DA:60,1
DA:63,1
LF:25
LH:25
BRDA:38,0,0,1
BRDA:38,0,1,0
BRDA:43,1,0,1
BRDA:43,1,1,0
BRDA:48,2,0,1
BRDA:48,2,1,0
BRDA:53,3,0,1
BRDA:53,3,1,0
BRF:8
BRH:4
end_of_record
TN:
SF:/home/runner/work/spore-kit/spore-kit/packages/util/abToHex.js
FN:15,abToHex
FN:20,(anonymous_1)
FNF:2
FNH:2
FNDA:2,abToHex
FNDA:2,(anonymous_1)
DA:16,2
DA:17,1
DA:19,1
DA:20,1
DA:21,2
DA:23,1
DA:26,1
LF:7
LH:7
BRDA:16,0,0,1
BRDA:16,0,1,1
BRF:2
BRH:2
end_of_record
TN:
SF:/home/runner/work/spore-kit/spore-kit/packages/util/ascToHex.js
FN:12,ascToHex
FNF:1
FNH:1
FNDA:2,ascToHex
DA:13,2
DA:14,1
DA:16,1
DA:18,1
DA:19,1
DA:20,2
DA:21,2
DA:22,2
DA:24,1
DA:27,1
LF:10
LH:10
BRDA:13,0,0,1
BRDA:13,0,1,1
BRF:2
BRH:2
end_of_record
TN:
SF:/home/runner/work/spore-kit/spore-kit/packages/util/compareVersion.js
FN:18,compareVersion
FNF:1
FNH:1
FNDA:7,compareVersion
DA:19,7
DA:20,7
DA:21,7
DA:22,7
DA:23,7
DA:25,7
DA:26,11
DA:27,11
DA:28,11
DA:29,11
DA:30,6
DA:34,7
DA:35,1
DA:38,7
DA:44,1
LF:15
LH:15
BRDA:26,0,0,11
BRDA:26,0,1,2
BRDA:27,1,0,11
BRDA:27,1,1,4
BRDA:29,2,0,6
BRDA:29,2,1,5
BRDA:34,3,0,1
BRDA:34,3,1,6
BRDA:34,4,0,7
BRDA:34,4,1,2
BRF:10
BRH:10
end_of_record
TN:
SF:/home/runner/work/spore-kit/spore-kit/packages/util/hexToAb.js
FN:18,hexToAb
FNF:1
FNH:1
FNDA:2,hexToAb
DA:19,2
DA:20,1
DA:22,1
DA:23,1
DA:24,1
DA:26,1
DA:27,1
DA:28,2
DA:29,2
DA:30,2
DA:32,1
DA:35,1
LF:12
LH:12
BRDA:19,0,0,1
BRDA:19,0,1,1
BRF:2
BRH:2
end_of_record
TN:
SF:/home/runner/work/spore-kit/spore-kit/packages/util/hexToAsc.js
FN:12,hexToAsc
FN:16,(anonymous_1)
FNF:2
FNH:2
FNDA:2,hexToAsc
FNDA:2,(anonymous_1)
DA:13,2
DA:14,1
DA:16,1
DA:17,2
DA:18,2
DA:22,1
LF:6
LH:6
BRDA:13,0,0,1
BRDA:13,0,1,1
BRF:2
BRH:2
end_of_record
TN:
SF:/home/runner/work/spore-kit/spore-kit/packages/util/hslToRgb.js
FN:18,hueToRgb
FN:27,hslToRgb
FNF:2
FNH:2
FNDA:3,hueToRgb
FNDA:4,hslToRgb
DA:19,3
DA:20,3
DA:21,3
DA:22,3
DA:23,2
DA:24,1
DA:32,4
DA:34,3
DA:35,3
DA:36,3
DA:38,1
DA:39,1
DA:40,1
DA:41,1
DA:42,1
DA:44,4
DA:47,1
LF:17
LH:17
BRDA:19,0,0,0
BRDA:19,0,1,3
BRDA:20,1,0,0
BRDA:20,1,1,3
BRDA:21,2,0,0
BRDA:21,2,1,3
BRDA:22,3,0,1
BRDA:22,3,1,2
BRDA:23,4,0,1
BRDA:23,4,1,1
BRDA:32,5,0,3
BRDA:32,5,1,1
BRDA:38,6,0,0
BRDA:38,6,1,1
BRF:14
BRH:10
end_of_record
TN:
SF:/home/runner/work/spore-kit/spore-kit/packages/util/index.js
FNF:0
FNH:0
DA:18,1
DA:19,1
DA:20,1
DA:21,1
DA:22,1
DA:23,1
DA:24,1
DA:25,1
DA:26,1
DA:27,1
LF:10
LH:10
BRF:0
BRH:0
end_of_record
TN:
SF:/home/runner/work/spore-kit/spore-kit/packages/util/job.js
FN:22,(anonymous_0)
FN:31,(anonymous_1)
FN:33,(anonymous_2)
FN:45,job
FNF:4
FNH:4
FNDA:3,(anonymous_0)
FNDA:6,(anonymous_1)
FNDA:3,(anonymous_2)
FNDA:3,job
DA:18,1
DA:20,1
DA:22,1
DA:23,3
DA:24,3
DA:28,3
DA:31,1
DA:32,6
DA:33,3
DA:34,3
DA:35,3
DA:36,3
DA:37,2
DA:39,3
DA:40,3
DA:46,3
DA:47,3
DA:50,1
LF:18
LH:18
BRDA:23,0,0,3
BRDA:23,0,1,3
BRDA:32,1,0,3
BRDA:32,1,1,3
BRDA:32,2,0,6
BRDA:32,2,1,5
BRDA:35,3,0,3
BRDA:35,3,1,0
BRDA:36,4,0,2
BRDA:36,4,1,1
BRDA:36,5,0,3
BRDA:36,5,1,3
BRF:12
BRH:11
end_of_record
TN:
SF:/home/runner/work/spore-kit/spore-kit/packages/util/measureDistance.js
FN:15,measureDistance
FNF:1
FNH:1
FNDA:1,measureDistance
DA:16,1
DA:17,1
DA:18,1
DA:19,1
DA:20,1
DA:21,1
DA:22,1
DA:23,1
DA:25,1
DA:26,1
DA:29,1
LF:11
LH:11
BRF:0
BRH:0
end_of_record
TN:
SF:/home/runner/work/spore-kit/spore-kit/packages/util/parseRGB.js
FN:17,parseRGB
FN:29,(anonymous_1)
FN:36,(anonymous_2)
FNF:3
FNH:3
FNDA:9,parseRGB
FNDA:12,(anonymous_1)
FNDA:21,(anonymous_2)
DA:15,1
DA:18,9
DA:19,9
DA:20,1
DA:22,8
DA:23,1
DA:26,7
DA:28,7
DA:29,4
DA:30,12
DA:33,3
DA:35,7
DA:36,7
DA:37,21
DA:41,1
LF:15
LH:15
BRDA:19,0,0,1
BRDA:19,0,1,8
BRDA:22,1,0,1
BRDA:22,1,1,7
BRDA:28,2,0,4
BRDA:28,2,1,3
BRF:6
BRH:6
end_of_record
TN:
SF:/home/runner/work/spore-kit/spore-kit/packages/util/rgbToHsl.js
FN:18,rgbToHsl
FNF:1
FNH:1
FNDA:4,rgbToHsl
DA:19,4
DA:20,4
DA:21,4
DA:22,4
DA:23,4
DA:26,4
DA:28,4
DA:29,3
DA:30,3
DA:32,1
DA:33,1
DA:34,1
DA:35,0
DA:36,0
DA:37,1
DA:38,0
DA:40,1
DA:42,4
DA:45,1
LF:19
LH:16
BRDA:28,0,0,3
BRDA:28,0,1,1
BRDA:33,1,0,1
BRDA:33,1,1,0
BRDA:34,2,0,0
BRDA:34,2,1,0
BRDA:34,2,2,1
BRDA:34,2,3,0
BRDA:35,3,0,0
BRDA:35,3,1,0
BRF:10
BRH:4
end_of_record
